TN:
SF:main/helpers/audioProcessor.ts
FN:18,(anonymous_16)
FN:24,(anonymous_17)
FN:30,(anonymous_18)
FN:37,(anonymous_19)
FN:41,(anonymous_20)
FN:45,(anonymous_21)
FN:50,(anonymous_22)
FN:65,extractAudioFromVideo
FNF:8
FNH:0
FNDA:0,(anonymous_16)
FNDA:0,(anonymous_17)
FNDA:0,(anonymous_18)
FNDA:0,(anonymous_19)
FNDA:0,(anonymous_20)
FNDA:0,(anonymous_21)
FNDA:0,(anonymous_22)
FNDA:0,extractAudioFromVideo
DA:1,0
DA:2,0
DA:3,0
DA:4,0
DA:5,0
DA:6,0
DA:9,0
DA:13,0
DA:18,0
DA:21,0
DA:22,0
DA:24,0
DA:25,0
DA:26,0
DA:27,0
DA:30,0
DA:31,0
DA:32,0
DA:38,0
DA:39,0
DA:42,0
DA:43,0
DA:46,0
DA:47,0
DA:48,0
DA:51,0
DA:52,0
DA:56,0
DA:57,0
DA:65,0
DA:66,0
DA:67,0
DA:68,0
DA:70,0
DA:71,0
DA:72,0
DA:73,0
DA:75,0
DA:76,0
DA:77,0
DA:78,0
DA:81,0
DA:82,0
DA:83,0
LF:44
LH:0
BRDA:21,0,0,0
BRDA:21,0,1,0
BRDA:22,1,0,0
BRDA:22,1,1,0
BRDA:24,2,0,0
BRDA:24,2,1,0
BRDA:26,3,0,0
BRDA:26,3,1,0
BRDA:26,4,0,0
BRDA:26,4,1,0
BRDA:42,5,0,0
BRDA:42,5,1,0
BRDA:75,6,0,0
BRDA:75,6,1,0
BRF:14
BRH:0
end_of_record
TN:
SF:main/helpers/errorHandler.ts
FN:40,handleProcessingError
FN:69,(anonymous_18)
FN:70,(anonymous_19)
FN:142,getRecoveryStrategies
FN:148,(anonymous_21)
FN:155,(anonymous_22)
FN:155,(anonymous_23)
FN:197,(anonymous_25)
FN:205,(anonymous_26)
FN:205,(anonymous_27)
FN:241,(anonymous_29)
FN:248,(anonymous_30)
FN:248,(anonymous_31)
FN:289,(anonymous_33)
FN:296,(anonymous_34)
FN:296,(anonymous_35)
FN:330,(anonymous_37)
FN:337,(anonymous_38)
FN:337,(anonymous_39)
FN:371,(anonymous_41)
FN:372,(anonymous_42)
FN:372,(anonymous_43)
FN:381,(anonymous_45)
FN:396,processWithFallback
FN:436,(anonymous_49)
FN:478,getSmallerModel
FN:501,createUserFriendlyErrorMessage
FN:532,logErrorContext
FNF:28
FNH:0
FNDA:0,handleProcessingError
FNDA:0,(anonymous_18)
FNDA:0,(anonymous_19)
FNDA:0,getRecoveryStrategies
FNDA:0,(anonymous_21)
FNDA:0,(anonymous_22)
FNDA:0,(anonymous_23)
FNDA:0,(anonymous_25)
FNDA:0,(anonymous_26)
FNDA:0,(anonymous_27)
FNDA:0,(anonymous_29)
FNDA:0,(anonymous_30)
FNDA:0,(anonymous_31)
FNDA:0,(anonymous_33)
FNDA:0,(anonymous_34)
FNDA:0,(anonymous_35)
FNDA:0,(anonymous_37)
FNDA:0,(anonymous_38)
FNDA:0,(anonymous_39)
FNDA:0,(anonymous_41)
FNDA:0,(anonymous_42)
FNDA:0,(anonymous_43)
FNDA:0,(anonymous_45)
FNDA:0,processWithFallback
FNDA:0,(anonymous_49)
FNDA:0,getSmallerModel
FNDA:0,createUserFriendlyErrorMessage
FNDA:0,logErrorContext
DA:6,0
DA:40,0
DA:45,0
DA:47,0
DA:48,0
DA:49,0
DA:51,0
DA:57,0
DA:68,0
DA:69,0
DA:70,0
DA:72,0
DA:73,0
DA:74,0
DA:78,0
DA:80,0
DA:83,0
DA:90,0
DA:92,0
DA:95,0
DA:101,0
DA:103,0
DA:111,0
DA:117,0
DA:118,0
DA:126,0
DA:127,0
DA:130,0
DA:136,0
DA:142,0
DA:143,0
DA:149,0
DA:155,0
DA:156,0
DA:162,0
DA:163,0
DA:167,0
DA:168,0
DA:170,0
DA:171,0
DA:176,0
DA:182,0
DA:189,0
DA:198,0
DA:205,0
DA:206,0
DA:212,0
DA:213,0
DA:217,0
DA:223,0
DA:229,0
DA:232,0
DA:242,0
DA:248,0
DA:249,0
DA:252,0
DA:253,0
DA:254,0
DA:256,0
DA:257,0
DA:258,0
DA:264,0
DA:265,0
DA:267,0
DA:272,0
DA:279,0
DA:290,0
DA:296,0
DA:297,0
DA:300,0
DA:303,0
DA:307,0
DA:308,0
DA:310,0
DA:311,0
DA:312,0
DA:319,0
DA:322,0
DA:331,0
DA:337,0
DA:338,0
DA:340,0
DA:341,0
DA:344,0
DA:345,0
DA:348,0
DA:349,0
DA:350,0
DA:354,0
DA:359,0
DA:371,0
DA:372,0
DA:373,0
DA:375,0
DA:376,0
DA:380,0
DA:381,0
DA:383,0
DA:403,0
DA:404,0
DA:405,0
DA:406,0
DA:407,0
DA:409,0
DA:410,0
DA:411,0
DA:413,0
DA:416,0
DA:417,0
DA:420,0
DA:421,0
DA:437,0
DA:447,0
DA:450,0
DA:451,0
DA:453,0
DA:454,0
DA:456,0
DA:459,0
DA:460,0
DA:468,0
DA:469,0
DA:471,0
DA:479,0
DA:489,0
DA:491,0
DA:492,0
DA:495,0
DA:501,0
DA:502,0
DA:503,0
DA:506,0
DA:507,0
DA:510,0
DA:511,0
DA:514,0
DA:515,0
DA:518,0
DA:519,0
DA:522,0
DA:523,0
DA:526,0
DA:532,0
DA:533,0
DA:534,0
DA:535,0
DA:537,0
DA:538,0
DA:539,0
DA:540,0
DA:541,0
DA:543,0
DA:544,0
DA:547,0
LF:154
LH:0
BRDA:45,0,0,0
BRDA:45,0,1,0
BRDA:72,1,0,0
BRDA:72,1,1,0
BRDA:78,2,0,0
BRDA:78,2,1,0
BRDA:150,3,0,0
BRDA:150,3,1,0
BRDA:150,3,2,0
BRDA:189,4,0,0
BRDA:162,5,0,0
BRDA:162,5,1,0
BRDA:167,6,0,0
BRDA:167,6,1,0
BRDA:167,7,0,0
BRDA:167,7,1,0
BRDA:170,8,0,0
BRDA:170,8,1,0
BRDA:199,9,0,0
BRDA:199,9,1,0
BRDA:199,9,2,0
BRDA:199,9,3,0
BRDA:213,10,0,0
BRDA:213,10,1,0
BRDA:243,11,0,0
BRDA:243,11,1,0
BRDA:243,11,2,0
BRDA:272,12,0,0
BRDA:272,12,1,0
BRDA:253,13,0,0
BRDA:253,13,1,0
BRDA:253,14,0,0
BRDA:253,14,1,0
BRDA:257,15,0,0
BRDA:257,15,1,0
BRDA:264,16,0,0
BRDA:264,16,1,0
BRDA:291,17,0,0
BRDA:291,17,1,0
BRDA:291,17,2,0
BRDA:312,18,0,0
BRDA:312,18,1,0
BRDA:307,19,0,0
BRDA:307,19,1,0
BRDA:307,20,0,0
BRDA:307,20,1,0
BRDA:310,21,0,0
BRDA:310,21,1,0
BRDA:332,22,0,0
BRDA:332,22,1,0
BRDA:332,22,2,0
BRDA:359,23,0,0
BRDA:344,24,0,0
BRDA:344,24,1,0
BRDA:349,25,0,0
BRDA:349,25,1,0
BRDA:356,26,0,0
BRDA:356,26,1,0
BRDA:383,27,0,0
BRDA:375,28,0,0
BRDA:375,28,1,0
BRDA:411,29,0,0
BRDA:411,29,1,0
BRDA:411,30,0,0
BRDA:411,30,1,0
BRDA:422,31,0,0
BRDA:422,31,1,0
BRDA:435,32,0,0
BRDA:435,32,1,0
BRDA:435,33,0,0
BRDA:435,33,1,0
BRDA:450,34,0,0
BRDA:450,34,1,0
BRDA:450,35,0,0
BRDA:450,35,1,0
BRDA:450,36,0,0
BRDA:450,36,1,0
BRDA:491,37,0,0
BRDA:491,37,1,0
BRDA:491,38,0,0
BRDA:491,38,1,0
BRDA:502,39,0,0
BRDA:502,39,1,0
BRDA:506,40,0,0
BRDA:506,40,1,0
BRDA:510,41,0,0
BRDA:510,41,1,0
BRDA:514,42,0,0
BRDA:514,42,1,0
BRDA:518,43,0,0
BRDA:518,43,1,0
BRDA:522,44,0,0
BRDA:522,44,1,0
BRDA:537,45,0,0
BRDA:537,45,1,0
BRDA:538,46,0,0
BRDA:538,46,1,0
BRDA:539,47,0,0
BRDA:539,47,1,0
BRDA:540,48,0,0
BRDA:540,48,1,0
BRDA:541,49,0,0
BRDA:541,49,1,0
BRDA:543,50,0,0
BRDA:543,50,1,0
BRF:105
BRH:0
end_of_record
TN:
SF:main/helpers/fileUtils.ts
FN:10,getMd5
FN:17,getTempDir
FN:45,ensureTempDir
FN:56,millisecondsToSrtTime
FN:69,normalizeTranscriptionData
FN:78,(anonymous_19)
FN:107,formatSrtContent
FN:123,(anonymous_21)
FN:134,createOrClearFile
FN:146,appendToFile
FN:161,readFileContent
FN:174,wrapFileObject
FNF:12
FNH:0
FNDA:0,getMd5
FNDA:0,getTempDir
FNDA:0,ensureTempDir
FNDA:0,millisecondsToSrtTime
FNDA:0,normalizeTranscriptionData
FNDA:0,(anonymous_19)
FNDA:0,formatSrtContent
FNDA:0,(anonymous_21)
FNDA:0,createOrClearFile
FNDA:0,appendToFile
FNDA:0,readFileContent
FNDA:0,wrapFileObject
DA:1,0
DA:2,0
DA:3,0
DA:4,0
DA:5,0
DA:10,0
DA:11,0
DA:17,0
DA:18,0
DA:21,0
DA:23,0
DA:24,0
DA:25,0
DA:26,0
DA:28,0
DA:32,0
DA:35,0
DA:39,0
DA:45,0
DA:46,0
DA:47,0
DA:48,0
DA:50,0
DA:57,0
DA:58,0
DA:59,0
DA:60,0
DA:61,0
DA:63,0
DA:72,0
DA:73,0
DA:77,0
DA:78,0
DA:79,0
DA:81,0
DA:82,0
DA:85,0
DA:89,0
DA:92,0
DA:93,0
DA:96,0
DA:101,0
DA:107,0
DA:112,0
DA:118,0
DA:119,0
DA:122,0
DA:124,0
DA:126,0
DA:134,0
DA:136,0
DA:138,0
DA:139,0
DA:146,0
DA:151,0
DA:153,0
DA:154,0
DA:161,0
DA:163,0
DA:164,0
DA:166,0
DA:167,0
DA:174,0
DA:175,0
LF:64
LH:0
BRDA:21,0,0,0
BRDA:21,0,1,0
BRDA:21,1,0,0
BRDA:21,1,1,0
BRDA:24,2,0,0
BRDA:24,2,1,0
BRDA:47,3,0,0
BRDA:47,3,1,0
BRDA:72,4,0,0
BRDA:72,4,1,0
BRDA:77,5,0,0
BRDA:77,5,1,0
BRDA:79,6,0,0
BRDA:79,6,1,0
BRDA:79,7,0,0
BRDA:79,7,1,0
BRDA:82,8,0,0
BRDA:82,8,1,0
BRDA:82,9,0,0
BRDA:82,9,1,0
BRDA:85,10,0,0
BRDA:85,10,1,0
BRDA:87,11,0,0
BRDA:87,11,1,0
BRDA:89,12,0,0
BRDA:89,12,1,0
BRDA:91,13,0,0
BRDA:91,13,1,0
BRDA:92,14,0,0
BRDA:92,14,1,0
BRDA:96,15,0,0
BRDA:96,15,1,0
BRDA:112,16,0,0
BRDA:112,16,1,0
BRDA:112,17,0,0
BRDA:112,17,1,0
BRDA:112,17,2,0
BRDA:118,18,0,0
BRDA:118,18,1,0
BRF:39
BRH:0
end_of_record
TN:
SF:main/helpers/gpuConfig.ts
FN:62,determineGPUConfiguration
FN:166,generateWhisperGPUParams
FN:220,generatePerformanceHints
FN:261,generateEnvironmentConfig
FN:283,getVADSettings
FN:300,validateGPUMemory
FN:337,applyEnvironmentConfig
FNF:7
FNH:0
FNDA:0,determineGPUConfiguration
FNDA:0,generateWhisperGPUParams
FNDA:0,generatePerformanceHints
FNDA:0,generateEnvironmentConfig
FNDA:0,getVADSettings
FNDA:0,validateGPUMemory
FNDA:0,applyEnvironmentConfig
DA:6,0
DA:7,0
DA:9,0
DA:62,0
DA:65,0
DA:67,0
DA:68,0
DA:74,0
DA:76,0
DA:77,0
DA:79,0
DA:90,0
DA:93,0
DA:94,0
DA:98,0
DA:99,0
DA:104,0
DA:112,0
DA:113,0
DA:119,0
DA:123,0
DA:124,0
DA:125,0
DA:127,0
DA:132,0
DA:140,0
DA:146,0
DA:154,0
DA:170,0
DA:176,0
DA:178,0
DA:191,0
DA:200,0
DA:209,0
DA:221,0
DA:223,0
DA:224,0
DA:232,0
DA:240,0
DA:249,0
DA:262,0
DA:264,0
DA:265,0
DA:266,0
DA:268,0
DA:269,0
DA:271,0
DA:273,0
DA:277,0
DA:283,0
DA:284,0
DA:286,0
DA:300,0
DA:304,0
DA:305,0
DA:308,0
DA:318,0
DA:320,0
DA:321,0
DA:323,0
DA:326,0
DA:331,0
DA:337,0
DA:340,0
DA:341,0
DA:342,0
DA:348,0
DA:349,0
DA:350,0
DA:356,0
DA:357,0
DA:359,0
DA:365,0
DA:366,0
DA:368,0
LF:75
LH:0
BRDA:67,0,0,0
BRDA:67,0,1,0
BRDA:93,1,0,0
BRDA:93,1,1,0
BRDA:93,2,0,0
BRDA:93,2,1,0
BRDA:98,3,0,0
BRDA:98,3,1,0
BRDA:112,4,0,0
BRDA:112,4,1,0
BRDA:113,5,0,0
BRDA:113,5,1,0
BRDA:176,6,0,0
BRDA:176,6,1,0
BRDA:176,6,2,0
BRDA:176,6,3,0
BRDA:176,6,4,0
BRDA:181,7,0,0
BRDA:181,7,1,0
BRDA:181,8,0,0
BRDA:181,8,1,0
BRDA:181,9,0,0
BRDA:181,9,1,0
BRDA:182,10,0,0
BRDA:182,10,1,0
BRDA:185,11,0,0
BRDA:185,11,1,0
BRDA:185,12,0,0
BRDA:185,12,1,0
BRDA:185,13,0,0
BRDA:185,13,1,0
BRDA:221,14,0,0
BRDA:221,14,1,0
BRDA:221,14,2,0
BRDA:221,14,3,0
BRDA:221,14,4,0
BRDA:223,15,0,0
BRDA:223,15,1,0
BRDA:223,16,0,0
BRDA:223,16,1,0
BRDA:225,17,0,0
BRDA:225,17,1,0
BRDA:226,18,0,0
BRDA:226,18,1,0
BRDA:227,19,0,0
BRDA:227,19,1,0
BRDA:264,20,0,0
BRDA:264,20,1,0
BRDA:265,21,0,0
BRDA:265,21,1,0
BRDA:266,22,0,0
BRDA:266,22,1,0
BRDA:268,23,0,0
BRDA:268,23,1,0
BRDA:268,24,0,0
BRDA:268,24,1,0
BRDA:268,25,0,0
BRDA:268,25,1,0
BRDA:270,26,0,0
BRDA:270,26,1,0
BRDA:274,27,0,0
BRDA:274,27,1,0
BRDA:274,28,0,0
BRDA:274,28,1,0
BRDA:274,29,0,0
BRDA:274,29,1,0
BRDA:284,30,0,0
BRDA:284,30,1,0
BRDA:288,31,0,0
BRDA:288,31,1,0
BRDA:289,32,0,0
BRDA:289,32,1,0
BRDA:290,33,0,0
BRDA:290,33,1,0
BRDA:291,34,0,0
BRDA:291,34,1,0
BRDA:292,35,0,0
BRDA:292,35,1,0
BRDA:293,36,0,0
BRDA:293,36,1,0
BRDA:304,37,0,0
BRDA:304,37,1,0
BRDA:318,38,0,0
BRDA:318,38,1,0
BRDA:320,39,0,0
BRDA:320,39,1,0
BRDA:320,40,0,0
BRDA:320,40,1,0
BRDA:321,41,0,0
BRDA:321,41,1,0
BRDA:340,42,0,0
BRDA:340,42,1,0
BRDA:348,43,0,0
BRDA:348,43,1,0
BRDA:356,44,0,0
BRDA:356,44,1,0
BRDA:365,45,0,0
BRDA:365,45,1,0
BRF:98
BRH:0
end_of_record
TN:
SF:main/helpers/performanceMonitor.ts
FN:91,(anonymous_16)
FN:97,GPUPerformanceMonitor
FN:105,(anonymous_18)
FN:115,(anonymous_19)
FN:138,(anonymous_20)
FN:158,(anonymous_21)
FN:171,(anonymous_22)
FN:216,(anonymous_25)
FN:234,(anonymous_28)
FN:238,(anonymous_31)
FN:249,(anonymous_32)
FN:257,(anonymous_33)
FN:275,(anonymous_34)
FN:289,(anonymous_35)
FN:325,(anonymous_36)
FN:359,(anonymous_37)
FN:364,(anonymous_38)
FN:366,(anonymous_39)
FN:370,(anonymous_40)
FN:375,(anonymous_41)
FN:381,(anonymous_42)
FN:389,(anonymous_43)
FN:404,(anonymous_44)
FN:407,(anonymous_45)
FN:409,(anonymous_46)
FN:410,(anonymous_47)
FN:412,(anonymous_48)
FN:424,(anonymous_49)
FN:427,(anonymous_50)
FN:449,(anonymous_51)
FN:453,(anonymous_52)
FN:456,(anonymous_53)
FN:459,(anonymous_54)
FN:463,(anonymous_55)
FN:466,(anonymous_56)
FN:482,(anonymous_57)
FN:490,(anonymous_58)
FN:502,(anonymous_59)
FN:505,(anonymous_60)
FN:510,(anonymous_61)
FN:518,(anonymous_62)
FN:521,(anonymous_63)
FN:533,(anonymous_64)
FN:555,(anonymous_65)
FN:578,(anonymous_66)
FNF:45
FNH:0
FNDA:0,(anonymous_16)
FNDA:0,GPUPerformanceMonitor
FNDA:0,(anonymous_18)
FNDA:0,(anonymous_19)
FNDA:0,(anonymous_20)
FNDA:0,(anonymous_21)
FNDA:0,(anonymous_22)
FNDA:0,(anonymous_25)
FNDA:0,(anonymous_28)
FNDA:0,(anonymous_31)
FNDA:0,(anonymous_32)
FNDA:0,(anonymous_33)
FNDA:0,(anonymous_34)
FNDA:0,(anonymous_35)
FNDA:0,(anonymous_36)
FNDA:0,(anonymous_37)
FNDA:0,(anonymous_38)
FNDA:0,(anonymous_39)
FNDA:0,(anonymous_40)
FNDA:0,(anonymous_41)
FNDA:0,(anonymous_42)
FNDA:0,(anonymous_43)
FNDA:0,(anonymous_44)
FNDA:0,(anonymous_45)
FNDA:0,(anonymous_46)
FNDA:0,(anonymous_47)
FNDA:0,(anonymous_48)
FNDA:0,(anonymous_49)
FNDA:0,(anonymous_50)
FNDA:0,(anonymous_51)
FNDA:0,(anonymous_52)
FNDA:0,(anonymous_53)
FNDA:0,(anonymous_54)
FNDA:0,(anonymous_55)
FNDA:0,(anonymous_56)
FNDA:0,(anonymous_57)
FNDA:0,(anonymous_58)
FNDA:0,(anonymous_59)
FNDA:0,(anonymous_60)
FNDA:0,(anonymous_61)
FNDA:0,(anonymous_62)
FNDA:0,(anonymous_63)
FNDA:0,(anonymous_64)
FNDA:0,(anonymous_65)
FNDA:0,(anonymous_66)
DA:6,0
DA:10,0
DA:11,0
DA:12,0
DA:91,0
DA:93,0
DA:94,0
DA:98,0
DA:102,0
DA:105,0
DA:106,0
DA:107,0
DA:109,0
DA:115,0
DA:116,0
DA:118,0
DA:131,0
DA:132,0
DA:138,0
DA:139,0
DA:141,0
DA:142,0
DA:158,0
DA:159,0
DA:161,0
DA:162,0
DA:171,0
DA:175,0
DA:176,0
DA:179,0
DA:180,0
DA:181,0
DA:186,0
DA:202,0
DA:203,0
DA:206,0
DA:208,0
DA:210,0
DA:216,0
DA:220,0
DA:223,0
DA:226,0
DA:228,0
DA:234,0
DA:236,0
DA:239,0
DA:244,0
DA:245,0
DA:248,0
DA:249,0
DA:251,0
DA:257,0
DA:261,0
DA:264,0
DA:265,0
DA:267,0
DA:275,0
DA:276,0
DA:277,0
DA:289,0
DA:290,0
DA:291,0
DA:295,0
DA:296,0
DA:300,0
DA:304,0
DA:308,0
DA:312,0
DA:317,0
DA:318,0
DA:325,0
DA:326,0
DA:327,0
DA:329,0
DA:330,0
DA:345,0
DA:346,0
DA:347,0
DA:348,0
DA:353,0
DA:359,0
DA:362,0
DA:364,0
DA:365,0
DA:366,0
DA:369,0
DA:370,0
DA:374,0
DA:375,0
DA:380,0
DA:382,0
DA:383,0
DA:389,0
DA:391,0
DA:404,0
DA:407,0
DA:409,0
DA:410,0
DA:412,0
DA:416,0
DA:417,0
DA:418,0
DA:420,0
DA:422,0
DA:424,0
DA:427,0
DA:430,0
DA:431,0
DA:432,0
DA:433,0
DA:437,0
DA:449,0
DA:452,0
DA:453,0
DA:456,0
DA:457,0
DA:458,0
DA:459,0
DA:463,0
DA:466,0
DA:469,0
DA:482,0
DA:486,0
DA:489,0
DA:491,0
DA:495,0
DA:496,0
DA:502,0
DA:503,0
DA:504,0
DA:505,0
DA:510,0
DA:511,0
DA:512,0
DA:518,0
DA:519,0
DA:521,0
DA:522,0
DA:527,0
DA:533,0
DA:534,0
DA:535,0
DA:536,0
DA:537,0
DA:538,0
DA:544,0
DA:548,0
DA:555,0
DA:556,0
DA:558,0
DA:559,0
DA:563,0
DA:568,0
DA:578,0
DA:579,0
DA:580,0
DA:581,0
DA:582,0
DA:584,0
LF:159
LH:0
BRDA:106,0,0,0
BRDA:106,0,1,0
BRDA:139,1,0,0
BRDA:139,1,1,0
BRDA:149,2,0,0
BRDA:149,2,1,0
BRDA:149,3,0,0
BRDA:149,3,1,0
BRDA:149,4,0,0
BRDA:149,4,1,0
BRDA:159,5,0,0
BRDA:159,5,1,0
BRDA:161,6,0,0
BRDA:161,6,1,0
BRDA:175,7,0,0
BRDA:175,7,1,0
BRDA:197,8,0,0
BRDA:197,8,1,0
BRDA:197,9,0,0
BRDA:197,9,1,0
BRDA:197,10,0,0
BRDA:197,10,1,0
BRDA:197,11,0,0
BRDA:197,11,1,0
BRDA:197,12,0,0
BRDA:197,12,1,0
BRDA:198,13,0,0
BRDA:198,13,1,0
BRDA:220,14,0,0
BRDA:220,14,1,0
BRDA:239,15,0,0
BRDA:239,15,1,0
BRDA:244,16,0,0
BRDA:244,16,1,0
BRDA:261,17,0,0
BRDA:261,17,1,0
BRDA:261,18,0,0
BRDA:261,18,1,0
BRDA:261,19,0,0
BRDA:261,19,1,0
BRDA:267,20,0,0
BRDA:267,20,1,0
BRDA:313,21,0,0
BRDA:313,21,1,0
BRDA:317,22,0,0
BRDA:317,22,1,0
BRDA:329,23,0,0
BRDA:329,23,1,0
BRDA:375,24,0,0
BRDA:375,24,1,0
BRDA:382,25,0,0
BRDA:382,25,1,0
BRDA:389,26,0,0
BRDA:389,26,1,0
BRDA:389,27,0,0
BRDA:389,27,1,0
BRDA:389,28,0,0
BRDA:389,28,1,0
BRDA:422,29,0,0
BRDA:422,29,1,0
BRDA:422,30,0,0
BRDA:422,30,1,0
BRDA:430,31,0,0
BRDA:430,31,1,0
BRDA:432,32,0,0
BRDA:432,32,1,0
BRDA:459,33,0,0
BRDA:459,33,1,0
BRDA:491,34,0,0
BRDA:491,34,1,0
BRDA:495,35,0,0
BRDA:495,35,1,0
BRDA:495,36,0,0
BRDA:495,36,1,0
BRDA:503,37,0,0
BRDA:503,37,1,0
BRDA:511,38,0,0
BRDA:511,38,1,0
BRDA:521,39,0,0
BRDA:521,39,1,0
BRDA:535,40,0,0
BRDA:535,40,1,0
BRF:82
BRH:0
end_of_record
TN:
SF:main/helpers/subtitleGenerator.ts
FN:17,getAudioDuration
FN:18,(anonymous_19)
FN:25,(anonymous_20)
FN:45,generateSubtitleWithLocalWhisper
FN:59,(anonymous_24)
FN:71,(anonymous_25)
FN:72,(anonymous_26)
FN:102,generateSubtitleWithBuiltinWhisper
FN:274,(anonymous_30)
FNF:9
FNH:4
FNDA:137,getAudioDuration
FNDA:137,(anonymous_19)
FNDA:137,(anonymous_20)
FNDA:0,generateSubtitleWithLocalWhisper
FNDA:0,(anonymous_24)
FNDA:0,(anonymous_25)
FNDA:0,(anonymous_26)
FNDA:138,generateSubtitleWithBuiltinWhisper
FNDA:0,(anonymous_30)
DA:1,5
DA:2,5
DA:3,5
DA:4,5
DA:5,5
DA:6,5
DA:8,5
DA:9,5
DA:11,5
DA:12,5
DA:18,137
DA:21,137
DA:23,137
DA:26,137
DA:27,0
DA:31,0
DA:32,0
DA:35,137
DA:36,137
DA:45,5
DA:46,0
DA:47,0
DA:48,0
DA:49,0
DA:50,0
DA:52,0
DA:59,0
DA:60,0
DA:61,0
DA:62,0
DA:64,0
DA:67,0
DA:68,0
DA:69,0
DA:71,0
DA:72,0
DA:73,0
DA:74,0
DA:75,0
DA:76,0
DA:78,0
DA:79,0
DA:81,0
DA:82,0
DA:84,0
DA:86,0
DA:87,0
DA:88,0
DA:89,0
DA:92,0
DA:93,0
DA:102,5
DA:108,138
DA:114,137
DA:118,137
DA:119,137
DA:122,137
DA:123,137
DA:124,137
DA:125,137
DA:126,137
DA:128,137
DA:129,137
DA:131,137
DA:132,137
DA:134,0
DA:139,0
DA:146,0
DA:147,0
DA:150,137
DA:151,137
DA:154,137
DA:155,137
DA:156,137
DA:158,137
DA:162,137
DA:167,137
DA:168,137
DA:173,0
DA:174,0
DA:178,137
DA:179,0
DA:183,137
DA:184,132
DA:191,137
DA:194,137
DA:195,137
DA:196,137
DA:197,137
DA:198,137
DA:201,137
DA:202,137
DA:203,137
DA:206,137
DA:207,137
DA:208,137
DA:213,5
DA:216,5
DA:224,5
DA:225,5
DA:226,5
DA:229,5
DA:230,5
DA:231,5
DA:233,5
DA:234,5
DA:238,5
DA:239,5
DA:240,5
DA:241,5
DA:243,5
DA:275,0
DA:277,0
DA:279,0
DA:281,0
DA:284,0
DA:296,0
DA:306,0
DA:314,5
DA:327,5
DA:328,5
DA:334,5
DA:335,0
DA:338,0
DA:339,0
DA:342,5
DA:343,5
DA:345,5
DA:347,5
DA:348,0
DA:349,0
DA:353,0
DA:354,0
DA:357,0
DA:363,0
DA:366,0
DA:367,0
DA:370,5
DA:373,5
DA:378,10
DA:379,0
DA:382,0
DA:389,0
DA:396,0
DA:398,0
DA:402,5
DA:406,0
DA:407,0
DA:410,0
DA:416,0
DA:427,0
DA:431,0
DA:436,0
DA:439,274
DA:440,0
DA:443,0
DA:444,0
DA:448,0
DA:455,0
DA:462,0
DA:464,0
DA:468,137
DA:474,137
DA:475,5
DA:480,137
DA:486,126
DA:488,11
DA:491,11
DA:499,22
DA:502,11
DA:508,11
DA:513,1
DA:519,1
DA:526,2
DA:528,0
DA:534,1
DA:540,0
LF:177
LH:97
BRDA:21,0,0,137
BRDA:21,0,1,0
BRDA:21,1,0,0
BRDA:21,1,1,137
BRDA:21,2,0,137
BRDA:21,2,1,137
BRDA:26,3,0,0
BRDA:26,3,1,137
BRDA:36,4,0,0
BRDA:36,4,1,137
BRDA:47,5,0,0
BRDA:47,5,1,0
BRDA:47,6,0,0
BRDA:47,6,1,0
BRDA:49,7,0,0
BRDA:49,7,1,0
BRDA:49,8,0,0
BRDA:49,8,1,0
BRDA:56,9,0,0
BRDA:56,9,1,0
BRDA:60,10,0,0
BRDA:60,10,1,0
BRDA:61,11,0,0
BRDA:61,11,1,0
BRDA:61,12,0,0
BRDA:61,12,1,0
BRDA:61,12,2,0
BRDA:64,13,0,0
BRDA:64,13,1,0
BRDA:73,14,0,0
BRDA:73,14,1,0
BRDA:78,15,0,0
BRDA:78,15,1,0
BRDA:81,16,0,0
BRDA:81,16,1,0
BRDA:88,17,0,0
BRDA:88,17,1,0
BRDA:156,18,0,0
BRDA:156,18,1,137
BRDA:156,19,0,137
BRDA:156,19,1,137
BRDA:170,20,0,137
BRDA:170,20,1,0
BRDA:178,21,0,0
BRDA:178,21,1,137
BRDA:178,22,0,137
BRDA:178,22,1,137
BRDA:183,23,0,132
BRDA:183,23,1,5
BRDA:229,24,0,5
BRDA:229,24,1,5
BRDA:235,25,0,5
BRDA:235,25,1,5
BRDA:244,26,0,5
BRDA:244,26,1,0
BRDA:252,27,0,5
BRDA:252,27,1,5
BRDA:261,28,0,5
BRDA:261,28,1,0
BRDA:261,29,0,5
BRDA:261,29,1,5
BRDA:279,30,0,0
BRDA:279,30,1,0
BRDA:281,31,0,0
BRDA:281,31,1,0
BRDA:281,32,0,0
BRDA:281,32,1,0
BRDA:334,33,0,0
BRDA:334,33,1,5
BRDA:353,34,0,0
BRDA:353,34,1,0
BRDA:374,35,0,5
BRDA:374,35,1,5
BRDA:374,35,2,5
BRDA:375,36,0,0
BRDA:375,36,1,5
BRDA:375,37,0,5
BRDA:375,37,1,5
BRDA:378,38,0,5
BRDA:378,38,1,0
BRDA:406,39,0,0
BRDA:406,39,1,0
BRDA:406,40,0,0
BRDA:406,40,1,0
BRDA:406,41,0,0
BRDA:406,41,1,0
BRDA:439,42,0,137
BRDA:439,42,1,0
BRDA:443,43,0,0
BRDA:443,43,1,0
BRDA:443,44,0,0
BRDA:443,44,1,0
BRDA:474,45,0,5
BRDA:474,45,1,132
BRDA:474,46,0,137
BRDA:474,46,1,5
BRF:96
BRH:38
end_of_record
TN:
SF:main/helpers/whisper.ts
FN:12,(anonymous_17)
FN:31,(anonymous_18)
FN:36,(anonymous_19)
FN:37,(anonymous_20)
FN:45,(anonymous_21)
FN:45,(anonymous_22)
FN:53,(anonymous_24)
FN:69,(anonymous_25)
FN:101,(anonymous_28)
FN:108,(anonymous_29)
FN:130,(anonymous_30)
FN:141,(anonymous_31)
FN:141,(anonymous_32)
FN:172,(anonymous_34)
FN:190,checkOpenAiWhisper
FN:191,(anonymous_38)
FN:196,(anonymous_39)
FN:201,(anonymous_40)
FN:207,(anonymous_41)
FN:215,(anonymous_42)
FN:229,(anonymous_45)
FN:234,(anonymous_46)
FN:246,loadWhisperAddon
FN:378,loadWhisperAddonLegacy
FNF:24
FNH:0
FNDA:0,(anonymous_17)
FNDA:0,(anonymous_18)
FNDA:0,(anonymous_19)
FNDA:0,(anonymous_20)
FNDA:0,(anonymous_21)
FNDA:0,(anonymous_22)
FNDA:0,(anonymous_24)
FNDA:0,(anonymous_25)
FNDA:0,(anonymous_28)
FNDA:0,(anonymous_29)
FNDA:0,(anonymous_30)
FNDA:0,(anonymous_31)
FNDA:0,(anonymous_32)
FNDA:0,(anonymous_34)
FNDA:0,checkOpenAiWhisper
FNDA:0,(anonymous_38)
FNDA:0,(anonymous_39)
FNDA:0,(anonymous_40)
FNDA:0,(anonymous_41)
FNDA:0,(anonymous_42)
FNDA:0,(anonymous_45)
FNDA:0,(anonymous_46)
FNDA:0,loadWhisperAddon
FNDA:0,loadWhisperAddonLegacy
DA:1,0
DA:2,0
DA:3,0
DA:4,0
DA:5,0
DA:6,0
DA:7,0
DA:8,0
DA:9,0
DA:10,0
DA:12,0
DA:13,0
DA:14,0
DA:19,0
DA:20,0
DA:21,0
DA:23,0
DA:27,0
DA:28,0
DA:31,0
DA:32,0
DA:33,0
DA:34,0
DA:36,0
DA:37,0
DA:38,0
DA:41,0
DA:45,0
DA:46,0
DA:47,0
DA:48,0
DA:53,0
DA:54,0
DA:55,0
DA:56,0
DA:58,0
DA:59,0
DA:61,0
DA:63,0
DA:64,0
DA:69,0
DA:73,0
DA:75,0
DA:76,0
DA:77,0
DA:83,0
DA:85,0
DA:86,0
DA:90,0
DA:93,0
DA:96,0
DA:97,0
DA:101,0
DA:102,0
DA:103,0
DA:104,0
DA:105,0
DA:106,0
DA:108,0
DA:109,0
DA:112,0
DA:113,0
DA:117,0
DA:118,0
DA:119,0
DA:122,0
DA:125,0
DA:127,0
DA:128,0
DA:130,0
DA:131,0
DA:132,0
DA:134,0
DA:136,0
DA:137,0
DA:141,0
DA:142,0
DA:143,0
DA:145,0
DA:147,0
DA:151,0
DA:152,0
DA:153,0
DA:155,0
DA:156,0
DA:160,0
DA:161,0
DA:162,0
DA:163,0
DA:166,0
DA:167,0
DA:172,0
DA:173,0
DA:177,0
DA:180,0
DA:181,0
DA:184,0
DA:185,0
DA:190,0
DA:191,0
DA:192,0
DA:193,0
DA:194,0
DA:196,0
DA:197,0
DA:198,0
DA:201,0
DA:202,0
DA:203,0
DA:204,0
DA:207,0
DA:208,0
DA:209,0
DA:210,0
DA:215,0
DA:216,0
DA:220,0
DA:221,0
DA:223,0
DA:224,0
DA:229,0
DA:230,0
DA:234,0
DA:235,0
DA:239,0
DA:246,0
DA:250,0
DA:251,0
DA:255,0
DA:256,0
DA:259,0
DA:265,0
DA:271,0
DA:275,0
DA:276,0
DA:279,0
DA:280,0
DA:291,0
DA:294,0
DA:295,0
DA:296,0
DA:297,0
DA:302,0
DA:310,0
DA:311,0
DA:312,0
DA:316,0
DA:317,0
DA:321,0
DA:323,0
DA:329,0
DA:330,0
DA:331,0
DA:337,0
DA:339,0
DA:345,0
DA:347,0
DA:348,0
DA:352,0
DA:358,0
DA:364,0
DA:367,0
DA:371,0
DA:379,0
DA:380,0
DA:381,0
DA:385,0
DA:387,0
DA:389,0
DA:390,0
DA:393,0
DA:399,0
DA:400,0
DA:406,0
DA:409,0
DA:410,0
DA:413,0
DA:414,0
DA:416,0
DA:417,0
DA:420,0
DA:422,0
LF:182
LH:0
BRDA:14,0,0,0
BRDA:14,0,1,0
BRDA:19,1,0,0
BRDA:19,1,1,0
BRDA:20,2,0,0
BRDA:20,2,1,0
BRDA:27,3,0,0
BRDA:27,3,1,0
BRDA:34,4,0,0
BRDA:34,4,1,0
BRDA:34,5,0,0
BRDA:34,5,1,0
BRDA:36,6,0,0
BRDA:36,6,1,0
BRDA:55,7,0,0
BRDA:55,7,1,0
BRDA:58,8,0,0
BRDA:58,8,1,0
BRDA:73,9,0,0
BRDA:73,9,1,0
BRDA:83,10,0,0
BRDA:83,10,1,0
BRDA:85,11,0,0
BRDA:85,11,1,0
BRDA:85,12,0,0
BRDA:85,12,1,0
BRDA:85,12,2,0
BRDA:91,13,0,0
BRDA:91,13,1,0
BRDA:96,14,0,0
BRDA:96,14,1,0
BRDA:97,15,0,0
BRDA:97,15,1,0
BRDA:104,16,0,0
BRDA:104,16,1,0
BRDA:112,17,0,0
BRDA:112,17,1,0
BRDA:117,18,0,0
BRDA:117,18,1,0
BRDA:117,19,0,0
BRDA:117,19,1,0
BRDA:122,20,0,0
BRDA:122,20,1,0
BRDA:127,21,0,0
BRDA:127,21,1,0
BRDA:131,22,0,0
BRDA:131,22,1,0
BRDA:131,23,0,0
BRDA:131,23,1,0
BRDA:142,24,0,0
BRDA:142,24,1,0
BRDA:145,25,0,0
BRDA:145,25,1,0
BRDA:160,26,0,0
BRDA:160,26,1,0
BRDA:184,27,0,0
BRDA:184,27,1,0
BRDA:192,28,0,0
BRDA:192,28,1,0
BRDA:230,29,0,0
BRDA:230,29,1,0
BRDA:352,30,0,0
BRDA:352,30,1,0
BRDA:352,30,2,0
BRDA:250,31,0,0
BRDA:250,31,1,0
BRDA:275,32,0,0
BRDA:275,32,1,0
BRDA:279,33,0,0
BRDA:279,33,1,0
BRDA:294,34,0,0
BRDA:294,34,1,0
BRDA:294,35,0,0
BRDA:294,35,1,0
BRDA:296,36,0,0
BRDA:296,36,1,0
BRDA:310,37,0,0
BRDA:310,37,1,0
BRDA:311,38,0,0
BRDA:311,38,1,0
BRDA:329,39,0,0
BRDA:329,39,1,0
BRDA:329,40,0,0
BRDA:329,40,1,0
BRDA:347,41,0,0
BRDA:347,41,1,0
BRDA:380,42,0,0
BRDA:380,42,1,0
BRDA:381,43,0,0
BRDA:381,43,1,0
BRDA:385,44,0,0
BRDA:385,44,1,0
BRDA:385,45,0,0
BRDA:385,45,1,0
BRDA:389,46,0,0
BRDA:389,46,1,0
BRDA:399,47,0,0
BRDA:399,47,1,0
BRDA:399,48,0,0
BRDA:399,48,1,0
BRDA:409,49,0,0
BRDA:409,49,1,0
BRDA:416,50,0,0
BRDA:416,50,1,0
BRF:104
BRH:0
end_of_record
