TN:
SF:main/helpers/audioProcessor.ts
FN:15,(anonymous_16)
FN:21,(anonymous_17)
FN:27,(anonymous_18)
FN:34,(anonymous_19)
FN:38,(anonymous_20)
FN:42,(anonymous_21)
FN:47,(anonymous_22)
FN:62,extractAudioFromVideo
FNF:8
FNH:0
FNDA:0,(anonymous_16)
FNDA:0,(anonymous_17)
FNDA:0,(anonymous_18)
FNDA:0,(anonymous_19)
FNDA:0,(anonymous_20)
FNDA:0,(anonymous_21)
FNDA:0,(anonymous_22)
FNDA:0,extractAudioFromVideo
DA:1,0
DA:2,0
DA:3,0
DA:4,0
DA:5,0
DA:6,0
DA:9,0
DA:10,0
DA:15,0
DA:18,0
DA:19,0
DA:21,0
DA:22,0
DA:23,0
DA:24,0
DA:27,0
DA:28,0
DA:29,0
DA:35,0
DA:36,0
DA:39,0
DA:40,0
DA:43,0
DA:44,0
DA:45,0
DA:48,0
DA:49,0
DA:53,0
DA:54,0
DA:62,0
DA:63,0
DA:64,0
DA:65,0
DA:67,0
DA:68,0
DA:69,0
DA:70,0
DA:72,0
DA:73,0
DA:74,0
DA:75,0
DA:78,0
DA:79,0
DA:80,0
LF:44
LH:0
BRDA:18,0,0,0
BRDA:18,0,1,0
BRDA:19,1,0,0
BRDA:19,1,1,0
BRDA:21,2,0,0
BRDA:21,2,1,0
BRDA:23,3,0,0
BRDA:23,3,1,0
BRDA:23,4,0,0
BRDA:23,4,1,0
BRDA:39,5,0,0
BRDA:39,5,1,0
BRDA:72,6,0,0
BRDA:72,6,1,0
BRF:14
BRH:0
end_of_record
TN:
SF:main/helpers/errorHandler.ts
FN:40,handleProcessingError
FN:67,(anonymous_18)
FN:68,(anonymous_19)
FN:133,getRecoveryStrategies
FN:139,(anonymous_21)
FN:144,(anonymous_22)
FN:144,(anonymous_23)
FN:176,(anonymous_25)
FN:182,(anonymous_26)
FN:182,(anonymous_27)
FN:216,(anonymous_29)
FN:221,(anonymous_30)
FN:221,(anonymous_31)
FN:258,(anonymous_33)
FN:263,(anonymous_34)
FN:263,(anonymous_35)
FN:297,(anonymous_37)
FN:302,(anonymous_38)
FN:302,(anonymous_39)
FN:336,(anonymous_41)
FN:337,(anonymous_42)
FN:337,(anonymous_43)
FN:346,(anonymous_45)
FN:361,processWithFallback
FN:397,(anonymous_49)
FN:433,getSmallerModel
FN:450,createUserFriendlyErrorMessage
FN:481,logErrorContext
FNF:28
FNH:0
FNDA:0,handleProcessingError
FNDA:0,(anonymous_18)
FNDA:0,(anonymous_19)
FNDA:0,getRecoveryStrategies
FNDA:0,(anonymous_21)
FNDA:0,(anonymous_22)
FNDA:0,(anonymous_23)
FNDA:0,(anonymous_25)
FNDA:0,(anonymous_26)
FNDA:0,(anonymous_27)
FNDA:0,(anonymous_29)
FNDA:0,(anonymous_30)
FNDA:0,(anonymous_31)
FNDA:0,(anonymous_33)
FNDA:0,(anonymous_34)
FNDA:0,(anonymous_35)
FNDA:0,(anonymous_37)
FNDA:0,(anonymous_38)
FNDA:0,(anonymous_39)
FNDA:0,(anonymous_41)
FNDA:0,(anonymous_42)
FNDA:0,(anonymous_43)
FNDA:0,(anonymous_45)
FNDA:0,processWithFallback
FNDA:0,(anonymous_49)
FNDA:0,getSmallerModel
FNDA:0,createUserFriendlyErrorMessage
FNDA:0,logErrorContext
DA:6,0
DA:40,0
DA:45,0
DA:48,0
DA:49,0
DA:50,0
DA:52,0
DA:55,0
DA:66,0
DA:67,0
DA:68,0
DA:70,0
DA:71,0
DA:72,0
DA:76,0
DA:78,0
DA:81,0
DA:88,0
DA:90,0
DA:93,0
DA:99,0
DA:102,0
DA:107,0
DA:110,0
DA:111,0
DA:117,0
DA:118,0
DA:121,0
DA:127,0
DA:133,0
DA:134,0
DA:140,0
DA:144,0
DA:145,0
DA:148,0
DA:149,0
DA:153,0
DA:154,0
DA:156,0
DA:157,0
DA:159,0
DA:165,0
DA:168,0
DA:177,0
DA:182,0
DA:183,0
DA:186,0
DA:187,0
DA:191,0
DA:197,0
DA:203,0
DA:207,0
DA:217,0
DA:221,0
DA:222,0
DA:225,0
DA:226,0
DA:227,0
DA:229,0
DA:230,0
DA:231,0
DA:235,0
DA:236,0
DA:238,0
DA:243,0
DA:250,0
DA:259,0
DA:263,0
DA:264,0
DA:267,0
DA:270,0
DA:274,0
DA:275,0
DA:277,0
DA:278,0
DA:279,0
DA:286,0
DA:289,0
DA:298,0
DA:302,0
DA:303,0
DA:305,0
DA:306,0
DA:309,0
DA:310,0
DA:313,0
DA:314,0
DA:315,0
DA:319,0
DA:324,0
DA:336,0
DA:337,0
DA:338,0
DA:340,0
DA:341,0
DA:345,0
DA:346,0
DA:348,0
DA:364,0
DA:365,0
DA:366,0
DA:367,0
DA:368,0
DA:370,0
DA:371,0
DA:372,0
DA:374,0
DA:377,0
DA:378,0
DA:381,0
DA:382,0
DA:398,0
DA:403,0
DA:406,0
DA:407,0
DA:409,0
DA:410,0
DA:413,0
DA:416,0
DA:417,0
DA:423,0
DA:424,0
DA:426,0
DA:434,0
DA:438,0
DA:440,0
DA:441,0
DA:444,0
DA:450,0
DA:451,0
DA:452,0
DA:455,0
DA:456,0
DA:459,0
DA:460,0
DA:463,0
DA:464,0
DA:467,0
DA:468,0
DA:471,0
DA:472,0
DA:475,0
DA:481,0
DA:482,0
DA:483,0
DA:484,0
DA:486,0
DA:487,0
DA:488,0
DA:489,0
DA:490,0
DA:492,0
DA:493,0
DA:496,0
LF:154
LH:0
BRDA:45,0,0,0
BRDA:45,0,1,0
BRDA:70,1,0,0
BRDA:70,1,1,0
BRDA:76,2,0,0
BRDA:76,2,1,0
BRDA:140,3,0,0
BRDA:140,3,1,0
BRDA:140,3,2,0
BRDA:168,4,0,0
BRDA:148,5,0,0
BRDA:148,5,1,0
BRDA:153,6,0,0
BRDA:153,6,1,0
BRDA:153,7,0,0
BRDA:153,7,1,0
BRDA:156,8,0,0
BRDA:156,8,1,0
BRDA:177,9,0,0
BRDA:177,9,1,0
BRDA:177,9,2,0
BRDA:177,9,3,0
BRDA:187,10,0,0
BRDA:187,10,1,0
BRDA:217,11,0,0
BRDA:217,11,1,0
BRDA:217,11,2,0
BRDA:243,12,0,0
BRDA:243,12,1,0
BRDA:226,13,0,0
BRDA:226,13,1,0
BRDA:226,14,0,0
BRDA:226,14,1,0
BRDA:230,15,0,0
BRDA:230,15,1,0
BRDA:235,16,0,0
BRDA:235,16,1,0
BRDA:259,17,0,0
BRDA:259,17,1,0
BRDA:259,17,2,0
BRDA:279,18,0,0
BRDA:279,18,1,0
BRDA:274,19,0,0
BRDA:274,19,1,0
BRDA:274,20,0,0
BRDA:274,20,1,0
BRDA:277,21,0,0
BRDA:277,21,1,0
BRDA:298,22,0,0
BRDA:298,22,1,0
BRDA:298,22,2,0
BRDA:324,23,0,0
BRDA:309,24,0,0
BRDA:309,24,1,0
BRDA:314,25,0,0
BRDA:314,25,1,0
BRDA:321,26,0,0
BRDA:321,26,1,0
BRDA:348,27,0,0
BRDA:340,28,0,0
BRDA:340,28,1,0
BRDA:372,29,0,0
BRDA:372,29,1,0
BRDA:372,30,0,0
BRDA:372,30,1,0
BRDA:383,31,0,0
BRDA:383,31,1,0
BRDA:396,32,0,0
BRDA:396,32,1,0
BRDA:396,33,0,0
BRDA:396,33,1,0
BRDA:406,34,0,0
BRDA:406,34,1,0
BRDA:406,35,0,0
BRDA:406,35,1,0
BRDA:406,36,0,0
BRDA:406,36,1,0
BRDA:440,37,0,0
BRDA:440,37,1,0
BRDA:440,38,0,0
BRDA:440,38,1,0
BRDA:451,39,0,0
BRDA:451,39,1,0
BRDA:455,40,0,0
BRDA:455,40,1,0
BRDA:459,41,0,0
BRDA:459,41,1,0
BRDA:463,42,0,0
BRDA:463,42,1,0
BRDA:467,43,0,0
BRDA:467,43,1,0
BRDA:471,44,0,0
BRDA:471,44,1,0
BRDA:486,45,0,0
BRDA:486,45,1,0
BRDA:487,46,0,0
BRDA:487,46,1,0
BRDA:488,47,0,0
BRDA:488,47,1,0
BRDA:489,48,0,0
BRDA:489,48,1,0
BRDA:490,49,0,0
BRDA:490,49,1,0
BRDA:492,50,0,0
BRDA:492,50,1,0
BRF:105
BRH:0
end_of_record
TN:
SF:main/helpers/fileUtils.ts
FN:10,getMd5
FN:17,getTempDir
FN:45,ensureTempDir
FN:56,formatSrtContent
FN:58,(anonymous_18)
FN:69,createOrClearFile
FN:81,appendToFile
FN:96,readFileContent
FN:109,wrapFileObject
FNF:9
FNH:0
FNDA:0,getMd5
FNDA:0,getTempDir
FNDA:0,ensureTempDir
FNDA:0,formatSrtContent
FNDA:0,(anonymous_18)
FNDA:0,createOrClearFile
FNDA:0,appendToFile
FNDA:0,readFileContent
FNDA:0,wrapFileObject
DA:1,0
DA:2,0
DA:3,0
DA:4,0
DA:5,0
DA:10,0
DA:11,0
DA:17,0
DA:18,0
DA:21,0
DA:23,0
DA:24,0
DA:25,0
DA:26,0
DA:28,0
DA:32,0
DA:35,0
DA:39,0
DA:45,0
DA:46,0
DA:47,0
DA:48,0
DA:50,0
DA:56,0
DA:57,0
DA:59,0
DA:61,0
DA:69,0
DA:71,0
DA:73,0
DA:74,0
DA:81,0
DA:86,0
DA:88,0
DA:89,0
DA:96,0
DA:98,0
DA:99,0
DA:101,0
DA:102,0
DA:109,0
DA:110,0
LF:42
LH:0
BRDA:21,0,0,0
BRDA:21,0,1,0
BRDA:21,1,0,0
BRDA:21,1,1,0
BRDA:24,2,0,0
BRDA:24,2,1,0
BRDA:47,3,0,0
BRDA:47,3,1,0
BRF:8
BRH:0
end_of_record
TN:
SF:main/helpers/gpuConfig.ts
FN:61,determineGPUConfiguration
FN:136,generateWhisperGPUParams
FN:184,generatePerformanceHints
FN:225,generateEnvironmentConfig
FN:244,getVADSettings
FN:261,validateGPUMemory
FN:295,applyEnvironmentConfig
FNF:7
FNH:0
FNDA:0,determineGPUConfiguration
FNDA:0,generateWhisperGPUParams
FNDA:0,generatePerformanceHints
FNDA:0,generateEnvironmentConfig
FNDA:0,getVADSettings
FNDA:0,validateGPUMemory
FNDA:0,applyEnvironmentConfig
DA:6,0
DA:7,0
DA:9,0
DA:61,0
DA:62,0
DA:64,0
DA:65,0
DA:67,0
DA:69,0
DA:70,0
DA:72,0
DA:80,0
DA:83,0
DA:84,0
DA:85,0
DA:86,0
DA:88,0
DA:93,0
DA:94,0
DA:95,0
DA:99,0
DA:100,0
DA:101,0
DA:103,0
DA:105,0
DA:113,0
DA:116,0
DA:124,0
DA:137,0
DA:143,0
DA:145,0
DA:155,0
DA:164,0
DA:173,0
DA:185,0
DA:187,0
DA:188,0
DA:196,0
DA:204,0
DA:213,0
DA:226,0
DA:228,0
DA:229,0
DA:230,0
DA:232,0
DA:233,0
DA:234,0
DA:235,0
DA:238,0
DA:244,0
DA:245,0
DA:247,0
DA:261,0
DA:262,0
DA:263,0
DA:266,0
DA:276,0
DA:278,0
DA:279,0
DA:281,0
DA:284,0
DA:289,0
DA:295,0
DA:296,0
DA:297,0
DA:298,0
DA:301,0
DA:302,0
DA:303,0
DA:306,0
DA:307,0
DA:308,0
DA:311,0
DA:312,0
DA:313,0
LF:75
LH:0
BRDA:64,0,0,0
BRDA:64,0,1,0
BRDA:83,1,0,0
BRDA:83,1,1,0
BRDA:83,2,0,0
BRDA:83,2,1,0
BRDA:85,3,0,0
BRDA:85,3,1,0
BRDA:93,4,0,0
BRDA:93,4,1,0
BRDA:94,5,0,0
BRDA:94,5,1,0
BRDA:143,6,0,0
BRDA:143,6,1,0
BRDA:143,6,2,0
BRDA:143,6,3,0
BRDA:143,6,4,0
BRDA:148,7,0,0
BRDA:148,7,1,0
BRDA:148,8,0,0
BRDA:148,8,1,0
BRDA:148,9,0,0
BRDA:148,9,1,0
BRDA:149,10,0,0
BRDA:149,10,1,0
BRDA:151,11,0,0
BRDA:151,11,1,0
BRDA:151,12,0,0
BRDA:151,12,1,0
BRDA:151,13,0,0
BRDA:151,13,1,0
BRDA:185,14,0,0
BRDA:185,14,1,0
BRDA:185,14,2,0
BRDA:185,14,3,0
BRDA:185,14,4,0
BRDA:187,15,0,0
BRDA:187,15,1,0
BRDA:187,16,0,0
BRDA:187,16,1,0
BRDA:189,17,0,0
BRDA:189,17,1,0
BRDA:190,18,0,0
BRDA:190,18,1,0
BRDA:191,19,0,0
BRDA:191,19,1,0
BRDA:228,20,0,0
BRDA:228,20,1,0
BRDA:229,21,0,0
BRDA:229,21,1,0
BRDA:230,22,0,0
BRDA:230,22,1,0
BRDA:232,23,0,0
BRDA:232,23,1,0
BRDA:232,24,0,0
BRDA:232,24,1,0
BRDA:232,25,0,0
BRDA:232,25,1,0
BRDA:233,26,0,0
BRDA:233,26,1,0
BRDA:235,27,0,0
BRDA:235,27,1,0
BRDA:235,28,0,0
BRDA:235,28,1,0
BRDA:235,29,0,0
BRDA:235,29,1,0
BRDA:245,30,0,0
BRDA:245,30,1,0
BRDA:249,31,0,0
BRDA:249,31,1,0
BRDA:250,32,0,0
BRDA:250,32,1,0
BRDA:251,33,0,0
BRDA:251,33,1,0
BRDA:252,34,0,0
BRDA:252,34,1,0
BRDA:253,35,0,0
BRDA:253,35,1,0
BRDA:254,36,0,0
BRDA:254,36,1,0
BRDA:262,37,0,0
BRDA:262,37,1,0
BRDA:276,38,0,0
BRDA:276,38,1,0
BRDA:278,39,0,0
BRDA:278,39,1,0
BRDA:278,40,0,0
BRDA:278,40,1,0
BRDA:279,41,0,0
BRDA:279,41,1,0
BRDA:296,42,0,0
BRDA:296,42,1,0
BRDA:301,43,0,0
BRDA:301,43,1,0
BRDA:306,44,0,0
BRDA:306,44,1,0
BRDA:311,45,0,0
BRDA:311,45,1,0
BRF:98
BRH:0
end_of_record
TN:
SF:main/helpers/performanceMonitor.ts
FN:91,(anonymous_17)
FN:97,GPUPerformanceMonitor
FN:102,(anonymous_19)
FN:112,(anonymous_20)
FN:135,(anonymous_21)
FN:152,(anonymous_22)
FN:162,(anonymous_23)
FN:198,(anonymous_26)
FN:213,(anonymous_29)
FN:216,(anonymous_32)
FN:223,(anonymous_33)
FN:230,(anonymous_34)
FN:243,(anonymous_35)
FN:257,(anonymous_36)
FN:275,(anonymous_37)
FN:306,(anonymous_38)
FN:308,(anonymous_39)
FN:309,(anonymous_40)
FN:310,(anonymous_41)
FN:311,(anonymous_42)
FN:314,(anonymous_43)
FN:320,(anonymous_44)
FN:335,(anonymous_45)
FN:336,(anonymous_46)
FN:338,(anonymous_47)
FN:339,(anonymous_48)
FN:340,(anonymous_49)
FN:350,(anonymous_50)
FN:351,(anonymous_51)
FN:372,(anonymous_52)
FN:373,(anonymous_53)
FN:375,(anonymous_54)
FN:377,(anonymous_55)
FN:379,(anonymous_56)
FN:380,(anonymous_57)
FN:395,(anonymous_58)
FN:399,(anonymous_59)
FN:407,(anonymous_60)
FN:409,(anonymous_61)
FN:413,(anonymous_62)
FN:419,(anonymous_63)
FN:420,(anonymous_64)
FN:430,(anonymous_65)
FN:446,(anonymous_66)
FN:460,(anonymous_67)
FNF:45
FNH:0
FNDA:0,(anonymous_17)
FNDA:0,GPUPerformanceMonitor
FNDA:0,(anonymous_19)
FNDA:0,(anonymous_20)
FNDA:0,(anonymous_21)
FNDA:0,(anonymous_22)
FNDA:0,(anonymous_23)
FNDA:0,(anonymous_26)
FNDA:0,(anonymous_29)
FNDA:0,(anonymous_32)
FNDA:0,(anonymous_33)
FNDA:0,(anonymous_34)
FNDA:0,(anonymous_35)
FNDA:0,(anonymous_36)
FNDA:0,(anonymous_37)
FNDA:0,(anonymous_38)
FNDA:0,(anonymous_39)
FNDA:0,(anonymous_40)
FNDA:0,(anonymous_41)
FNDA:0,(anonymous_42)
FNDA:0,(anonymous_43)
FNDA:0,(anonymous_44)
FNDA:0,(anonymous_45)
FNDA:0,(anonymous_46)
FNDA:0,(anonymous_47)
FNDA:0,(anonymous_48)
FNDA:0,(anonymous_49)
FNDA:0,(anonymous_50)
FNDA:0,(anonymous_51)
FNDA:0,(anonymous_52)
FNDA:0,(anonymous_53)
FNDA:0,(anonymous_54)
FNDA:0,(anonymous_55)
FNDA:0,(anonymous_56)
FNDA:0,(anonymous_57)
FNDA:0,(anonymous_58)
FNDA:0,(anonymous_59)
FNDA:0,(anonymous_60)
FNDA:0,(anonymous_61)
FNDA:0,(anonymous_62)
FNDA:0,(anonymous_63)
FNDA:0,(anonymous_64)
FNDA:0,(anonymous_65)
FNDA:0,(anonymous_66)
FNDA:0,(anonymous_67)
DA:6,0
DA:10,0
DA:11,0
DA:12,0
DA:91,0
DA:93,0
DA:94,0
DA:98,0
DA:99,0
DA:102,0
DA:103,0
DA:104,0
DA:106,0
DA:112,0
DA:113,0
DA:115,0
DA:128,0
DA:129,0
DA:135,0
DA:136,0
DA:138,0
DA:139,0
DA:152,0
DA:153,0
DA:155,0
DA:156,0
DA:162,0
DA:163,0
DA:164,0
DA:167,0
DA:168,0
DA:169,0
DA:171,0
DA:184,0
DA:185,0
DA:188,0
DA:190,0
DA:192,0
DA:198,0
DA:199,0
DA:202,0
DA:205,0
DA:207,0
DA:213,0
DA:215,0
DA:216,0
DA:219,0
DA:220,0
DA:223,0
DA:224,0
DA:230,0
DA:231,0
DA:234,0
DA:235,0
DA:237,0
DA:243,0
DA:244,0
DA:245,0
DA:257,0
DA:258,0
DA:259,0
DA:260,0
DA:261,0
DA:262,0
DA:263,0
DA:264,0
DA:265,0
DA:267,0
DA:268,0
DA:275,0
DA:276,0
DA:277,0
DA:279,0
DA:280,0
DA:295,0
DA:296,0
DA:297,0
DA:298,0
DA:300,0
DA:306,0
DA:307,0
DA:308,0
DA:309,0
DA:310,0
DA:311,0
DA:314,0
DA:315,0
DA:316,0
DA:319,0
DA:320,0
DA:322,0
DA:335,0
DA:336,0
DA:338,0
DA:339,0
DA:340,0
DA:343,0
DA:344,0
DA:345,0
DA:347,0
DA:349,0
DA:350,0
DA:351,0
DA:353,0
DA:354,0
DA:355,0
DA:356,0
DA:360,0
DA:372,0
DA:373,0
DA:375,0
DA:376,0
DA:377,0
DA:379,0
DA:380,0
DA:382,0
DA:395,0
DA:396,0
DA:399,0
DA:400,0
DA:402,0
DA:403,0
DA:407,0
DA:408,0
DA:409,0
DA:413,0
DA:414,0
DA:415,0
DA:419,0
DA:420,0
DA:421,0
DA:424,0
DA:430,0
DA:431,0
DA:432,0
DA:433,0
DA:434,0
DA:435,0
DA:438,0
DA:439,0
DA:446,0
DA:447,0
DA:449,0
DA:450,0
DA:451,0
DA:453,0
DA:460,0
DA:461,0
DA:462,0
DA:463,0
DA:464,0
DA:466,0
LF:152
LH:0
BRDA:103,0,0,0
BRDA:103,0,1,0
BRDA:136,1,0,0
BRDA:136,1,1,0
BRDA:145,2,0,0
BRDA:145,2,1,0
BRDA:145,3,0,0
BRDA:145,3,1,0
BRDA:145,4,0,0
BRDA:145,4,1,0
BRDA:153,5,0,0
BRDA:153,5,1,0
BRDA:155,6,0,0
BRDA:155,6,1,0
BRDA:163,7,0,0
BRDA:163,7,1,0
BRDA:179,8,0,0
BRDA:179,8,1,0
BRDA:179,9,0,0
BRDA:179,9,1,0
BRDA:179,10,0,0
BRDA:179,10,1,0
BRDA:179,11,0,0
BRDA:179,11,1,0
BRDA:179,12,0,0
BRDA:179,12,1,0
BRDA:180,13,0,0
BRDA:180,13,1,0
BRDA:199,14,0,0
BRDA:199,14,1,0
BRDA:216,15,0,0
BRDA:216,15,1,0
BRDA:219,16,0,0
BRDA:219,16,1,0
BRDA:231,17,0,0
BRDA:231,17,1,0
BRDA:231,18,0,0
BRDA:231,18,1,0
BRDA:231,19,0,0
BRDA:231,19,1,0
BRDA:237,20,0,0
BRDA:237,20,1,0
BRDA:265,21,0,0
BRDA:265,21,1,0
BRDA:267,22,0,0
BRDA:267,22,1,0
BRDA:279,23,0,0
BRDA:279,23,1,0
BRDA:311,24,0,0
BRDA:311,24,1,0
BRDA:315,25,0,0
BRDA:315,25,1,0
BRDA:319,26,0,0
BRDA:319,26,1,0
BRDA:319,27,0,0
BRDA:319,27,1,0
BRDA:319,28,0,0
BRDA:319,28,1,0
BRDA:349,29,0,0
BRDA:349,29,1,0
BRDA:349,30,0,0
BRDA:349,30,1,0
BRDA:353,31,0,0
BRDA:353,31,1,0
BRDA:355,32,0,0
BRDA:355,32,1,0
BRDA:377,33,0,0
BRDA:377,33,1,0
BRDA:400,34,0,0
BRDA:400,34,1,0
BRDA:402,35,0,0
BRDA:402,35,1,0
BRDA:402,36,0,0
BRDA:402,36,1,0
BRDA:408,37,0,0
BRDA:408,37,1,0
BRDA:414,38,0,0
BRDA:414,38,1,0
BRDA:420,39,0,0
BRDA:420,39,1,0
BRDA:432,40,0,0
BRDA:432,40,1,0
BRF:82
BRH:0
end_of_record
TN:
SF:main/helpers/subtitleGenerator.ts
FN:15,getAudioDuration
FN:16,(anonymous_19)
FN:18,(anonymous_20)
FN:34,generateSubtitleWithLocalWhisper
FN:48,(anonymous_24)
FN:60,(anonymous_25)
FN:61,(anonymous_26)
FN:91,generateSubtitleWithBuiltinWhisper
FN:235,(anonymous_30)
FNF:9
FNH:4
FNDA:5,getAudioDuration
FNDA:5,(anonymous_19)
FNDA:5,(anonymous_20)
FNDA:0,generateSubtitleWithLocalWhisper
FNDA:0,(anonymous_24)
FNDA:0,(anonymous_25)
FNDA:0,(anonymous_26)
FNDA:138,generateSubtitleWithBuiltinWhisper
FNDA:0,(anonymous_30)
DA:1,5
DA:2,5
DA:3,5
DA:4,5
DA:5,5
DA:7,5
DA:8,5
DA:10,5
DA:16,5
DA:17,5
DA:18,5
DA:19,5
DA:20,0
DA:21,0
DA:22,0
DA:25,5
DA:26,5
DA:34,5
DA:35,0
DA:36,0
DA:37,0
DA:38,0
DA:39,0
DA:41,0
DA:48,0
DA:49,0
DA:50,0
DA:51,0
DA:53,0
DA:56,0
DA:57,0
DA:58,0
DA:60,0
DA:61,0
DA:62,0
DA:63,0
DA:64,0
DA:65,0
DA:67,0
DA:68,0
DA:70,0
DA:71,0
DA:73,0
DA:75,0
DA:76,0
DA:77,0
DA:78,0
DA:81,0
DA:82,0
DA:91,5
DA:97,138
DA:100,137
DA:101,137
DA:102,137
DA:105,137
DA:106,137
DA:107,137
DA:108,137
DA:109,137
DA:111,137
DA:112,137
DA:114,137
DA:115,137
DA:117,0
DA:119,0
DA:124,0
DA:125,0
DA:128,137
DA:129,137
DA:132,137
DA:133,137
DA:134,137
DA:136,137
DA:137,137
DA:142,137
DA:143,137
DA:145,0
DA:146,0
DA:150,137
DA:151,132
DA:155,5
DA:156,0
DA:160,5
DA:163,5
DA:164,5
DA:165,5
DA:166,5
DA:169,5
DA:170,5
DA:171,5
DA:174,5
DA:175,5
DA:176,5
DA:177,5
DA:180,5
DA:188,5
DA:189,5
DA:190,5
DA:193,5
DA:194,5
DA:195,5
DA:197,5
DA:198,5
DA:199,5
DA:200,5
DA:201,5
DA:202,5
DA:204,5
DA:236,0
DA:239,0
DA:242,0
DA:250,5
DA:256,5
DA:257,5
DA:258,5
DA:259,5
DA:261,5
DA:263,5
DA:264,0
DA:265,0
DA:267,5
DA:268,5
DA:272,0
DA:273,0
DA:276,0
DA:279,0
DA:290,0
DA:291,0
DA:293,0
DA:296,137
DA:299,137
DA:300,5
DA:305,137
DA:306,126
DA:308,11
DA:311,11
DA:317,22
DA:320,11
DA:326,11
DA:332,1
DA:335,1
DA:340,2
DA:342,0
DA:345,1
DA:351,0
LF:145
LH:90
BRDA:19,0,0,0
BRDA:19,0,1,5
BRDA:26,1,0,0
BRDA:26,1,1,5
BRDA:36,2,0,0
BRDA:36,2,1,0
BRDA:36,3,0,0
BRDA:36,3,1,0
BRDA:38,4,0,0
BRDA:38,4,1,0
BRDA:38,5,0,0
BRDA:38,5,1,0
BRDA:45,6,0,0
BRDA:45,6,1,0
BRDA:49,7,0,0
BRDA:49,7,1,0
BRDA:50,8,0,0
BRDA:50,8,1,0
BRDA:50,9,0,0
BRDA:50,9,1,0
BRDA:50,9,2,0
BRDA:53,10,0,0
BRDA:53,10,1,0
BRDA:62,11,0,0
BRDA:62,11,1,0
BRDA:67,12,0,0
BRDA:67,12,1,0
BRDA:70,13,0,0
BRDA:70,13,1,0
BRDA:77,14,0,0
BRDA:77,14,1,0
BRDA:134,15,0,0
BRDA:134,15,1,137
BRDA:134,16,0,137
BRDA:134,16,1,137
BRDA:143,17,0,5
BRDA:143,17,1,132
BRDA:150,18,0,132
BRDA:150,18,1,5
BRDA:150,19,0,137
BRDA:150,19,1,5
BRDA:155,20,0,0
BRDA:155,20,1,5
BRDA:193,21,0,5
BRDA:193,21,1,5
BRDA:198,22,0,5
BRDA:198,22,1,5
BRDA:205,23,0,5
BRDA:205,23,1,0
BRDA:213,24,0,5
BRDA:213,24,1,5
BRDA:222,25,0,5
BRDA:222,25,1,0
BRDA:222,26,0,5
BRDA:222,26,1,5
BRDA:239,27,0,0
BRDA:239,27,1,0
BRDA:239,28,0,0
BRDA:239,28,1,0
BRDA:272,29,0,0
BRDA:272,29,1,0
BRDA:272,30,0,0
BRDA:272,30,1,0
BRDA:272,31,0,0
BRDA:272,31,1,0
BRDA:299,32,0,5
BRDA:299,32,1,132
BRDA:299,33,0,137
BRDA:299,33,1,5
BRF:69
BRH:26
end_of_record
TN:
SF:main/helpers/whisper.ts
FN:11,(anonymous_17)
FN:30,(anonymous_18)
FN:35,(anonymous_19)
FN:36,(anonymous_20)
FN:44,(anonymous_21)
FN:44,(anonymous_22)
FN:52,(anonymous_24)
FN:68,(anonymous_25)
FN:100,(anonymous_28)
FN:107,(anonymous_29)
FN:129,(anonymous_30)
FN:140,(anonymous_31)
FN:140,(anonymous_32)
FN:171,(anonymous_34)
FN:189,checkOpenAiWhisper
FN:190,(anonymous_38)
FN:195,(anonymous_39)
FN:200,(anonymous_40)
FN:206,(anonymous_41)
FN:214,(anonymous_42)
FN:228,(anonymous_45)
FN:233,(anonymous_46)
FN:245,loadWhisperAddon
FN:334,loadWhisperAddonLegacy
FNF:24
FNH:0
FNDA:0,(anonymous_17)
FNDA:0,(anonymous_18)
FNDA:0,(anonymous_19)
FNDA:0,(anonymous_20)
FNDA:0,(anonymous_21)
FNDA:0,(anonymous_22)
FNDA:0,(anonymous_24)
FNDA:0,(anonymous_25)
FNDA:0,(anonymous_28)
FNDA:0,(anonymous_29)
FNDA:0,(anonymous_30)
FNDA:0,(anonymous_31)
FNDA:0,(anonymous_32)
FNDA:0,(anonymous_34)
FNDA:0,checkOpenAiWhisper
FNDA:0,(anonymous_38)
FNDA:0,(anonymous_39)
FNDA:0,(anonymous_40)
FNDA:0,(anonymous_41)
FNDA:0,(anonymous_42)
FNDA:0,(anonymous_45)
FNDA:0,(anonymous_46)
FNDA:0,loadWhisperAddon
FNDA:0,loadWhisperAddonLegacy
DA:1,0
DA:2,0
DA:3,0
DA:4,0
DA:5,0
DA:6,0
DA:7,0
DA:8,0
DA:9,0
DA:11,0
DA:12,0
DA:13,0
DA:18,0
DA:19,0
DA:20,0
DA:22,0
DA:26,0
DA:27,0
DA:30,0
DA:31,0
DA:32,0
DA:33,0
DA:35,0
DA:36,0
DA:37,0
DA:40,0
DA:44,0
DA:45,0
DA:46,0
DA:47,0
DA:52,0
DA:53,0
DA:54,0
DA:55,0
DA:57,0
DA:58,0
DA:60,0
DA:62,0
DA:63,0
DA:68,0
DA:72,0
DA:74,0
DA:75,0
DA:76,0
DA:82,0
DA:84,0
DA:85,0
DA:89,0
DA:92,0
DA:95,0
DA:96,0
DA:100,0
DA:101,0
DA:102,0
DA:103,0
DA:104,0
DA:105,0
DA:107,0
DA:108,0
DA:111,0
DA:112,0
DA:116,0
DA:117,0
DA:118,0
DA:121,0
DA:124,0
DA:126,0
DA:127,0
DA:129,0
DA:130,0
DA:131,0
DA:133,0
DA:135,0
DA:136,0
DA:140,0
DA:141,0
DA:142,0
DA:144,0
DA:146,0
DA:150,0
DA:151,0
DA:152,0
DA:154,0
DA:155,0
DA:159,0
DA:160,0
DA:161,0
DA:162,0
DA:165,0
DA:166,0
DA:171,0
DA:172,0
DA:176,0
DA:179,0
DA:180,0
DA:183,0
DA:184,0
DA:189,0
DA:190,0
DA:191,0
DA:192,0
DA:193,0
DA:195,0
DA:196,0
DA:197,0
DA:200,0
DA:201,0
DA:202,0
DA:203,0
DA:206,0
DA:207,0
DA:208,0
DA:209,0
DA:214,0
DA:215,0
DA:219,0
DA:220,0
DA:222,0
DA:223,0
DA:228,0
DA:229,0
DA:233,0
DA:234,0
DA:238,0
DA:245,0
DA:246,0
DA:247,0
DA:250,0
DA:252,0
DA:253,0
DA:256,0
DA:257,0
DA:258,0
DA:262,0
DA:263,0
DA:265,0
DA:272,0
DA:275,0
DA:276,0
DA:277,0
DA:278,0
DA:280,0
DA:285,0
DA:286,0
DA:287,0
DA:291,0
DA:292,0
DA:296,0
DA:298,0
DA:301,0
DA:302,0
DA:303,0
DA:306,0
DA:309,0
DA:312,0
DA:314,0
DA:315,0
DA:316,0
DA:318,0
DA:323,0
DA:326,0
DA:327,0
DA:335,0
DA:336,0
DA:337,0
DA:341,0
DA:343,0
DA:345,0
DA:346,0
DA:349,0
DA:355,0
DA:356,0
DA:362,0
DA:365,0
DA:366,0
DA:369,0
DA:370,0
DA:372,0
DA:373,0
DA:376,0
DA:378,0
LF:181
LH:0
BRDA:13,0,0,0
BRDA:13,0,1,0
BRDA:18,1,0,0
BRDA:18,1,1,0
BRDA:19,2,0,0
BRDA:19,2,1,0
BRDA:26,3,0,0
BRDA:26,3,1,0
BRDA:33,4,0,0
BRDA:33,4,1,0
BRDA:33,5,0,0
BRDA:33,5,1,0
BRDA:35,6,0,0
BRDA:35,6,1,0
BRDA:54,7,0,0
BRDA:54,7,1,0
BRDA:57,8,0,0
BRDA:57,8,1,0
BRDA:72,9,0,0
BRDA:72,9,1,0
BRDA:82,10,0,0
BRDA:82,10,1,0
BRDA:84,11,0,0
BRDA:84,11,1,0
BRDA:84,12,0,0
BRDA:84,12,1,0
BRDA:84,12,2,0
BRDA:90,13,0,0
BRDA:90,13,1,0
BRDA:95,14,0,0
BRDA:95,14,1,0
BRDA:96,15,0,0
BRDA:96,15,1,0
BRDA:103,16,0,0
BRDA:103,16,1,0
BRDA:111,17,0,0
BRDA:111,17,1,0
BRDA:116,18,0,0
BRDA:116,18,1,0
BRDA:116,19,0,0
BRDA:116,19,1,0
BRDA:121,20,0,0
BRDA:121,20,1,0
BRDA:126,21,0,0
BRDA:126,21,1,0
BRDA:130,22,0,0
BRDA:130,22,1,0
BRDA:130,23,0,0
BRDA:130,23,1,0
BRDA:141,24,0,0
BRDA:141,24,1,0
BRDA:144,25,0,0
BRDA:144,25,1,0
BRDA:159,26,0,0
BRDA:159,26,1,0
BRDA:183,27,0,0
BRDA:183,27,1,0
BRDA:191,28,0,0
BRDA:191,28,1,0
BRDA:229,29,0,0
BRDA:229,29,1,0
BRDA:316,30,0,0
BRDA:316,30,1,0
BRDA:316,30,2,0
BRDA:246,31,0,0
BRDA:246,31,1,0
BRDA:275,32,0,0
BRDA:275,32,1,0
BRDA:275,33,0,0
BRDA:275,33,1,0
BRDA:277,34,0,0
BRDA:277,34,1,0
BRDA:285,35,0,0
BRDA:285,35,1,0
BRDA:286,36,0,0
BRDA:286,36,1,0
BRDA:301,37,0,0
BRDA:301,37,1,0
BRDA:301,38,0,0
BRDA:301,38,1,0
BRDA:314,39,0,0
BRDA:314,39,1,0
BRDA:336,40,0,0
BRDA:336,40,1,0
BRDA:337,41,0,0
BRDA:337,41,1,0
BRDA:341,42,0,0
BRDA:341,42,1,0
BRDA:341,43,0,0
BRDA:341,43,1,0
BRDA:345,44,0,0
BRDA:345,44,1,0
BRDA:355,45,0,0
BRDA:355,45,1,0
BRDA:355,46,0,0
BRDA:355,46,1,0
BRDA:365,47,0,0
BRDA:365,47,1,0
BRDA:372,48,0,0
BRDA:372,48,1,0
BRF:100
BRH:0
end_of_record
