TN:
SF:main/hardware/gpuClassification.ts
FN:18,(anonymous_0)
FN:41,(anonymous_1)
FN:46,(anonymous_2)
FN:51,(anonymous_3)
FN:52,(anonymous_4)
FN:57,(anonymous_5)
FN:83,(anonymous_6)
FN:102,(anonymous_7)
FN:136,(anonymous_8)
FN:149,(anonymous_9)
FN:174,(anonymous_10)
FN:180,(anonymous_11)
FN:210,(anonymous_12)
FN:215,(anonymous_13)
FN:216,(anonymous_14)
FN:223,(anonymous_15)
FN:233,(anonymous_16)
FN:279,(anonymous_17)
FN:321,(anonymous_18)
FN:332,(anonymous_19)
FNF:20
FNH:20
FNDA:1,(anonymous_0)
FNDA:27,(anonymous_1)
FNDA:65,(anonymous_2)
FNDA:47,(anonymous_3)
FNDA:24,(anonymous_4)
FNDA:35,(anonymous_5)
FNDA:23,(anonymous_6)
FNDA:54,(anonymous_7)
FNDA:15,(anonymous_8)
FNDA:15,(anonymous_9)
FNDA:15,(anonymous_10)
FNDA:36,(anonymous_11)
FNDA:6,(anonymous_12)
FNDA:14,(anonymous_13)
FNDA:8,(anonymous_14)
FNDA:14,(anonymous_15)
FNDA:9,(anonymous_16)
FNDA:1,(anonymous_17)
FNDA:6,(anonymous_18)
FNDA:9,(anonymous_19)
DA:18,1
DA:19,1
DA:25,1
DA:31,1
DA:43,27
DA:46,65
DA:47,4
DA:51,47
DA:52,24
DA:53,8
DA:57,35
DA:58,6
DA:62,6
DA:65,6
DA:66,2
DA:69,4
DA:73,2
DA:77,2
DA:84,23
DA:86,20
DA:87,20
DA:90,20
DA:91,13
DA:94,13
DA:95,9
DA:96,6
DA:97,5
DA:98,3
DA:102,54
DA:103,3
DA:107,20
DA:108,3
DA:111,20
DA:112,1
DA:113,1
DA:116,20
DA:117,1
DA:120,20
DA:121,2
DA:125,20
DA:126,16
DA:127,16
DA:128,12
DA:130,20
DA:137,15
DA:139,14
DA:142,14
DA:143,5
DA:147,9
DA:149,15
DA:150,5
DA:154,4
DA:155,1
DA:159,3
DA:160,2
DA:164,1
DA:165,0
DA:168,1
DA:175,15
DA:177,14
DA:180,36
DA:181,3
DA:185,11
DA:186,3
DA:190,8
DA:191,2
DA:195,6
DA:196,6
DA:200,0
DA:201,0
DA:204,0
DA:211,6
DA:212,6
DA:215,14
DA:216,8
DA:218,6
DA:223,14
DA:234,9
DA:235,9
DA:236,9
DA:237,9
DA:240,9
DA:241,7
DA:242,2
DA:243,1
DA:244,1
DA:248,8
DA:249,1
DA:250,1
DA:254,7
DA:257,7
DA:258,2
DA:259,1
DA:260,1
DA:261,1
DA:262,1
DA:263,1
DA:265,0
DA:266,0
DA:270,5
DA:274,7
DA:275,6
DA:276,6
DA:278,1
DA:279,1
DA:280,1
DA:282,0
DA:287,7
DA:289,5
DA:290,5
DA:292,2
DA:293,2
DA:295,0
DA:296,0
DA:297,0
DA:301,7
DA:302,6
DA:304,1
DA:307,7
DA:309,7
DA:322,6
DA:323,6
DA:339,9
DA:353,1
LF:124
LH:114
BRDA:43,0,0,3
BRDA:43,0,1,24
BRDA:46,1,0,4
BRDA:46,1,1,20
BRDA:51,2,0,8
BRDA:51,2,1,12
BRDA:51,3,0,20
BRDA:51,3,1,8
BRDA:57,4,0,6
BRDA:57,4,1,6
BRDA:65,5,0,2
BRDA:65,5,1,4
BRDA:65,6,0,6
BRDA:65,6,1,2
BRDA:69,7,0,2
BRDA:69,7,1,2
BRDA:69,8,0,4
BRDA:69,8,1,3
BRDA:69,8,2,3
BRDA:69,8,3,3
BRDA:84,9,0,3
BRDA:84,9,1,20
BRDA:90,10,0,13
BRDA:90,10,1,7
BRDA:94,11,0,4
BRDA:94,11,1,9
BRDA:95,12,0,3
BRDA:95,12,1,6
BRDA:96,13,0,1
BRDA:96,13,1,5
BRDA:97,14,0,2
BRDA:97,14,1,3
BRDA:98,15,0,0
BRDA:98,15,1,3
BRDA:102,16,0,3
BRDA:102,16,1,17
BRDA:107,17,0,3
BRDA:107,17,1,17
BRDA:111,18,0,1
BRDA:111,18,1,19
BRDA:113,19,0,0
BRDA:113,19,1,1
BRDA:116,20,0,1
BRDA:116,20,1,19
BRDA:120,21,0,2
BRDA:120,21,1,18
BRDA:125,22,0,4
BRDA:125,22,1,16
BRDA:126,23,0,0
BRDA:126,23,1,16
BRDA:127,24,0,4
BRDA:127,24,1,12
BRDA:128,25,0,1
BRDA:128,25,1,11
BRDA:137,26,0,1
BRDA:137,26,1,14
BRDA:142,27,0,5
BRDA:142,27,1,9
BRDA:142,28,0,14
BRDA:142,28,1,11
BRDA:147,29,0,5
BRDA:147,29,1,4
BRDA:147,30,0,9
BRDA:147,30,1,8
BRDA:147,30,2,7
BRDA:154,31,0,1
BRDA:154,31,1,3
BRDA:154,32,0,4
BRDA:154,32,1,1
BRDA:159,33,0,2
BRDA:159,33,1,1
BRDA:159,34,0,3
BRDA:159,34,1,2
BRDA:164,35,0,0
BRDA:164,35,1,1
BRDA:175,36,0,1
BRDA:175,36,1,14
BRDA:180,37,0,3
BRDA:180,37,1,11
BRDA:185,38,0,3
BRDA:185,38,1,8
BRDA:185,39,0,11
BRDA:185,39,1,8
BRDA:190,40,0,2
BRDA:190,40,1,6
BRDA:190,41,0,8
BRDA:190,41,1,7
BRDA:195,42,0,6
BRDA:195,42,1,0
BRDA:195,43,0,6
BRDA:195,43,1,3
BRDA:195,43,2,1
BRDA:200,44,0,0
BRDA:200,44,1,0
BRDA:200,45,0,0
BRDA:200,45,1,0
BRDA:215,46,0,6
BRDA:215,46,1,4
BRDA:240,47,0,7
BRDA:240,47,1,2
BRDA:240,48,0,9
BRDA:240,48,1,8
BRDA:242,49,0,1
BRDA:242,49,1,1
BRDA:248,50,0,1
BRDA:248,50,1,7
BRDA:257,51,0,2
BRDA:257,51,1,5
BRDA:257,52,0,7
BRDA:257,52,1,5
BRDA:258,53,0,1
BRDA:258,53,1,1
BRDA:258,54,0,2
BRDA:258,54,1,2
BRDA:261,55,0,1
BRDA:261,55,1,0
BRDA:261,56,0,1
BRDA:261,56,1,1
BRDA:274,57,0,6
BRDA:274,57,1,1
BRDA:279,58,0,1
BRDA:279,58,1,0
BRDA:287,59,0,5
BRDA:287,59,1,2
BRDA:287,59,2,0
BRDA:301,60,0,6
BRDA:301,60,1,1
BRDA:301,61,0,7
BRDA:301,61,1,7
BRDA:307,62,0,7
BRDA:307,62,1,7
BRDA:323,63,0,6
BRDA:323,63,1,1
BRDA:323,63,2,0
BRDA:323,63,3,0
BRF:135
BRH:121
end_of_record
TN:
SF:main/hardware/hardwareDetection.ts
FN:45,(anonymous_0)
FN:58,(anonymous_1)
FN:68,(anonymous_2)
FN:83,(anonymous_3)
FN:84,(anonymous_4)
FN:85,(anonymous_5)
FN:146,(anonymous_6)
FN:154,(anonymous_7)
FN:172,(anonymous_8)
FN:181,(anonymous_9)
FN:189,(anonymous_10)
FN:197,(anonymous_11)
FN:206,(anonymous_12)
FN:231,(anonymous_13)
FN:235,(anonymous_14)
FN:236,(anonymous_15)
FN:237,(anonymous_16)
FN:256,(anonymous_17)
FN:260,(anonymous_18)
FN:273,(anonymous_19)
FN:274,(anonymous_20)
FN:285,(anonymous_21)
FN:299,(anonymous_22)
FN:311,(anonymous_23)
FN:332,(anonymous_24)
FN:336,(anonymous_25)
FN:343,(anonymous_26)
FN:351,(anonymous_27)
FN:363,(anonymous_28)
FN:368,(anonymous_29)
FN:375,(anonymous_30)
FN:380,(anonymous_31)
FN:389,detectAvailableGPUs
FN:393,enumerateIntelGPUs
FN:397,checkOpenVINOSupport
FN:401,validateGPUCompatibility
FN:405,classifyIntelGPUType
FN:409,getIntelGPUPriority
FN:413,validateOpenVINOVersion
FNF:39
FNH:0
FNDA:0,(anonymous_0)
FNDA:0,(anonymous_1)
FNDA:0,(anonymous_2)
FNDA:0,(anonymous_3)
FNDA:0,(anonymous_4)
FNDA:0,(anonymous_5)
FNDA:0,(anonymous_6)
FNDA:0,(anonymous_7)
FNDA:0,(anonymous_8)
FNDA:0,(anonymous_9)
FNDA:0,(anonymous_10)
FNDA:0,(anonymous_11)
FNDA:0,(anonymous_12)
FNDA:0,(anonymous_13)
FNDA:0,(anonymous_14)
FNDA:0,(anonymous_15)
FNDA:0,(anonymous_16)
FNDA:0,(anonymous_17)
FNDA:0,(anonymous_18)
FNDA:0,(anonymous_19)
FNDA:0,(anonymous_20)
FNDA:0,(anonymous_21)
FNDA:0,(anonymous_22)
FNDA:0,(anonymous_23)
FNDA:0,(anonymous_24)
FNDA:0,(anonymous_25)
FNDA:0,(anonymous_26)
FNDA:0,(anonymous_27)
FNDA:0,(anonymous_28)
FNDA:0,(anonymous_29)
FNDA:0,(anonymous_30)
FNDA:0,(anonymous_31)
FNDA:0,detectAvailableGPUs
FNDA:0,enumerateIntelGPUs
FNDA:0,checkOpenVINOSupport
FNDA:0,validateGPUCompatibility
FNDA:0,classifyIntelGPUType
FNDA:0,getIntelGPUPriority
FNDA:0,validateOpenVINOVersion
DA:12,0
DA:23,0
DA:24,0
DA:25,0
DA:28,0
DA:29,0
DA:30,0
DA:31,0
DA:32,0
DA:38,0
DA:41,0
DA:43,0
DA:46,0
DA:59,0
DA:60,0
DA:62,0
DA:69,0
DA:70,0
DA:72,0
DA:74,0
DA:75,0
DA:79,0
DA:80,0
DA:83,0
DA:84,0
DA:85,0
DA:88,0
DA:91,0
DA:92,0
DA:93,0
DA:97,0
DA:99,0
DA:112,0
DA:113,0
DA:115,0
DA:120,0
DA:123,0
DA:124,0
DA:126,0
DA:128,0
DA:147,0
DA:148,0
DA:155,0
DA:156,0
DA:159,0
DA:160,0
DA:161,0
DA:162,0
DA:164,0
DA:165,0
DA:173,0
DA:174,0
DA:175,0
DA:182,0
DA:183,0
DA:190,0
DA:191,0
DA:199,0
DA:200,0
DA:207,0
DA:209,0
DA:210,0
DA:211,0
DA:214,0
DA:215,0
DA:216,0
DA:219,0
DA:220,0
DA:221,0
DA:224,0
DA:232,0
DA:233,0
DA:235,0
DA:236,0
DA:237,0
DA:239,0
DA:257,0
DA:260,0
DA:261,0
DA:263,0
DA:264,0
DA:267,0
DA:274,0
DA:275,0
DA:277,0
DA:278,0
DA:286,0
DA:287,0
DA:288,0
DA:289,0
DA:291,0
DA:292,0
DA:300,0
DA:301,0
DA:302,0
DA:303,0
DA:304,0
DA:312,0
DA:313,0
DA:315,0
DA:317,0
DA:318,0
DA:319,0
DA:321,0
DA:322,0
DA:326,0
DA:333,0
DA:337,0
DA:338,0
DA:339,0
DA:344,0
DA:351,0
DA:352,0
DA:353,0
DA:355,0
DA:364,0
DA:365,0
DA:369,0
DA:376,0
DA:377,0
DA:381,0
DA:386,0
DA:389,0
DA:390,0
DA:393,0
DA:394,0
DA:397,0
DA:398,0
DA:401,0
DA:402,0
DA:405,0
DA:406,0
DA:409,0
DA:410,0
DA:413,0
DA:414,0
LF:136
LH:0
BRDA:59,0,0,0
BRDA:59,0,1,0
BRDA:74,1,0,0
BRDA:74,1,1,0
BRDA:92,2,0,0
BRDA:92,2,1,0
BRDA:92,3,0,0
BRDA:92,3,1,0
BRDA:155,4,0,0
BRDA:155,4,1,0
BRDA:162,5,0,0
BRDA:162,5,1,0
BRDA:207,6,0,0
BRDA:207,6,1,0
BRDA:207,6,2,0
BRDA:207,6,3,0
BRDA:211,7,0,0
BRDA:211,7,1,0
BRDA:211,8,0,0
BRDA:211,8,1,0
BRDA:216,9,0,0
BRDA:216,9,1,0
BRDA:216,10,0,0
BRDA:216,10,1,0
BRDA:221,11,0,0
BRDA:221,11,1,0
BRDA:221,12,0,0
BRDA:221,12,1,0
BRDA:257,13,0,0
BRDA:257,13,1,0
BRDA:261,14,0,0
BRDA:261,14,1,0
BRDA:275,15,0,0
BRDA:275,15,1,0
BRDA:289,16,0,0
BRDA:289,16,1,0
BRDA:300,17,0,0
BRDA:300,17,1,0
BRDA:300,17,2,0
BRDA:300,17,3,0
BRDA:318,18,0,0
BRDA:318,18,1,0
BRDA:319,19,0,0
BRDA:319,19,1,0
BRDA:321,20,0,0
BRDA:321,20,1,0
BRDA:338,21,0,0
BRDA:338,21,1,0
BRDA:369,22,0,0
BRDA:369,22,1,0
BRF:50
BRH:0
end_of_record
TN:
SF:main/hardware/linuxDetection.ts
FN:26,(anonymous_1)
FN:32,(anonymous_2)
FN:58,(anonymous_3)
FN:79,(anonymous_4)
FN:83,(anonymous_5)
FN:113,(anonymous_6)
FN:132,(anonymous_7)
FN:187,(anonymous_8)
FN:213,(anonymous_9)
FN:230,(anonymous_10)
FN:232,(anonymous_11)
FN:238,(anonymous_12)
FN:307,(anonymous_13)
FN:325,(anonymous_14)
FN:350,(anonymous_15)
FN:370,(anonymous_16)
FN:377,(anonymous_17)
FN:392,(anonymous_18)
FNF:18
FNH:0
FNDA:0,(anonymous_1)
FNDA:0,(anonymous_2)
FNDA:0,(anonymous_3)
FNDA:0,(anonymous_4)
FNDA:0,(anonymous_5)
FNDA:0,(anonymous_6)
FNDA:0,(anonymous_7)
FNDA:0,(anonymous_8)
FNDA:0,(anonymous_9)
FNDA:0,(anonymous_10)
FNDA:0,(anonymous_11)
FNDA:0,(anonymous_12)
FNDA:0,(anonymous_13)
FNDA:0,(anonymous_14)
FNDA:0,(anonymous_15)
FNDA:0,(anonymous_16)
FNDA:0,(anonymous_17)
FNDA:0,(anonymous_18)
DA:11,0
DA:12,0
DA:13,0
DA:14,0
DA:21,0
DA:22,0
DA:24,0
DA:26,0
DA:27,0
DA:33,0
DA:35,0
DA:36,0
DA:39,0
DA:45,0
DA:48,0
DA:49,0
DA:53,0
DA:54,0
DA:57,0
DA:58,0
DA:59,0
DA:63,0
DA:64,0
DA:67,0
DA:73,0
DA:75,0
DA:79,0
DA:80,0
DA:83,0
DA:84,0
DA:86,0
DA:87,0
DA:89,0
DA:97,0
DA:98,0
DA:100,0
DA:114,0
DA:116,0
DA:121,0
DA:124,0
DA:125,0
DA:133,0
DA:134,0
DA:135,0
DA:137,0
DA:139,0
DA:140,0
DA:142,0
DA:144,0
DA:145,0
DA:147,0
DA:148,0
DA:150,0
DA:173,0
DA:176,0
DA:179,0
DA:180,0
DA:188,0
DA:190,0
DA:192,0
DA:193,0
DA:194,0
DA:200,0
DA:201,0
DA:202,0
DA:203,0
DA:204,0
DA:211,0
DA:212,0
DA:213,0
DA:214,0
DA:219,0
DA:222,0
DA:223,0
DA:231,0
DA:232,0
DA:233,0
DA:236,0
DA:237,0
DA:238,0
DA:240,0
DA:241,0
DA:242,0
DA:243,0
DA:244,0
DA:246,0
DA:248,0
DA:249,0
DA:250,0
DA:251,0
DA:252,0
DA:257,0
DA:258,0
DA:262,0
DA:263,0
DA:267,0
DA:268,0
DA:269,0
DA:270,0
DA:272,0
DA:296,0
DA:301,0
DA:308,0
DA:310,0
DA:311,0
DA:314,0
DA:315,0
DA:319,0
DA:326,0
DA:328,0
DA:330,0
DA:331,0
DA:333,0
DA:336,0
DA:337,0
DA:340,0
DA:341,0
DA:344,0
DA:352,0
DA:353,0
DA:357,0
DA:358,0
DA:362,0
DA:363,0
DA:371,0
DA:373,0
DA:374,0
DA:376,0
DA:377,0
DA:378,0
DA:383,0
DA:384,0
DA:393,0
DA:395,0
DA:396,0
DA:397,0
DA:399,0
DA:402,0
DA:403,0
DA:404,0
DA:408,0
DA:409,0
DA:413,0
DA:416,0
DA:417,0
DA:421,0
LF:146
LH:0
BRDA:48,0,0,0
BRDA:48,0,1,0
BRDA:48,1,0,0
BRDA:48,1,1,0
BRDA:53,2,0,0
BRDA:53,2,1,0
BRDA:53,3,0,0
BRDA:53,3,1,0
BRDA:59,4,0,0
BRDA:59,4,1,0
BRDA:63,5,0,0
BRDA:63,5,1,0
BRDA:73,6,0,0
BRDA:73,6,1,0
BRDA:73,7,0,0
BRDA:73,7,1,0
BRDA:135,8,0,0
BRDA:135,8,1,0
BRDA:142,9,0,0
BRDA:142,9,1,0
BRDA:145,10,0,0
BRDA:145,10,1,0
BRDA:148,11,0,0
BRDA:148,11,1,0
BRDA:153,12,0,0
BRDA:153,12,1,0
BRDA:155,13,0,0
BRDA:155,13,1,0
BRDA:157,14,0,0
BRDA:157,14,1,0
BRDA:203,15,0,0
BRDA:203,15,1,0
BRDA:233,16,0,0
BRDA:233,16,1,0
BRDA:233,16,2,0
BRDA:248,17,0,0
BRDA:248,17,1,0
BRDA:248,18,0,0
BRDA:248,18,1,0
BRDA:248,18,2,0
BRDA:250,19,0,0
BRDA:250,19,1,0
BRDA:257,20,0,0
BRDA:257,20,1,0
BRDA:262,21,0,0
BRDA:262,21,1,0
BRDA:267,22,0,0
BRDA:267,22,1,0
BRDA:269,23,0,0
BRDA:269,23,1,0
BRDA:275,24,0,0
BRDA:275,24,1,0
BRDA:279,25,0,0
BRDA:279,25,1,0
BRDA:310,26,0,0
BRDA:310,26,1,0
BRDA:310,27,0,0
BRDA:310,27,1,0
BRDA:310,27,2,0
BRDA:310,27,3,0
BRDA:314,28,0,0
BRDA:314,28,1,0
BRDA:314,29,0,0
BRDA:314,29,1,0
BRDA:314,29,2,0
BRDA:314,29,3,0
BRDA:314,29,4,0
BRDA:328,30,0,0
BRDA:328,30,1,0
BRDA:330,31,0,0
BRDA:330,31,1,0
BRDA:336,32,0,0
BRDA:336,32,1,0
BRDA:340,33,0,0
BRDA:340,33,1,0
BRDA:340,34,0,0
BRDA:340,34,1,0
BRDA:352,35,0,0
BRDA:352,35,1,0
BRDA:352,36,0,0
BRDA:352,36,1,0
BRDA:352,36,2,0
BRDA:357,37,0,0
BRDA:357,37,1,0
BRDA:357,38,0,0
BRDA:357,38,1,0
BRDA:362,39,0,0
BRDA:362,39,1,0
BRDA:371,40,0,0
BRDA:371,40,1,0
BRDA:374,41,0,0
BRDA:374,41,1,0
BRDA:376,42,0,0
BRDA:376,42,1,0
BRDA:376,43,0,0
BRDA:376,43,1,0
BRDA:377,44,0,0
BRDA:377,44,1,0
BRDA:378,45,0,0
BRDA:378,45,1,0
BRDA:383,46,0,0
BRDA:383,46,1,0
BRDA:384,47,0,0
BRDA:384,47,1,0
BRDA:397,48,0,0
BRDA:397,48,1,0
BRDA:399,49,0,0
BRDA:399,49,1,0
BRDA:402,50,0,0
BRDA:402,50,1,0
BRDA:408,51,0,0
BRDA:408,51,1,0
BRF:112
BRH:0
end_of_record
TN:
SF:main/hardware/macosDetection.ts
FN:25,(anonymous_1)
FN:31,(anonymous_2)
FN:62,(anonymous_3)
FN:105,(anonymous_4)
FN:130,(anonymous_5)
FN:181,(anonymous_6)
FN:199,(anonymous_7)
FN:262,(anonymous_8)
FN:283,(anonymous_9)
FN:303,(anonymous_10)
FNF:10
FNH:0
FNDA:0,(anonymous_1)
FNDA:0,(anonymous_2)
FNDA:0,(anonymous_3)
FNDA:0,(anonymous_4)
FNDA:0,(anonymous_5)
FNDA:0,(anonymous_6)
FNDA:0,(anonymous_7)
FNDA:0,(anonymous_8)
FNDA:0,(anonymous_9)
FNDA:0,(anonymous_10)
DA:11,0
DA:12,0
DA:13,0
DA:19,0
DA:20,0
DA:21,0
DA:23,0
DA:25,0
DA:26,0
DA:32,0
DA:34,0
DA:35,0
DA:38,0
DA:39,0
DA:40,0
DA:44,0
DA:49,0
DA:52,0
DA:53,0
DA:57,0
DA:58,0
DA:61,0
DA:62,0
DA:63,0
DA:66,0
DA:67,0
DA:70,0
DA:76,0
DA:78,0
DA:79,0
DA:81,0
DA:89,0
DA:90,0
DA:92,0
DA:106,0
DA:107,0
DA:109,0
DA:117,0
DA:131,0
DA:132,0
DA:133,0
DA:135,0
DA:137,0
DA:138,0
DA:140,0
DA:142,0
DA:143,0
DA:145,0
DA:146,0
DA:148,0
DA:167,0
DA:170,0
DA:173,0
DA:174,0
DA:182,0
DA:183,0
DA:188,0
DA:191,0
DA:192,0
DA:200,0
DA:201,0
DA:202,0
DA:204,0
DA:206,0
DA:207,0
DA:209,0
DA:211,0
DA:212,0
DA:214,0
DA:217,0
DA:218,0
DA:219,0
DA:220,0
DA:221,0
DA:222,0
DA:223,0
DA:224,0
DA:225,0
DA:229,0
DA:248,0
DA:251,0
DA:254,0
DA:255,0
DA:263,0
DA:265,0
DA:266,0
DA:269,0
DA:270,0
DA:273,0
DA:274,0
DA:277,0
DA:285,0
DA:286,0
DA:290,0
DA:291,0
DA:295,0
DA:296,0
DA:304,0
DA:306,0
DA:307,0
DA:309,0
DA:311,0
DA:312,0
DA:313,0
DA:316,0
DA:319,0
DA:320,0
DA:323,0
DA:326,0
DA:327,0
DA:330,0
DA:333,0
DA:334,0
DA:338,0
LF:114
LH:0
BRDA:38,0,0,0
BRDA:38,0,1,0
BRDA:52,1,0,0
BRDA:52,1,1,0
BRDA:52,2,0,0
BRDA:52,2,1,0
BRDA:57,3,0,0
BRDA:57,3,1,0
BRDA:57,4,0,0
BRDA:57,4,1,0
BRDA:66,5,0,0
BRDA:66,5,1,0
BRDA:133,6,0,0
BRDA:133,6,1,0
BRDA:140,7,0,0
BRDA:140,7,1,0
BRDA:143,8,0,0
BRDA:143,8,1,0
BRDA:146,9,0,0
BRDA:146,9,1,0
BRDA:151,10,0,0
BRDA:151,10,1,0
BRDA:153,11,0,0
BRDA:153,11,1,0
BRDA:155,12,0,0
BRDA:155,12,1,0
BRDA:202,13,0,0
BRDA:202,13,1,0
BRDA:209,14,0,0
BRDA:209,14,1,0
BRDA:212,15,0,0
BRDA:212,15,1,0
BRDA:218,16,0,0
BRDA:218,16,1,0
BRDA:220,17,0,0
BRDA:220,17,1,0
BRDA:223,18,0,0
BRDA:223,18,1,0
BRDA:225,19,0,0
BRDA:225,19,1,0
BRDA:232,20,0,0
BRDA:232,20,1,0
BRDA:234,21,0,0
BRDA:234,21,1,0
BRDA:236,22,0,0
BRDA:236,22,1,0
BRDA:265,23,0,0
BRDA:265,23,1,0
BRDA:265,24,0,0
BRDA:265,24,1,0
BRDA:265,24,2,0
BRDA:265,24,3,0
BRDA:269,25,0,0
BRDA:269,25,1,0
BRDA:269,26,0,0
BRDA:269,26,1,0
BRDA:269,26,2,0
BRDA:269,26,3,0
BRDA:269,26,4,0
BRDA:273,27,0,0
BRDA:273,27,1,0
BRDA:273,28,0,0
BRDA:273,28,1,0
BRDA:273,28,2,0
BRDA:273,28,3,0
BRDA:273,28,4,0
BRDA:285,29,0,0
BRDA:285,29,1,0
BRDA:285,30,0,0
BRDA:285,30,1,0
BRDA:285,30,2,0
BRDA:290,31,0,0
BRDA:290,31,1,0
BRDA:290,32,0,0
BRDA:290,32,1,0
BRDA:295,33,0,0
BRDA:295,33,1,0
BRDA:295,34,0,0
BRDA:295,34,1,0
BRDA:295,34,2,0
BRDA:309,35,0,0
BRDA:309,35,1,0
BRDA:316,36,0,0
BRDA:316,36,1,0
BRDA:319,37,0,0
BRDA:319,37,1,0
BRDA:323,38,0,0
BRDA:323,38,1,0
BRF:88
BRH:0
end_of_record
TN:
SF:main/hardware/openvinoDetection.ts
FN:26,(anonymous_0)
FN:33,(anonymous_1)
FN:41,(anonymous_2)
FN:42,(anonymous_3)
FN:43,(anonymous_4)
FN:44,(anonymous_5)
FN:93,(anonymous_6)
FN:138,(anonymous_7)
FN:184,(anonymous_8)
FN:201,(anonymous_9)
FN:201,(anonymous_10)
FN:235,(anonymous_11)
FN:271,(anonymous_12)
FN:271,(anonymous_13)
FN:303,(anonymous_14)
FN:350,(anonymous_15)
FN:388,(anonymous_16)
FNF:17
FNH:0
FNDA:0,(anonymous_0)
FNDA:0,(anonymous_1)
FNDA:0,(anonymous_2)
FNDA:0,(anonymous_3)
FNDA:0,(anonymous_4)
FNDA:0,(anonymous_5)
FNDA:0,(anonymous_6)
FNDA:0,(anonymous_7)
FNDA:0,(anonymous_8)
FNDA:0,(anonymous_9)
FNDA:0,(anonymous_10)
FNDA:0,(anonymous_11)
FNDA:0,(anonymous_12)
FNDA:0,(anonymous_13)
FNDA:0,(anonymous_14)
FNDA:0,(anonymous_15)
FNDA:0,(anonymous_16)
DA:12,0
DA:13,0
DA:14,0
DA:15,0
DA:16,0
DA:22,0
DA:24,0
DA:26,0
DA:27,0
DA:28,0
DA:34,0
DA:36,0
DA:37,0
DA:40,0
DA:41,0
DA:42,0
DA:43,0
DA:44,0
DA:47,0
DA:48,0
DA:49,0
DA:50,0
DA:51,0
DA:52,0
DA:54,0
DA:62,0
DA:63,0
DA:68,0
DA:77,0
DA:78,0
DA:80,0
DA:94,0
DA:95,0
DA:122,0
DA:127,0
DA:130,0
DA:131,0
DA:139,0
DA:141,0
DA:147,0
DA:148,0
DA:149,0
DA:151,0
DA:153,0
DA:154,0
DA:156,0
DA:169,0
DA:173,0
DA:176,0
DA:177,0
DA:185,0
DA:186,0
DA:187,0
DA:188,0
DA:190,0
DA:191,0
DA:193,0
DA:194,0
DA:195,0
DA:197,0
DA:201,0
DA:203,0
DA:205,0
DA:207,0
DA:219,0
DA:224,0
DA:227,0
DA:228,0
DA:236,0
DA:237,0
DA:239,0
DA:241,0
DA:243,0
DA:249,0
DA:252,0
DA:258,0
DA:261,0
DA:266,0
DA:269,0
DA:270,0
DA:271,0
DA:273,0
DA:274,0
DA:276,0
DA:288,0
DA:292,0
DA:295,0
DA:296,0
DA:304,0
DA:305,0
DA:306,0
DA:307,0
DA:308,0
DA:309,0
DA:310,0
DA:312,0
DA:313,0
DA:314,0
DA:315,0
DA:316,0
DA:317,0
DA:318,0
DA:319,0
DA:320,0
DA:321,0
DA:322,0
DA:326,0
DA:327,0
DA:339,0
DA:342,0
DA:343,0
DA:351,0
DA:353,0
DA:354,0
DA:355,0
DA:359,0
DA:365,0
DA:366,0
DA:367,0
DA:368,0
DA:369,0
DA:370,0
DA:373,0
DA:377,0
DA:380,0
DA:381,0
DA:389,0
DA:390,0
DA:392,0
DA:393,0
DA:395,0
DA:396,0
DA:397,0
DA:399,0
DA:400,0
DA:403,0
DA:406,0
DA:407,0
LF:138
LH:0
BRDA:50,0,0,0
BRDA:50,0,1,0
BRDA:151,1,0,0
BRDA:151,1,1,0
BRDA:151,2,0,0
BRDA:151,2,1,0
BRDA:154,3,0,0
BRDA:154,3,1,0
BRDA:162,4,0,0
BRDA:162,4,1,0
BRDA:187,5,0,0
BRDA:187,5,1,0
BRDA:188,6,0,0
BRDA:188,6,1,0
BRDA:190,7,0,0
BRDA:190,7,1,0
BRDA:194,8,0,0
BRDA:194,8,1,0
BRDA:197,9,0,0
BRDA:197,9,1,0
BRDA:203,10,0,0
BRDA:203,10,1,0
BRDA:209,11,0,0
BRDA:209,11,1,0
BRDA:213,12,0,0
BRDA:213,12,1,0
BRDA:213,13,0,0
BRDA:213,13,1,0
BRDA:241,14,0,0
BRDA:241,14,1,0
BRDA:241,14,2,0
BRDA:256,15,0,0
BRDA:256,15,1,0
BRDA:264,16,0,0
BRDA:264,16,1,0
BRDA:273,17,0,0
BRDA:273,17,1,0
BRDA:278,18,0,0
BRDA:278,18,1,0
BRDA:282,19,0,0
BRDA:282,19,1,0
BRDA:282,20,0,0
BRDA:282,20,1,0
BRDA:313,21,0,0
BRDA:313,21,1,0
BRDA:315,22,0,0
BRDA:315,22,1,0
BRDA:317,23,0,0
BRDA:317,23,1,0
BRDA:319,24,0,0
BRDA:319,24,1,0
BRDA:321,25,0,0
BRDA:321,25,1,0
BRDA:326,26,0,0
BRDA:326,26,1,0
BRDA:331,27,0,0
BRDA:331,27,1,0
BRDA:332,28,0,0
BRDA:332,28,1,0
BRDA:333,29,0,0
BRDA:333,29,1,0
BRDA:354,30,0,0
BRDA:354,30,1,0
BRDA:369,31,0,0
BRDA:369,31,1,0
BRDA:390,32,0,0
BRDA:390,32,1,0
BRDA:396,33,0,0
BRDA:396,33,1,0
BRDA:397,34,0,0
BRDA:397,34,1,0
BRDA:399,35,0,0
BRDA:399,35,1,0
BRDA:400,36,0,0
BRDA:400,36,1,0
BRF:75
BRH:0
end_of_record
TN:
SF:main/hardware/windowsDetection.ts
FN:25,(anonymous_1)
FN:31,(anonymous_2)
FN:56,(anonymous_3)
FN:67,(anonymous_4)
FN:71,(anonymous_5)
FN:101,(anonymous_6)
FN:138,(anonymous_7)
FN:193,(anonymous_8)
FN:195,(anonymous_9)
FN:252,(anonymous_10)
FN:287,(anonymous_11)
FN:308,(anonymous_12)
FNF:12
FNH:0
FNDA:0,(anonymous_1)
FNDA:0,(anonymous_2)
FNDA:0,(anonymous_3)
FNDA:0,(anonymous_4)
FNDA:0,(anonymous_5)
FNDA:0,(anonymous_6)
FNDA:0,(anonymous_7)
FNDA:0,(anonymous_8)
FNDA:0,(anonymous_9)
FNDA:0,(anonymous_10)
FNDA:0,(anonymous_11)
FNDA:0,(anonymous_12)
DA:11,0
DA:12,0
DA:13,0
DA:20,0
DA:21,0
DA:23,0
DA:25,0
DA:26,0
DA:32,0
DA:34,0
DA:35,0
DA:38,0
DA:43,0
DA:46,0
DA:47,0
DA:51,0
DA:52,0
DA:55,0
DA:56,0
DA:57,0
DA:60,0
DA:61,0
DA:67,0
DA:68,0
DA:71,0
DA:72,0
DA:74,0
DA:75,0
DA:77,0
DA:85,0
DA:86,0
DA:88,0
DA:102,0
DA:103,0
DA:122,0
DA:127,0
DA:130,0
DA:131,0
DA:139,0
DA:140,0
DA:141,0
DA:143,0
DA:145,0
DA:146,0
DA:148,0
DA:150,0
DA:151,0
DA:153,0
DA:154,0
DA:156,0
DA:179,0
DA:182,0
DA:185,0
DA:186,0
DA:194,0
DA:195,0
DA:197,0
DA:198,0
DA:200,0
DA:201,0
DA:202,0
DA:203,0
DA:206,0
DA:207,0
DA:208,0
DA:209,0
DA:210,0
DA:211,0
DA:214,0
DA:217,0
DA:218,0
DA:220,0
DA:222,0
DA:223,0
DA:225,0
DA:226,0
DA:228,0
DA:229,0
DA:231,0
DA:232,0
DA:234,0
DA:235,0
DA:238,0
DA:239,0
DA:240,0
DA:242,0
DA:246,0
DA:253,0
DA:255,0
DA:256,0
DA:258,0
DA:260,0
DA:288,0
DA:290,0
DA:291,0
DA:294,0
DA:295,0
DA:298,0
DA:299,0
DA:302,0
DA:309,0
DA:311,0
DA:312,0
DA:314,0
DA:316,0
DA:319,0
DA:321,0
DA:322,0
DA:326,0
DA:329,0
DA:331,0
DA:335,0
LF:112
LH:0
BRDA:46,0,0,0
BRDA:46,0,1,0
BRDA:46,1,0,0
BRDA:46,1,1,0
BRDA:51,2,0,0
BRDA:51,2,1,0
BRDA:51,3,0,0
BRDA:51,3,1,0
BRDA:57,4,0,0
BRDA:57,4,1,0
BRDA:60,5,0,0
BRDA:60,5,1,0
BRDA:141,6,0,0
BRDA:141,6,1,0
BRDA:148,7,0,0
BRDA:148,7,1,0
BRDA:151,8,0,0
BRDA:151,8,1,0
BRDA:154,9,0,0
BRDA:154,9,1,0
BRDA:159,10,0,0
BRDA:159,10,1,0
BRDA:161,11,0,0
BRDA:161,11,1,0
BRDA:163,12,0,0
BRDA:163,12,1,0
BRDA:201,13,0,0
BRDA:201,13,1,0
BRDA:206,14,0,0
BRDA:206,14,1,0
BRDA:207,15,0,0
BRDA:207,15,1,0
BRDA:209,16,0,0
BRDA:209,16,1,0
BRDA:220,17,0,0
BRDA:220,17,1,0
BRDA:220,17,2,0
BRDA:220,17,3,0
BRDA:220,17,4,0
BRDA:220,17,5,0
BRDA:231,18,0,0
BRDA:231,18,1,0
BRDA:239,19,0,0
BRDA:239,19,1,0
BRDA:253,20,0,0
BRDA:253,20,1,0
BRDA:256,21,0,0
BRDA:256,21,1,0
BRDA:263,22,0,0
BRDA:263,22,1,0
BRDA:265,23,0,0
BRDA:265,23,1,0
BRDA:267,24,0,0
BRDA:267,24,1,0
BRDA:268,25,0,0
BRDA:268,25,1,0
BRDA:290,26,0,0
BRDA:290,26,1,0
BRDA:290,27,0,0
BRDA:290,27,1,0
BRDA:290,27,2,0
BRDA:294,28,0,0
BRDA:294,28,1,0
BRDA:294,29,0,0
BRDA:294,29,1,0
BRDA:294,29,2,0
BRDA:294,29,3,0
BRDA:294,29,4,0
BRDA:298,30,0,0
BRDA:298,30,1,0
BRDA:298,31,0,0
BRDA:298,31,1,0
BRDA:314,32,0,0
BRDA:314,32,1,0
BRDA:316,33,0,0
BRDA:316,33,1,0
BRDA:319,34,0,0
BRDA:319,34,1,0
BRDA:321,35,0,0
BRDA:321,35,1,0
BRF:80
BRH:0
end_of_record
TN:
SF:main/helpers/coreUltraDetection.ts
FN:31,isIntelCoreUltra
FN:46,detectCoreUltraWithGraphics
FN:82,mockCoreUltraDetection
FN:112,(anonymous_4)
FN:114,(anonymous_5)
FN:124,(anonymous_6)
FN:133,(anonymous_7)
FN:142,(anonymous_8)
FN:158,(anonymous_9)
FNF:9
FNH:0
FNDA:0,isIntelCoreUltra
FNDA:0,detectCoreUltraWithGraphics
FNDA:0,mockCoreUltraDetection
FNDA:0,(anonymous_4)
FNDA:0,(anonymous_5)
FNDA:0,(anonymous_6)
FNDA:0,(anonymous_7)
FNDA:0,(anonymous_8)
FNDA:0,(anonymous_9)
DA:13,0
DA:14,0
DA:31,0
DA:32,0
DA:33,0
DA:34,0
DA:35,0
DA:36,0
DA:38,0
DA:39,0
DA:46,0
DA:47,0
DA:48,0
DA:49,0
DA:51,0
DA:52,0
DA:53,0
DA:57,0
DA:59,0
DA:68,0
DA:69,0
DA:82,0
DA:83,0
DA:84,0
DA:94,0
DA:107,0
DA:110,0
DA:115,0
DA:116,0
DA:118,0
DA:125,0
DA:126,0
DA:127,0
DA:134,0
DA:135,0
DA:136,0
DA:143,0
DA:144,0
DA:147,0
DA:148,0
DA:151,0
DA:152,0
DA:159,0
DA:164,0
LF:44
LH:0
BRDA:36,0,0,0
BRDA:36,0,1,0
BRDA:53,1,0,0
BRDA:53,1,1,0
BRDA:82,2,0,0
BRDA:83,3,0,0
BRDA:83,3,1,0
BRDA:115,4,0,0
BRDA:115,4,1,0
BRDA:124,5,0,0
BRDA:143,6,0,0
BRDA:143,6,1,0
BRDA:147,7,0,0
BRDA:147,7,1,0
BRF:14
BRH:0
end_of_record
TN:
SF:types/gpu.d.ts
FNF:0
FNH:0
LF:0
LH:0
BRF:0
BRH:0
end_of_record
