{"/Users/ouzy/Documents/DevProjects/SmartSub-OpenVINO-dev/main/hardware/gpuClassification.ts": {"path":"/Users/ouzy/Documents/DevProjects/SmartSub-OpenVINO-dev/main/hardware/gpuClassification.ts","statementMap":{"0":{"start":{"line":19,"column":10},"end":{"line":23,"column":4}},"1":{"start":{"line":25,"column":10},"end":{"line":29,"column":4}},"2":{"start":{"line":31,"column":10},"end":{"line":36,"column":4}},"3":{"start":{"line":43,"column":4},"end":{"line":43,"column":38}},"4":{"start":{"line":43,"column":18},"end":{"line":43,"column":38}},"5":{"start":{"line":46,"column":4},"end":{"line":48,"column":5}},"6":{"start":{"line":46,"column":54},"end":{"line":46,"column":75}},"7":{"start":{"line":47,"column":6},"end":{"line":47,"column":26}},"8":{"start":{"line":51,"column":4},"end":{"line":56,"column":5}},"9":{"start":{"line":52,"column":46},"end":{"line":52,"column":67}},"10":{"start":{"line":53,"column":53},"end":{"line":53,"column":74}},"11":{"start":{"line":55,"column":6},"end":{"line":55,"column":24}},"12":{"start":{"line":59,"column":4},"end":{"line":61,"column":5}},"13":{"start":{"line":59,"column":55},"end":{"line":59,"column":76}},"14":{"start":{"line":60,"column":6},"end":{"line":60,"column":26}},"15":{"start":{"line":64,"column":22},"end":{"line":64,"column":43}},"16":{"start":{"line":67,"column":4},"end":{"line":69,"column":5}},"17":{"start":{"line":68,"column":6},"end":{"line":68,"column":24}},"18":{"start":{"line":71,"column":4},"end":{"line":78,"column":5}},"19":{"start":{"line":77,"column":6},"end":{"line":77,"column":26}},"20":{"start":{"line":81,"column":4},"end":{"line":81,"column":24}},"21":{"start":{"line":88,"column":4},"end":{"line":88,"column":27}},"22":{"start":{"line":88,"column":18},"end":{"line":88,"column":27}},"23":{"start":{"line":90,"column":19},"end":{"line":90,"column":20}},"24":{"start":{"line":91,"column":22},"end":{"line":91,"column":43}},"25":{"start":{"line":94,"column":4},"end":{"line":103,"column":5}},"26":{"start":{"line":95,"column":6},"end":{"line":95,"column":21}},"27":{"start":{"line":98,"column":6},"end":{"line":102,"column":58}},"28":{"start":{"line":98,"column":38},"end":{"line":98,"column":53}},"29":{"start":{"line":99,"column":11},"end":{"line":102,"column":58}},"30":{"start":{"line":99,"column":43},"end":{"line":99,"column":58}},"31":{"start":{"line":100,"column":11},"end":{"line":102,"column":58}},"32":{"start":{"line":100,"column":43},"end":{"line":100,"column":58}},"33":{"start":{"line":101,"column":11},"end":{"line":102,"column":58}},"34":{"start":{"line":101,"column":43},"end":{"line":101,"column":58}},"35":{"start":{"line":102,"column":11},"end":{"line":102,"column":58}},"36":{"start":{"line":102,"column":43},"end":{"line":102,"column":58}},"37":{"start":{"line":106,"column":4},"end":{"line":108,"column":5}},"38":{"start":{"line":106,"column":54},"end":{"line":106,"column":75}},"39":{"start":{"line":107,"column":6},"end":{"line":107,"column":21}},"40":{"start":{"line":111,"column":4},"end":{"line":113,"column":5}},"41":{"start":{"line":112,"column":6},"end":{"line":112,"column":21}},"42":{"start":{"line":115,"column":4},"end":{"line":118,"column":5}},"43":{"start":{"line":116,"column":6},"end":{"line":116,"column":21}},"44":{"start":{"line":117,"column":6},"end":{"line":117,"column":51}},"45":{"start":{"line":117,"column":37},"end":{"line":117,"column":51}},"46":{"start":{"line":120,"column":4},"end":{"line":122,"column":5}},"47":{"start":{"line":121,"column":6},"end":{"line":121,"column":21}},"48":{"start":{"line":124,"column":4},"end":{"line":126,"column":5}},"49":{"start":{"line":125,"column":6},"end":{"line":125,"column":21}},"50":{"start":{"line":129,"column":4},"end":{"line":132,"column":54}},"51":{"start":{"line":129,"column":36},"end":{"line":129,"column":50}},"52":{"start":{"line":130,"column":9},"end":{"line":132,"column":54}},"53":{"start":{"line":130,"column":41},"end":{"line":130,"column":55}},"54":{"start":{"line":131,"column":9},"end":{"line":132,"column":54}},"55":{"start":{"line":131,"column":40},"end":{"line":131,"column":54}},"56":{"start":{"line":132,"column":9},"end":{"line":132,"column":54}},"57":{"start":{"line":132,"column":40},"end":{"line":132,"column":54}},"58":{"start":{"line":134,"column":4},"end":{"line":134,"column":33}},"59":{"start":{"line":141,"column":4},"end":{"line":141,"column":31}},"60":{"start":{"line":141,"column":18},"end":{"line":141,"column":31}},"61":{"start":{"line":143,"column":22},"end":{"line":143,"column":43}},"62":{"start":{"line":146,"column":4},"end":{"line":148,"column":5}},"63":{"start":{"line":147,"column":6},"end":{"line":147,"column":20}},"64":{"start":{"line":151,"column":4},"end":{"line":157,"column":5}},"65":{"start":{"line":154,"column":52},"end":{"line":154,"column":73}},"66":{"start":{"line":156,"column":6},"end":{"line":156,"column":22}},"67":{"start":{"line":160,"column":4},"end":{"line":162,"column":5}},"68":{"start":{"line":161,"column":6},"end":{"line":161,"column":22}},"69":{"start":{"line":165,"column":4},"end":{"line":167,"column":5}},"70":{"start":{"line":166,"column":6},"end":{"line":166,"column":19}},"71":{"start":{"line":170,"column":4},"end":{"line":172,"column":5}},"72":{"start":{"line":171,"column":6},"end":{"line":171,"column":22}},"73":{"start":{"line":174,"column":4},"end":{"line":174,"column":17}},"74":{"start":{"line":183,"column":4},"end":{"line":183,"column":32}},"75":{"start":{"line":183,"column":18},"end":{"line":183,"column":32}},"76":{"start":{"line":185,"column":22},"end":{"line":185,"column":43}},"77":{"start":{"line":188,"column":4},"end":{"line":190,"column":5}},"78":{"start":{"line":188,"column":54},"end":{"line":188,"column":75}},"79":{"start":{"line":189,"column":6},"end":{"line":189,"column":25}},"80":{"start":{"line":193,"column":4},"end":{"line":195,"column":5}},"81":{"start":{"line":194,"column":6},"end":{"line":194,"column":25}},"82":{"start":{"line":198,"column":4},"end":{"line":200,"column":5}},"83":{"start":{"line":199,"column":6},"end":{"line":199,"column":20}},"84":{"start":{"line":203,"column":4},"end":{"line":209,"column":5}},"85":{"start":{"line":208,"column":6},"end":{"line":208,"column":24}},"86":{"start":{"line":212,"column":4},"end":{"line":214,"column":5}},"87":{"start":{"line":213,"column":6},"end":{"line":213,"column":20}},"88":{"start":{"line":216,"column":4},"end":{"line":216,"column":18}},"89":{"start":{"line":223,"column":23},"end":{"line":223,"column":47}},"90":{"start":{"line":224,"column":20},"end":{"line":224,"column":49}},"91":{"start":{"line":228,"column":6},"end":{"line":229,"column":75}},"92":{"start":{"line":228,"column":46},"end":{"line":228,"column":67}},"93":{"start":{"line":229,"column":53},"end":{"line":229,"column":74}},"94":{"start":{"line":231,"column":4},"end":{"line":242,"column":6}},"95":{"start":{"line":237,"column":8},"end":{"line":237,"column":29}},"96":{"start":{"line":252,"column":31},"end":{"line":252,"column":33}},"97":{"start":{"line":253,"column":29},"end":{"line":253,"column":31}},"98":{"start":{"line":254,"column":38},"end":{"line":254,"column":40}},"99":{"start":{"line":255,"column":29},"end":{"line":255,"column":30}},"100":{"start":{"line":258,"column":4},"end":{"line":263,"column":5}},"101":{"start":{"line":259,"column":6},"end":{"line":259,"column":31}},"102":{"start":{"line":260,"column":11},"end":{"line":263,"column":5}},"103":{"start":{"line":261,"column":6},"end":{"line":261,"column":75}},"104":{"start":{"line":262,"column":6},"end":{"line":262,"column":73}},"105":{"start":{"line":266,"column":4},"end":{"line":269,"column":5}},"106":{"start":{"line":267,"column":6},"end":{"line":267,"column":64}},"107":{"start":{"line":268,"column":6},"end":{"line":268,"column":73}},"108":{"start":{"line":272,"column":23},"end":{"line":272,"column":42}},"109":{"start":{"line":275,"column":4},"end":{"line":289,"column":5}},"110":{"start":{"line":276,"column":6},"end":{"line":285,"column":7}},"111":{"start":{"line":277,"column":8},"end":{"line":277,"column":33}},"112":{"start":{"line":278,"column":8},"end":{"line":278,"column":75}},"113":{"start":{"line":279,"column":13},"end":{"line":285,"column":7}},"114":{"start":{"line":280,"column":8},"end":{"line":280,"column":33}},"115":{"start":{"line":281,"column":8},"end":{"line":281,"column":79}},"116":{"start":{"line":283,"column":8},"end":{"line":283,"column":33}},"117":{"start":{"line":284,"column":8},"end":{"line":284,"column":69}},"118":{"start":{"line":288,"column":6},"end":{"line":288,"column":31}},"119":{"start":{"line":292,"column":4},"end":{"line":306,"column":5}},"120":{"start":{"line":293,"column":6},"end":{"line":293,"column":31}},"121":{"start":{"line":294,"column":6},"end":{"line":294,"column":72}},"122":{"start":{"line":296,"column":6},"end":{"line":296,"column":31}},"123":{"start":{"line":297,"column":6},"end":{"line":305,"column":7}},"124":{"start":{"line":298,"column":54},"end":{"line":298,"column":76}},"125":{"start":{"line":300,"column":8},"end":{"line":302,"column":10}},"126":{"start":{"line":304,"column":8},"end":{"line":304,"column":74}},"127":{"start":{"line":309,"column":4},"end":{"line":320,"column":5}},"128":{"start":{"line":311,"column":8},"end":{"line":311,"column":33}},"129":{"start":{"line":312,"column":8},"end":{"line":312,"column":14}},"130":{"start":{"line":314,"column":8},"end":{"line":314,"column":33}},"131":{"start":{"line":315,"column":8},"end":{"line":315,"column":14}},"132":{"start":{"line":317,"column":8},"end":{"line":317,"column":32}},"133":{"start":{"line":318,"column":8},"end":{"line":318,"column":71}},"134":{"start":{"line":319,"column":8},"end":{"line":319,"column":14}},"135":{"start":{"line":323,"column":4},"end":{"line":327,"column":5}},"136":{"start":{"line":324,"column":6},"end":{"line":324,"column":30}},"137":{"start":{"line":326,"column":6},"end":{"line":326,"column":60}},"138":{"start":{"line":329,"column":20},"end":{"line":329,"column":67}},"139":{"start":{"line":331,"column":4},"end":{"line":337,"column":6}},"140":{"start":{"line":344,"column":22},"end":{"line":344,"column":43}},"141":{"start":{"line":345,"column":4},"end":{"line":350,"column":6}},"142":{"start":{"line":363,"column":4},"end":{"line":372,"column":6}},"143":{"start":{"line":18,"column":0},"end":{"line":18,"column":13}},"144":{"start":{"line":377,"column":13},"end":{"line":377,"column":49}}},"fnMap":{"0":{"name":"(anonymous_0)","decl":{"start":{"line":18,"column":0},"end":{"line":18,"column":13}},"loc":{"start":{"line":18,"column":0},"end":{"line":374,"column":1}}},"1":{"name":"(anonymous_1)","decl":{"start":{"line":41,"column":9},"end":{"line":41,"column":24}},"loc":{"start":{"line":41,"column":40},"end":{"line":82,"column":3}}},"2":{"name":"(anonymous_2)","decl":{"start":{"line":46,"column":41},"end":{"line":46,"column":42}},"loc":{"start":{"line":46,"column":54},"end":{"line":46,"column":75}}},"3":{"name":"(anonymous_3)","decl":{"start":{"line":52,"column":33},"end":{"line":52,"column":34}},"loc":{"start":{"line":52,"column":46},"end":{"line":52,"column":67}}},"4":{"name":"(anonymous_4)","decl":{"start":{"line":53,"column":40},"end":{"line":53,"column":41}},"loc":{"start":{"line":53,"column":53},"end":{"line":53,"column":74}}},"5":{"name":"(anonymous_5)","decl":{"start":{"line":59,"column":42},"end":{"line":59,"column":43}},"loc":{"start":{"line":59,"column":55},"end":{"line":59,"column":76}}},"6":{"name":"(anonymous_6)","decl":{"start":{"line":87,"column":9},"end":{"line":87,"column":29}},"loc":{"start":{"line":87,"column":45},"end":{"line":135,"column":3}}},"7":{"name":"(anonymous_7)","decl":{"start":{"line":106,"column":41},"end":{"line":106,"column":42}},"loc":{"start":{"line":106,"column":54},"end":{"line":106,"column":75}}},"8":{"name":"(anonymous_8)","decl":{"start":{"line":140,"column":9},"end":{"line":140,"column":28}},"loc":{"start":{"line":140,"column":44},"end":{"line":175,"column":3}}},"9":{"name":"(anonymous_9)","decl":{"start":{"line":154,"column":39},"end":{"line":154,"column":40}},"loc":{"start":{"line":154,"column":52},"end":{"line":154,"column":73}}},"10":{"name":"(anonymous_10)","decl":{"start":{"line":180,"column":9},"end":{"line":180,"column":27}},"loc":{"start":{"line":181,"column":19},"end":{"line":217,"column":3}}},"11":{"name":"(anonymous_11)","decl":{"start":{"line":188,"column":41},"end":{"line":188,"column":42}},"loc":{"start":{"line":188,"column":54},"end":{"line":188,"column":75}}},"12":{"name":"(anonymous_12)","decl":{"start":{"line":222,"column":9},"end":{"line":222,"column":20}},"loc":{"start":{"line":222,"column":36},"end":{"line":243,"column":3}}},"13":{"name":"(anonymous_13)","decl":{"start":{"line":228,"column":33},"end":{"line":228,"column":34}},"loc":{"start":{"line":228,"column":46},"end":{"line":228,"column":67}}},"14":{"name":"(anonymous_14)","decl":{"start":{"line":229,"column":40},"end":{"line":229,"column":41}},"loc":{"start":{"line":229,"column":53},"end":{"line":229,"column":74}}},"15":{"name":"(anonymous_15)","decl":{"start":{"line":236,"column":62},"end":{"line":236,"column":63}},"loc":{"start":{"line":237,"column":8},"end":{"line":237,"column":29}}},"16":{"name":"(anonymous_16)","decl":{"start":{"line":248,"column":9},"end":{"line":248,"column":35}},"loc":{"start":{"line":250,"column":17},"end":{"line":338,"column":3}}},"17":{"name":"(anonymous_17)","decl":{"start":{"line":298,"column":41},"end":{"line":298,"column":42}},"loc":{"start":{"line":298,"column":54},"end":{"line":298,"column":76}}},"18":{"name":"(anonymous_18)","decl":{"start":{"line":343,"column":10},"end":{"line":343,"column":20}},"loc":{"start":{"line":343,"column":36},"end":{"line":351,"column":3}}},"19":{"name":"(anonymous_19)","decl":{"start":{"line":356,"column":10},"end":{"line":356,"column":32}},"loc":{"start":{"line":361,"column":20},"end":{"line":373,"column":3}}}},"branchMap":{"0":{"loc":{"start":{"line":43,"column":4},"end":{"line":43,"column":38}},"type":"if","locations":[{"start":{"line":43,"column":4},"end":{"line":43,"column":38}},{"start":{},"end":{}}]},"1":{"loc":{"start":{"line":46,"column":4},"end":{"line":48,"column":5}},"type":"if","locations":[{"start":{"line":46,"column":4},"end":{"line":48,"column":5}},{"start":{},"end":{}}]},"2":{"loc":{"start":{"line":51,"column":4},"end":{"line":56,"column":5}},"type":"if","locations":[{"start":{"line":51,"column":4},"end":{"line":56,"column":5}},{"start":{},"end":{}}]},"3":{"loc":{"start":{"line":52,"column":6},"end":{"line":53,"column":75}},"type":"binary-expr","locations":[{"start":{"line":52,"column":6},"end":{"line":52,"column":68}},{"start":{"line":53,"column":6},"end":{"line":53,"column":75}}]},"4":{"loc":{"start":{"line":59,"column":4},"end":{"line":61,"column":5}},"type":"if","locations":[{"start":{"line":59,"column":4},"end":{"line":61,"column":5}},{"start":{},"end":{}}]},"5":{"loc":{"start":{"line":67,"column":4},"end":{"line":69,"column":5}},"type":"if","locations":[{"start":{"line":67,"column":4},"end":{"line":69,"column":5}},{"start":{},"end":{}}]},"6":{"loc":{"start":{"line":67,"column":8},"end":{"line":67,"column":70}},"type":"binary-expr","locations":[{"start":{"line":67,"column":8},"end":{"line":67,"column":33}},{"start":{"line":67,"column":37},"end":{"line":67,"column":70}}]},"7":{"loc":{"start":{"line":71,"column":4},"end":{"line":78,"column":5}},"type":"if","locations":[{"start":{"line":71,"column":4},"end":{"line":78,"column":5}},{"start":{},"end":{}}]},"8":{"loc":{"start":{"line":72,"column":6},"end":{"line":75,"column":38}},"type":"binary-expr","locations":[{"start":{"line":72,"column":6},"end":{"line":72,"column":38}},{"start":{"line":73,"column":6},"end":{"line":73,"column":30}},{"start":{"line":74,"column":6},"end":{"line":74,"column":32}},{"start":{"line":75,"column":6},"end":{"line":75,"column":38}}]},"9":{"loc":{"start":{"line":88,"column":4},"end":{"line":88,"column":27}},"type":"if","locations":[{"start":{"line":88,"column":4},"end":{"line":88,"column":27}},{"start":{},"end":{}}]},"10":{"loc":{"start":{"line":94,"column":4},"end":{"line":103,"column":5}},"type":"if","locations":[{"start":{"line":94,"column":4},"end":{"line":103,"column":5}},{"start":{},"end":{}}]},"11":{"loc":{"start":{"line":98,"column":6},"end":{"line":102,"column":58}},"type":"if","locations":[{"start":{"line":98,"column":6},"end":{"line":102,"column":58}},{"start":{"line":99,"column":11},"end":{"line":102,"column":58}}]},"12":{"loc":{"start":{"line":99,"column":11},"end":{"line":102,"column":58}},"type":"if","locations":[{"start":{"line":99,"column":11},"end":{"line":102,"column":58}},{"start":{"line":100,"column":11},"end":{"line":102,"column":58}}]},"13":{"loc":{"start":{"line":100,"column":11},"end":{"line":102,"column":58}},"type":"if","locations":[{"start":{"line":100,"column":11},"end":{"line":102,"column":58}},{"start":{"line":101,"column":11},"end":{"line":102,"column":58}}]},"14":{"loc":{"start":{"line":101,"column":11},"end":{"line":102,"column":58}},"type":"if","locations":[{"start":{"line":101,"column":11},"end":{"line":102,"column":58}},{"start":{"line":102,"column":11},"end":{"line":102,"column":58}}]},"15":{"loc":{"start":{"line":102,"column":11},"end":{"line":102,"column":58}},"type":"if","locations":[{"start":{"line":102,"column":11},"end":{"line":102,"column":58}},{"start":{},"end":{}}]},"16":{"loc":{"start":{"line":106,"column":4},"end":{"line":108,"column":5}},"type":"if","locations":[{"start":{"line":106,"column":4},"end":{"line":108,"column":5}},{"start":{},"end":{}}]},"17":{"loc":{"start":{"line":111,"column":4},"end":{"line":113,"column":5}},"type":"if","locations":[{"start":{"line":111,"column":4},"end":{"line":113,"column":5}},{"start":{},"end":{}}]},"18":{"loc":{"start":{"line":115,"column":4},"end":{"line":118,"column":5}},"type":"if","locations":[{"start":{"line":115,"column":4},"end":{"line":118,"column":5}},{"start":{},"end":{}}]},"19":{"loc":{"start":{"line":117,"column":6},"end":{"line":117,"column":51}},"type":"if","locations":[{"start":{"line":117,"column":6},"end":{"line":117,"column":51}},{"start":{},"end":{}}]},"20":{"loc":{"start":{"line":120,"column":4},"end":{"line":122,"column":5}},"type":"if","locations":[{"start":{"line":120,"column":4},"end":{"line":122,"column":5}},{"start":{},"end":{}}]},"21":{"loc":{"start":{"line":124,"column":4},"end":{"line":126,"column":5}},"type":"if","locations":[{"start":{"line":124,"column":4},"end":{"line":126,"column":5}},{"start":{},"end":{}}]},"22":{"loc":{"start":{"line":129,"column":4},"end":{"line":132,"column":54}},"type":"if","locations":[{"start":{"line":129,"column":4},"end":{"line":132,"column":54}},{"start":{"line":130,"column":9},"end":{"line":132,"column":54}}]},"23":{"loc":{"start":{"line":130,"column":9},"end":{"line":132,"column":54}},"type":"if","locations":[{"start":{"line":130,"column":9},"end":{"line":132,"column":54}},{"start":{"line":131,"column":9},"end":{"line":132,"column":54}}]},"24":{"loc":{"start":{"line":131,"column":9},"end":{"line":132,"column":54}},"type":"if","locations":[{"start":{"line":131,"column":9},"end":{"line":132,"column":54}},{"start":{"line":132,"column":9},"end":{"line":132,"column":54}}]},"25":{"loc":{"start":{"line":132,"column":9},"end":{"line":132,"column":54}},"type":"if","locations":[{"start":{"line":132,"column":9},"end":{"line":132,"column":54}},{"start":{},"end":{}}]},"26":{"loc":{"start":{"line":141,"column":4},"end":{"line":141,"column":31}},"type":"if","locations":[{"start":{"line":141,"column":4},"end":{"line":141,"column":31}},{"start":{},"end":{}}]},"27":{"loc":{"start":{"line":146,"column":4},"end":{"line":148,"column":5}},"type":"if","locations":[{"start":{"line":146,"column":4},"end":{"line":148,"column":5}},{"start":{},"end":{}}]},"28":{"loc":{"start":{"line":146,"column":8},"end":{"line":146,"column":64}},"type":"binary-expr","locations":[{"start":{"line":146,"column":8},"end":{"line":146,"column":34}},{"start":{"line":146,"column":38},"end":{"line":146,"column":64}}]},"29":{"loc":{"start":{"line":151,"column":4},"end":{"line":157,"column":5}},"type":"if","locations":[{"start":{"line":151,"column":4},"end":{"line":157,"column":5}},{"start":{},"end":{}}]},"30":{"loc":{"start":{"line":152,"column":6},"end":{"line":154,"column":74}},"type":"binary-expr","locations":[{"start":{"line":152,"column":6},"end":{"line":152,"column":32}},{"start":{"line":153,"column":6},"end":{"line":153,"column":32}},{"start":{"line":154,"column":6},"end":{"line":154,"column":74}}]},"31":{"loc":{"start":{"line":160,"column":4},"end":{"line":162,"column":5}},"type":"if","locations":[{"start":{"line":160,"column":4},"end":{"line":162,"column":5}},{"start":{},"end":{}}]},"32":{"loc":{"start":{"line":160,"column":8},"end":{"line":160,"column":63}},"type":"binary-expr","locations":[{"start":{"line":160,"column":8},"end":{"line":160,"column":34}},{"start":{"line":160,"column":38},"end":{"line":160,"column":63}}]},"33":{"loc":{"start":{"line":165,"column":4},"end":{"line":167,"column":5}},"type":"if","locations":[{"start":{"line":165,"column":4},"end":{"line":167,"column":5}},{"start":{},"end":{}}]},"34":{"loc":{"start":{"line":165,"column":8},"end":{"line":165,"column":61}},"type":"binary-expr","locations":[{"start":{"line":165,"column":8},"end":{"line":165,"column":33}},{"start":{"line":165,"column":37},"end":{"line":165,"column":61}}]},"35":{"loc":{"start":{"line":170,"column":4},"end":{"line":172,"column":5}},"type":"if","locations":[{"start":{"line":170,"column":4},"end":{"line":172,"column":5}},{"start":{},"end":{}}]},"36":{"loc":{"start":{"line":183,"column":4},"end":{"line":183,"column":32}},"type":"if","locations":[{"start":{"line":183,"column":4},"end":{"line":183,"column":32}},{"start":{},"end":{}}]},"37":{"loc":{"start":{"line":188,"column":4},"end":{"line":190,"column":5}},"type":"if","locations":[{"start":{"line":188,"column":4},"end":{"line":190,"column":5}},{"start":{},"end":{}}]},"38":{"loc":{"start":{"line":193,"column":4},"end":{"line":195,"column":5}},"type":"if","locations":[{"start":{"line":193,"column":4},"end":{"line":195,"column":5}},{"start":{},"end":{}}]},"39":{"loc":{"start":{"line":193,"column":8},"end":{"line":193,"column":62}},"type":"binary-expr","locations":[{"start":{"line":193,"column":8},"end":{"line":193,"column":32}},{"start":{"line":193,"column":36},"end":{"line":193,"column":62}}]},"40":{"loc":{"start":{"line":198,"column":4},"end":{"line":200,"column":5}},"type":"if","locations":[{"start":{"line":198,"column":4},"end":{"line":200,"column":5}},{"start":{},"end":{}}]},"41":{"loc":{"start":{"line":198,"column":8},"end":{"line":198,"column":64}},"type":"binary-expr","locations":[{"start":{"line":198,"column":8},"end":{"line":198,"column":34}},{"start":{"line":198,"column":38},"end":{"line":198,"column":64}}]},"42":{"loc":{"start":{"line":203,"column":4},"end":{"line":209,"column":5}},"type":"if","locations":[{"start":{"line":203,"column":4},"end":{"line":209,"column":5}},{"start":{},"end":{}}]},"43":{"loc":{"start":{"line":204,"column":6},"end":{"line":206,"column":32}},"type":"binary-expr","locations":[{"start":{"line":204,"column":6},"end":{"line":204,"column":32}},{"start":{"line":205,"column":6},"end":{"line":205,"column":32}},{"start":{"line":206,"column":6},"end":{"line":206,"column":32}}]},"44":{"loc":{"start":{"line":212,"column":4},"end":{"line":214,"column":5}},"type":"if","locations":[{"start":{"line":212,"column":4},"end":{"line":214,"column":5}},{"start":{},"end":{}}]},"45":{"loc":{"start":{"line":212,"column":8},"end":{"line":212,"column":61}},"type":"binary-expr","locations":[{"start":{"line":212,"column":8},"end":{"line":212,"column":33}},{"start":{"line":212,"column":37},"end":{"line":212,"column":61}}]},"46":{"loc":{"start":{"line":228,"column":6},"end":{"line":229,"column":75}},"type":"binary-expr","locations":[{"start":{"line":228,"column":6},"end":{"line":228,"column":68}},{"start":{"line":229,"column":6},"end":{"line":229,"column":75}}]},"47":{"loc":{"start":{"line":258,"column":4},"end":{"line":263,"column":5}},"type":"if","locations":[{"start":{"line":258,"column":4},"end":{"line":263,"column":5}},{"start":{"line":260,"column":11},"end":{"line":263,"column":5}}]},"48":{"loc":{"start":{"line":258,"column":8},"end":{"line":258,"column":69}},"type":"binary-expr","locations":[{"start":{"line":258,"column":8},"end":{"line":258,"column":30}},{"start":{"line":258,"column":34},"end":{"line":258,"column":69}}]},"49":{"loc":{"start":{"line":260,"column":11},"end":{"line":263,"column":5}},"type":"if","locations":[{"start":{"line":260,"column":11},"end":{"line":263,"column":5}},{"start":{},"end":{}}]},"50":{"loc":{"start":{"line":266,"column":4},"end":{"line":269,"column":5}},"type":"if","locations":[{"start":{"line":266,"column":4},"end":{"line":269,"column":5}},{"start":{},"end":{}}]},"51":{"loc":{"start":{"line":275,"column":4},"end":{"line":289,"column":5}},"type":"if","locations":[{"start":{"line":275,"column":4},"end":{"line":289,"column":5}},{"start":{"line":286,"column":11},"end":{"line":289,"column":5}}]},"52":{"loc":{"start":{"line":275,"column":8},"end":{"line":275,"column":69}},"type":"binary-expr","locations":[{"start":{"line":275,"column":8},"end":{"line":275,"column":36}},{"start":{"line":275,"column":40},"end":{"line":275,"column":69}}]},"53":{"loc":{"start":{"line":276,"column":6},"end":{"line":285,"column":7}},"type":"if","locations":[{"start":{"line":276,"column":6},"end":{"line":285,"column":7}},{"start":{"line":279,"column":13},"end":{"line":285,"column":7}}]},"54":{"loc":{"start":{"line":276,"column":10},"end":{"line":276,"column":62}},"type":"binary-expr","locations":[{"start":{"line":276,"column":10},"end":{"line":276,"column":40}},{"start":{"line":276,"column":44},"end":{"line":276,"column":62}}]},"55":{"loc":{"start":{"line":279,"column":13},"end":{"line":285,"column":7}},"type":"if","locations":[{"start":{"line":279,"column":13},"end":{"line":285,"column":7}},{"start":{"line":282,"column":13},"end":{"line":285,"column":7}}]},"56":{"loc":{"start":{"line":279,"column":17},"end":{"line":279,"column":69}},"type":"binary-expr","locations":[{"start":{"line":279,"column":17},"end":{"line":279,"column":47}},{"start":{"line":279,"column":51},"end":{"line":279,"column":69}}]},"57":{"loc":{"start":{"line":292,"column":4},"end":{"line":306,"column":5}},"type":"if","locations":[{"start":{"line":292,"column":4},"end":{"line":306,"column":5}},{"start":{"line":295,"column":11},"end":{"line":306,"column":5}}]},"58":{"loc":{"start":{"line":297,"column":6},"end":{"line":305,"column":7}},"type":"if","locations":[{"start":{"line":297,"column":6},"end":{"line":305,"column":7}},{"start":{"line":303,"column":13},"end":{"line":305,"column":7}}]},"59":{"loc":{"start":{"line":309,"column":4},"end":{"line":320,"column":5}},"type":"switch","locations":[{"start":{"line":310,"column":6},"end":{"line":312,"column":14}},{"start":{"line":313,"column":6},"end":{"line":315,"column":14}},{"start":{"line":316,"column":6},"end":{"line":319,"column":14}}]},"60":{"loc":{"start":{"line":323,"column":4},"end":{"line":327,"column":5}},"type":"if","locations":[{"start":{"line":323,"column":4},"end":{"line":327,"column":5}},{"start":{"line":325,"column":11},"end":{"line":327,"column":5}}]},"61":{"loc":{"start":{"line":323,"column":8},"end":{"line":323,"column":60}},"type":"binary-expr","locations":[{"start":{"line":323,"column":8},"end":{"line":323,"column":25}},{"start":{"line":323,"column":29},"end":{"line":323,"column":60}}]},"62":{"loc":{"start":{"line":329,"column":20},"end":{"line":329,"column":67}},"type":"binary-expr","locations":[{"start":{"line":329,"column":20},"end":{"line":329,"column":44}},{"start":{"line":329,"column":48},"end":{"line":329,"column":67}}]},"63":{"loc":{"start":{"line":346,"column":6},"end":{"line":349,"column":32}},"type":"binary-expr","locations":[{"start":{"line":346,"column":6},"end":{"line":346,"column":33}},{"start":{"line":347,"column":6},"end":{"line":347,"column":31}},{"start":{"line":348,"column":6},"end":{"line":348,"column":30}},{"start":{"line":349,"column":6},"end":{"line":349,"column":32}}]}},"s":{"0":26,"1":26,"2":26,"3":8,"4":0,"5":8,"6":18,"7":3,"8":5,"9":9,"10":9,"11":3,"12":2,"13":8,"14":0,"15":2,"16":2,"17":0,"18":2,"19":0,"20":2,"21":14,"22":0,"23":14,"24":14,"25":14,"26":7,"27":7,"28":2,"29":5,"30":1,"31":4,"32":1,"33":3,"34":1,"35":2,"36":0,"37":14,"38":38,"39":2,"40":14,"41":2,"42":14,"43":1,"44":1,"45":0,"46":14,"47":1,"48":14,"49":1,"50":14,"51":1,"52":13,"53":0,"54":13,"55":0,"56":13,"57":0,"58":14,"59":2,"60":0,"61":2,"62":2,"63":0,"64":2,"65":6,"66":0,"67":2,"68":0,"69":2,"70":0,"71":2,"72":0,"73":2,"74":2,"75":0,"76":2,"77":2,"78":6,"79":0,"80":2,"81":0,"82":2,"83":0,"84":2,"85":0,"86":2,"87":0,"88":2,"89":2,"90":2,"91":2,"92":6,"93":0,"94":2,"95":6,"96":9,"97":9,"98":9,"99":9,"100":9,"101":8,"102":1,"103":1,"104":1,"105":8,"106":0,"107":0,"108":8,"109":8,"110":4,"111":2,"112":2,"113":2,"114":0,"115":0,"116":2,"117":2,"118":4,"119":8,"120":4,"121":4,"122":4,"123":4,"124":4,"125":4,"126":0,"127":8,"128":4,"129":4,"130":4,"131":4,"132":0,"133":0,"134":0,"135":8,"136":8,"137":0,"138":8,"139":8,"140":2,"141":2,"142":9,"143":1,"144":1},"f":{"0":26,"1":8,"2":18,"3":9,"4":9,"5":8,"6":14,"7":38,"8":2,"9":6,"10":2,"11":6,"12":2,"13":6,"14":0,"15":6,"16":9,"17":4,"18":2,"19":9},"b":{"0":[0,8],"1":[3,5],"2":[3,2],"3":[5,3],"4":[0,2],"5":[0,2],"6":[2,0],"7":[0,2],"8":[2,2,2,2],"9":[0,14],"10":[7,7],"11":[2,5],"12":[1,4],"13":[1,3],"14":[1,2],"15":[0,2],"16":[2,12],"17":[2,12],"18":[1,13],"19":[0,1],"20":[1,13],"21":[1,13],"22":[1,13],"23":[0,13],"24":[0,13],"25":[0,13],"26":[0,2],"27":[0,2],"28":[2,2],"29":[0,2],"30":[2,2,2],"31":[0,2],"32":[2,0],"33":[0,2],"34":[2,2],"35":[0,2],"36":[0,2],"37":[0,2],"38":[0,2],"39":[2,2],"40":[0,2],"41":[2,2],"42":[0,2],"43":[2,2,2],"44":[0,2],"45":[2,2],"46":[2,0],"47":[8,1],"48":[9,8],"49":[1,0],"50":[0,8],"51":[4,4],"52":[8,4],"53":[2,2],"54":[4,2],"55":[0,2],"56":[2,0],"57":[4,4],"58":[4,0],"59":[4,4,0],"60":[8,0],"61":[8,8],"62":[8,8],"63":[2,2,2,2]}}
,"/Users/ouzy/Documents/DevProjects/SmartSub-OpenVINO-dev/main/hardware/hardwareDetection.ts": {"path":"/Users/ouzy/Documents/DevProjects/SmartSub-OpenVINO-dev/main/hardware/hardwareDetection.ts","statementMap":{"0":{"start":{"line":508,"column":0},"end":{"line":508,"column":7}},"1":{"start":{"line":512,"column":0},"end":{"line":512,"column":7}},"2":{"start":{"line":516,"column":0},"end":{"line":516,"column":7}},"3":{"start":{"line":520,"column":0},"end":{"line":520,"column":16}},"4":{"start":{"line":527,"column":0},"end":{"line":527,"column":16}},"5":{"start":{"line":533,"column":0},"end":{"line":533,"column":16}},"6":{"start":{"line":537,"column":0},"end":{"line":537,"column":16}},"7":{"start":{"line":12,"column":0},"end":{"line":12,"column":30}},"8":{"start":{"line":23,"column":0},"end":{"line":23,"column":57}},"9":{"start":{"line":24,"column":0},"end":{"line":24,"column":66}},"10":{"start":{"line":25,"column":0},"end":{"line":25,"column":62}},"11":{"start":{"line":28,"column":0},"end":{"line":28,"column":56}},"12":{"start":{"line":29,"column":0},"end":{"line":29,"column":52}},"13":{"start":{"line":30,"column":0},"end":{"line":30,"column":52}},"14":{"start":{"line":31,"column":0},"end":{"line":31,"column":55}},"15":{"start":{"line":32,"column":0},"end":{"line":32,"column":52}},"16":{"start":{"line":41,"column":10},"end":{"line":41,"column":75}},"17":{"start":{"line":43,"column":10},"end":{"line":43,"column":48}},"18":{"start":{"line":46,"column":4},"end":{"line":55,"column":6}},"19":{"start":{"line":61,"column":4},"end":{"line":63,"column":5}},"20":{"start":{"line":62,"column":6},"end":{"line":62,"column":77}},"21":{"start":{"line":64,"column":4},"end":{"line":64,"column":44}},"22":{"start":{"line":71,"column":22},"end":{"line":71,"column":32}},"23":{"start":{"line":72,"column":4},"end":{"line":72,"column":63}},"24":{"start":{"line":74,"column":4},"end":{"line":181,"column":5}},"25":{"start":{"line":76,"column":6},"end":{"line":88,"column":7}},"26":{"start":{"line":77,"column":25},"end":{"line":77,"column":70}},"27":{"start":{"line":78,"column":32},"end":{"line":78,"column":41}},"28":{"start":{"line":80,"column":8},"end":{"line":87,"column":9}},"29":{"start":{"line":81,"column":10},"end":{"line":81,"column":54}},"30":{"start":{"line":83,"column":10},"end":{"line":86,"column":12}},"31":{"start":{"line":91,"column":6},"end":{"line":93,"column":7}},"32":{"start":{"line":92,"column":8},"end":{"line":92,"column":48}},"33":{"start":{"line":96,"column":30},"end":{"line":96,"column":72}},"34":{"start":{"line":97,"column":25},"end":{"line":97,"column":73}},"35":{"start":{"line":100,"column":24},"end":{"line":100,"column":74}},"36":{"start":{"line":100,"column":51},"end":{"line":100,"column":73}},"37":{"start":{"line":101,"column":25},"end":{"line":101,"column":76}},"38":{"start":{"line":101,"column":52},"end":{"line":101,"column":75}},"39":{"start":{"line":102,"column":24},"end":{"line":102,"column":74}},"40":{"start":{"line":102,"column":51},"end":{"line":102,"column":73}},"41":{"start":{"line":105,"column":28},"end":{"line":105,"column":60}},"42":{"start":{"line":108,"column":46},"end":{"line":108,"column":50}},"43":{"start":{"line":109,"column":6},"end":{"line":111,"column":7}},"44":{"start":{"line":110,"column":8},"end":{"line":110,"column":58}},"45":{"start":{"line":114,"column":29},"end":{"line":118,"column":8}},"46":{"start":{"line":120,"column":44},"end":{"line":143,"column":8}},"47":{"start":{"line":145,"column":6},"end":{"line":145,"column":45}},"48":{"start":{"line":146,"column":6},"end":{"line":146,"column":42}},"49":{"start":{"line":148,"column":6},"end":{"line":151,"column":9}},"50":{"start":{"line":153,"column":6},"end":{"line":153,"column":26}},"51":{"start":{"line":155,"column":23},"end":{"line":155,"column":60}},"52":{"start":{"line":156,"column":6},"end":{"line":156,"column":23}},"53":{"start":{"line":158,"column":6},"end":{"line":158,"column":51}},"54":{"start":{"line":160,"column":6},"end":{"line":180,"column":8}},"55":{"start":{"line":188,"column":25},"end":{"line":188,"column":57}},"56":{"start":{"line":189,"column":4},"end":{"line":189,"column":30}},"57":{"start":{"line":196,"column":4},"end":{"line":200,"column":5}},"58":{"start":{"line":197,"column":31},"end":{"line":197,"column":73}},"59":{"start":{"line":199,"column":6},"end":{"line":199,"column":69}},"60":{"start":{"line":202,"column":4},"end":{"line":209,"column":5}},"61":{"start":{"line":203,"column":23},"end":{"line":203,"column":45}},"62":{"start":{"line":204,"column":21},"end":{"line":204,"column":52}},"63":{"start":{"line":205,"column":6},"end":{"line":205,"column":50}},"64":{"start":{"line":207,"column":6},"end":{"line":207,"column":52}},"65":{"start":{"line":208,"column":6},"end":{"line":208,"column":19}},"66":{"start":{"line":216,"column":23},"end":{"line":216,"column":42}},"67":{"start":{"line":217,"column":23},"end":{"line":217,"column":72}},"68":{"start":{"line":218,"column":4},"end":{"line":218,"column":47}},"69":{"start":{"line":225,"column":23},"end":{"line":225,"column":42}},"70":{"start":{"line":226,"column":4},"end":{"line":226,"column":47}},"71":{"start":{"line":233,"column":23},"end":{"line":233,"column":42}},"72":{"start":{"line":234,"column":4},"end":{"line":234,"column":52}},"73":{"start":{"line":242,"column":23},"end":{"line":242,"column":33}},"74":{"start":{"line":243,"column":4},"end":{"line":243,"column":58}},"75":{"start":{"line":252,"column":4},"end":{"line":270,"column":5}},"76":{"start":{"line":254,"column":32},"end":{"line":254,"column":56}},"77":{"start":{"line":255,"column":30},"end":{"line":255,"column":64}},"78":{"start":{"line":256,"column":8},"end":{"line":256,"column":69}},"79":{"start":{"line":259,"column":30},"end":{"line":259,"column":52}},"80":{"start":{"line":260,"column":28},"end":{"line":260,"column":60}},"81":{"start":{"line":261,"column":8},"end":{"line":261,"column":65}},"82":{"start":{"line":264,"column":30},"end":{"line":264,"column":52}},"83":{"start":{"line":265,"column":28},"end":{"line":265,"column":60}},"84":{"start":{"line":266,"column":8},"end":{"line":266,"column":65}},"85":{"start":{"line":269,"column":8},"end":{"line":269,"column":68}},"86":{"start":{"line":277,"column":24},"end":{"line":277,"column":62}},"87":{"start":{"line":278,"column":25},"end":{"line":278,"column":67}},"88":{"start":{"line":280,"column":22},"end":{"line":280,"column":73}},"89":{"start":{"line":280,"column":50},"end":{"line":280,"column":72}},"90":{"start":{"line":281,"column":23},"end":{"line":281,"column":75}},"91":{"start":{"line":281,"column":51},"end":{"line":281,"column":74}},"92":{"start":{"line":282,"column":22},"end":{"line":282,"column":73}},"93":{"start":{"line":282,"column":50},"end":{"line":282,"column":72}},"94":{"start":{"line":284,"column":4},"end":{"line":307,"column":6}},"95":{"start":{"line":314,"column":4},"end":{"line":314,"column":39}},"96":{"start":{"line":314,"column":27},"end":{"line":314,"column":39}},"97":{"start":{"line":317,"column":23},"end":{"line":317,"column":68}},"98":{"start":{"line":317,"column":44},"end":{"line":317,"column":67}},"99":{"start":{"line":318,"column":22},"end":{"line":318,"column":66}},"100":{"start":{"line":318,"column":43},"end":{"line":318,"column":65}},"101":{"start":{"line":319,"column":22},"end":{"line":319,"column":66}},"102":{"start":{"line":319,"column":43},"end":{"line":319,"column":65}},"103":{"start":{"line":320,"column":20},"end":{"line":320,"column":62}},"104":{"start":{"line":320,"column":41},"end":{"line":320,"column":61}},"105":{"start":{"line":326,"column":4},"end":{"line":329,"column":5}},"106":{"start":{"line":327,"column":6},"end":{"line":327,"column":79}},"107":{"start":{"line":328,"column":6},"end":{"line":328,"column":51}},"108":{"start":{"line":332,"column":4},"end":{"line":347,"column":5}},"109":{"start":{"line":333,"column":31},"end":{"line":334,"column":null}},"110":{"start":{"line":334,"column":17},"end":{"line":334,"column":42}},"111":{"start":{"line":336,"column":6},"end":{"line":341,"column":7}},"112":{"start":{"line":337,"column":8},"end":{"line":339,"column":10}},"113":{"start":{"line":340,"column":8},"end":{"line":340,"column":59}},"114":{"start":{"line":343,"column":6},"end":{"line":345,"column":8}},"115":{"start":{"line":346,"column":6},"end":{"line":346,"column":51}},"116":{"start":{"line":350,"column":4},"end":{"line":352,"column":5}},"117":{"start":{"line":351,"column":6},"end":{"line":351,"column":51}},"118":{"start":{"line":353,"column":4},"end":{"line":355,"column":5}},"119":{"start":{"line":354,"column":6},"end":{"line":354,"column":50}},"120":{"start":{"line":356,"column":4},"end":{"line":358,"column":5}},"121":{"start":{"line":357,"column":6},"end":{"line":357,"column":50}},"122":{"start":{"line":359,"column":4},"end":{"line":361,"column":5}},"123":{"start":{"line":360,"column":6},"end":{"line":360,"column":48}},"124":{"start":{"line":363,"column":4},"end":{"line":363,"column":16}},"125":{"start":{"line":371,"column":19},"end":{"line":376,"column":6}},"126":{"start":{"line":372,"column":6},"end":{"line":372,"column":68}},"127":{"start":{"line":372,"column":37},"end":{"line":372,"column":68}},"128":{"start":{"line":374,"column":24},"end":{"line":374,"column":54}},"129":{"start":{"line":375,"column":6},"end":{"line":375,"column":65}},"130":{"start":{"line":378,"column":4},"end":{"line":378,"column":21}},"131":{"start":{"line":385,"column":4},"end":{"line":390,"column":7}},"132":{"start":{"line":386,"column":6},"end":{"line":386,"column":68}},"133":{"start":{"line":386,"column":37},"end":{"line":386,"column":68}},"134":{"start":{"line":388,"column":24},"end":{"line":388,"column":54}},"135":{"start":{"line":389,"column":6},"end":{"line":389,"column":65}},"136":{"start":{"line":397,"column":4},"end":{"line":404,"column":5}},"137":{"start":{"line":398,"column":23},"end":{"line":398,"column":45}},"138":{"start":{"line":399,"column":21},"end":{"line":399,"column":52}},"139":{"start":{"line":400,"column":6},"end":{"line":400,"column":49}},"140":{"start":{"line":402,"column":6},"end":{"line":402,"column":51}},"141":{"start":{"line":403,"column":6},"end":{"line":403,"column":18}},"142":{"start":{"line":411,"column":4},"end":{"line":420,"column":5}},"143":{"start":{"line":413,"column":8},"end":{"line":413,"column":25}},"144":{"start":{"line":415,"column":8},"end":{"line":415,"column":23}},"145":{"start":{"line":417,"column":8},"end":{"line":417,"column":24}},"146":{"start":{"line":419,"column":8},"end":{"line":419,"column":23}},"147":{"start":{"line":427,"column":20},"end":{"line":427,"column":51}},"148":{"start":{"line":428,"column":20},"end":{"line":428,"column":51}},"149":{"start":{"line":430,"column":22},"end":{"line":430,"column":62}},"150":{"start":{"line":432,"column":4},"end":{"line":439,"column":5}},"151":{"start":{"line":432,"column":17},"end":{"line":432,"column":18}},"152":{"start":{"line":433,"column":21},"end":{"line":433,"column":36}},"153":{"start":{"line":434,"column":21},"end":{"line":434,"column":36}},"154":{"start":{"line":436,"column":6},"end":{"line":438,"column":7}},"155":{"start":{"line":437,"column":8},"end":{"line":437,"column":31}},"156":{"start":{"line":441,"column":4},"end":{"line":441,"column":13}},"157":{"start":{"line":450,"column":4},"end":{"line":450,"column":39}},"158":{"start":{"line":456,"column":18},"end":{"line":456,"column":55}},"159":{"start":{"line":457,"column":4},"end":{"line":459,"column":5}},"160":{"start":{"line":458,"column":6},"end":{"line":458,"column":43}},"161":{"start":{"line":463,"column":42},"end":{"line":468,"column":6}},"162":{"start":{"line":470,"column":4},"end":{"line":476,"column":7}},"163":{"start":{"line":471,"column":6},"end":{"line":475,"column":7}},"164":{"start":{"line":472,"column":8},"end":{"line":472,"column":24}},"165":{"start":{"line":474,"column":8},"end":{"line":474,"column":49}},"166":{"start":{"line":483,"column":4},"end":{"line":483,"column":40}},"167":{"start":{"line":484,"column":4},"end":{"line":484,"column":34}},"168":{"start":{"line":488,"column":4},"end":{"line":488,"column":43}},"169":{"start":{"line":495,"column":4},"end":{"line":495,"column":51}},"170":{"start":{"line":496,"column":4},"end":{"line":496,"column":22}},"171":{"start":{"line":500,"column":4},"end":{"line":500,"column":30}},"172":{"start":{"line":38,"column":0},"end":{"line":38,"column":13}},"173":{"start":{"line":505,"column":13},"end":{"line":505,"column":70}},"174":{"start":{"line":509,"column":2},"end":{"line":509,"column":48}},"175":{"start":{"line":513,"column":2},"end":{"line":513,"column":47}},"176":{"start":{"line":517,"column":2},"end":{"line":517,"column":49}},"177":{"start":{"line":524,"column":2},"end":{"line":524,"column":63}},"178":{"start":{"line":530,"column":2},"end":{"line":530,"column":56}},"179":{"start":{"line":534,"column":2},"end":{"line":534,"column":55}},"180":{"start":{"line":538,"column":2},"end":{"line":538,"column":59}}},"fnMap":{"0":{"name":"(anonymous_0)","decl":{"start":{"line":45,"column":2},"end":{"line":45,"column":22}},"loc":{"start":{"line":45,"column":63},"end":{"line":56,"column":3}}},"1":{"name":"(anonymous_1)","decl":{"start":{"line":58,"column":9},"end":{"line":58,"column":15}},"loc":{"start":{"line":59,"column":45},"end":{"line":65,"column":3}}},"2":{"name":"(anonymous_2)","decl":{"start":{"line":70,"column":9},"end":{"line":70,"column":14}},"loc":{"start":{"line":70,"column":34},"end":{"line":182,"column":3}}},"3":{"name":"(anonymous_3)","decl":{"start":{"line":100,"column":42},"end":{"line":100,"column":43}},"loc":{"start":{"line":100,"column":51},"end":{"line":100,"column":73}}},"4":{"name":"(anonymous_4)","decl":{"start":{"line":101,"column":43},"end":{"line":101,"column":44}},"loc":{"start":{"line":101,"column":52},"end":{"line":101,"column":75}}},"5":{"name":"(anonymous_5)","decl":{"start":{"line":102,"column":42},"end":{"line":102,"column":43}},"loc":{"start":{"line":102,"column":51},"end":{"line":102,"column":73}}},"6":{"name":"(anonymous_6)","decl":{"start":{"line":187,"column":9},"end":{"line":187,"column":14}},"loc":{"start":{"line":187,"column":33},"end":{"line":190,"column":3}}},"7":{"name":"(anonymous_7)","decl":{"start":{"line":195,"column":9},"end":{"line":195,"column":14}},"loc":{"start":{"line":195,"column":35},"end":{"line":210,"column":3}}},"8":{"name":"(anonymous_8)","decl":{"start":{"line":215,"column":9},"end":{"line":215,"column":33}},"loc":{"start":{"line":215,"column":63},"end":{"line":219,"column":3}}},"9":{"name":"(anonymous_9)","decl":{"start":{"line":224,"column":9},"end":{"line":224,"column":29}},"loc":{"start":{"line":224,"column":45},"end":{"line":227,"column":3}}},"10":{"name":"(anonymous_10)","decl":{"start":{"line":232,"column":9},"end":{"line":232,"column":28}},"loc":{"start":{"line":232,"column":44},"end":{"line":235,"column":3}}},"11":{"name":"(anonymous_11)","decl":{"start":{"line":240,"column":9},"end":{"line":240,"column":32}},"loc":{"start":{"line":240,"column":48},"end":{"line":244,"column":3}}},"12":{"name":"(anonymous_12)","decl":{"start":{"line":249,"column":10},"end":{"line":249,"column":15}},"loc":{"start":{"line":250,"column":27},"end":{"line":271,"column":3}}},"13":{"name":"(anonymous_13)","decl":{"start":{"line":276,"column":10},"end":{"line":276,"column":15}},"loc":{"start":{"line":276,"column":35},"end":{"line":308,"column":3}}},"14":{"name":"(anonymous_14)","decl":{"start":{"line":280,"column":41},"end":{"line":280,"column":42}},"loc":{"start":{"line":280,"column":50},"end":{"line":280,"column":72}}},"15":{"name":"(anonymous_15)","decl":{"start":{"line":281,"column":42},"end":{"line":281,"column":43}},"loc":{"start":{"line":281,"column":51},"end":{"line":281,"column":74}}},"16":{"name":"(anonymous_16)","decl":{"start":{"line":282,"column":41},"end":{"line":282,"column":42}},"loc":{"start":{"line":282,"column":50},"end":{"line":282,"column":72}}},"17":{"name":"(anonymous_17)","decl":{"start":{"line":313,"column":10},"end":{"line":313,"column":30}},"loc":{"start":{"line":313,"column":48},"end":{"line":364,"column":3}}},"18":{"name":"(anonymous_18)","decl":{"start":{"line":317,"column":35},"end":{"line":317,"column":36}},"loc":{"start":{"line":317,"column":44},"end":{"line":317,"column":67}}},"19":{"name":"(anonymous_19)","decl":{"start":{"line":318,"column":34},"end":{"line":318,"column":35}},"loc":{"start":{"line":318,"column":43},"end":{"line":318,"column":65}}},"20":{"name":"(anonymous_20)","decl":{"start":{"line":319,"column":34},"end":{"line":319,"column":35}},"loc":{"start":{"line":319,"column":43},"end":{"line":319,"column":65}}},"21":{"name":"(anonymous_21)","decl":{"start":{"line":320,"column":32},"end":{"line":320,"column":33}},"loc":{"start":{"line":320,"column":41},"end":{"line":320,"column":61}}},"22":{"name":"(anonymous_22)","decl":{"start":{"line":334,"column":8},"end":{"line":334,"column":9}},"loc":{"start":{"line":334,"column":17},"end":{"line":334,"column":42}}},"23":{"name":"(anonymous_23)","decl":{"start":{"line":369,"column":10},"end":{"line":369,"column":30}},"loc":{"start":{"line":369,"column":48},"end":{"line":379,"column":3}}},"24":{"name":"(anonymous_24)","decl":{"start":{"line":371,"column":29},"end":{"line":371,"column":30}},"loc":{"start":{"line":371,"column":38},"end":{"line":376,"column":5}}},"25":{"name":"(anonymous_25)","decl":{"start":{"line":384,"column":10},"end":{"line":384,"column":28}},"loc":{"start":{"line":384,"column":46},"end":{"line":391,"column":3}}},"26":{"name":"(anonymous_26)","decl":{"start":{"line":385,"column":21},"end":{"line":385,"column":22}},"loc":{"start":{"line":385,"column":30},"end":{"line":390,"column":5}}},"27":{"name":"(anonymous_27)","decl":{"start":{"line":396,"column":10},"end":{"line":396,"column":15}},"loc":{"start":{"line":396,"column":37},"end":{"line":405,"column":3}}},"28":{"name":"(anonymous_28)","decl":{"start":{"line":410,"column":10},"end":{"line":410,"column":25}},"loc":{"start":{"line":410,"column":42},"end":{"line":421,"column":3}}},"29":{"name":"(anonymous_29)","decl":{"start":{"line":426,"column":10},"end":{"line":426,"column":25}},"loc":{"start":{"line":426,"column":60},"end":{"line":442,"column":3}}},"30":{"name":"(anonymous_30)","decl":{"start":{"line":447,"column":9},"end":{"line":447,"column":25}},"loc":{"start":{"line":448,"column":53},"end":{"line":451,"column":3}}},"31":{"name":"(anonymous_31)","decl":{"start":{"line":453,"column":9},"end":{"line":453,"column":28}},"loc":{"start":{"line":454,"column":53},"end":{"line":460,"column":3}}},"32":{"name":"(anonymous_32)","decl":{"start":{"line":462,"column":10},"end":{"line":462,"column":19}},"loc":{"start":{"line":462,"column":67},"end":{"line":477,"column":3}}},"33":{"name":"(anonymous_33)","decl":{"start":{"line":470,"column":32},"end":{"line":470,"column":33}},"loc":{"start":{"line":470,"column":45},"end":{"line":476,"column":5}}},"34":{"name":"(anonymous_34)","decl":{"start":{"line":482,"column":9},"end":{"line":482,"column":19}},"loc":{"start":{"line":482,"column":19},"end":{"line":485,"column":3}}},"35":{"name":"(anonymous_35)","decl":{"start":{"line":487,"column":9},"end":{"line":487,"column":30}},"loc":{"start":{"line":487,"column":30},"end":{"line":489,"column":3}}},"36":{"name":"(anonymous_36)","decl":{"start":{"line":494,"column":9},"end":{"line":494,"column":21}},"loc":{"start":{"line":494,"column":65},"end":{"line":497,"column":3}}},"37":{"name":"(anonymous_37)","decl":{"start":{"line":499,"column":9},"end":{"line":499,"column":18}},"loc":{"start":{"line":499,"column":18},"end":{"line":501,"column":3}}},"38":{"name":"detectAvailableGPUs","decl":{"start":{"line":508,"column":22},"end":{"line":508,"column":41}},"loc":{"start":{"line":508,"column":41},"end":{"line":510,"column":1}}},"39":{"name":"enumerateIntelGPUs","decl":{"start":{"line":512,"column":22},"end":{"line":512,"column":40}},"loc":{"start":{"line":512,"column":40},"end":{"line":514,"column":1}}},"40":{"name":"checkOpenVINOSupport","decl":{"start":{"line":516,"column":22},"end":{"line":516,"column":42}},"loc":{"start":{"line":516,"column":42},"end":{"line":518,"column":1}}},"41":{"name":"validateGPUCompatibility","decl":{"start":{"line":520,"column":16},"end":{"line":520,"column":40}},"loc":{"start":{"line":522,"column":15},"end":{"line":525,"column":1}}},"42":{"name":"classifyIntelGPUType","decl":{"start":{"line":527,"column":16},"end":{"line":527,"column":36}},"loc":{"start":{"line":528,"column":17},"end":{"line":531,"column":1}}},"43":{"name":"getIntelGPUPriority","decl":{"start":{"line":533,"column":16},"end":{"line":533,"column":35}},"loc":{"start":{"line":533,"column":51},"end":{"line":535,"column":1}}},"44":{"name":"validateOpenVINOVersion","decl":{"start":{"line":537,"column":16},"end":{"line":537,"column":39}},"loc":{"start":{"line":537,"column":55},"end":{"line":539,"column":1}}}},"branchMap":{"0":{"loc":{"start":{"line":61,"column":4},"end":{"line":63,"column":5}},"type":"if","locations":[{"start":{"line":61,"column":4},"end":{"line":63,"column":5}},{"start":{},"end":{}}]},"1":{"loc":{"start":{"line":76,"column":6},"end":{"line":88,"column":7}},"type":"if","locations":[{"start":{"line":76,"column":6},"end":{"line":88,"column":7}},{"start":{},"end":{}}]},"2":{"loc":{"start":{"line":76,"column":10},"end":{"line":76,"column":59}},"type":"binary-expr","locations":[{"start":{"line":76,"column":10},"end":{"line":76,"column":33}},{"start":{"line":76,"column":37},"end":{"line":76,"column":59}}]},"3":{"loc":{"start":{"line":80,"column":8},"end":{"line":87,"column":9}},"type":"if","locations":[{"start":{"line":80,"column":8},"end":{"line":87,"column":9}},{"start":{},"end":{}}]},"4":{"loc":{"start":{"line":91,"column":6},"end":{"line":93,"column":7}},"type":"if","locations":[{"start":{"line":91,"column":6},"end":{"line":93,"column":7}},{"start":{},"end":{}}]},"5":{"loc":{"start":{"line":109,"column":6},"end":{"line":111,"column":7}},"type":"if","locations":[{"start":{"line":109,"column":6},"end":{"line":111,"column":7}},{"start":{},"end":{}}]},"6":{"loc":{"start":{"line":109,"column":10},"end":{"line":109,"column":70}},"type":"binary-expr","locations":[{"start":{"line":109,"column":10},"end":{"line":109,"column":46}},{"start":{"line":109,"column":50},"end":{"line":109,"column":70}}]},"7":{"loc":{"start":{"line":126,"column":25},"end":{"line":126,"column":68}},"type":"cond-expr","locations":[{"start":{"line":126,"column":40},"end":{"line":126,"column":60}},{"start":{"line":126,"column":63},"end":{"line":126,"column":68}}]},"8":{"loc":{"start":{"line":196,"column":4},"end":{"line":200,"column":5}},"type":"if","locations":[{"start":{"line":196,"column":4},"end":{"line":200,"column":5}},{"start":{},"end":{}}]},"9":{"loc":{"start":{"line":199,"column":13},"end":{"line":199,"column":68}},"type":"cond-expr","locations":[{"start":{"line":199,"column":44},"end":{"line":199,"column":60}},{"start":{"line":199,"column":63},"end":{"line":199,"column":68}}]},"10":{"loc":{"start":{"line":205,"column":13},"end":{"line":205,"column":49}},"type":"cond-expr","locations":[{"start":{"line":205,"column":30},"end":{"line":205,"column":41}},{"start":{"line":205,"column":44},"end":{"line":205,"column":49}}]},"11":{"loc":{"start":{"line":252,"column":4},"end":{"line":270,"column":5}},"type":"switch","locations":[{"start":{"line":253,"column":6},"end":{"line":256,"column":69}},{"start":{"line":258,"column":6},"end":{"line":261,"column":65}},{"start":{"line":263,"column":6},"end":{"line":266,"column":65}},{"start":{"line":268,"column":6},"end":{"line":269,"column":68}}]},"12":{"loc":{"start":{"line":256,"column":15},"end":{"line":256,"column":68}},"type":"cond-expr","locations":[{"start":{"line":256,"column":39},"end":{"line":256,"column":63}},{"start":{"line":256,"column":66},"end":{"line":256,"column":68}}]},"13":{"loc":{"start":{"line":256,"column":39},"end":{"line":256,"column":63}},"type":"binary-expr","locations":[{"start":{"line":256,"column":39},"end":{"line":256,"column":57}},{"start":{"line":256,"column":61},"end":{"line":256,"column":63}}]},"14":{"loc":{"start":{"line":261,"column":15},"end":{"line":261,"column":64}},"type":"cond-expr","locations":[{"start":{"line":261,"column":37},"end":{"line":261,"column":59}},{"start":{"line":261,"column":62},"end":{"line":261,"column":64}}]},"15":{"loc":{"start":{"line":261,"column":37},"end":{"line":261,"column":59}},"type":"binary-expr","locations":[{"start":{"line":261,"column":37},"end":{"line":261,"column":53}},{"start":{"line":261,"column":57},"end":{"line":261,"column":59}}]},"16":{"loc":{"start":{"line":266,"column":15},"end":{"line":266,"column":64}},"type":"cond-expr","locations":[{"start":{"line":266,"column":37},"end":{"line":266,"column":59}},{"start":{"line":266,"column":62},"end":{"line":266,"column":64}}]},"17":{"loc":{"start":{"line":266,"column":37},"end":{"line":266,"column":59}},"type":"binary-expr","locations":[{"start":{"line":266,"column":37},"end":{"line":266,"column":53}},{"start":{"line":266,"column":57},"end":{"line":266,"column":59}}]},"18":{"loc":{"start":{"line":290,"column":23},"end":{"line":290,"column":78}},"type":"cond-expr","locations":[{"start":{"line":290,"column":50},"end":{"line":290,"column":70}},{"start":{"line":290,"column":73},"end":{"line":290,"column":78}}]},"19":{"loc":{"start":{"line":314,"column":4},"end":{"line":314,"column":39}},"type":"if","locations":[{"start":{"line":314,"column":4},"end":{"line":314,"column":39}},{"start":{},"end":{}}]},"20":{"loc":{"start":{"line":326,"column":4},"end":{"line":329,"column":5}},"type":"if","locations":[{"start":{"line":326,"column":4},"end":{"line":329,"column":5}},{"start":{},"end":{}}]},"21":{"loc":{"start":{"line":326,"column":8},"end":{"line":326,"column":53}},"type":"binary-expr","locations":[{"start":{"line":326,"column":8},"end":{"line":326,"column":29}},{"start":{"line":326,"column":33},"end":{"line":326,"column":53}}]},"22":{"loc":{"start":{"line":332,"column":4},"end":{"line":347,"column":5}},"type":"if","locations":[{"start":{"line":332,"column":4},"end":{"line":347,"column":5}},{"start":{},"end":{}}]},"23":{"loc":{"start":{"line":336,"column":6},"end":{"line":341,"column":7}},"type":"if","locations":[{"start":{"line":336,"column":6},"end":{"line":341,"column":7}},{"start":{},"end":{}}]},"24":{"loc":{"start":{"line":350,"column":4},"end":{"line":352,"column":5}},"type":"if","locations":[{"start":{"line":350,"column":4},"end":{"line":352,"column":5}},{"start":{},"end":{}}]},"25":{"loc":{"start":{"line":353,"column":4},"end":{"line":355,"column":5}},"type":"if","locations":[{"start":{"line":353,"column":4},"end":{"line":355,"column":5}},{"start":{},"end":{}}]},"26":{"loc":{"start":{"line":356,"column":4},"end":{"line":358,"column":5}},"type":"if","locations":[{"start":{"line":356,"column":4},"end":{"line":358,"column":5}},{"start":{},"end":{}}]},"27":{"loc":{"start":{"line":359,"column":4},"end":{"line":361,"column":5}},"type":"if","locations":[{"start":{"line":359,"column":4},"end":{"line":361,"column":5}},{"start":{},"end":{}}]},"28":{"loc":{"start":{"line":372,"column":6},"end":{"line":372,"column":68}},"type":"if","locations":[{"start":{"line":372,"column":6},"end":{"line":372,"column":68}},{"start":{},"end":{}}]},"29":{"loc":{"start":{"line":386,"column":6},"end":{"line":386,"column":68}},"type":"if","locations":[{"start":{"line":386,"column":6},"end":{"line":386,"column":68}},{"start":{},"end":{}}]},"30":{"loc":{"start":{"line":400,"column":13},"end":{"line":400,"column":48}},"type":"cond-expr","locations":[{"start":{"line":400,"column":30},"end":{"line":400,"column":41}},{"start":{"line":400,"column":44},"end":{"line":400,"column":48}}]},"31":{"loc":{"start":{"line":411,"column":4},"end":{"line":420,"column":5}},"type":"switch","locations":[{"start":{"line":412,"column":6},"end":{"line":413,"column":25}},{"start":{"line":414,"column":6},"end":{"line":415,"column":23}},{"start":{"line":416,"column":6},"end":{"line":417,"column":24}},{"start":{"line":418,"column":6},"end":{"line":419,"column":23}}]},"32":{"loc":{"start":{"line":433,"column":21},"end":{"line":433,"column":36}},"type":"binary-expr","locations":[{"start":{"line":433,"column":21},"end":{"line":433,"column":31}},{"start":{"line":433,"column":35},"end":{"line":433,"column":36}}]},"33":{"loc":{"start":{"line":434,"column":21},"end":{"line":434,"column":36}},"type":"binary-expr","locations":[{"start":{"line":434,"column":21},"end":{"line":434,"column":31}},{"start":{"line":434,"column":35},"end":{"line":434,"column":36}}]},"34":{"loc":{"start":{"line":436,"column":6},"end":{"line":438,"column":7}},"type":"if","locations":[{"start":{"line":436,"column":6},"end":{"line":438,"column":7}},{"start":{},"end":{}}]},"35":{"loc":{"start":{"line":457,"column":4},"end":{"line":459,"column":5}},"type":"if","locations":[{"start":{"line":457,"column":4},"end":{"line":459,"column":5}},{"start":{},"end":{}}]},"36":{"loc":{"start":{"line":488,"column":11},"end":{"line":488,"column":42}},"type":"binary-expr","locations":[{"start":{"line":488,"column":11},"end":{"line":488,"column":34}},{"start":{"line":488,"column":38},"end":{"line":488,"column":42}}]}},"s":{"0":1,"1":1,"2":1,"3":1,"4":1,"5":1,"6":1,"7":1,"8":1,"9":1,"10":1,"11":1,"12":1,"13":1,"14":1,"15":1,"16":1,"17":1,"18":1,"19":38,"20":1,"21":38,"22":31,"23":31,"24":31,"25":31,"26":0,"27":0,"28":0,"29":0,"30":0,"31":31,"32":30,"33":1,"34":1,"35":1,"36":1,"37":1,"38":1,"39":1,"40":1,"41":1,"42":1,"43":1,"44":0,"45":1,"46":1,"47":1,"48":1,"49":1,"50":1,"51":0,"52":0,"53":0,"54":0,"55":12,"56":12,"57":4,"58":4,"59":4,"60":0,"61":0,"62":0,"63":0,"64":0,"65":0,"66":9,"67":9,"68":9,"69":6,"70":6,"71":10,"72":10,"73":6,"74":6,"75":1,"76":0,"77":0,"78":0,"79":0,"80":0,"81":0,"82":1,"83":1,"84":1,"85":0,"86":30,"87":30,"88":30,"89":120,"90":30,"91":120,"92":30,"93":120,"94":30,"95":31,"96":0,"97":31,"98":121,"99":31,"100":121,"101":31,"102":121,"103":31,"104":121,"105":31,"106":0,"107":0,"108":31,"109":0,"110":0,"111":0,"112":0,"113":0,"114":0,"115":0,"116":31,"117":0,"118":31,"119":30,"120":1,"121":1,"122":0,"123":0,"124":0,"125":31,"126":150,"127":150,"128":0,"129":0,"130":31,"131":93,"132":150,"133":150,"134":0,"135":0,"136":0,"137":0,"138":0,"139":0,"140":0,"141":0,"142":1,"143":0,"144":0,"145":1,"146":0,"147":6,"148":6,"149":6,"150":6,"151":6,"152":10,"153":10,"154":10,"155":5,"156":1,"157":1,"158":0,"159":0,"160":0,"161":32,"162":32,"163":1,"164":1,"165":0,"166":111,"167":111,"168":0,"169":41,"170":41,"171":3,"172":1,"173":1,"174":19,"175":12,"176":4,"177":9,"178":6,"179":10,"180":6},"f":{"0":1,"1":38,"2":31,"3":1,"4":1,"5":1,"6":12,"7":4,"8":9,"9":6,"10":10,"11":6,"12":1,"13":30,"14":120,"15":120,"16":120,"17":31,"18":121,"19":121,"20":121,"21":121,"22":0,"23":31,"24":150,"25":93,"26":150,"27":0,"28":1,"29":6,"30":1,"31":0,"32":32,"33":1,"34":111,"35":0,"36":41,"37":3,"38":19,"39":12,"40":4,"41":9,"42":6,"43":10,"44":6},"b":{"0":[1,37],"1":[0,31],"2":[31,0],"3":[0,0],"4":[30,1],"5":[0,1],"6":[1,1],"7":[0,1],"8":[4,0],"9":[3,1],"10":[0,0],"11":[0,0,1,0],"12":[0,0],"13":[0,0],"14":[0,0],"15":[0,0],"16":[1,0],"17":[1,0],"18":[30,0],"19":[0,31],"20":[0,31],"21":[31,0],"22":[0,31],"23":[0,0],"24":[0,31],"25":[30,1],"26":[1,0],"27":[0,0],"28":[150,0],"29":[150,0],"30":[0,0],"31":[0,0,1,0],"32":[10,1],"33":[10,1],"34":[5,5],"35":[0,0],"36":[0,0]}}
,"/Users/ouzy/Documents/DevProjects/SmartSub-OpenVINO-dev/main/hardware/linuxDetection.ts": {"path":"/Users/ouzy/Documents/DevProjects/SmartSub-OpenVINO-dev/main/hardware/linuxDetection.ts","statementMap":{"0":{"start":{"line":11,"column":0},"end":{"line":11,"column":37}},"1":{"start":{"line":12,"column":0},"end":{"line":12,"column":36}},"2":{"start":{"line":13,"column":0},"end":{"line":13,"column":33}},"3":{"start":{"line":14,"column":0},"end":{"line":14,"column":35}},"4":{"start":{"line":17,"column":0},"end":{"line":17,"column":57}},"5":{"start":{"line":18,"column":0},"end":{"line":18,"column":52}},"6":{"start":{"line":20,"column":18},"end":{"line":20,"column":33}},"7":{"start":{"line":23,"column":19},"end":{"line":23,"column":37}},"8":{"start":{"line":29,"column":22},"end":{"line":29,"column":32}},"9":{"start":{"line":31,"column":4},"end":{"line":105,"column":5}},"10":{"start":{"line":32,"column":6},"end":{"line":32,"column":48}},"11":{"start":{"line":35,"column":53},"end":{"line":39,"column":8}},"12":{"start":{"line":41,"column":35},"end":{"line":41,"column":37}},"13":{"start":{"line":44,"column":6},"end":{"line":46,"column":7}},"14":{"start":{"line":45,"column":8},"end":{"line":45,"column":44}},"15":{"start":{"line":49,"column":6},"end":{"line":67,"column":7}},"16":{"start":{"line":50,"column":23},"end":{"line":50,"column":38}},"17":{"start":{"line":53,"column":8},"end":{"line":66,"column":9}},"18":{"start":{"line":54,"column":30},"end":{"line":57,"column":null}},"19":{"start":{"line":56,"column":14},"end":{"line":57,"column":77}},"20":{"start":{"line":60,"column":10},"end":{"line":65,"column":11}},"21":{"start":{"line":61,"column":12},"end":{"line":61,"column":32}},"22":{"start":{"line":64,"column":12},"end":{"line":64,"column":50}},"23":{"start":{"line":70,"column":6},"end":{"line":73,"column":7}},"24":{"start":{"line":72,"column":8},"end":{"line":72,"column":67}},"25":{"start":{"line":76,"column":24},"end":{"line":76,"column":71}},"26":{"start":{"line":76,"column":48},"end":{"line":76,"column":70}},"27":{"start":{"line":77,"column":28},"end":{"line":77,"column":67}},"28":{"start":{"line":80,"column":27},"end":{"line":80,"column":74}},"29":{"start":{"line":80,"column":51},"end":{"line":80,"column":73}},"30":{"start":{"line":81,"column":27},"end":{"line":81,"column":62}},"31":{"start":{"line":83,"column":28},"end":{"line":83,"column":50}},"32":{"start":{"line":84,"column":6},"end":{"line":86,"column":8}},"33":{"start":{"line":88,"column":6},"end":{"line":93,"column":8}},"34":{"start":{"line":95,"column":23},"end":{"line":95,"column":61}},"35":{"start":{"line":96,"column":6},"end":{"line":96,"column":23}},"36":{"start":{"line":98,"column":6},"end":{"line":104,"column":8}},"37":{"start":{"line":112,"column":4},"end":{"line":123,"column":5}},"38":{"start":{"line":114,"column":25},"end":{"line":116,"column":null}},"39":{"start":{"line":119,"column":6},"end":{"line":119,"column":43}},"40":{"start":{"line":121,"column":6},"end":{"line":121,"column":53}},"41":{"start":{"line":122,"column":6},"end":{"line":122,"column":18}},"42":{"start":{"line":130,"column":4},"end":{"line":179,"column":5}},"43":{"start":{"line":131,"column":23},"end":{"line":131,"column":42}},"44":{"start":{"line":132,"column":26},"end":{"line":132,"column":52}},"45":{"start":{"line":134,"column":38},"end":{"line":134,"column":40}},"46":{"start":{"line":136,"column":6},"end":{"line":173,"column":7}},"47":{"start":{"line":136,"column":19},"end":{"line":136,"column":20}},"48":{"start":{"line":137,"column":27},"end":{"line":137,"column":41}},"49":{"start":{"line":139,"column":8},"end":{"line":139,"column":40}},"50":{"start":{"line":139,"column":31},"end":{"line":139,"column":40}},"51":{"start":{"line":141,"column":23},"end":{"line":141,"column":61}},"52":{"start":{"line":142,"column":8},"end":{"line":142,"column":30}},"53":{"start":{"line":142,"column":21},"end":{"line":142,"column":30}},"54":{"start":{"line":144,"column":31},"end":{"line":144,"column":74}},"55":{"start":{"line":145,"column":23},"end":{"line":147,"column":20}},"56":{"start":{"line":149,"column":37},"end":{"line":170,"column":10}},"57":{"start":{"line":172,"column":8},"end":{"line":172,"column":35}},"58":{"start":{"line":175,"column":6},"end":{"line":175,"column":24}},"59":{"start":{"line":177,"column":6},"end":{"line":177,"column":65}},"60":{"start":{"line":178,"column":6},"end":{"line":178,"column":18}},"61":{"start":{"line":186,"column":21},"end":{"line":186,"column":43}},"62":{"start":{"line":188,"column":4},"end":{"line":230,"column":5}},"63":{"start":{"line":190,"column":6},"end":{"line":198,"column":7}},"64":{"start":{"line":191,"column":30},"end":{"line":193,"column":null}},"65":{"start":{"line":195,"column":8},"end":{"line":195,"column":60}},"66":{"start":{"line":201,"column":6},"end":{"line":212,"column":7}},"67":{"start":{"line":202,"column":24},"end":{"line":202,"column":67}},"68":{"start":{"line":203,"column":25},"end":{"line":203,"column":64}},"69":{"start":{"line":204,"column":8},"end":{"line":209,"column":9}},"70":{"start":{"line":205,"column":10},"end":{"line":208,"column":12}},"71":{"start":{"line":215,"column":6},"end":{"line":224,"column":7}},"72":{"start":{"line":216,"column":27},"end":{"line":216,"column":73}},"73":{"start":{"line":217,"column":24},"end":{"line":220,"column":46}},"74":{"start":{"line":220,"column":25},"end":{"line":220,"column":45}},"75":{"start":{"line":221,"column":8},"end":{"line":221,"column":47}},"76":{"start":{"line":226,"column":6},"end":{"line":226,"column":22}},"77":{"start":{"line":228,"column":6},"end":{"line":228,"column":60}},"78":{"start":{"line":229,"column":6},"end":{"line":229,"column":22}},"79":{"start":{"line":237,"column":36},"end":{"line":237,"column":38}},"80":{"start":{"line":238,"column":25},"end":{"line":244,"column":null}},"81":{"start":{"line":242,"column":10},"end":{"line":244,"column":35}},"82":{"start":{"line":247,"column":4},"end":{"line":319,"column":5}},"83":{"start":{"line":247,"column":17},"end":{"line":247,"column":18}},"84":{"start":{"line":248,"column":20},"end":{"line":248,"column":35}},"85":{"start":{"line":249,"column":20},"end":{"line":252,"column":24}},"86":{"start":{"line":251,"column":23},"end":{"line":251,"column":34}},"87":{"start":{"line":254,"column":18},"end":{"line":254,"column":20}},"88":{"start":{"line":255,"column":23},"end":{"line":255,"column":25}},"89":{"start":{"line":256,"column":19},"end":{"line":256,"column":21}},"90":{"start":{"line":257,"column":19},"end":{"line":257,"column":21}},"91":{"start":{"line":258,"column":25},"end":{"line":258,"column":27}},"92":{"start":{"line":260,"column":6},"end":{"line":285,"column":7}},"93":{"start":{"line":262,"column":8},"end":{"line":274,"column":9}},"94":{"start":{"line":267,"column":24},"end":{"line":268,"column":null}},"95":{"start":{"line":270,"column":10},"end":{"line":273,"column":11}},"96":{"start":{"line":271,"column":12},"end":{"line":271,"column":29}},"97":{"start":{"line":272,"column":12},"end":{"line":272,"column":34}},"98":{"start":{"line":277,"column":8},"end":{"line":279,"column":9}},"99":{"start":{"line":278,"column":10},"end":{"line":278,"column":45}},"100":{"start":{"line":282,"column":8},"end":{"line":284,"column":9}},"101":{"start":{"line":283,"column":10},"end":{"line":283,"column":51}},"102":{"start":{"line":287,"column":6},"end":{"line":318,"column":7}},"103":{"start":{"line":288,"column":31},"end":{"line":288,"column":63}},"104":{"start":{"line":289,"column":8},"end":{"line":317,"column":9}},"105":{"start":{"line":290,"column":33},"end":{"line":290,"column":70}},"106":{"start":{"line":292,"column":39},"end":{"line":314,"column":12}},"107":{"start":{"line":316,"column":10},"end":{"line":316,"column":37}},"108":{"start":{"line":321,"column":4},"end":{"line":321,"column":22}},"109":{"start":{"line":328,"column":22},"end":{"line":328,"column":40}},"110":{"start":{"line":330,"column":4},"end":{"line":337,"column":5}},"111":{"start":{"line":336,"column":6},"end":{"line":336,"column":21}},"112":{"start":{"line":339,"column":4},"end":{"line":347,"column":5}},"113":{"start":{"line":346,"column":6},"end":{"line":346,"column":22}},"114":{"start":{"line":350,"column":4},"end":{"line":350,"column":16}},"115":{"start":{"line":357,"column":22},"end":{"line":357,"column":43}},"116":{"start":{"line":359,"column":4},"end":{"line":365,"column":5}},"117":{"start":{"line":361,"column":6},"end":{"line":363,"column":7}},"118":{"start":{"line":362,"column":8},"end":{"line":362,"column":20}},"119":{"start":{"line":364,"column":6},"end":{"line":364,"column":20}},"120":{"start":{"line":367,"column":4},"end":{"line":369,"column":5}},"121":{"start":{"line":368,"column":6},"end":{"line":368,"column":22}},"122":{"start":{"line":371,"column":4},"end":{"line":373,"column":5}},"123":{"start":{"line":372,"column":6},"end":{"line":372,"column":22}},"124":{"start":{"line":375,"column":4},"end":{"line":375,"column":21}},"125":{"start":{"line":383,"column":4},"end":{"line":389,"column":5}},"126":{"start":{"line":388,"column":6},"end":{"line":388,"column":50}},"127":{"start":{"line":392,"column":4},"end":{"line":394,"column":5}},"128":{"start":{"line":393,"column":6},"end":{"line":393,"column":36}},"129":{"start":{"line":397,"column":4},"end":{"line":399,"column":5}},"130":{"start":{"line":398,"column":6},"end":{"line":398,"column":79}},"131":{"start":{"line":409,"column":25},"end":{"line":409,"column":60}},"132":{"start":{"line":411,"column":4},"end":{"line":427,"column":5}},"133":{"start":{"line":412,"column":6},"end":{"line":426,"column":7}},"134":{"start":{"line":414,"column":8},"end":{"line":419,"column":9}},"135":{"start":{"line":415,"column":10},"end":{"line":418,"column":47}},"136":{"start":{"line":417,"column":31},"end":{"line":417,"column":61}},"137":{"start":{"line":423,"column":10},"end":{"line":423,"column":62}},"138":{"start":{"line":424,"column":8},"end":{"line":425,"column":52}},"139":{"start":{"line":434,"column":39},"end":{"line":434,"column":41}},"140":{"start":{"line":436,"column":4},"end":{"line":460,"column":5}},"141":{"start":{"line":437,"column":6},"end":{"line":459,"column":7}},"142":{"start":{"line":438,"column":8},"end":{"line":453,"column":9}},"143":{"start":{"line":441,"column":12},"end":{"line":442,"column":55}},"144":{"start":{"line":444,"column":10},"end":{"line":447,"column":11}},"145":{"start":{"line":445,"column":12},"end":{"line":445,"column":72}},"146":{"start":{"line":446,"column":12},"end":{"line":446,"column":56}},"147":{"start":{"line":450,"column":10},"end":{"line":452,"column":11}},"148":{"start":{"line":451,"column":12},"end":{"line":451,"column":71}},"149":{"start":{"line":455,"column":8},"end":{"line":455,"column":32}},"150":{"start":{"line":457,"column":8},"end":{"line":457,"column":66}},"151":{"start":{"line":458,"column":8},"end":{"line":458,"column":32}},"152":{"start":{"line":462,"column":4},"end":{"line":462,"column":25}},"153":{"start":{"line":22,"column":0},"end":{"line":22,"column":13}}},"fnMap":{"0":{"name":"(anonymous_1)","decl":{"start":{"line":22,"column":0},"end":{"line":22,"column":13}},"loc":{"start":{"line":22,"column":0},"end":{"line":464,"column":1}}},"1":{"name":"(anonymous_2)","decl":{"start":{"line":28,"column":9},"end":{"line":28,"column":14}},"loc":{"start":{"line":28,"column":25},"end":{"line":106,"column":3}}},"2":{"name":"(anonymous_3)","decl":{"start":{"line":55,"column":12},"end":{"line":55,"column":13}},"loc":{"start":{"line":56,"column":14},"end":{"line":57,"column":77}}},"3":{"name":"(anonymous_4)","decl":{"start":{"line":76,"column":39},"end":{"line":76,"column":40}},"loc":{"start":{"line":76,"column":48},"end":{"line":76,"column":70}}},"4":{"name":"(anonymous_5)","decl":{"start":{"line":80,"column":42},"end":{"line":80,"column":43}},"loc":{"start":{"line":80,"column":51},"end":{"line":80,"column":73}}},"5":{"name":"(anonymous_6)","decl":{"start":{"line":111,"column":10},"end":{"line":111,"column":15}},"loc":{"start":{"line":111,"column":30},"end":{"line":124,"column":3}}},"6":{"name":"(anonymous_7)","decl":{"start":{"line":129,"column":10},"end":{"line":129,"column":15}},"loc":{"start":{"line":129,"column":42},"end":{"line":180,"column":3}}},"7":{"name":"(anonymous_8)","decl":{"start":{"line":185,"column":10},"end":{"line":185,"column":15}},"loc":{"start":{"line":185,"column":31},"end":{"line":231,"column":3}}},"8":{"name":"(anonymous_9)","decl":{"start":{"line":220,"column":15},"end":{"line":220,"column":16}},"loc":{"start":{"line":220,"column":25},"end":{"line":220,"column":45}}},"9":{"name":"(anonymous_10)","decl":{"start":{"line":236,"column":10},"end":{"line":236,"column":26}},"loc":{"start":{"line":236,"column":41},"end":{"line":322,"column":3}}},"10":{"name":"(anonymous_11)","decl":{"start":{"line":241,"column":8},"end":{"line":241,"column":9}},"loc":{"start":{"line":242,"column":10},"end":{"line":244,"column":35}}},"11":{"name":"(anonymous_12)","decl":{"start":{"line":251,"column":13},"end":{"line":251,"column":14}},"loc":{"start":{"line":251,"column":23},"end":{"line":251,"column":34}}},"12":{"name":"(anonymous_13)","decl":{"start":{"line":327,"column":10},"end":{"line":327,"column":25}},"loc":{"start":{"line":327,"column":38},"end":{"line":351,"column":3}}},"13":{"name":"(anonymous_14)","decl":{"start":{"line":356,"column":10},"end":{"line":356,"column":28}},"loc":{"start":{"line":356,"column":44},"end":{"line":376,"column":3}}},"14":{"name":"(anonymous_15)","decl":{"start":{"line":381,"column":10},"end":{"line":381,"column":22}},"loc":{"start":{"line":381,"column":59},"end":{"line":400,"column":3}}},"15":{"name":"(anonymous_16)","decl":{"start":{"line":405,"column":10},"end":{"line":405,"column":15}},"loc":{"start":{"line":407,"column":30},"end":{"line":428,"column":3}}},"16":{"name":"(anonymous_17)","decl":{"start":{"line":417,"column":14},"end":{"line":417,"column":15}},"loc":{"start":{"line":417,"column":31},"end":{"line":417,"column":61}}},"17":{"name":"(anonymous_18)","decl":{"start":{"line":433,"column":10},"end":{"line":433,"column":15}},"loc":{"start":{"line":433,"column":51},"end":{"line":463,"column":3}}}},"branchMap":{"0":{"loc":{"start":{"line":44,"column":6},"end":{"line":46,"column":7}},"type":"if","locations":[{"start":{"line":44,"column":6},"end":{"line":46,"column":7}},{"start":{},"end":{}}]},"1":{"loc":{"start":{"line":44,"column":10},"end":{"line":44,"column":67}},"type":"binary-expr","locations":[{"start":{"line":44,"column":10},"end":{"line":44,"column":45}},{"start":{"line":44,"column":49},"end":{"line":44,"column":67}}]},"2":{"loc":{"start":{"line":49,"column":6},"end":{"line":67,"column":7}},"type":"if","locations":[{"start":{"line":49,"column":6},"end":{"line":67,"column":7}},{"start":{},"end":{}}]},"3":{"loc":{"start":{"line":49,"column":10},"end":{"line":49,"column":61}},"type":"binary-expr","locations":[{"start":{"line":49,"column":10},"end":{"line":49,"column":42}},{"start":{"line":49,"column":46},"end":{"line":49,"column":61}}]},"4":{"loc":{"start":{"line":56,"column":14},"end":{"line":57,"column":77}},"type":"binary-expr","locations":[{"start":{"line":56,"column":14},"end":{"line":56,"column":37}},{"start":{"line":57,"column":14},"end":{"line":57,"column":77}}]},"5":{"loc":{"start":{"line":60,"column":10},"end":{"line":65,"column":11}},"type":"if","locations":[{"start":{"line":60,"column":10},"end":{"line":65,"column":11}},{"start":{"line":62,"column":17},"end":{"line":65,"column":11}}]},"6":{"loc":{"start":{"line":70,"column":6},"end":{"line":73,"column":7}},"type":"if","locations":[{"start":{"line":70,"column":6},"end":{"line":73,"column":7}},{"start":{},"end":{}}]},"7":{"loc":{"start":{"line":70,"column":10},"end":{"line":70,"column":65}},"type":"binary-expr","locations":[{"start":{"line":70,"column":10},"end":{"line":70,"column":44}},{"start":{"line":70,"column":48},"end":{"line":70,"column":65}}]},"8":{"loc":{"start":{"line":132,"column":26},"end":{"line":132,"column":52}},"type":"binary-expr","locations":[{"start":{"line":132,"column":26},"end":{"line":132,"column":46}},{"start":{"line":132,"column":50},"end":{"line":132,"column":52}}]},"9":{"loc":{"start":{"line":139,"column":8},"end":{"line":139,"column":40}},"type":"if","locations":[{"start":{"line":139,"column":8},"end":{"line":139,"column":40}},{"start":{},"end":{}}]},"10":{"loc":{"start":{"line":142,"column":8},"end":{"line":142,"column":30}},"type":"if","locations":[{"start":{"line":142,"column":8},"end":{"line":142,"column":30}},{"start":{},"end":{}}]},"11":{"loc":{"start":{"line":145,"column":23},"end":{"line":147,"column":20}},"type":"cond-expr","locations":[{"start":{"line":146,"column":12},"end":{"line":146,"column":55}},{"start":{"line":147,"column":12},"end":{"line":147,"column":20}}]},"12":{"loc":{"start":{"line":152,"column":16},"end":{"line":152,"column":72}},"type":"cond-expr","locations":[{"start":{"line":152,"column":47},"end":{"line":152,"column":57}},{"start":{"line":152,"column":60},"end":{"line":152,"column":72}}]},"13":{"loc":{"start":{"line":154,"column":20},"end":{"line":154,"column":52}},"type":"binary-expr","locations":[{"start":{"line":154,"column":20},"end":{"line":154,"column":39}},{"start":{"line":154,"column":43},"end":{"line":154,"column":52}}]},"14":{"loc":{"start":{"line":156,"column":25},"end":{"line":156,"column":62}},"type":"binary-expr","locations":[{"start":{"line":156,"column":25},"end":{"line":156,"column":49}},{"start":{"line":156,"column":53},"end":{"line":156,"column":62}}]},"15":{"loc":{"start":{"line":204,"column":8},"end":{"line":209,"column":9}},"type":"if","locations":[{"start":{"line":204,"column":8},"end":{"line":209,"column":9}},{"start":{},"end":{}}]},"16":{"loc":{"start":{"line":242,"column":10},"end":{"line":244,"column":35}},"type":"binary-expr","locations":[{"start":{"line":242,"column":10},"end":{"line":242,"column":31}},{"start":{"line":243,"column":10},"end":{"line":243,"column":30}},{"start":{"line":244,"column":10},"end":{"line":244,"column":35}}]},"17":{"loc":{"start":{"line":262,"column":8},"end":{"line":274,"column":9}},"type":"if","locations":[{"start":{"line":262,"column":8},"end":{"line":274,"column":9}},{"start":{},"end":{}}]},"18":{"loc":{"start":{"line":263,"column":10},"end":{"line":265,"column":34}},"type":"binary-expr","locations":[{"start":{"line":263,"column":10},"end":{"line":263,"column":30}},{"start":{"line":264,"column":10},"end":{"line":264,"column":29}},{"start":{"line":265,"column":10},"end":{"line":265,"column":34}}]},"19":{"loc":{"start":{"line":270,"column":10},"end":{"line":273,"column":11}},"type":"if","locations":[{"start":{"line":270,"column":10},"end":{"line":273,"column":11}},{"start":{},"end":{}}]},"20":{"loc":{"start":{"line":277,
[...]
},"30":{"loc":{"start":{"line":246,"column":8},"end":{"line":246,"column":39}},"type":"binary-expr","locations":[{"start":{"line":246,"column":8},"end":{"line":246,"column":12}},{"start":{"line":246,"column":16},"end":{"line":246,"column":39}}]},"31":{"loc":{"start":{"line":255,"column":4},"end":{"line":261,"column":5}},"type":"if","locations":[{"start":{"line":255,"column":4},"end":{"line":261,"column":5}},{"start":{},"end":{}}]},"32":{"loc":{"start":{"line":255,"column":8},"end":{"line":255,"column":76}},"type":"binary-expr","locations":[{"start":{"line":255,"column":8},"end":{"line":255,"column":26}},{"start":{"line":255,"column":30},"end":{"line":255,"column":76}}]},"33":{"loc":{"start":{"line":264,"column":4},"end":{"line":270,"column":5}},"type":"if","locations":[{"start":{"line":264,"column":4},"end":{"line":270,"column":5}},{"start":{},"end":{}}]},"34":{"loc":{"start":{"line":264,"column":8},"end":{"line":264,"column":68}},"type":"binary-expr","locations":[{"start":{"line":264,"column":8},"end":{"line":264,"column":34}},{"start":{"line":264,"column":38},"end":{"line":264,"column":68}}]},"35":{"loc":{"start":{"line":287,"column":4},"end":{"line":289,"column":5}},"type":"if","locations":[{"start":{"line":287,"column":4},"end":{"line":289,"column":5}},{"start":{},"end":{}}]},"36":{"loc":{"start":{"line":287,"column":8},"end":{"line":287,"column":45}},"type":"binary-expr","locations":[{"start":{"line":287,"column":8},"end":{"line":287,"column":22}},{"start":{"line":287,"column":26},"end":{"line":287,"column":45}}]},"37":{"loc":{"start":{"line":291,"column":22},"end":{"line":291,"column":67}},"type":"cond-expr","locations":[{"start":{"line":291,"column":45},"end":{"line":291,"column":52}},{"start":{"line":291,"column":55},"end":{"line":291,"column":67}}]},"38":{"loc":{"start":{"line":294,"column":4},"end":{"line":303,"column":5}},"type":"if","locations":[{"start":{"line":294,"column":4},"end":{"line":303,"column":5}},{"start":{},"end":{}}]},"39":{"loc":{"start":{"line":295,"column":6},"end":{"line":296,"column":57}},"type":"binary-expr","locations":[{"start":{"line":295,"column":6},"end":{"line":295,"column":29}},{"start":{"line":296,"column":6},"end":{"line":296,"column":57}}]},"40":{"loc":{"start":{"line":306,"column":4},"end":{"line":328,"column":5}},"type":"if","locations":[{"start":{"line":306,"column":4},"end":{"line":328,"column":5}},{"start":{},"end":{}}]},"41":{"loc":{"start":{"line":307,"column":6},"end":{"line":313,"column":7}},"type":"if","locations":[{"start":{"line":307,"column":6},"end":{"line":313,"column":7}},{"start":{},"end":{}}]},"42":{"loc":{"start":{"line":307,"column":10},"end":{"line":307,"column":69}},"type":"binary-expr","locations":[{"start":{"line":307,"column":10},"end":{"line":307,"column":30}},{"start":{"line":307,"column":34},"end":{"line":307,"column":69}}]},"43":{"loc":{"start":{"line":316,"column":6},"end":{"line":327,"column":7}},"type":"if","locations":[{"start":{"line":316,"column":6},"end":{"line":327,"column":7}},{"start":{},"end":{}}]},"44":{"loc":{"start":{"line":318,"column":10},"end":{"line":325,"column":11}},"type":"if","locations":[{"start":{"line":318,"column":10},"end":{"line":325,"column":11}},{"start":{},"end":{}}]},"45":{"loc":{"start":{"line":318,"column":14},"end":{"line":318,"column":54}},"type":"binary-expr","locations":[{"start":{"line":318,"column":14},"end":{"line":318,"column":31}},{"start":{"line":318,"column":35},"end":{"line":318,"column":54}}]},"46":{"loc":{"start":{"line":331,"column":4},"end":{"line":341,"column":5}},"type":"if","locations":[{"start":{"line":331,"column":4},"end":{"line":341,"column":5}},{"start":{},"end":{}}]},"47":{"loc":{"start":{"line":331,"column":8},"end":{"line":331,"column":76}},"type":"binary-expr","locations":[{"start":{"line":331,"column":8},"end":{"line":331,"column":33}},{"start":{"line":331,"column":37},"end":{"line":331,"column":51}},{"start":{"line":331,"column":55},"end":{"line":331,"column":76}}]},"48":{"loc":{"start":{"line":344,"column":4},"end":{"line":349,"column":5}},"type":"if","locations":[{"start":{"line":344,"column":4},"end":{"line":349,"column":5}},{"start":{},"end":{}}]},"49":{"loc":{"start":{"line":346,"column":6},"end":{"line":348,"column":7}},"type":"if","locations":[{"start":{"line":346,"column":6},"end":{"line":348,"column":7}},{"start":{},"end":{}}]},"50":{"loc":{"start":{"line":346,"column":10},"end":{"line":346,"column":53}},"type":"binary-expr","locations":[{"start":{"line":346,"column":10},"end":{"line":346,"column":22}},{"start":{"line":346,"column":26},"end":{"line":346,"column":53}}]},"51":{"loc":{"start":{"line":364,"column":4},"end":{"line":370,"column":5}},"type":"if","locations":[{"start":{"line":364,"column":4},"end":{"line":370,"column":5}},{"start":{},"end":{}}]},"52":{"loc":{"start":{"line":364,"column":8},"end":{"line":364,"column":74}},"type":"binary-expr","locations":[{"start":{"line":364,"column":8},"end":{"line":364,"column":33}},{"start":{"line":364,"column":37},"end":{"line":364,"column":51}},{"start":{"line":364,"column":55},"end":{"line":364,"column":74}}]},"53":{"loc":{"start":{"line":373,"column":4},"end":{"line":379,"column":5}},"type":"if","locations":[{"start":{"line":373,"column":4},"end":{"line":379,"column":5}},{"start":{},"end":{}}]},"54":{"loc":{"start":{"line":373,"column":8},"end":{"line":373,"column":66}},"type":"binary-expr","locations":[{"start":{"line":373,"column":8},"end":{"line":373,"column":33}},{"start":{"line":373,"column":37},"end":{"line":373,"column":66}}]},"55":{"loc":{"start":{"line":400,"column":35},"end":{"line":400,"column":64}},"type":"binary-expr","locations":[{"start":{"line":400,"column":35},"end":{"line":400,"column":58}},{"start":{"line":400,"column":62},"end":{"line":400,"column":64}}]},"56":{"loc":{"start":{"line":401,"column":33},"end":{"line":401,"column":60}},"type":"binary-expr","locations":[{"start":{"line":401,"column":33},"end":{"line":401,"column":54}},{"start":{"line":401,"column":58},"end":{"line":401,"column":60}}]},"57":{"loc":{"start":{"line":404,"column":4},"end":{"line":410,"column":5}},"type":"if","locations":[{"start":{"line":404,"column":4},"end":{"line":410,"column":5}},{"start":{},"end":{}}]},"58":{"loc":{"start":{"line":418,"column":4},"end":{"line":426,"column":5}},"type":"if","locations":[{"start":{"line":418,"column":4},"end":{"line":426,"column":5}},{"start":{},"end":{}}]},"59":{"loc":{"start":{"line":418,"column":8},"end":{"line":418,"column":45}},"type":"binary-expr","locations":[{"start":{"line":418,"column":8},"end":{"line":418,"column":28}},{"start":{"line":418,"column":32},"end":{"line":418,"column":45}}]},"60":{"loc":{"start":{"line":448,"column":6},"end":{"line":468,"column":7}},"type":"if","locations":[{"start":{"line":448,"column":6},"end":{"line":468,"column":7}},{"start":{},"end":{}}]},"61":{"loc":{"start":{"line":450,"column":8},"end":{"line":458,"column":9}},"type":"if","locations":[{"start":{"line":450,"column":8},"end":{"line":458,"column":9}},{"start":{},"end":{}}]},"62":{"loc":{"start":{"line":452,"column":12},"end":{"line":452,"column":66}},"type":"cond-expr","locations":[{"start":{"line":452,"column":47},"end":{"line":452,"column":54}},{"start":{"line":452,"column":57},"end":{"line":452,"column":66}}]},"63":{"loc":{"start":{"line":461,"column":8},"end":{"line":467,"column":9}},"type":"if","locations":[{"start":{"line":461,"column":8},"end":{"line":467,"column":9}},{"start":{},"end":{}}]},"64":{"loc":{"start":{"line":472,"column":4},"end":{"line":489,"column":5}},"type":"if","locations":[{"start":{"line":472,"column":4},"end":{"line":489,"column":5}},{"start":{},"end":{}}]},"65":{"loc":{"start":{"line":475,"column":8},"end":{"line":487,"column":9}},"type":"if","locations":[{"start":{"line":475,"column":8},"end":{"line":487,"column":9}},{"start":{},"end":{}}]},"66":{"loc":{"start":{"line":476,"column":10},"end":{"line":480,"column":35}},"type":"binary-expr","locations":[{"start":{"line":476,"column":10},"end":{"line":476,"column":35}},{"start":{"line":477,"column":11},"end":{"line":477,"column":38}},{"start":{"line":478,"column":12},"end":{"line":478,"column":39}},{"start":{"line":479,"column":12},"end":{"line":479,"column":41}},{"start":{"line":480,"column":12},"end":{"line":480,"column":34}}]},"67":{"loc":{"start":{"line":529,"column":11},"end":{"line":529,"column":74}},"type":"binary-expr","locations":[{"start":{"line":529,"column":11},"end":{"line":529,"column":27}},{"start":{"line":529,"column":32},"end":{"line":529,"column":52}},{"start":{"line":529,"column":56},"end":{"line":529,"column":73}}]},"68":{"loc":{"start":{"line":554,"column":6},"end":{"line":590,"column":7}},"type":"if","locations":[{"start":{"line":554,"column":6},"end":{"line":590,"column":7}},{"start":{},"end":{}}]},"69":{"loc":{"start":{"line":555,"column":8},"end":{"line":589,"column":9}},"type":"switch","locations":[{"start":{"line":556,"column":10},"end":{"line":558,"column":18}},{"start":{"line":559,"column":10},"end":{"line":568,"column":18}},{"start":{"line":569,"column":10},"end":{"line":575,"column":18}},{"start":{"line":576,"column":10},"end":{"line":588,"column":18}}]},"70":{"loc":{"start":{"line":561,"column":12},"end":{"line":567,"column":13}},"type":"if","locations":[{"start":{"line":561,"column":12},"end":{"line":567,"column":13}},{"start":{},"end":{}}]},"71":{"loc":{"start":{"line":570,"column":12},"end":{"line":574,"column":13}},"type":"if","locations":[{"start":{"line":570,"column":12},"end":{"line":574,"column":13}},{"start":{"line":572,"column":19},"end":{"line":574,"column":13}}]},"72":{"loc":{"start":{"line":577,"column":12},"end":{"line":587,"column":13}},"type":"if","locations":[{"start":{"line":577,"column":12},"end":{"line":587,"column":13}},{"start":{},"end":{}}]},"73":{"loc":{"start":{"line":593,"column":6},"end":{"line":597,"column":7}},"type":"if","locations":[{"start":{"line":593,"column":6},"end":{"line":597,"column":7}},{"start":{},"end":{}}]},"74":{"loc":{"start":{"line":593,"column":10},"end":{"line":593,"column":44}},"type":"binary-expr","locations":[{"start":{"line":593,"column":10},"end":{"line":593,"column":21}},{"start":{"line":593,"column":25},"end":{"line":593,"column":44}}]},"75":{"loc":{"start":{"line":601,"column":61},"end":{"line":601,"column":117}},"type":"cond-expr","locations":[{"start":{"line":601,"column":86},"end":{"line":601,"column":99}},{"start":{"line":601,"column":102},"end":{"line":601,"column":117}}]},"76":{"loc":{"start":{"line":622,"column":4},"end":{"line":628,"column":5}},"type":"if","locations":[{"start":{"line":622,"column":4},"end":{"line":628,"column":5}},{"start":{},"end":{}}]},"77":{"loc":{"start":{"line":622,"column":8},"end":{"line":622,"column":64}},"type":"binary-expr","locations":[{"start":{"line":622,"column":8},"end":{"line":622,"column":37}},{"start":{"line":622,"column":41},"end":{"line":622,"column":64}}]},"78":{"loc":{"start":{"line":630,"column":4},"end":{"line":636,"column":5}},"type":"if","locations":[{"start":{"line":630,"column":4},"end":{"line":636,"column":5}},{"start":{},"end":{}}]},"79":{"loc":{"start":{"line":630,"column":8},"end":{"line":630,"column":64}},"type":"binary-expr","locations":[{"start":{"line":630,"column":8},"end":{"line":630,"column":37}},{"start":{"line":630,"column":41},"end":{"line":630,"column":64}}]},"80":{"loc":{"start":{"line":638,"column":4},"end":{"line":647,"column":5}},"type":"if","locations":[{"start":{"line":638,"column":4},"end":{"line":647,"column":5}},{"start":{},"end":{}}]},"81":{"loc":{"start":{"line":638,"column":8},"end":{"line":638,"column":56}},"type":"binary-expr","locations":[{"start":{"line":638,"column":8},"end":{"line":638,"column":27}},{"start":{"line":638,"column":31},"end":{"line":638,"column":56}}]},"82":{"loc":{"start":{"line":640,"column":6},"end":{"line":646,"column":7}},"type":"if","locations":[{"start":{"line":640,"column":6},"end":{"line":646,"column":7}},{"start":{},"end":{}}]},"83":{"loc":{"start":{"line":649,"column":4},"end":{"line":655,"column":5}},"type":"if","locations":[{"start":{"line":649,"column":4},"end":{"line":655,"column":5}},{"start":{},"end":{}}]},"84":{"loc":{"start":{"line":649,"column":8},"end":{"line":649,"column":61}},"type":"binary-expr","locations":[{"start":{"line":649,"column":8},"end":{"line":649,"column":24}},{"start":{"line":649,"column":28},"end":{"line":649,"column":61}}]}},"s":{"0":0,"1":0,"2":0,"3":0,"4":0,"5":0,"6":0,"7":0,"8":0,"9":0,"10":0,"11":0,"12":0,"13":0,"14":0,"15":0,"16":0,"17":0,"18":0,"19":0,"20":0,"21":0,"22":0,"23":0,"24":0,"25":0,"26":0,"27":0,"28":0,"29":0,"30":0,"31":0,"32":0,"33":0,"34":0,"35":0,"36":0,"37":0,"38":0,"39":0,"40":0,"41":0,"42":0,"43":0,"44":0,"45":0,"46":0,"47":0,"48":0,"49":0,"50":0,"51":0,"52":0,"53":0,"54":0,"55":0,"56":0,"57":0,"58":0,"59":0,"60":0,"61":0,"62":0,"63":0,"64":0,"65":0,"66":0,"67":0,"68":0,"69":0,"70":0,"71":0,"72":0,"73":0,"74":0,"75":0,"76":0,"77":0,"78":0,"79":0,"80":0,"81":0,"82":0,"83":0,"84":0,"85":0,"86":0,"87":0,"88":0,"89":0,"90":0,"91":0,"92":0,"93":0,"94":0,"95":0,"96":0,"97":0,"98":0,"99":0,"100":0,"101":0,"102":0,"103":0,"104":0,"105":0,"106":0,"107":0,"108":0,"109":0,"110":0,"111":0,"112":0,"113":0,"114":0,"115":0,"116":0,"117":0,"118":0,"119":0,"120":0,"121":0,"122":0,"123":0,"124":0,"125":0,"126":0,"127":0,"128":0,"129":0,"130":0,"131":0,"132":0,"133":0,"134":0,"135":0,"136":0,"137":0,"138":0,"139":0,"140":0,"141":0,"142":0,"143":0,"144":0,"145":0,"146":0,"147":0,"148":0,"149":0,"150":0,"151":0,"152":0,"153":0,"154":0,"155":0,"156":0,"157":0,"158":0,"159":0,"160":0},"f":{"0":0,"1":0,"2":0,"3":0,"4":0,"5":0,"6":0,"7":0,"8":0,"9":0,"10":0,"11":0,"12":0,"13":0,"14":0,"15":0,"16":0},"b":{"0":[0,0],"1":[0,0],"2":[0,0],"3":[0,0],"4":[0,0],"5":[0,0],"6":[0,0],"7":[0,0],"8":[0,0],"9":[0,0],"10":[0,0],"11":[0,0],"12":[0,0],"13":[0,0],"14":[0,0],"15":[0,0],"16":[0,0],"17":[0,0],"18":[0,0],"19":[0,0],"20":[0,0],"21":[0,0],"22":[0,0],"23":[0,0],"24":[0,0],"25":[0,0],"26":[0,0],"27":[0,0],"28":[0,0],"29":[0,0],"30":[0,0],"31":[0,0],"32":[0,0],"33":[0,0],"34":[0,0],"35":[0,0],"36":[0,0],"37":[0,0],"38":[0,0],"39":[0,0],"40":[0,0],"41":[0,0],"42":[0,0],"43":[0,0],"44":[0,0],"45":[0,0],"46":[0,0],"47":[0,0,0],"48":[0,0],"49":[0,0],"50":[0,0],"51":[0,0],"52":[0,0,0],"53":[0,0],"54":[0,0],"55":[0,0],"56":[0,0],"57":[0,0],"58":[0,0],"59":[0,0],"60":[0,0],"61":[0,0],"62":[0,0],"63":[0,0],"64":[0,0],"65":[0,0],"66":[0,0,0,0,0],"67":[0,0,0],"68":[0,0],"69":[0,0,0,0],"70":[0,0],"71":[0,0],"72":[0,0],"73":[0,0],"74":[0,0],"75":[0,0],"76":[0,0],"77":[0,0],"78":[0,0],"79":[0,0],"80":[0,0],"81":[0,0],"82":[0,0],"83":[0,0],"84":[0,0]}}
,"/Users/ouzy/Documents/DevProjects/SmartSub-OpenVINO-dev/main/service/volc.ts": {"path":"/Users/ouzy/Documents/DevProjects/SmartSub-OpenVINO-dev/main/service/volc.ts","statementMap":{"0":{"start":{"line":7,"column":0},"end":{"line":7,"column":15}},"1":{"start":{"line":1,"column":0},"end":{"line":1,"column":46}},"2":{"start":{"line":2,"column":0},"end":{"line":2,"column":55}},"3":{"start":{"line":13,"column":56},"end":{"line":13,"column":67}},"4":{"start":{"line":14,"column":2},"end":{"line":17,"column":3}},"5":{"start":{"line":15,"column":4},"end":{"line":15,"column":45}},"6":{"start":{"line":16,"column":4},"end":{"line":16,"column":42}},"7":{"start":{"line":18,"column":31},"end":{"line":18,"column":74}},"8":{"start":{"line":19,"column":31},"end":{"line":19,"column":74}},"9":{"start":{"line":20,"column":2},"end":{"line":23,"column":3}},"10":{"start":{"line":21,"column":4},"end":{"line":21,"column":26}},"11":{"start":{"line":22,"column":4},"end":{"line":22,"column":46}},"12":{"start":{"line":24,"column":2},"end":{"line":37,"column":3}},"13":{"start":{"line":25,"column":4},"end":{"line":31,"column":7}},"14":{"start":{"line":32,"column":4},"end":{"line":36,"column":7}},"15":{"start":{"line":38,"column":19},"end":{"line":42,"column":4}},"16":{"start":{"line":43,"column":2},"end":{"line":56,"column":3}},"17":{"start":{"line":44,"column":16},"end":{"line":44,"column":44}},"18":{"start":{"line":45,"column":4},"end":{"line":47,"column":5}},"19":{"start":{"line":46,"column":6},"end":{"line":46,"column":68}},"20":{"start":{"line":50,"column":4},"end":{"line":52,"column":5}},"21":{"start":{"line":51,"column":6},"end":{"line":51,"column":65}},"22":{"start":{"line":51,"column":47},"end":{"line":51,"column":63}},"23":{"start":{"line":53,"column":4},"end":{"line":53,"column":46}},"24":{"start":{"line":55,"column":4},"end":{"line":55,"column":46}}},"fnMap":{"0":{"name":"translate","decl":{"start":{"line":7,"column":30},"end":{"line":7,"column":39}},"loc":{"start":{"line":11,"column":16},"end":{"line":57,"column":1}}},"1":{"name":"(anonymous_1)","decl":{"start":{"line":51,"column":37},"end":{"line":51,"column":38}},"loc":{"start":{"line":51,"column":47},"end":{"line":51,"column":63}}}},"branchMap":{"0":{"loc":{"start":{"line":13,"column":56},"end":{"line":13,"column":67}},"type":"binary-expr","locations":[{"start":{"line":13,"column":56},"end":{"line":13,"column":61}},{"start":{"line":13,"column":65},"end":{"line":13,"column":67}}]},"1":{"loc":{"start":{"line":14,"column":2},"end":{"line":17,"column":3}},"type":"if","locations":[{"start":{"line":14,"column":2},"end":{"line":17,"column":3}},{"start":{},"end":{}}]},"2":{"loc":{"start":{"line":14,"column":6},"end":{"line":14,"column":32}},"type":"binary-expr","locations":[{"start":{"line":14,"column":6},"end":{"line":14,"column":18}},{"start":{"line":14,"column":22},"end":{"line":14,"column":32}}]},"3":{"loc":{"start":{"line":20,"column":2},"end":{"line":23,"column":3}},"type":"if","locations":[{"start":{"line":20,"column":2},"end":{"line":23,"column":3}},{"start":{},"end":{}}]},"4":{"loc":{"start":{"line":20,"column":6},"end":{"line":20,"column":52}},"type":"binary-expr","locations":[{"start":{"line":20,"column":6},"end":{"line":20,"column":27}},{"start":{"line":20,"column":31},"end":{"line":20,"column":52}}]},"5":{"loc":{"start":{"line":24,"column":2},"end":{"line":37,"column":3}},"type":"if","locations":[{"start":{"line":24,"column":2},"end":{"line":37,"column":3}},{"start":{},"end":{}}]},"6":{"loc":{"start":{"line":24,"column":6},"end":{"line":24,"column":27}},"type":"binary-expr","locations":[{"start":{"line":24,"column":6},"end":{"line":24,"column":14}},{"start":{"line":24,"column":18},"end":{"line":24,"column":27}}]},"7":{"loc":{"start":{"line":39,"column":20},"end":{"line":39,"column":85}},"type":"cond-expr","locations":[{"start":{"line":39,"column":53},"end":{"line":39,"column":62}},{"start":{"line":39,"column":65},"end":{"line":39,"column":85}}]},"8":{"loc":{"start":{"line":41,"column":14},"end":{"line":41,"column":52}},"type":"cond-expr","locations":[{"start":{"line":41,"column":37},"end":{"line":41,"column":42}},{"start":{"line":41,"column":45},"end":{"line":41,"column":52}}]},"9":{"loc":{"start":{"line":45,"column":4},"end":{"line":47,"column":5}},"type":"if","locations":[{"start":{"line":45,"column":4},"end":{"line":47,"column":5}},{"start":{},"end":{}}]},"10":{"loc":{"start":{"line":46,"column":22},"end":{"line":46,"column":66}},"type":"binary-expr","locations":[{"start":{"line":46,"column":22},"end":{"line":46,"column":56}},{"start":{"line":46,"column":60},"end":{"line":46,"column":66}}]},"11":{"loc":{"start":{"line":50,"column":4},"end":{"line":52,"column":5}},"type":"if","locations":[{"start":{"line":50,"column":4},"end":{"line":52,"column":5}},{"start":{},"end":{}}]},"12":{"loc":{"start":{"line":55,"column":20},"end":{"line":55,"column":44}},"type":"binary-expr","locations":[{"start":{"line":55,"column":20},"end":{"line":55,"column":34}},{"start":{"line":55,"column":38},"end":{"line":55,"column":44}}]}},"s":{"0":0,"1":0,"2":0,"3":0,"4":0,"5":0,"6":0,"7":0,"8":0,"9":0,"10":0,"11":0,"12":0,"13":0,"14":0,"15":0,"16":0,"17":0,"18":0,"19":0,"20":0,"21":0,"22":0,"23":0,"24":0},"f":{"0":0,"1":0},"b":{"0":[0,0],"1":[0,0],"2":[0,0],"3":[0,0],"4":[0,0],"5":[0,0],"6":[0,0],"7":[0,0],"8":[0,0],"9":[0,0],"10":[0,0],"11":[0,0],"12":[0,0]}}
}
