TN:
SF:main/background.ts
FN:25,(anonymous_1)
FN:29,(anonymous_2)
FN:64,(anonymous_3)
FN:83,(anonymous_4)
FNF:4
FNH:0
FNDA:0,(anonymous_1)
FNDA:0,(anonymous_2)
FNDA:0,(anonymous_3)
FNDA:0,(anonymous_4)
DA:1,0
DA:2,0
DA:4,0
DA:5,0
DA:6,0
DA:7,0
DA:8,0
DA:9,0
DA:10,0
DA:11,0
DA:12,0
DA:13,0
DA:17,0
DA:19,0
DA:20,0
DA:22,0
DA:25,0
DA:26,0
DA:29,0
DA:30,0
DA:31,0
DA:32,0
DA:33,0
DA:35,0
DA:36,0
DA:40,0
DA:41,0
DA:44,0
DA:45,0
DA:46,0
DA:48,0
DA:51,0
DA:52,0
DA:54,0
DA:64,0
DA:65,0
DA:68,0
DA:69,0
DA:71,0
DA:72,0
DA:73,0
DA:76,0
DA:77,0
DA:78,0
DA:79,0
DA:80,0
DA:83,0
DA:84,0
LF:48
LH:0
BRDA:19,0,0,0
BRDA:19,0,1,0
BRDA:52,1,0,0
BRDA:52,1,1,0
BRDA:68,2,0,0
BRDA:68,2,1,0
BRF:6
BRH:0
end_of_record
TN:
SF:main/preload.ts
FN:4,(anonymous_0)
FN:7,(anonymous_1)
FN:10,(anonymous_2)
FN:11,(anonymous_3)
FN:15,(anonymous_4)
FNF:5
FNH:0
FNDA:0,(anonymous_0)
FNDA:0,(anonymous_1)
FNDA:0,(anonymous_2)
FNDA:0,(anonymous_3)
FNDA:0,(anonymous_4)
DA:1,0
DA:3,0
DA:5,0
DA:8,0
DA:11,0
DA:12,0
DA:13,0
DA:15,0
DA:16,0
DA:21,0
LF:10
LH:0
BRF:0
BRH:0
end_of_record
TN:
SF:main/hardware/gpuClassification.ts
FN:18,(anonymous_0)
FN:41,(anonymous_1)
FN:46,(anonymous_2)
FN:51,(anonymous_3)
FN:52,(anonymous_4)
FN:57,(anonymous_5)
FN:83,(anonymous_6)
FN:102,(anonymous_7)
FN:136,(anonymous_8)
FN:149,(anonymous_9)
FN:174,(anonymous_10)
FN:180,(anonymous_11)
FN:210,(anonymous_12)
FN:215,(anonymous_13)
FN:216,(anonymous_14)
FN:223,(anonymous_15)
FN:233,(anonymous_16)
FN:279,(anonymous_17)
FN:321,(anonymous_18)
FN:332,(anonymous_19)
FNF:20
FNH:19
FNDA:26,(anonymous_0)
FNDA:8,(anonymous_1)
FNDA:18,(anonymous_2)
FNDA:9,(anonymous_3)
FNDA:9,(anonymous_4)
FNDA:8,(anonymous_5)
FNDA:14,(anonymous_6)
FNDA:38,(anonymous_7)
FNDA:2,(anonymous_8)
FNDA:6,(anonymous_9)
FNDA:2,(anonymous_10)
FNDA:6,(anonymous_11)
FNDA:2,(anonymous_12)
FNDA:6,(anonymous_13)
FNDA:0,(anonymous_14)
FNDA:6,(anonymous_15)
FNDA:9,(anonymous_16)
FNDA:4,(anonymous_17)
FNDA:2,(anonymous_18)
FNDA:9,(anonymous_19)
DA:18,1
DA:19,26
DA:25,26
DA:31,26
DA:43,8
DA:46,18
DA:47,3
DA:51,9
DA:52,9
DA:53,3
DA:57,8
DA:58,0
DA:62,2
DA:65,2
DA:66,0
DA:69,2
DA:73,0
DA:77,2
DA:84,14
DA:86,14
DA:87,14
DA:90,14
DA:91,7
DA:94,7
DA:95,5
DA:96,4
DA:97,3
DA:98,2
DA:102,38
DA:103,2
DA:107,14
DA:108,2
DA:111,14
DA:112,1
DA:113,1
DA:116,14
DA:117,1
DA:120,14
DA:121,1
DA:125,14
DA:126,13
DA:127,13
DA:128,13
DA:130,14
DA:137,2
DA:139,2
DA:142,2
DA:143,0
DA:147,2
DA:149,6
DA:150,0
DA:154,2
DA:155,0
DA:159,2
DA:160,0
DA:164,2
DA:165,0
DA:168,2
DA:175,2
DA:177,2
DA:180,6
DA:181,0
DA:185,2
DA:186,0
DA:190,2
DA:191,0
DA:195,2
DA:196,0
DA:200,2
DA:201,0
DA:204,2
DA:211,2
DA:212,2
DA:215,6
DA:216,0
DA:218,2
DA:223,6
DA:234,9
DA:235,9
DA:236,9
DA:237,9
DA:240,9
DA:241,8
DA:242,1
DA:243,1
DA:244,1
DA:248,8
DA:249,0
DA:250,0
DA:254,8
DA:257,8
DA:258,4
DA:259,2
DA:260,2
DA:261,2
DA:262,0
DA:263,0
DA:265,2
DA:266,2
DA:270,4
DA:274,8
DA:275,4
DA:276,4
DA:278,4
DA:279,4
DA:280,4
DA:282,0
DA:287,8
DA:289,4
DA:290,4
DA:292,4
DA:293,4
DA:295,0
DA:296,0
DA:297,0
DA:301,8
DA:302,8
DA:304,0
DA:307,8
DA:309,8
DA:322,2
DA:323,2
DA:339,9
DA:353,1
LF:124
LH:101
BRDA:43,0,0,0
BRDA:43,0,1,8
BRDA:46,1,0,3
BRDA:46,1,1,5
BRDA:51,2,0,3
BRDA:51,2,1,2
BRDA:51,3,0,5
BRDA:51,3,1,3
BRDA:57,4,0,0
BRDA:57,4,1,2
BRDA:65,5,0,0
BRDA:65,5,1,2
BRDA:65,6,0,2
BRDA:65,6,1,0
BRDA:69,7,0,0
BRDA:69,7,1,2
BRDA:69,8,0,2
BRDA:69,8,1,2
BRDA:69,8,2,2
BRDA:69,8,3,2
BRDA:84,9,0,0
BRDA:84,9,1,14
BRDA:90,10,0,7
BRDA:90,10,1,7
BRDA:94,11,0,2
BRDA:94,11,1,5
BRDA:95,12,0,1
BRDA:95,12,1,4
BRDA:96,13,0,1
BRDA:96,13,1,3
BRDA:97,14,0,1
BRDA:97,14,1,2
BRDA:98,15,0,0
BRDA:98,15,1,2
BRDA:102,16,0,2
BRDA:102,16,1,12
BRDA:107,17,0,2
BRDA:107,17,1,12
BRDA:111,18,0,1
BRDA:111,18,1,13
BRDA:113,19,0,0
BRDA:113,19,1,1
BRDA:116,20,0,1
BRDA:116,20,1,13
BRDA:120,21,0,1
BRDA:120,21,1,13
BRDA:125,22,0,1
BRDA:125,22,1,13
BRDA:126,23,0,0
BRDA:126,23,1,13
BRDA:127,24,0,0
BRDA:127,24,1,13
BRDA:128,25,0,0
BRDA:128,25,1,13
BRDA:137,26,0,0
BRDA:137,26,1,2
BRDA:142,27,0,0
BRDA:142,27,1,2
BRDA:142,28,0,2
BRDA:142,28,1,2
BRDA:147,29,0,0
BRDA:147,29,1,2
BRDA:147,30,0,2
BRDA:147,30,1,2
BRDA:147,30,2,2
BRDA:154,31,0,0
BRDA:154,31,1,2
BRDA:154,32,0,2
BRDA:154,32,1,0
BRDA:159,33,0,0
BRDA:159,33,1,2
BRDA:159,34,0,2
BRDA:159,34,1,2
BRDA:164,35,0,0
BRDA:164,35,1,2
BRDA:175,36,0,0
BRDA:175,36,1,2
BRDA:180,37,0,0
BRDA:180,37,1,2
BRDA:185,38,0,0
BRDA:185,38,1,2
BRDA:185,39,0,2
BRDA:185,39,1,2
BRDA:190,40,0,0
BRDA:190,40,1,2
BRDA:190,41,0,2
BRDA:190,41,1,2
BRDA:195,42,0,0
BRDA:195,42,1,2
BRDA:195,43,0,2
BRDA:195,43,1,2
BRDA:195,43,2,2
BRDA:200,44,0,0
BRDA:200,44,1,2
BRDA:200,45,0,2
BRDA:200,45,1,2
BRDA:215,46,0,2
BRDA:215,46,1,0
BRDA:240,47,0,8
BRDA:240,47,1,1
BRDA:240,48,0,9
BRDA:240,48,1,8
BRDA:242,49,0,1
BRDA:242,49,1,0
BRDA:248,50,0,0
BRDA:248,50,1,8
BRDA:257,51,0,4
BRDA:257,51,1,4
BRDA:257,52,0,8
BRDA:257,52,1,4
BRDA:258,53,0,2
BRDA:258,53,1,2
BRDA:258,54,0,4
BRDA:258,54,1,2
BRDA:261,55,0,0
BRDA:261,55,1,2
BRDA:261,56,0,2
BRDA:261,56,1,0
BRDA:274,57,0,4
BRDA:274,57,1,4
BRDA:279,58,0,4
BRDA:279,58,1,0
BRDA:287,59,0,4
BRDA:287,59,1,4
BRDA:287,59,2,0
BRDA:301,60,0,8
BRDA:301,60,1,0
BRDA:301,61,0,8
BRDA:301,61,1,8
BRDA:307,62,0,8
BRDA:307,62,1,8
BRDA:323,63,0,2
BRDA:323,63,1,2
BRDA:323,63,2,2
BRDA:323,63,3,2
BRF:135
BRH:103
end_of_record
TN:
SF:main/hardware/hardwareDetection.ts
FN:45,(anonymous_0)
FN:58,(anonymous_1)
FN:68,(anonymous_2)
FN:83,(anonymous_3)
FN:84,(anonymous_4)
FN:85,(anonymous_5)
FN:146,(anonymous_6)
FN:154,(anonymous_7)
FN:172,(anonymous_8)
FN:181,(anonymous_9)
FN:189,(anonymous_10)
FN:197,(anonymous_11)
FN:206,(anonymous_12)
FN:231,(anonymous_13)
FN:235,(anonymous_14)
FN:236,(anonymous_15)
FN:237,(anonymous_16)
FN:256,(anonymous_17)
FN:260,(anonymous_18)
FN:273,(anonymous_19)
FN:274,(anonymous_20)
FN:285,(anonymous_21)
FN:299,(anonymous_22)
FN:311,(anonymous_23)
FN:332,(anonymous_24)
FN:336,(anonymous_25)
FN:343,(anonymous_26)
FN:351,(anonymous_27)
FN:363,(anonymous_28)
FN:368,(anonymous_29)
FN:375,(anonymous_30)
FN:380,(anonymous_31)
FN:389,detectAvailableGPUs
FN:393,enumerateIntelGPUs
FN:397,checkOpenVINOSupport
FN:401,validateGPUCompatibility
FN:405,classifyIntelGPUType
FN:409,getIntelGPUPriority
FN:413,validateOpenVINOVersion
FNF:39
FNH:36
FNDA:1,(anonymous_0)
FNDA:38,(anonymous_1)
FNDA:31,(anonymous_2)
FNDA:1,(anonymous_3)
FNDA:1,(anonymous_4)
FNDA:1,(anonymous_5)
FNDA:12,(anonymous_6)
FNDA:4,(anonymous_7)
FNDA:9,(anonymous_8)
FNDA:6,(anonymous_9)
FNDA:10,(anonymous_10)
FNDA:6,(anonymous_11)
FNDA:1,(anonymous_12)
FNDA:30,(anonymous_13)
FNDA:120,(anonymous_14)
FNDA:120,(anonymous_15)
FNDA:120,(anonymous_16)
FNDA:31,(anonymous_17)
FNDA:150,(anonymous_18)
FNDA:93,(anonymous_19)
FNDA:150,(anonymous_20)
FNDA:0,(anonymous_21)
FNDA:1,(anonymous_22)
FNDA:6,(anonymous_23)
FNDA:1,(anonymous_24)
FNDA:0,(anonymous_25)
FNDA:32,(anonymous_26)
FNDA:1,(anonymous_27)
FNDA:111,(anonymous_28)
FNDA:0,(anonymous_29)
FNDA:41,(anonymous_30)
FNDA:3,(anonymous_31)
FNDA:19,detectAvailableGPUs
FNDA:12,enumerateIntelGPUs
FNDA:4,checkOpenVINOSupport
FNDA:9,validateGPUCompatibility
FNDA:6,classifyIntelGPUType
FNDA:10,getIntelGPUPriority
FNDA:6,validateOpenVINOVersion
DA:12,1
DA:23,1
DA:24,1
DA:25,1
DA:28,1
DA:29,1
DA:30,1
DA:31,1
DA:32,1
DA:38,1
DA:41,1
DA:43,1
DA:46,1
DA:59,38
DA:60,1
DA:62,38
DA:69,31
DA:70,31
DA:72,31
DA:74,31
DA:75,30
DA:79,1
DA:80,1
DA:83,1
DA:84,1
DA:85,1
DA:88,1
DA:91,1
DA:92,1
DA:93,0
DA:97,1
DA:99,1
DA:112,1
DA:113,1
DA:115,1
DA:120,1
DA:123,0
DA:124,0
DA:126,0
DA:128,0
DA:147,12
DA:148,12
DA:155,4
DA:156,4
DA:159,0
DA:160,0
DA:161,0
DA:162,0
DA:164,0
DA:165,0
DA:173,9
DA:174,9
DA:175,9
DA:182,6
DA:183,6
DA:190,10
DA:191,10
DA:199,6
DA:200,6
DA:207,1
DA:209,0
DA:210,0
DA:211,0
DA:214,0
DA:215,0
DA:216,0
DA:219,1
DA:220,1
DA:221,1
DA:224,0
DA:232,30
DA:233,30
DA:235,120
DA:236,120
DA:237,120
DA:239,30
DA:257,31
DA:260,31
DA:261,150
DA:263,0
DA:264,0
DA:267,31
DA:274,93
DA:275,150
DA:277,0
DA:278,0
DA:286,0
DA:287,0
DA:288,0
DA:289,0
DA:291,0
DA:292,0
DA:300,1
DA:301,0
DA:302,0
DA:303,1
DA:304,0
DA:312,6
DA:313,6
DA:315,6
DA:317,6
DA:318,10
DA:319,10
DA:321,10
DA:322,5
DA:326,1
DA:333,1
DA:337,0
DA:338,0
DA:339,0
DA:344,32
DA:351,32
DA:352,1
DA:353,1
DA:355,0
DA:364,111
DA:365,111
DA:369,0
DA:376,41
DA:377,41
DA:381,3
DA:386,1
DA:389,1
DA:390,19
DA:393,1
DA:394,12
DA:397,1
DA:398,4
DA:401,1
DA:402,9
DA:405,1
DA:406,6
DA:409,1
DA:410,10
DA:413,1
DA:414,6
LF:136
LH:100
BRDA:59,0,0,1
BRDA:59,0,1,37
BRDA:74,1,0,30
BRDA:74,1,1,1
BRDA:92,2,0,0
BRDA:92,2,1,1
BRDA:92,3,0,1
BRDA:92,3,1,1
BRDA:155,4,0,4
BRDA:155,4,1,0
BRDA:162,5,0,0
BRDA:162,5,1,0
BRDA:207,6,0,0
BRDA:207,6,1,0
BRDA:207,6,2,1
BRDA:207,6,3,0
BRDA:211,7,0,0
BRDA:211,7,1,0
BRDA:211,8,0,0
BRDA:211,8,1,0
BRDA:216,9,0,0
BRDA:216,9,1,0
BRDA:216,10,0,0
BRDA:216,10,1,0
BRDA:221,11,0,1
BRDA:221,11,1,0
BRDA:221,12,0,1
BRDA:221,12,1,0
BRDA:257,13,0,0
BRDA:257,13,1,31
BRDA:261,14,0,150
BRDA:261,14,1,0
BRDA:275,15,0,150
BRDA:275,15,1,0
BRDA:289,16,0,0
BRDA:289,16,1,0
BRDA:300,17,0,0
BRDA:300,17,1,0
BRDA:300,17,2,1
BRDA:300,17,3,0
BRDA:318,18,0,10
BRDA:318,18,1,1
BRDA:319,19,0,10
BRDA:319,19,1,1
BRDA:321,20,0,5
BRDA:321,20,1,5
BRDA:338,21,0,0
BRDA:338,21,1,0
BRDA:369,22,0,0
BRDA:369,22,1,0
BRF:50
BRH:21
end_of_record
TN:
SF:main/hardware/linuxDetection.ts
FN:26,(anonymous_1)
FN:32,(anonymous_2)
FN:58,(anonymous_3)
FN:79,(anonymous_4)
FN:83,(anonymous_5)
FN:113,(anonymous_6)
FN:132,(anonymous_7)
FN:187,(anonymous_8)
FN:213,(anonymous_9)
FN:230,(anonymous_10)
FN:232,(anonymous_11)
FN:238,(anonymous_12)
FN:307,(anonymous_13)
FN:325,(anonymous_14)
FN:350,(anonymous_15)
FN:370,(anonymous_16)
FN:377,(anonymous_17)
FN:392,(anonymous_18)
FNF:18
FNH:0
FNDA:0,(anonymous_1)
FNDA:0,(anonymous_2)
FNDA:0,(anonymous_3)
FNDA:0,(anonymous_4)
FNDA:0,(anonymous_5)
FNDA:0,(anonymous_6)
FNDA:0,(anonymous_7)
FNDA:0,(anonymous_8)
FNDA:0,(anonymous_9)
FNDA:0,(anonymous_10)
FNDA:0,(anonymous_11)
FNDA:0,(anonymous_12)
FNDA:0,(anonymous_13)
FNDA:0,(anonymous_14)
FNDA:0,(anonymous_15)
FNDA:0,(anonymous_16)
FNDA:0,(anonymous_17)
FNDA:0,(anonymous_18)
DA:11,1
DA:12,1
DA:13,1
DA:14,1
DA:21,1
DA:22,1
DA:24,1
DA:26,1
DA:27,0
DA:33,0
DA:35,0
DA:36,0
DA:39,0
DA:45,0
DA:48,0
DA:49,0
DA:53,0
DA:54,0
DA:57,0
DA:58,0
DA:59,0
DA:63,0
DA:64,0
DA:67,0
DA:73,0
DA:75,0
DA:79,0
DA:80,0
DA:83,0
DA:84,0
DA:86,0
DA:87,0
DA:89,0
DA:97,0
DA:98,0
DA:100,0
DA:114,0
DA:116,0
DA:121,0
DA:124,0
DA:125,0
DA:133,0
DA:134,0
DA:135,0
DA:137,0
DA:139,0
DA:140,0
DA:142,0
DA:144,0
DA:145,0
DA:147,0
DA:148,0
DA:150,0
DA:173,0
DA:176,0
DA:179,0
DA:180,0
DA:188,0
DA:190,0
DA:192,0
DA:193,0
DA:194,0
DA:200,0
DA:201,0
DA:202,0
DA:203,0
DA:204,0
DA:211,0
DA:212,0
DA:213,0
DA:214,0
DA:219,0
DA:222,0
DA:223,0
DA:231,0
DA:232,0
DA:233,0
DA:236,0
DA:237,0
DA:238,0
DA:240,0
DA:241,0
DA:242,0
DA:243,0
DA:244,0
DA:246,0
DA:248,0
DA:249,0
DA:250,0
DA:251,0
DA:252,0
DA:257,0
DA:258,0
DA:262,0
DA:263,0
DA:267,0
DA:268,0
DA:269,0
DA:270,0
DA:272,0
DA:296,0
DA:301,0
DA:308,0
DA:310,0
DA:311,0
DA:314,0
DA:315,0
DA:319,0
DA:326,0
DA:328,0
DA:330,0
DA:331,0
DA:333,0
DA:336,0
DA:337,0
DA:340,0
DA:341,0
DA:344,0
DA:352,0
DA:353,0
DA:357,0
DA:358,0
DA:362,0
DA:363,0
DA:371,0
DA:373,0
DA:374,0
DA:376,0
DA:377,0
DA:378,0
DA:383,0
DA:384,0
DA:393,0
DA:395,0
DA:396,0
DA:397,0
DA:399,0
DA:402,0
DA:403,0
DA:404,0
DA:408,0
DA:409,0
DA:413,0
DA:416,0
DA:417,0
DA:421,0
LF:146
LH:8
BRDA:48,0,0,0
BRDA:48,0,1,0
BRDA:48,1,0,0
BRDA:48,1,1,0
BRDA:53,2,0,0
BRDA:53,2,1,0
BRDA:53,3,0,0
BRDA:53,3,1,0
BRDA:59,4,0,0
BRDA:59,4,1,0
BRDA:63,5,0,0
BRDA:63,5,1,0
BRDA:73,6,0,0
BRDA:73,6,1,0
BRDA:73,7,0,0
BRDA:73,7,1,0
BRDA:135,8,0,0
BRDA:135,8,1,0
BRDA:142,9,0,0
BRDA:142,9,1,0
BRDA:145,10,0,0
BRDA:145,10,1,0
BRDA:148,11,0,0
BRDA:148,11,1,0
BRDA:153,12,0,0
BRDA:153,12,1,0
BRDA:155,13,0,0
BRDA:155,13,1,0
BRDA:157,14,0,0
BRDA:157,14,1,0
BRDA:203,15,0,0
BRDA:203,15,1,0
BRDA:233,16,0,0
BRDA:233,16,1,0
BRDA:233,16,2,0
BRDA:248,17,0,0
BRDA:248,17,1,0
BRDA:248,18,0,0
BRDA:248,18,1,0
BRDA:248,18,2,0
BRDA:250,19,0,0
BRDA:250,19,1,0
BRDA:257,20,0,0
BRDA:257,20,1,0
BRDA:262,21,0,0
BRDA:262,21,1,0
BRDA:267,22,0,0
BRDA:267,22,1,0
BRDA:269,23,0,0
BRDA:269,23,1,0
BRDA:275,24,0,0
BRDA:275,24,1,0
BRDA:279,25,0,0
BRDA:279,25,1,0
BRDA:310,26,0,0
BRDA:310,26,1,0
BRDA:310,27,0,0
BRDA:310,27,1,0
BRDA:310,27,2,0
BRDA:310,27,3,0
BRDA:314,28,0,0
BRDA:314,28,1,0
BRDA:314,29,0,0
BRDA:314,29,1,0
BRDA:314,29,2,0
BRDA:314,29,3,0
BRDA:314,29,4,0
BRDA:328,30,0,0
BRDA:328,30,1,0
BRDA:330,31,0,0
BRDA:330,31,1,0
BRDA:336,32,0,0
BRDA:336,32,1,0
BRDA:340,33,0,0
BRDA:340,33,1,0
BRDA:340,34,0,0
BRDA:340,34,1,0
BRDA:352,35,0,0
BRDA:352,35,1,0
BRDA:352,36,0,0
BRDA:352,36,1,0
BRDA:352,36,2,0
BRDA:357,37,0,0
BRDA:357,37,1,0
BRDA:357,38,0,0
BRDA:357,38,1,0
BRDA:362,39,0,0
BRDA:362,39,1,0
BRDA:371,40,0,0
BRDA:371,40,1,0
BRDA:374,41,0,0
BRDA:374,41,1,0
BRDA:376,42,0,0
BRDA:376,42,1,0
BRDA:376,43,0,0
BRDA:376,43,1,0
BRDA:377,44,0,0
BRDA:377,44,1,0
BRDA:378,45,0,0
BRDA:378,45,1,0
BRDA:383,46,0,0
BRDA:383,46,1,0
BRDA:384,47,0,0
BRDA:384,47,1,0
BRDA:397,48,0,0
BRDA:397,48,1,0
BRDA:399,49,0,0
BRDA:399,49,1,0
BRDA:402,50,0,0
BRDA:402,50,1,0
BRDA:408,51,0,0
BRDA:408,51,1,0
BRF:112
BRH:0
end_of_record
TN:
SF:main/hardware/macosDetection.ts
FN:25,(anonymous_1)
FN:31,(anonymous_2)
FN:62,(anonymous_3)
FN:105,(anonymous_4)
FN:130,(anonymous_5)
FN:181,(anonymous_6)
FN:199,(anonymous_7)
FN:262,(anonymous_8)
FN:283,(anonymous_9)
FN:303,(anonymous_10)
FNF:10
FNH:9
FNDA:1,(anonymous_1)
FNDA:1,(anonymous_2)
FNDA:1,(anonymous_3)
FNDA:0,(anonymous_4)
FNDA:1,(anonymous_5)
FNDA:1,(anonymous_6)
FNDA:1,(anonymous_7)
FNDA:2,(anonymous_8)
FNDA:1,(anonymous_9)
FNDA:1,(anonymous_10)
DA:11,1
DA:12,1
DA:13,1
DA:19,1
DA:20,1
DA:21,1
DA:23,1
DA:25,1
DA:26,1
DA:32,1
DA:34,1
DA:35,1
DA:38,1
DA:39,0
DA:40,0
DA:44,1
DA:49,1
DA:52,1
DA:53,1
DA:57,1
DA:58,1
DA:61,1
DA:62,1
DA:63,1
DA:66,1
DA:67,0
DA:70,1
DA:76,1
DA:78,1
DA:79,1
DA:81,1
DA:89,0
DA:90,0
DA:92,0
DA:106,0
DA:107,0
DA:109,0
DA:117,0
DA:131,1
DA:132,1
DA:133,1
DA:135,1
DA:137,1
DA:138,1
DA:140,1
DA:142,1
DA:143,1
DA:145,1
DA:146,1
DA:148,1
DA:167,1
DA:170,1
DA:173,0
DA:174,0
DA:182,1
DA:183,1
DA:188,1
DA:191,0
DA:192,0
DA:200,1
DA:201,1
DA:202,1
DA:204,1
DA:206,1
DA:207,1
DA:209,1
DA:211,1
DA:212,1
DA:214,1
DA:217,1
DA:218,1
DA:219,0
DA:220,1
DA:221,0
DA:222,0
DA:223,0
DA:224,0
DA:225,0
DA:229,1
DA:248,1
DA:251,1
DA:254,0
DA:255,0
DA:263,2
DA:265,2
DA:266,0
DA:269,2
DA:270,0
DA:273,2
DA:274,2
DA:277,0
DA:285,1
DA:286,0
DA:290,1
DA:291,0
DA:295,1
DA:296,0
DA:304,1
DA:306,1
DA:307,1
DA:309,1
DA:311,1
DA:312,1
DA:313,1
DA:316,1
DA:319,0
DA:320,0
DA:323,1
DA:326,0
DA:327,0
DA:330,1
DA:333,0
DA:334,0
DA:338,1
LF:114
LH:80
BRDA:38,0,0,0
BRDA:38,0,1,1
BRDA:52,1,0,1
BRDA:52,1,1,0
BRDA:52,2,0,1
BRDA:52,2,1,1
BRDA:57,3,0,1
BRDA:57,3,1,0
BRDA:57,4,0,1
BRDA:57,4,1,1
BRDA:66,5,0,0
BRDA:66,5,1,1
BRDA:133,6,0,1
BRDA:133,6,1,0
BRDA:140,7,0,0
BRDA:140,7,1,1
BRDA:143,8,0,0
BRDA:143,8,1,1
BRDA:146,9,0,0
BRDA:146,9,1,1
BRDA:151,10,0,0
BRDA:151,10,1,1
BRDA:153,11,0,1
BRDA:153,11,1,1
BRDA:155,12,0,1
BRDA:155,12,1,1
BRDA:202,13,0,1
BRDA:202,13,1,0
BRDA:209,14,0,0
BRDA:209,14,1,1
BRDA:212,15,0,0
BRDA:212,15,1,1
BRDA:218,16,0,0
BRDA:218,16,1,1
BRDA:220,17,0,0
BRDA:220,17,1,1
BRDA:223,18,0,0
BRDA:223,18,1,0
BRDA:225,19,0,0
BRDA:225,19,1,0
BRDA:232,20,0,0
BRDA:232,20,1,1
BRDA:234,21,0,1
BRDA:234,21,1,1
BRDA:236,22,0,1
BRDA:236,22,1,1
BRDA:265,23,0,0
BRDA:265,23,1,2
BRDA:265,24,0,2
BRDA:265,24,1,2
BRDA:265,24,2,2
BRDA:265,24,3,2
BRDA:269,25,0,0
BRDA:269,25,1,2
BRDA:269,26,0,2
BRDA:269,26,1,2
BRDA:269,26,2,2
BRDA:269,26,3,2
BRDA:269,26,4,2
BRDA:273,27,0,2
BRDA:273,27,1,0
BRDA:273,28,0,2
BRDA:273,28,1,0
BRDA:273,28,2,0
BRDA:273,28,3,0
BRDA:273,28,4,0
BRDA:285,29,0,0
BRDA:285,29,1,1
BRDA:285,30,0,1
BRDA:285,30,1,1
BRDA:285,30,2,0
BRDA:290,31,0,0
BRDA:290,31,1,1
BRDA:290,32,0,1
BRDA:290,32,1,0
BRDA:295,33,0,0
BRDA:295,33,1,1
BRDA:295,34,0,1
BRDA:295,34,1,1
BRDA:295,34,2,0
BRDA:309,35,0,1
BRDA:309,35,1,0
BRDA:316,36,0,0
BRDA:316,36,1,1
BRDA:319,37,0,0
BRDA:319,37,1,0
BRDA:323,38,0,0
BRDA:323,38,1,1
BRF:88
BRH:51
end_of_record
TN:
SF:main/hardware/openvinoDetection.ts
FN:26,(anonymous_0)
FN:33,(anonymous_1)
FN:41,(anonymous_2)
FN:42,(anonymous_3)
FN:43,(anonymous_4)
FN:44,(anonymous_5)
FN:93,(anonymous_6)
FN:138,(anonymous_7)
FN:184,(anonymous_8)
FN:201,(anonymous_9)
FN:201,(anonymous_10)
FN:235,(anonymous_11)
FN:271,(anonymous_12)
FN:271,(anonymous_13)
FN:303,(anonymous_14)
FN:350,(anonymous_15)
FN:388,(anonymous_16)
FNF:17
FNH:15
FNDA:23,(anonymous_0)
FNDA:10,(anonymous_1)
FNDA:10,(anonymous_2)
FNDA:10,(anonymous_3)
FNDA:10,(anonymous_4)
FNDA:10,(anonymous_5)
FNDA:10,(anonymous_6)
FNDA:10,(anonymous_7)
FNDA:10,(anonymous_8)
FNDA:0,(anonymous_9)
FNDA:10,(anonymous_10)
FNDA:10,(anonymous_11)
FNDA:0,(anonymous_12)
FNDA:30,(anonymous_13)
FNDA:4,(anonymous_14)
FNDA:6,(anonymous_15)
FNDA:16,(anonymous_16)
DA:12,2
DA:13,2
DA:14,2
DA:15,2
DA:16,2
DA:22,2
DA:24,2
DA:26,2
DA:27,23
DA:28,23
DA:34,10
DA:36,10
DA:37,10
DA:40,10
DA:41,10
DA:42,10
DA:43,10
DA:44,10
DA:47,10
DA:48,40
DA:49,40
DA:50,40
DA:51,0
DA:52,0
DA:54,0
DA:62,0
DA:63,0
DA:68,10
DA:77,0
DA:78,0
DA:80,0
DA:94,10
DA:95,10
DA:122,10
DA:127,0
DA:130,10
DA:131,10
DA:139,10
DA:141,10
DA:147,10
DA:148,30
DA:149,30
DA:151,0
DA:153,0
DA:154,0
DA:156,0
DA:169,30
DA:173,10
DA:176,0
DA:177,0
DA:185,10
DA:186,10
DA:187,10
DA:188,10
DA:190,10
DA:191,10
DA:193,10
DA:194,160
DA:195,10
DA:197,10
DA:201,10
DA:203,10
DA:205,0
DA:207,0
DA:219,0
DA:224,10
DA:227,0
DA:228,0
DA:236,10
DA:237,10
DA:239,10
DA:241,10
DA:243,0
DA:249,0
DA:252,0
DA:258,0
DA:261,10
DA:266,10
DA:269,10
DA:270,30
DA:271,30
DA:273,30
DA:274,0
DA:276,0
DA:288,0
DA:292,10
DA:295,0
DA:296,0
DA:304,4
DA:305,4
DA:306,4
DA:307,4
DA:308,4
DA:309,4
DA:310,4
DA:312,4
DA:313,10
DA:314,3
DA:315,7
DA:316,1
DA:317,6
DA:318,1
DA:319,5
DA:320,1
DA:321,4
DA:322,2
DA:326,4
DA:327,2
DA:339,2
DA:342,0
DA:343,0
DA:351,6
DA:353,6
DA:354,6
DA:355,3
DA:359,3
DA:365,3
DA:366,9
DA:367,9
DA:368,0
DA:369,0
DA:370,0
DA:373,9
DA:377,3
DA:380,0
DA:381,0
DA:389,16
DA:390,16
DA:392,15
DA:393,15
DA:395,15
DA:396,32
DA:397,32
DA:399,32
DA:400,29
DA:403,5
DA:406,0
DA:407,0
LF:138
LH:100
BRDA:50,0,0,0
BRDA:50,0,1,40
BRDA:151,1,0,0
BRDA:151,1,1,0
BRDA:151,2,0,0
BRDA:151,2,1,0
BRDA:154,3,0,0
BRDA:154,3,1,0
BRDA:162,4,0,0
BRDA:162,4,1,0
BRDA:187,5,0,0
BRDA:187,5,1,10
BRDA:188,6,0,0
BRDA:188,6,1,10
BRDA:190,7,0,10
BRDA:190,7,1,0
BRDA:194,8,0,10
BRDA:194,8,1,150
BRDA:197,9,0,0
BRDA:197,9,1,10
BRDA:203,10,0,0
BRDA:203,10,1,10
BRDA:209,11,0,0
BRDA:209,11,1,0
BRDA:213,12,0,0
BRDA:213,12,1,0
BRDA:213,13,0,0
BRDA:213,13,1,0
BRDA:241,14,0,0
BRDA:241,14,1,0
BRDA:241,14,2,10
BRDA:256,15,0,0
BRDA:256,15,1,0
BRDA:264,16,0,10
BRDA:264,16,1,0
BRDA:273,17,0,0
BRDA:273,17,1,30
BRDA:278,18,0,0
BRDA:278,18,1,0
BRDA:282,19,0,0
BRDA:282,19,1,0
BRDA:282,20,0,0
BRDA:282,20,1,0
BRDA:313,21,0,3
BRDA:313,21,1,7
BRDA:315,22,0,1
BRDA:315,22,1,6
BRDA:317,23,0,1
BRDA:317,23,1,5
BRDA:319,24,0,1
BRDA:319,24,1,4
BRDA:321,25,0,2
BRDA:321,25,1,2
BRDA:326,26,0,2
BRDA:326,26,1,2
BRDA:331,27,0,1
BRDA:331,27,1,1
BRDA:332,28,0,1
BRDA:332,28,1,1
BRDA:333,29,0,2
BRDA:333,29,1,0
BRDA:354,30,0,3
BRDA:354,30,1,3
BRDA:369,31,0,0
BRDA:369,31,1,0
BRDA:390,32,0,1
BRDA:390,32,1,15
BRDA:396,33,0,32
BRDA:396,33,1,9
BRDA:397,34,0,32
BRDA:397,34,1,7
BRDA:399,35,0,3
BRDA:399,35,1,29
BRDA:400,36,0,7
BRDA:400,36,1,22
BRF:75
BRH:40
end_of_record
TN:
SF:main/hardware/windowsDetection.ts
FN:25,(anonymous_1)
FN:31,(anonymous_2)
FN:56,(anonymous_3)
FN:67,(anonymous_4)
FN:71,(anonymous_5)
FN:101,(anonymous_6)
FN:138,(anonymous_7)
FN:193,(anonymous_8)
FN:195,(anonymous_9)
FN:252,(anonymous_10)
FN:287,(anonymous_11)
FN:308,(anonymous_12)
FNF:12
FNH:0
FNDA:0,(anonymous_1)
FNDA:0,(anonymous_2)
FNDA:0,(anonymous_3)
FNDA:0,(anonymous_4)
FNDA:0,(anonymous_5)
FNDA:0,(anonymous_6)
FNDA:0,(anonymous_7)
FNDA:0,(anonymous_8)
FNDA:0,(anonymous_9)
FNDA:0,(anonymous_10)
FNDA:0,(anonymous_11)
FNDA:0,(anonymous_12)
DA:11,1
DA:12,1
DA:13,1
DA:20,1
DA:21,1
DA:23,1
DA:25,1
DA:26,0
DA:32,0
DA:34,0
DA:35,0
DA:38,0
DA:43,0
DA:46,0
DA:47,0
DA:51,0
DA:52,0
DA:55,0
DA:56,0
DA:57,0
DA:60,0
DA:61,0
DA:67,0
DA:68,0
DA:71,0
DA:72,0
DA:74,0
DA:75,0
DA:77,0
DA:85,0
DA:86,0
DA:88,0
DA:102,0
DA:103,0
DA:122,0
DA:127,0
DA:130,0
DA:131,0
DA:139,0
DA:140,0
DA:141,0
DA:143,0
DA:145,0
DA:146,0
DA:148,0
DA:150,0
DA:151,0
DA:153,0
DA:154,0
DA:156,0
DA:179,0
DA:182,0
DA:185,0
DA:186,0
DA:194,0
DA:195,0
DA:197,0
DA:198,0
DA:200,0
DA:201,0
DA:202,0
DA:203,0
DA:206,0
DA:207,0
DA:208,0
DA:209,0
DA:210,0
DA:211,0
DA:214,0
DA:217,0
DA:218,0
DA:220,0
DA:222,0
DA:223,0
DA:225,0
DA:226,0
DA:228,0
DA:229,0
DA:231,0
DA:232,0
DA:234,0
DA:235,0
DA:238,0
DA:239,0
DA:240,0
DA:242,0
DA:246,0
DA:253,0
DA:255,0
DA:256,0
DA:258,0
DA:260,0
DA:288,0
DA:290,0
DA:291,0
DA:294,0
DA:295,0
DA:298,0
DA:299,0
DA:302,0
DA:309,0
DA:311,0
DA:312,0
DA:314,0
DA:316,0
DA:319,0
DA:321,0
DA:322,0
DA:326,0
DA:329,0
DA:331,0
DA:335,0
LF:112
LH:7
BRDA:46,0,0,0
BRDA:46,0,1,0
BRDA:46,1,0,0
BRDA:46,1,1,0
BRDA:51,2,0,0
BRDA:51,2,1,0
BRDA:51,3,0,0
BRDA:51,3,1,0
BRDA:57,4,0,0
BRDA:57,4,1,0
BRDA:60,5,0,0
BRDA:60,5,1,0
BRDA:141,6,0,0
BRDA:141,6,1,0
BRDA:148,7,0,0
BRDA:148,7,1,0
BRDA:151,8,0,0
BRDA:151,8,1,0
BRDA:154,9,0,0
BRDA:154,9,1,0
BRDA:159,10,0,0
BRDA:159,10,1,0
BRDA:161,11,0,0
BRDA:161,11,1,0
BRDA:163,12,0,0
BRDA:163,12,1,0
BRDA:201,13,0,0
BRDA:201,13,1,0
BRDA:206,14,0,0
BRDA:206,14,1,0
BRDA:207,15,0,0
BRDA:207,15,1,0
BRDA:209,16,0,0
BRDA:209,16,1,0
BRDA:220,17,0,0
BRDA:220,17,1,0
BRDA:220,17,2,0
BRDA:220,17,3,0
BRDA:220,17,4,0
BRDA:220,17,5,0
BRDA:231,18,0,0
BRDA:231,18,1,0
BRDA:239,19,0,0
BRDA:239,19,1,0
BRDA:253,20,0,0
BRDA:253,20,1,0
BRDA:256,21,0,0
BRDA:256,21,1,0
BRDA:263,22,0,0
BRDA:263,22,1,0
BRDA:265,23,0,0
BRDA:265,23,1,0
BRDA:267,24,0,0
BRDA:267,24,1,0
BRDA:268,25,0,0
BRDA:268,25,1,0
BRDA:290,26,0,0
BRDA:290,26,1,0
BRDA:290,27,0,0
BRDA:290,27,1,0
BRDA:290,27,2,0
BRDA:294,28,0,0
BRDA:294,28,1,0
BRDA:294,29,0,0
BRDA:294,29,1,0
BRDA:294,29,2,0
BRDA:294,29,3,0
BRDA:294,29,4,0
BRDA:298,30,0,0
BRDA:298,30,1,0
BRDA:298,31,0,0
BRDA:298,31,1,0
BRDA:314,32,0,0
BRDA:314,32,1,0
BRDA:316,33,0,0
BRDA:316,33,1,0
BRDA:319,34,0,0
BRDA:319,34,1,0
BRDA:321,35,0,0
BRDA:321,35,1,0
BRF:80
BRH:0
end_of_record
TN:
SF:main/helpers/addonManager.ts
FN:26,loadAndValidateAddon
FN:65,resolveAddonPath
FN:93,resolveAddonPathWithManifest
FN:132,resolveAddonPathLegacy
FN:152,findFallbackAddon
FN:180,setupOpenVINOEnvironment
FN:216,setupOpenVINOEnvironmentInternal
FN:243,validateAddonFunctionality
FN:244,(anonymous_9)
FN:251,(anonymous_10)
FN:256,(anonymous_11)
FN:277,handleAddonLoadingError
FN:310,createFallbackChain
FN:406,logAddonLoadAttempt
FN:428,getAddonPerformanceInfo
FN:442,getExpectedPerformance
FN:468,getPowerEfficiency
FN:494,getExpectedMemoryUsage
FN:506,validateAddonStructure
FNF:19
FNH:5
FNDA:49,loadAndValidateAddon
FNDA:49,resolveAddonPath
FNDA:0,resolveAddonPathWithManifest
FNDA:49,resolveAddonPathLegacy
FNDA:0,findFallbackAddon
FNDA:0,setupOpenVINOEnvironment
FNDA:0,setupOpenVINOEnvironmentInternal
FNDA:0,validateAddonFunctionality
FNDA:0,(anonymous_9)
FNDA:0,(anonymous_10)
FNDA:0,(anonymous_11)
FNDA:0,handleAddonLoadingError
FNDA:49,createFallbackChain
FNDA:49,logAddonLoadAttempt
FNDA:0,getAddonPerformanceInfo
FNDA:0,getExpectedPerformance
FNDA:0,getPowerEfficiency
FNDA:0,getExpectedMemoryUsage
FNDA:0,validateAddonStructure
DA:6,49
DA:7,49
DA:8,49
DA:9,49
DA:26,49
DA:27,49
DA:29,49
DA:30,49
DA:32,49
DA:34,49
DA:35,0
DA:39,49
DA:40,49
DA:43,0
DA:45,0
DA:46,0
DA:50,0
DA:52,0
DA:54,0
DA:57,49
DA:58,49
DA:66,49
DA:69,49
DA:70,49
DA:72,49
DA:73,49
DA:74,49
DA:75,0
DA:78,49
DA:82,49
DA:83,0
DA:87,49
DA:95,0
DA:103,0
DA:104,0
DA:105,0
DA:106,0
DA:110,0
DA:111,0
DA:112,0
DA:114,0
DA:117,0
DA:118,0
DA:120,0
DA:125,0
DA:126,0
DA:134,49
DA:141,49
DA:142,49
DA:144,49
DA:146,49
DA:154,0
DA:161,0
DA:163,0
DA:164,0
DA:166,0
DA:167,0
DA:168,0
DA:173,0
DA:174,0
DA:180,49
DA:181,0
DA:182,0
DA:183,0
DA:187,0
DA:188,0
DA:189,0
DA:193,0
DA:194,0
DA:195,0
DA:198,0
DA:199,0
DA:200,0
DA:203,0
DA:206,0
DA:207,0
DA:209,0
DA:217,0
DA:218,0
DA:222,0
DA:223,0
DA:224,0
DA:228,0
DA:229,0
DA:230,0
DA:233,0
DA:234,0
DA:236,0
DA:244,0
DA:246,0
DA:251,0
DA:252,0
DA:255,0
DA:256,0
DA:257,0
DA:259,0
DA:261,0
DA:264,0
DA:268,0
DA:269,0
DA:277,49
DA:283,0
DA:285,0
DA:286,0
DA:290,0
DA:291,0
DA:292,0
DA:293,0
DA:295,0
DA:296,0
DA:299,0
DA:304,0
DA:310,49
DA:311,49
DA:313,49
DA:316,0
DA:339,0
DA:343,0
DA:366,0
DA:370,0
DA:393,0
DA:397,49
DA:400,49
DA:406,49
DA:407,49
DA:408,0
DA:409,0
DA:412,49
DA:413,49
DA:414,49
DA:416,49
DA:417,0
DA:420,49
DA:421,0
DA:428,49
DA:429,0
DA:436,0
DA:443,0
DA:445,0
DA:448,0
DA:449,0
DA:451,0
DA:455,0
DA:458,0
DA:461,0
DA:469,0
DA:471,0
DA:474,0
DA:475,0
DA:477,0
DA:481,0
DA:484,0
DA:487,0
DA:496,0
DA:497,0
DA:500,0
DA:506,49
DA:507,0
DA:508,0
DA:511,0
DA:512,0
DA:515,0
DA:516,0
LF:163
LH:44
BRDA:34,0,0,0
BRDA:34,0,1,49
BRDA:45,1,0,0
BRDA:45,1,1,0
BRDA:45,2,0,0
BRDA:45,2,1,0
BRDA:73,3,0,49
BRDA:73,3,1,0
BRDA:82,4,0,0
BRDA:82,4,1,49
BRDA:104,5,0,0
BRDA:104,5,1,0
BRDA:110,6,0,0
BRDA:110,6,1,0
BRDA:110,7,0,0
BRDA:110,7,1,0
BRDA:110,7,2,0
BRDA:117,8,0,0
BRDA:117,8,1,0
BRDA:135,9,0,0
BRDA:135,9,1,49
BRDA:136,10,0,0
BRDA:136,10,1,49
BRDA:138,11,0,0
BRDA:138,11,1,49
BRDA:141,12,0,49
BRDA:141,12,1,0
BRDA:161,13,0,0
BRDA:161,13,1,0
BRDA:166,14,0,0
BRDA:166,14,1,0
BRDA:181,15,0,0
BRDA:181,15,1,0
BRDA:187,16,0,0
BRDA:187,16,1,0
BRDA:194,17,0,0
BRDA:194,17,1,0
BRDA:195,18,0,0
BRDA:195,18,1,0
BRDA:198,19,0,0
BRDA:198,19,1,0
BRDA:198,20,0,0
BRDA:198,20,1,0
BRDA:198,20,2,0
BRDA:203,21,0,0
BRDA:203,21,1,0
BRDA:206,22,0,0
BRDA:206,22,1,0
BRDA:217,23,0,0
BRDA:217,23,1,0
BRDA:222,24,0,0
BRDA:222,24,1,0
BRDA:228,25,0,0
BRDA:228,25,1,0
BRDA:228,26,0,0
BRDA:228,26,1,0
BRDA:228,26,2,0
BRDA:233,27,0,0
BRDA:233,27,1,0
BRDA:259,28,0,0
BRDA:259,28,1,0
BRDA:259,29,0,0
BRDA:259,29,1,0
BRDA:259,29,2,0
BRDA:285,30,0,0
BRDA:285,30,1,0
BRDA:313,31,0,0
BRDA:313,31,1,0
BRDA:313,31,2,0
BRDA:313,31,3,49
BRDA:407,32,0,0
BRDA:407,32,1,49
BRDA:416,33,0,0
BRDA:416,33,1,49
BRDA:420,34,0,0
BRDA:420,34,1,49
BRDA:443,35,0,0
BRDA:443,35,1,0
BRDA:443,35,2,0
BRDA:443,35,3,0
BRDA:443,35,4,0
BRDA:448,36,0,0
BRDA:448,36,1,0
BRDA:469,37,0,0
BRDA:469,37,1,0
BRDA:469,37,2,0
BRDA:469,37,3,0
BRDA:469,37,4,0
BRDA:474,38,0,0
BRDA:474,38,1,0
BRDA:496,39,0,0
BRDA:496,39,1,0
BRDA:507,40,0,0
BRDA:507,40,1,0
BRDA:511,41,0,0
BRDA:511,41,1,0
BRDA:515,42,0,0
BRDA:515,42,1,0
BRF:98
BRH:11
end_of_record
TN:
SF:main/helpers/audioProcessor.ts
FN:15,(anonymous_1)
FN:21,(anonymous_2)
FN:27,(anonymous_3)
FN:34,(anonymous_4)
FN:38,(anonymous_5)
FN:42,(anonymous_6)
FN:47,(anonymous_7)
FN:62,extractAudioFromVideo
FNF:8
FNH:0
FNDA:0,(anonymous_1)
FNDA:0,(anonymous_2)
FNDA:0,(anonymous_3)
FNDA:0,(anonymous_4)
FNDA:0,(anonymous_5)
FNDA:0,(anonymous_6)
FNDA:0,(anonymous_7)
FNDA:0,extractAudioFromVideo
DA:1,0
DA:2,0
DA:3,0
DA:4,0
DA:5,0
DA:6,0
DA:9,0
DA:10,0
DA:15,0
DA:21,0
DA:22,0
DA:23,0
DA:24,0
DA:27,0
DA:28,0
DA:29,0
DA:35,0
DA:36,0
DA:39,0
DA:40,0
DA:43,0
DA:44,0
DA:45,0
DA:48,0
DA:49,0
DA:53,0
DA:54,0
DA:62,0
DA:63,0
DA:64,0
DA:65,0
DA:67,0
DA:68,0
DA:69,0
DA:70,0
DA:72,0
DA:73,0
DA:74,0
DA:75,0
DA:78,0
DA:79,0
DA:80,0
LF:42
LH:0
BRDA:18,0,0,0
BRDA:19,1,0,0
BRDA:21,2,0,0
BRDA:23,3,0,0
BRDA:23,3,1,0
BRDA:23,4,0,0
BRDA:23,4,1,0
BRDA:39,5,0,0
BRDA:39,5,1,0
BRDA:72,6,0,0
BRDA:72,6,1,0
BRF:11
BRH:0
end_of_record
TN:
SF:main/helpers/buildInfo.ts
FN:10,getBuildInfo
FN:42,getCudaVersionInfo
FNF:2
FNH:0
FNDA:0,getBuildInfo
FNDA:0,getCudaVersionInfo
DA:1,2
DA:2,2
DA:3,2
DA:4,2
DA:10,2
DA:11,0
DA:13,0
DA:17,0
DA:19,0
DA:28,0
DA:29,0
DA:42,2
DA:43,0
DA:45,0
DA:46,0
DA:52,0
LF:16
LH:6
BRDA:13,0,0,0
BRDA:13,0,1,0
BRDA:20,1,0,0
BRDA:20,1,1,0
BRDA:45,2,0,0
BRDA:45,2,1,0
BRDA:45,3,0,0
BRDA:45,3,1,0
BRDA:48,4,0,0
BRDA:48,4,1,0
BRF:10
BRH:0
end_of_record
TN:
SF:main/helpers/coreUltraDetection.ts
FN:31,isIntelCoreUltra
FN:46,detectCoreUltraWithGraphics
FN:82,mockCoreUltraDetection
FN:112,(anonymous_4)
FN:114,(anonymous_5)
FN:124,(anonymous_6)
FN:133,(anonymous_7)
FN:142,(anonymous_8)
FN:158,(anonymous_9)
FNF:9
FNH:4
FNDA:0,isIntelCoreUltra
FNDA:1,detectCoreUltraWithGraphics
FNDA:0,mockCoreUltraDetection
FNDA:1,(anonymous_4)
FNDA:1,(anonymous_5)
FNDA:0,(anonymous_6)
FNDA:0,(anonymous_7)
FNDA:1,(anonymous_8)
FNDA:0,(anonymous_9)
DA:13,1
DA:14,1
DA:31,1
DA:32,0
DA:33,0
DA:34,0
DA:35,0
DA:36,0
DA:38,0
DA:39,0
DA:46,1
DA:47,1
DA:48,1
DA:49,1
DA:51,1
DA:52,1
DA:53,1
DA:57,1
DA:59,1
DA:68,0
DA:69,0
DA:82,1
DA:83,0
DA:84,0
DA:94,0
DA:107,1
DA:110,1
DA:115,1
DA:116,1
DA:118,1
DA:125,0
DA:126,0
DA:127,0
DA:134,0
DA:135,0
DA:136,0
DA:143,1
DA:144,0
DA:147,1
DA:148,0
DA:151,1
DA:152,1
DA:159,0
DA:164,1
LF:44
LH:23
BRDA:36,0,0,0
BRDA:36,0,1,0
BRDA:53,1,0,1
BRDA:53,1,1,0
BRDA:82,2,0,0
BRDA:83,3,0,0
BRDA:83,3,1,0
BRDA:115,4,0,1
BRDA:115,4,1,0
BRDA:124,5,0,0
BRDA:143,6,0,0
BRDA:143,6,1,1
BRDA:147,7,0,0
BRDA:147,7,1,1
BRF:14
BRH:4
end_of_record
TN:
SF:main/helpers/create-window.ts
FN:9,(anonymous_1)
FN:22,(anonymous_2)
FN:24,(anonymous_3)
FN:35,(anonymous_4)
FN:44,(anonymous_5)
FN:52,(anonymous_6)
FN:53,(anonymous_7)
FN:64,(anonymous_8)
FNF:8
FNH:0
FNDA:0,(anonymous_1)
FNDA:0,(anonymous_2)
FNDA:0,(anonymous_3)
FNDA:0,(anonymous_4)
FNDA:0,(anonymous_5)
FNDA:0,(anonymous_6)
FNDA:0,(anonymous_7)
FNDA:0,(anonymous_8)
DA:1,0
DA:7,0
DA:9,0
DA:13,0
DA:14,0
DA:15,0
DA:16,0
DA:20,0
DA:22,0
DA:24,0
DA:25,0
DA:26,0
DA:27,0
DA:35,0
DA:36,0
DA:44,0
DA:45,0
DA:46,0
DA:52,0
DA:53,0
DA:54,0
DA:56,0
DA:59,0
DA:61,0
DA:64,0
DA:65,0
DA:66,0
DA:68,0
DA:71,0
DA:73,0
DA:83,0
DA:85,0
LF:32
LH:0
BRDA:37,0,0,0
BRDA:37,0,1,0
BRDA:37,0,2,0
BRDA:37,0,3,0
BRDA:56,1,0,0
BRDA:56,1,1,0
BRDA:65,2,0,0
BRDA:65,2,1,0
BRDA:65,3,0,0
BRDA:65,3,1,0
BRDA:79,4,0,0
BRDA:79,4,1,0
BRF:12
BRH:0
end_of_record
TN:
SF:main/helpers/cudaUtils.ts
FN:7,checkCudaSupport
FNF:1
FNH:0
FNDA:0,checkCudaSupport
DA:1,2
DA:2,2
DA:7,2
DA:8,0
DA:10,0
DA:12,0
DA:15,0
DA:16,0
DA:19,0
DA:20,0
DA:25,0
DA:26,0
DA:27,0
DA:29,0
DA:30,0
DA:31,0
DA:32,0
DA:35,0
DA:37,0
LF:19
LH:3
BRDA:8,0,0,0
BRDA:8,0,1,0
BRDA:25,1,0,0
BRDA:25,1,1,0
BRDA:29,2,0,0
BRDA:29,2,1,0
BRDA:31,3,0,0
BRDA:31,3,1,0
BRF:8
BRH:0
end_of_record
TN:
SF:main/helpers/developmentMockSystem.standalone.ts
FN:13,(anonymous_0)
FN:18,(anonymous_1)
FN:23,(anonymous_2)
FN:73,(anonymous_3)
FN:77,(anonymous_4)
FN:87,(anonymous_5)
FN:111,(anonymous_6)
FN:122,(anonymous_7)
FN:135,(anonymous_8)
FN:144,(anonymous_9)
FN:151,(anonymous_10)
FN:227,(anonymous_11)
FN:243,(anonymous_12)
FN:253,(anonymous_13)
FN:274,(anonymous_14)
FN:281,(anonymous_15)
FN:282,(anonymous_16)
FN:294,(anonymous_17)
FN:304,(anonymous_18)
FN:311,(anonymous_19)
FN:329,(anonymous_20)
FN:351,(anonymous_21)
FN:359,(anonymous_22)
FN:369,(anonymous_23)
FN:376,(anonymous_24)
FN:383,(anonymous_25)
FN:391,(anonymous_26)
FN:392,(anonymous_27)
FN:404,(anonymous_28)
FN:405,(anonymous_29)
FN:411,(anonymous_30)
FN:424,(anonymous_31)
FN:448,(anonymous_32)
FNF:33
FNH:0
FNDA:0,(anonymous_0)
FNDA:0,(anonymous_1)
FNDA:0,(anonymous_2)
FNDA:0,(anonymous_3)
FNDA:0,(anonymous_4)
FNDA:0,(anonymous_5)
FNDA:0,(anonymous_6)
FNDA:0,(anonymous_7)
FNDA:0,(anonymous_8)
FNDA:0,(anonymous_9)
FNDA:0,(anonymous_10)
FNDA:0,(anonymous_11)
FNDA:0,(anonymous_12)
FNDA:0,(anonymous_13)
FNDA:0,(anonymous_14)
FNDA:0,(anonymous_15)
FNDA:0,(anonymous_16)
FNDA:0,(anonymous_17)
FNDA:0,(anonymous_18)
FNDA:0,(anonymous_19)
FNDA:0,(anonymous_20)
FNDA:0,(anonymous_21)
FNDA:0,(anonymous_22)
FNDA:0,(anonymous_23)
FNDA:0,(anonymous_24)
FNDA:0,(anonymous_25)
FNDA:0,(anonymous_26)
FNDA:0,(anonymous_27)
FNDA:0,(anonymous_28)
FNDA:0,(anonymous_29)
FNDA:0,(anonymous_30)
FNDA:0,(anonymous_31)
FNDA:0,(anonymous_32)
DA:9,0
DA:12,0
DA:14,0
DA:15,0
DA:19,0
DA:20,0
DA:24,0
DA:67,0
DA:70,0
DA:71,0
DA:74,0
DA:78,0
DA:79,0
DA:81,0
DA:88,0
DA:89,0
DA:90,0
DA:93,0
DA:96,0
DA:98,0
DA:99,0
DA:100,0
DA:102,0
DA:105,0
DA:112,0
DA:113,0
DA:114,0
DA:116,0
DA:123,0
DA:136,0
DA:137,0
DA:139,0
DA:143,0
DA:144,0
DA:152,0
DA:228,0
DA:229,0
DA:232,0
DA:233,0
DA:237,0
DA:238,0
DA:242,0
DA:243,0
DA:246,0
DA:247,0
DA:254,0
DA:255,0
DA:258,0
DA:259,0
DA:268,0
DA:269,0
DA:273,0
DA:274,0
DA:277,0
DA:281,0
DA:282,0
DA:287,0
DA:288,0
DA:300,0
DA:301,0
DA:304,0
DA:305,0
DA:306,0
DA:310,0
DA:311,0
DA:315,0
DA:316,0
DA:318,0
DA:330,0
DA:345,0
DA:352,0
DA:353,0
DA:360,0
DA:361,0
DA:362,0
DA:363,0
DA:370,0
DA:377,0
DA:384,0
DA:385,0
DA:392,0
DA:393,0
DA:394,0
DA:395,0
DA:396,0
DA:398,0
DA:405,0
DA:412,0
DA:417,0
DA:420,0
DA:425,0
DA:449,0
LF:92
LH:0
BRDA:14,0,0,0
BRDA:14,0,1,0
BRDA:19,1,0,0
BRDA:19,1,1,0
BRDA:78,2,0,0
BRDA:78,2,1,0
BRDA:88,3,0,0
BRDA:88,3,1,0
BRDA:98,4,0,0
BRDA:98,4,1,0
BRDA:112,5,0,0
BRDA:112,5,1,0
BRDA:116,6,0,0
BRDA:116,6,1,0
BRDA:116,6,2,0
BRDA:136,7,0,0
BRDA:136,7,1,0
BRDA:143,8,0,0
BRDA:143,8,1,0
BRDA:228,9,0,0
BRDA:228,9,1,0
BRDA:232,10,0,0
BRDA:232,10,1,0
BRDA:232,11,0,0
BRDA:232,11,1,0
BRDA:237,12,0,0
BRDA:237,12,1,0
BRDA:242,13,0,0
BRDA:242,13,1,0
BRDA:254,14,0,0
BRDA:254,14,1,0
BRDA:258,15,0,0
BRDA:258,15,1,0
BRDA:258,16,0,0
BRDA:258,16,1,0
BRDA:268,17,0,0
BRDA:268,17,1,0
BRDA:273,18,0,0
BRDA:273,18,1,0
BRDA:300,19,0,0
BRDA:300,19,1,0
BRDA:305,20,0,0
BRDA:305,20,1,0
BRDA:310,21,0,0
BRDA:310,21,1,0
BRDA:377,22,0,0
BRDA:377,22,1,0
BRDA:393,23,0,0
BRDA:393,23,1,0
BRF:49
BRH:0
end_of_record
TN:
SF:main/helpers/developmentMockSystem.ts
FN:62,(anonymous_0)
FN:66,(anonymous_1)
FN:76,(anonymous_2)
FN:100,(anonymous_3)
FN:111,(anonymous_4)
FN:124,(anonymous_5)
FN:133,(anonymous_6)
FN:140,(anonymous_7)
FN:216,(anonymous_8)
FN:232,(anonymous_9)
FN:242,(anonymous_10)
FN:263,(anonymous_11)
FN:270,(anonymous_12)
FN:271,(anonymous_13)
FN:283,(anonymous_14)
FN:293,(anonymous_15)
FN:300,(anonymous_16)
FN:318,(anonymous_17)
FN:340,(anonymous_18)
FN:348,(anonymous_19)
FN:358,(anonymous_20)
FN:365,(anonymous_21)
FN:372,(anonymous_22)
FN:380,(anonymous_23)
FN:381,(anonymous_24)
FN:393,(anonymous_25)
FN:394,(anonymous_26)
FN:400,(anonymous_27)
FN:413,(anonymous_28)
FN:437,(anonymous_29)
FNF:30
FNH:15
FNDA:1,(anonymous_0)
FNDA:1,(anonymous_1)
FNDA:1,(anonymous_2)
FNDA:42,(anonymous_3)
FNDA:1,(anonymous_4)
FNDA:1,(anonymous_5)
FNDA:1,(anonymous_6)
FNDA:1,(anonymous_7)
FNDA:30,(anonymous_8)
FNDA:30,(anonymous_9)
FNDA:11,(anonymous_10)
FNDA:11,(anonymous_11)
FNDA:44,(anonymous_12)
FNDA:44,(anonymous_13)
FNDA:0,(anonymous_14)
FNDA:0,(anonymous_15)
FNDA:0,(anonymous_16)
FNDA:0,(anonymous_17)
FNDA:2,(anonymous_18)
FNDA:0,(anonymous_19)
FNDA:0,(anonymous_20)
FNDA:0,(anonymous_21)
FNDA:0,(anonymous_22)
FNDA:0,(anonymous_23)
FNDA:0,(anonymous_24)
FNDA:0,(anonymous_25)
FNDA:0,(anonymous_26)
FNDA:0,(anonymous_27)
FNDA:0,(anonymous_28)
FNDA:0,(anonymous_29)
DA:12,1
DA:13,1
DA:56,1
DA:59,1
DA:60,1
DA:63,1
DA:67,1
DA:68,1
DA:70,1
DA:77,1
DA:78,0
DA:79,0
DA:82,1
DA:85,1
DA:87,1
DA:88,1
DA:89,1
DA:91,0
DA:94,1
DA:101,42
DA:102,42
DA:103,42
DA:105,42
DA:112,1
DA:125,1
DA:126,0
DA:128,1
DA:132,1
DA:133,1
DA:141,1
DA:217,30
DA:218,1
DA:221,30
DA:222,0
DA:226,30
DA:227,0
DA:231,30
DA:232,30
DA:235,30
DA:236,30
DA:243,11
DA:244,0
DA:247,11
DA:248,0
DA:257,11
DA:258,0
DA:262,11
DA:263,11
DA:266,11
DA:270,44
DA:271,44
DA:276,11
DA:277,11
DA:289,0
DA:290,0
DA:293,0
DA:294,0
DA:295,0
DA:299,0
DA:300,0
DA:304,0
DA:305,0
DA:307,0
DA:319,0
DA:334,0
DA:341,2
DA:342,2
DA:349,0
DA:350,0
DA:351,0
DA:352,0
DA:359,0
DA:366,0
DA:373,0
DA:374,0
DA:381,0
DA:382,0
DA:383,0
DA:384,0
DA:385,0
DA:387,0
DA:394,0
DA:401,0
DA:406,1
DA:409,1
DA:414,0
DA:438,0
LF:87
LH:48
BRDA:67,0,0,1
BRDA:67,0,1,0
BRDA:77,1,0,0
BRDA:77,1,1,1
BRDA:87,2,0,1
BRDA:87,2,1,0
BRDA:105,3,0,42
BRDA:105,3,1,0
BRDA:105,3,2,42
BRDA:125,4,0,0
BRDA:125,4,1,1
BRDA:132,5,0,1
BRDA:132,5,1,0
BRDA:217,6,0,1
BRDA:217,6,1,29
BRDA:221,7,0,0
BRDA:221,7,1,30
BRDA:221,8,0,30
BRDA:221,8,1,30
BRDA:226,9,0,0
BRDA:226,9,1,30
BRDA:231,10,0,30
BRDA:231,10,1,0
BRDA:243,11,0,0
BRDA:243,11,1,11
BRDA:247,12,0,0
BRDA:247,12,1,11
BRDA:247,13,0,11
BRDA:247,13,1,11
BRDA:257,14,0,0
BRDA:257,14,1,11
BRDA:262,15,0,11
BRDA:262,15,1,0
BRDA:289,16,0,0
BRDA:289,16,1,0
BRDA:294,17,0,0
BRDA:294,17,1,0
BRDA:299,18,0,0
BRDA:299,18,1,0
BRDA:366,19,0,0
BRDA:366,19,1,0
BRDA:382,20,0,0
BRDA:382,20,1,0
BRF:43
BRH:20
end_of_record
TN:
SF:main/helpers/errorHandler.ts
FN:40,handleProcessingError
FN:67,(anonymous_1)
FN:68,(anonymous_2)
FN:133,getRecoveryStrategies
FN:139,(anonymous_4)
FN:144,(anonymous_5)
FN:176,(anonymous_6)
FN:182,(anonymous_7)
FN:216,(anonymous_8)
FN:221,(anonymous_9)
FN:258,(anonymous_10)
FN:263,(anonymous_11)
FN:297,(anonymous_12)
FN:302,(anonymous_13)
FN:336,(anonymous_14)
FN:337,(anonymous_15)
FN:346,(anonymous_16)
FN:361,processWithFallback
FN:397,(anonymous_18)
FN:433,getSmallerModel
FN:450,createUserFriendlyErrorMessage
FN:481,logErrorContext
FNF:22
FNH:0
FNDA:0,handleProcessingError
FNDA:0,(anonymous_1)
FNDA:0,(anonymous_2)
FNDA:0,getRecoveryStrategies
FNDA:0,(anonymous_4)
FNDA:0,(anonymous_5)
FNDA:0,(anonymous_6)
FNDA:0,(anonymous_7)
FNDA:0,(anonymous_8)
FNDA:0,(anonymous_9)
FNDA:0,(anonymous_10)
FNDA:0,(anonymous_11)
FNDA:0,(anonymous_12)
FNDA:0,(anonymous_13)
FNDA:0,(anonymous_14)
FNDA:0,(anonymous_15)
FNDA:0,(anonymous_16)
FNDA:0,processWithFallback
FNDA:0,(anonymous_18)
FNDA:0,getSmallerModel
FNDA:0,createUserFriendlyErrorMessage
FNDA:0,logErrorContext
DA:6,0
DA:40,0
DA:48,0
DA:49,0
DA:50,0
DA:52,0
DA:55,0
DA:66,0
DA:67,0
DA:68,0
DA:70,0
DA:71,0
DA:72,0
DA:76,0
DA:77,0
DA:78,0
DA:81,0
DA:88,0
DA:90,0
DA:93,0
DA:99,0
DA:102,0
DA:107,0
DA:110,0
DA:111,0
DA:117,0
DA:118,0
DA:121,0
DA:127,0
DA:134,0
DA:140,0
DA:145,0
DA:148,0
DA:149,0
DA:153,0
DA:154,0
DA:156,0
DA:157,0
DA:159,0
DA:165,0
DA:168,0
DA:177,0
DA:183,0
DA:186,0
DA:187,0
DA:189,0
DA:191,0
DA:197,0
DA:203,0
DA:207,0
DA:217,0
DA:222,0
DA:225,0
DA:226,0
DA:227,0
DA:229,0
DA:230,0
DA:231,0
DA:235,0
DA:236,0
DA:238,0
DA:243,0
DA:250,0
DA:259,0
DA:264,0
DA:267,0
DA:270,0
DA:272,0
DA:274,0
DA:275,0
DA:277,0
DA:278,0
DA:279,0
DA:286,0
DA:289,0
DA:298,0
DA:303,0
DA:305,0
DA:306,0
DA:309,0
DA:310,0
DA:313,0
DA:314,0
DA:315,0
DA:319,0
DA:324,0
DA:336,0
DA:338,0
DA:340,0
DA:341,0
DA:345,0
DA:346,0
DA:348,0
DA:362,0
DA:364,0
DA:365,0
DA:366,0
DA:367,0
DA:368,0
DA:370,0
DA:371,0
DA:372,0
DA:374,0
DA:377,0
DA:378,0
DA:381,0
DA:382,0
DA:398,0
DA:403,0
DA:406,0
DA:407,0
DA:409,0
DA:410,0
DA:413,0
DA:416,0
DA:417,0
DA:423,0
DA:424,0
DA:426,0
DA:434,0
DA:438,0
DA:440,0
DA:441,0
DA:444,0
DA:450,0
DA:451,0
DA:452,0
DA:455,0
DA:456,0
DA:459,0
DA:460,0
DA:463,0
DA:464,0
DA:467,0
DA:468,0
DA:471,0
DA:472,0
DA:475,0
DA:481,0
DA:482,0
DA:483,0
DA:484,0
DA:486,0
DA:487,0
DA:488,0
DA:489,0
DA:490,0
DA:492,0
DA:493,0
DA:496,0
LF:150
LH:0
BRDA:45,0,0,0
BRDA:70,1,0,0
BRDA:70,1,1,0
BRDA:140,2,0,0
BRDA:140,2,1,0
BRDA:140,2,2,0
BRDA:148,3,0,0
BRDA:148,3,1,0
BRDA:156,4,0,0
BRDA:156,4,1,0
BRDA:177,5,0,0
BRDA:177,5,1,0
BRDA:177,5,2,0
BRDA:177,5,3,0
BRDA:187,6,0,0
BRDA:187,6,1,0
BRDA:217,7,0,0
BRDA:217,7,1,0
BRDA:217,7,2,0
BRDA:230,8,0,0
BRDA:230,8,1,0
BRDA:235,9,0,0
BRDA:235,9,1,0
BRDA:259,10,0,0
BRDA:259,10,1,0
BRDA:259,10,2,0
BRDA:277,11,0,0
BRDA:277,11,1,0
BRDA:298,12,0,0
BRDA:298,12,1,0
BRDA:298,12,2,0
BRDA:309,13,0,0
BRDA:309,13,1,0
BRDA:314,14,0,0
BRDA:314,14,1,0
BRDA:321,15,0,0
BRDA:321,15,1,0
BRDA:340,16,0,0
BRDA:340,16,1,0
BRDA:383,17,0,0
BRDA:383,17,1,0
BRDA:396,18,0,0
BRDA:396,18,1,0
BRDA:406,19,0,0
BRDA:406,19,1,0
BRDA:440,20,0,0
BRDA:440,20,1,0
BRDA:440,21,0,0
BRDA:440,21,1,0
BRDA:451,22,0,0
BRDA:451,22,1,0
BRDA:455,23,0,0
BRDA:455,23,1,0
BRDA:459,24,0,0
BRDA:459,24,1,0
BRDA:463,25,0,0
BRDA:463,25,1,0
BRDA:467,26,0,0
BRDA:467,26,1,0
BRDA:471,27,0,0
BRDA:471,27,1,0
BRDA:486,28,0,0
BRDA:486,28,1,0
BRDA:487,29,0,0
BRDA:487,29,1,0
BRDA:488,30,0,0
BRDA:488,30,1,0
BRDA:489,31,0,0
BRDA:489,31,1,0
BRDA:490,32,0,0
BRDA:490,32,1,0
BRDA:492,33,0,0
BRDA:492,33,1,0
BRF:73
BRH:0
end_of_record
TN:
SF:main/helpers/ffmpeg.ts
FN:10,(anonymous_1)
FN:11,(anonymous_2)
FN:18,(anonymous_3)
FN:21,(anonymous_4)
FN:27,(anonymous_5)
FN:31,(anonymous_6)
FNF:6
FNH:0
FNDA:0,(anonymous_1)
FNDA:0,(anonymous_2)
FNDA:0,(anonymous_3)
FNDA:0,(anonymous_4)
FNDA:0,(anonymous_5)
FNDA:0,(anonymous_6)
DA:1,0
DA:3,0
DA:4,0
DA:6,0
DA:8,0
DA:10,0
DA:11,0
DA:12,0
DA:13,0
DA:19,0
DA:22,0
DA:28,0
DA:29,0
DA:32,0
DA:33,0
DA:37,0
DA:38,0
LF:17
LH:0
BRDA:23,0,0,0
BRDA:23,0,1,0
BRF:2
BRH:0
end_of_record
TN:
SF:main/helpers/fileProcessor.ts
FN:18,onError
FN:34,generateSubtitle
FN:58,translateSubtitle
FN:64,(anonymous_4)
FN:83,processFile
FN:209,(anonymous_6)
FNF:6
FNH:0
FNDA:0,onError
FNDA:0,generateSubtitle
FNDA:0,translateSubtitle
FNDA:0,(anonymous_4)
FNDA:0,processFile
FNDA:0,(anonymous_6)
DA:1,0
DA:2,0
DA:3,0
DA:4,0
DA:5,0
DA:6,0
DA:7,0
DA:11,0
DA:12,0
DA:19,0
DA:20,0
DA:21,0
DA:22,0
DA:25,0
DA:40,0
DA:41,0
DA:43,0
DA:44,0
DA:45,0
DA:47,0
DA:50,0
DA:51,0
DA:59,0
DA:64,0
DA:65,0
DA:72,0
DA:73,0
DA:74,0
DA:76,0
DA:83,0
DA:99,0
DA:101,0
DA:102,0
DA:103,0
DA:105,0
DA:108,0
DA:112,0
DA:116,0
DA:119,0
DA:120,0
DA:128,0
DA:136,0
DA:138,0
DA:140,0
DA:141,0
DA:145,0
DA:146,0
DA:149,0
DA:150,0
DA:151,0
DA:152,0
DA:153,0
DA:154,0
DA:158,0
DA:159,0
DA:163,0
DA:165,0
DA:167,0
DA:168,0
DA:169,0
DA:174,0
DA:179,0
DA:180,0
DA:182,0
DA:184,0
DA:185,0
DA:186,0
DA:190,0
DA:191,0
DA:192,0
DA:195,0
DA:200,0
DA:201,0
DA:203,0
DA:204,0
DA:205,0
DA:206,0
DA:207,0
DA:208,0
DA:209,0
DA:210,0
DA:214,0
DA:217,0
LF:83
LH:0
BRDA:19,0,0,0
BRDA:19,0,1,0
BRDA:19,0,2,0
BRDA:44,1,0,0
BRDA:44,1,1,0
BRDA:44,2,0,0
BRDA:44,2,1,0
BRDA:44,2,2,0
BRDA:99,3,0,0
BRDA:99,3,1,0
BRDA:112,4,0,0
BRDA:112,4,1,0
BRDA:116,5,0,0
BRDA:116,5,1,0
BRDA:119,6,0,0
BRDA:119,6,1,0
BRDA:119,7,0,0
BRDA:119,7,1,0
BRDA:149,8,0,0
BRDA:149,8,1,0
BRDA:165,9,0,0
BRDA:165,9,1,0
BRDA:182,10,0,0
BRDA:182,10,1,0
BRDA:182,11,0,0
BRDA:182,11,1,0
BRDA:190,12,0,0
BRDA:190,12,1,0
BRDA:190,13,0,0
BRDA:190,13,1,0
BRDA:195,14,0,0
BRDA:195,14,1,0
BRDA:196,15,0,0
BRDA:196,15,1,0
BRDA:196,15,2,0
BRDA:210,16,0,0
BRDA:210,16,1,0
BRF:37
BRH:0
end_of_record
TN:
SF:main/helpers/fileUtils.ts
FN:10,getMd5
FN:17,getTempDir
FN:45,ensureTempDir
FN:56,formatSrtContent
FN:58,(anonymous_5)
FN:69,createOrClearFile
FN:81,appendToFile
FN:96,readFileContent
FN:109,wrapFileObject
FNF:9
FNH:2
FNDA:0,getMd5
FNDA:0,getTempDir
FNDA:0,ensureTempDir
FNDA:17,formatSrtContent
FNDA:17,(anonymous_5)
FNDA:0,createOrClearFile
FNDA:0,appendToFile
FNDA:0,readFileContent
FNDA:0,wrapFileObject
DA:1,2
DA:2,2
DA:3,2
DA:4,2
DA:5,2
DA:10,2
DA:11,0
DA:17,2
DA:18,0
DA:21,0
DA:23,0
DA:24,0
DA:25,0
DA:26,0
DA:28,0
DA:32,0
DA:35,0
DA:39,0
DA:45,2
DA:46,0
DA:47,0
DA:48,0
DA:50,0
DA:56,2
DA:57,17
DA:59,17
DA:61,0
DA:69,2
DA:70,0
DA:71,0
DA:73,0
DA:74,0
DA:81,2
DA:85,0
DA:86,0
DA:88,0
DA:89,0
DA:96,2
DA:97,0
DA:98,0
DA:99,0
DA:101,0
DA:102,0
DA:109,2
DA:110,0
LF:45
LH:15
BRDA:21,0,0,0
BRDA:21,0,1,0
BRDA:21,1,0,0
BRDA:21,1,1,0
BRDA:24,2,0,0
BRDA:24,2,1,0
BRDA:47,3,0,0
BRDA:47,3,1,0
BRF:8
BRH:0
end_of_record
TN:
SF:main/helpers/gpuConfig.ts
FN:61,determineGPUConfiguration
FN:136,generateWhisperGPUParams
FN:184,generatePerformanceHints
FN:225,generateEnvironmentConfig
FN:244,getVADSettings
FN:261,validateGPUMemory
FN:295,applyEnvironmentConfig
FNF:7
FNH:0
FNDA:0,determineGPUConfiguration
FNDA:0,generateWhisperGPUParams
FNDA:0,generatePerformanceHints
FNDA:0,generateEnvironmentConfig
FNDA:0,getVADSettings
FNDA:0,validateGPUMemory
FNDA:0,applyEnvironmentConfig
DA:6,0
DA:7,0
DA:9,0
DA:61,0
DA:62,0
DA:64,0
DA:65,0
DA:67,0
DA:69,0
DA:70,0
DA:72,0
DA:80,0
DA:83,0
DA:84,0
DA:85,0
DA:86,0
DA:88,0
DA:93,0
DA:94,0
DA:95,0
DA:99,0
DA:100,0
DA:101,0
DA:103,0
DA:105,0
DA:113,0
DA:116,0
DA:124,0
DA:137,0
DA:143,0
DA:145,0
DA:155,0
DA:164,0
DA:173,0
DA:185,0
DA:187,0
DA:188,0
DA:196,0
DA:204,0
DA:213,0
DA:226,0
DA:228,0
DA:229,0
DA:230,0
DA:232,0
DA:233,0
DA:234,0
DA:235,0
DA:238,0
DA:244,0
DA:245,0
DA:247,0
DA:261,0
DA:262,0
DA:263,0
DA:266,0
DA:276,0
DA:278,0
DA:279,0
DA:281,0
DA:284,0
DA:289,0
DA:295,0
DA:296,0
DA:297,0
DA:298,0
DA:301,0
DA:302,0
DA:303,0
DA:306,0
DA:307,0
DA:308,0
DA:311,0
DA:312,0
DA:313,0
LF:75
LH:0
BRDA:64,0,0,0
BRDA:64,0,1,0
BRDA:83,1,0,0
BRDA:83,1,1,0
BRDA:83,2,0,0
BRDA:83,2,1,0
BRDA:85,3,0,0
BRDA:85,3,1,0
BRDA:93,4,0,0
BRDA:93,4,1,0
BRDA:94,5,0,0
BRDA:94,5,1,0
BRDA:143,6,0,0
BRDA:143,6,1,0
BRDA:143,6,2,0
BRDA:143,6,3,0
BRDA:143,6,4,0
BRDA:148,7,0,0
BRDA:148,7,1,0
BRDA:149,8,0,0
BRDA:149,8,1,0
BRDA:151,9,0,0
BRDA:151,9,1,0
BRDA:185,10,0,0
BRDA:185,10,1,0
BRDA:185,10,2,0
BRDA:185,10,3,0
BRDA:185,10,4,0
BRDA:189,11,0,0
BRDA:189,11,1,0
BRDA:190,12,0,0
BRDA:190,12,1,0
BRDA:191,13,0,0
BRDA:191,13,1,0
BRDA:228,14,0,0
BRDA:228,14,1,0
BRDA:229,15,0,0
BRDA:229,15,1,0
BRDA:230,16,0,0
BRDA:230,16,1,0
BRDA:232,17,0,0
BRDA:232,17,1,0
BRDA:233,18,0,0
BRDA:233,18,1,0
BRDA:235,19,0,0
BRDA:235,19,1,0
BRDA:245,20,0,0
BRDA:245,20,1,0
BRDA:249,21,0,0
BRDA:249,21,1,0
BRDA:250,22,0,0
BRDA:250,22,1,0
BRDA:251,23,0,0
BRDA:251,23,1,0
BRDA:252,24,0,0
BRDA:252,24,1,0
BRDA:253,25,0,0
BRDA:253,25,1,0
BRDA:254,26,0,0
BRDA:254,26,1,0
BRDA:262,27,0,0
BRDA:262,27,1,0
BRDA:276,28,0,0
BRDA:276,28,1,0
BRDA:278,29,0,0
BRDA:278,29,1,0
BRDA:278,30,0,0
BRDA:278,30,1,0
BRDA:279,31,0,0
BRDA:279,31,1,0
BRDA:296,32,0,0
BRDA:296,32,1,0
BRDA:301,33,0,0
BRDA:301,33,1,0
BRDA:306,34,0,0
BRDA:306,34,1,0
BRDA:311,35,0,0
BRDA:311,35,1,0
BRF:78
BRH:0
end_of_record
TN:
SF:main/helpers/gpuSelector.ts
FN:42,selectOptimalGPU
FN:75,tryGPUType
FN:103,tryNVIDIAGPU
FN:125,tryIntelGPU
FN:163,tryAppleGPU
FN:195,resolveSpecificGPU
FN:214,(anonymous_6)
FN:257,selectBestIntelGPU
FN:264,(anonymous_8)
FN:274,(anonymous_9)
FN:291,validateGPUMemory
FN:307,getModelMemoryRequirements
FN:324,validateModelSupport
FN:348,getGPUSelectionConfig
FN:363,logGPUSelection
FNF:15
FNH:7
FNDA:49,selectOptimalGPU
FNDA:196,tryGPUType
FNDA:49,tryNVIDIAGPU
FNDA:49,tryIntelGPU
FNDA:49,tryAppleGPU
FNDA:0,resolveSpecificGPU
FNDA:0,(anonymous_6)
FNDA:0,selectBestIntelGPU
FNDA:0,(anonymous_8)
FNDA:0,(anonymous_9)
FNDA:0,validateGPUMemory
FNDA:0,getModelMemoryRequirements
FNDA:0,validateModelSupport
FNDA:98,getGPUSelectionConfig
FNDA:49,logGPUSelection
DA:6,49
DA:10,49
DA:11,49
DA:12,49
DA:42,49
DA:48,49
DA:49,49
DA:50,49
DA:52,49
DA:53,196
DA:55,196
DA:56,49
DA:57,49
DA:62,0
DA:63,0
DA:76,196
DA:78,49
DA:81,49
DA:84,49
DA:87,49
DA:95,0
DA:96,0
DA:104,49
DA:105,49
DA:106,49
DA:109,0
DA:110,0
DA:111,0
DA:114,0
DA:126,49
DA:127,49
DA:128,49
DA:131,0
DA:132,0
DA:133,0
DA:136,0
DA:137,0
DA:138,0
DA:141,0
DA:143,0
DA:144,0
DA:145,0
DA:148,0
DA:164,49
DA:165,0
DA:166,0
DA:169,49
DA:170,49
DA:171,49
DA:174,0
DA:175,0
DA:176,0
DA:179,0
DA:180,0
DA:181,0
DA:184,0
DA:195,49
DA:196,0
DA:198,0
DA:199,0
DA:203,0
DA:204,0
DA:213,0
DA:214,0
DA:216,0
DA:217,0
DA:231,0
DA:232,0
DA:241,0
DA:242,0
DA:250,0
DA:251,0
DA:257,49
DA:258,0
DA:259,0
DA:263,0
DA:264,0
DA:265,0
DA:268,0
DA:269,0
DA:270,0
DA:274,0
DA:276,0
DA:277,0
DA:281,0
DA:282,0
DA:285,0
DA:291,49
DA:292,0
DA:295,0
DA:297,0
DA:301,0
DA:308,0
DA:318,0
DA:324,49
DA:326,0
DA:329,0
DA:330,0
DA:334,0
DA:336,0
DA:337,0
DA:341,0
DA:342,0
DA:348,49
DA:349,98
DA:351,98
DA:363,49
DA:364,49
DA:382,49
LF:109
LH:38
BRDA:55,0,0,49
BRDA:55,0,1,147
BRDA:76,1,0,49
BRDA:76,1,1,49
BRDA:76,1,2,49
BRDA:76,1,3,49
BRDA:76,1,4,0
BRDA:104,2,0,49
BRDA:104,2,1,0
BRDA:109,3,0,0
BRDA:109,3,1,0
BRDA:126,4,0,49
BRDA:126,4,1,0
BRDA:131,5,0,0
BRDA:131,5,1,0
BRDA:136,6,0,0
BRDA:136,6,1,0
BRDA:143,7,0,0
BRDA:143,7,1,0
BRDA:164,8,0,0
BRDA:164,8,1,49
BRDA:169,9,0,49
BRDA:169,9,1,0
BRDA:174,10,0,0
BRDA:174,10,1,0
BRDA:179,11,0,0
BRDA:179,11,1,0
BRDA:198,12,0,0
BRDA:198,12,1,0
BRDA:203,13,0,0
BRDA:203,13,1,0
BRDA:203,14,0,0
BRDA:203,14,1,0
BRDA:213,15,0,0
BRDA:213,15,1,0
BRDA:216,16,0,0
BRDA:216,16,1,0
BRDA:216,17,0,0
BRDA:216,17,1,0
BRDA:231,18,0,0
BRDA:231,18,1,0
BRDA:231,19,0,0
BRDA:231,19,1,0
BRDA:241,20,0,0
BRDA:241,20,1,0
BRDA:258,21,0,0
BRDA:258,21,1,0
BRDA:268,22,0,0
BRDA:268,22,1,0
BRDA:276,23,0,0
BRDA:276,23,1,0
BRDA:277,24,0,0
BRDA:277,24,1,0
BRDA:295,25,0,0
BRDA:295,25,1,0
BRDA:318,26,0,0
BRDA:318,26,1,0
BRDA:329,27,0,0
BRDA:329,27,1,0
BRDA:334,28,0,0
BRDA:334,28,1,0
BRDA:334,29,0,0
BRDA:334,29,1,0
BRDA:349,30,0,98
BRDA:349,30,1,98
BRDA:352,31,0,98
BRDA:352,31,1,98
BRDA:353,32,0,98
BRDA:353,32,1,98
BRDA:354,33,0,98
BRDA:354,33,1,98
BRDA:355,34,0,98
BRDA:355,34,1,98
BRF:73
BRH:20
end_of_record
TN:
SF:main/helpers/index.ts
FNF:0
FNH:0
DA:1,0
DA:2,0
DA:3,0
DA:4,0
DA:5,0
DA:6,0
DA:7,0
LF:7
LH:0
BRF:0
BRH:0
end_of_record
TN:
SF:main/helpers/ipcHandlers.ts
FN:56,isMediaFile
FN:62,isSubtitleFile
FN:68,getMediaFilesFromDirectory
FN:108,setupIpcHandlers
FN:109,(anonymous_13)
FN:113,(anonymous_14)
FN:121,(anonymous_15)
FN:122,(anonymous_16)
FN:144,(anonymous_17)
FN:148,(anonymous_18)
FN:183,(anonymous_19)
FN:198,(anonymous_20)
FN:215,(anonymous_21)
FN:219,(anonymous_22)
FN:244,(anonymous_23)
FN:255,(anonymous_24)
FN:265,(anonymous_25)
FNF:17
FNH:0
FNDA:0,isMediaFile
FNDA:0,isSubtitleFile
FNDA:0,getMediaFilesFromDirectory
FNDA:0,setupIpcHandlers
FNDA:0,(anonymous_13)
FNDA:0,(anonymous_14)
FNDA:0,(anonymous_15)
FNDA:0,(anonymous_16)
FNDA:0,(anonymous_17)
FNDA:0,(anonymous_18)
FNDA:0,(anonymous_19)
FNDA:0,(anonymous_20)
FNDA:0,(anonymous_21)
FNDA:0,(anonymous_22)
FNDA:0,(anonymous_23)
FNDA:0,(anonymous_24)
FNDA:0,(anonymous_25)
DA:1,0
DA:2,0
DA:3,0
DA:4,0
DA:5,0
DA:6,0
DA:7,0
DA:8,0
DA:9,0
DA:12,0
DA:47,0
DA:56,0
DA:57,0
DA:58,0
DA:62,0
DA:63,0
DA:64,0
DA:74,0
DA:76,0
DA:78,0
DA:79,0
DA:83,0
DA:84,0
DA:86,0
DA:88,0
DA:92,0
DA:93,0
DA:95,0
DA:96,0
DA:97,0
DA:102,0
DA:105,0
DA:108,0
DA:109,0
DA:110,0
DA:113,0
DA:114,0
DA:115,0
DA:116,0
DA:120,0
DA:121,0
DA:122,0
DA:124,0
DA:134,0
DA:135,0
DA:137,0
DA:144,0
DA:145,0
DA:148,0
DA:150,0
DA:152,0
DA:153,0
DA:154,0
DA:156,0
DA:158,0
DA:162,0
DA:163,0
DA:166,0
DA:170,0
DA:175,0
DA:179,0
DA:183,0
DA:184,0
DA:185,0
DA:186,0
DA:187,0
DA:189,0
DA:190,0
DA:192,0
DA:193,0
DA:198,0
DA:199,0
DA:200,0
DA:201,0
DA:202,0
DA:204,0
DA:205,0
DA:207,0
DA:208,0
DA:213,0
DA:216,0
DA:217,0
DA:220,0
DA:230,0
DA:231,0
DA:232,0
DA:233,0
DA:235,0
DA:236,0
DA:244,0
DA:245,0
DA:246,0
DA:247,0
DA:249,0
DA:250,0
DA:255,0
DA:256,0
DA:257,0
DA:258,0
DA:260,0
DA:261,0
DA:265,0
DA:266,0
LF:103
LH:0
BRDA:74,0,0,0
BRDA:74,0,1,0
BRDA:86,1,0,0
BRDA:86,1,1,0
BRDA:93,2,0,0
BRDA:93,2,1,0
BRDA:96,3,0,0
BRDA:96,3,1,0
BRDA:116,4,0,0
BRDA:116,4,1,0
BRDA:120,5,0,0
BRDA:120,5,1,0
BRDA:156,6,0,0
BRDA:156,6,1,0
BRDA:163,7,0,0
BRDA:163,7,1,0
BRDA:166,8,0,0
BRDA:166,8,1,0
BRDA:167,9,0,0
BRDA:167,9,1,0
BRDA:167,9,2,0
BRDA:167,9,3,0
BRDA:185,10,0,0
BRDA:185,10,1,0
BRDA:200,11,0,0
BRDA:200,11,1,0
BRDA:215,12,0,0
BRDA:221,13,0,0
BRDA:221,13,1,0
BRF:29
BRH:0
end_of_record
TN:
SF:main/helpers/ipcParameterHandlers.ts
FN:26,getCustomParameters
FN:43,setCustomParameters
FN:67,deleteCustomParameters
FN:85,resetAllParameters
FN:99,validateParameterConfiguration
FN:111,(anonymous_5)
FN:136,getSupportedParameters
FN:151,setupParameterHandlers
FN:153,(anonymous_8)
FN:160,(anonymous_9)
FN:168,(anonymous_10)
FN:174,(anonymous_11)
FN:181,(anonymous_12)
FN:189,(anonymous_13)
FN:197,(anonymous_14)
FN:205,(anonymous_15)
FNF:16
FNH:0
FNDA:0,getCustomParameters
FNDA:0,setCustomParameters
FNDA:0,deleteCustomParameters
FNDA:0,resetAllParameters
FNDA:0,validateParameterConfiguration
FNDA:0,(anonymous_5)
FNDA:0,getSupportedParameters
FNDA:0,setupParameterHandlers
FNDA:0,(anonymous_8)
FNDA:0,(anonymous_9)
FNDA:0,(anonymous_10)
FNDA:0,(anonymous_11)
FNDA:0,(anonymous_12)
FNDA:0,(anonymous_13)
FNDA:0,(anonymous_14)
FNDA:0,(anonymous_15)
DA:8,0
DA:9,0
DA:10,0
DA:11,0
DA:21,0
DA:29,0
DA:30,0
DA:32,0
DA:36,0
DA:47,0
DA:48,0
DA:53,0
DA:54,0
DA:56,0
DA:60,0
DA:68,0
DA:69,0
DA:71,0
DA:72,0
DA:74,0
DA:78,0
DA:86,0
DA:87,0
DA:88,0
DA:89,0
DA:91,0
DA:92,0
DA:103,0
DA:104,0
DA:111,0
DA:118,0
DA:122,0
DA:137,0
DA:138,0
DA:140,0
DA:144,0
DA:151,0
DA:153,0
DA:154,0
DA:158,0
DA:161,0
DA:166,0
DA:169,0
DA:174,0
DA:175,0
DA:179,0
DA:182,0
DA:187,0
DA:190,0
DA:195,0
DA:198,0
DA:203,0
DA:209,0
DA:210,0
DA:212,0
DA:213,0
DA:216,0
DA:220,0
DA:223,0
DA:226,0
DA:229,0
DA:230,0
DA:233,0
DA:237,0
DA:240,0
DA:243,0
DA:244,0
DA:252,0
LF:68
LH:0
BRDA:112,0,0,0
BRDA:112,0,1,0
BRDA:126,1,0,0
BRDA:126,1,1,0
BRDA:210,2,0,0
BRDA:210,2,1,0
BRDA:210,2,2,0
BRDA:210,2,3,0
BRDA:210,2,4,0
BRDA:210,2,5,0
BRDA:246,3,0,0
BRDA:246,3,1,0
BRF:12
BRH:0
end_of_record
TN:
SF:main/helpers/ipcStoreHandlers.ts
FN:11,setupStoreHandlers
FN:13,(anonymous_2)
FN:31,(anonymous_3)
FN:35,(anonymous_4)
FN:40,(anonymous_5)
FN:44,(anonymous_6)
FN:50,(anonymous_7)
FN:55,(anonymous_8)
FN:62,(anonymous_9)
FN:73,(anonymous_10)
FN:77,(anonymous_11)
FN:83,(anonymous_12)
FNF:12
FNH:0
FNDA:0,setupStoreHandlers
FNDA:0,(anonymous_2)
FNDA:0,(anonymous_3)
FNDA:0,(anonymous_4)
FNDA:0,(anonymous_5)
FNDA:0,(anonymous_6)
FNDA:0,(anonymous_7)
FNDA:0,(anonymous_8)
FNDA:0,(anonymous_9)
FNDA:0,(anonymous_10)
FNDA:0,(anonymous_11)
FNDA:0,(anonymous_12)
DA:1,2
DA:2,2
DA:3,2
DA:4,2
DA:5,2
DA:6,2
DA:8,2
DA:10,2
DA:11,2
DA:13,0
DA:14,0
DA:26,0
DA:27,0
DA:31,0
DA:32,0
DA:35,0
DA:36,0
DA:40,0
DA:41,0
DA:44,0
DA:45,0
DA:46,0
DA:50,0
DA:51,0
DA:52,0
DA:55,0
DA:56,0
DA:60,0
DA:63,0
DA:64,0
DA:68,0
DA:69,0
DA:73,0
DA:74,0
DA:77,0
DA:78,0
DA:79,0
DA:83,0
DA:84,0
DA:85,0
LF:40
LH:9
BRF:0
BRH:0
end_of_record
TN:
SF:main/helpers/logger.ts
FN:5,logMessage
FN:20,(anonymous_1)
FNF:2
FNH:1
FNDA:198,logMessage
FNDA:0,(anonymous_1)
DA:1,4
DA:2,4
DA:5,4
DA:9,198
DA:11,198
DA:13,198
DA:18,198
DA:20,198
DA:21,0
LF:9
LH:8
BRDA:7,0,0,22
BRDA:11,1,0,0
BRDA:11,1,1,198
BRF:3
BRH:2
end_of_record
TN:
SF:main/helpers/messageHandler.ts
FN:10,sendMessage
FN:33,createMessageSender
FN:35,(anonymous_2)
FNF:3
FNH:0
FNDA:0,sendMessage
FNDA:0,createMessageSender
FNDA:0,(anonymous_2)
DA:2,0
DA:10,0
DA:16,0
DA:17,0
DA:22,0
DA:26,0
DA:29,0
DA:33,0
DA:34,0
DA:36,0
DA:37,0
DA:39,0
LF:12
LH:0
BRDA:16,0,0,0
BRDA:16,0,1,0
BRDA:18,1,0,0
BRDA:18,1,1,0
BRDA:36,2,0,0
BRDA:36,2,1,0
BRF:6
BRH:0
end_of_record
TN:
SF:main/helpers/parameterProcessor.ts
FN:121,(anonymous_0)
FN:163,(anonymous_1)
FN:172,(anonymous_2)
FN:193,(anonymous_3)
FN:202,(anonymous_4)
FN:246,(anonymous_5)
FN:275,(anonymous_6)
FN:333,(anonymous_7)
FN:365,(anonymous_8)
FN:375,(anonymous_9)
FN:381,(anonymous_10)
FN:392,(anonymous_11)
FN:522,(anonymous_12)
FN:577,(anonymous_13)
FN:598,(anonymous_14)
FN:609,(anonymous_15)
FN:616,(anonymous_16)
FN:618,(anonymous_17)
FN:627,(anonymous_18)
FN:638,(anonymous_19)
FN:648,(anonymous_20)
FNF:21
FNH:0
FNDA:0,(anonymous_0)
FNDA:0,(anonymous_1)
FNDA:0,(anonymous_2)
FNDA:0,(anonymous_3)
FNDA:0,(anonymous_4)
FNDA:0,(anonymous_5)
FNDA:0,(anonymous_6)
FNDA:0,(anonymous_7)
FNDA:0,(anonymous_8)
FNDA:0,(anonymous_9)
FNDA:0,(anonymous_10)
FNDA:0,(anonymous_11)
FNDA:0,(anonymous_12)
FNDA:0,(anonymous_13)
FNDA:0,(anonymous_14)
FNDA:0,(anonymous_15)
FNDA:0,(anonymous_16)
FNDA:0,(anonymous_17)
FNDA:0,(anonymous_18)
FNDA:0,(anonymous_19)
FNDA:0,(anonymous_20)
DA:21,0
DA:117,0
DA:125,0
DA:133,0
DA:134,0
DA:138,0
DA:145,0
DA:152,0
DA:155,0
DA:157,0
DA:168,0
DA:169,0
DA:172,0
DA:173,0
DA:175,0
DA:177,0
DA:181,0
DA:182,0
DA:184,0
DA:185,0
DA:198,0
DA:199,0
DA:202,0
DA:203,0
DA:205,0
DA:207,0
DA:211,0
DA:214,0
DA:216,0
DA:217,0
DA:218,0
DA:224,0
DA:225,0
DA:226,0
DA:227,0
DA:232,0
DA:233,0
DA:236,0
DA:237,0
DA:251,0
DA:256,0
DA:257,0
DA:258,0
DA:259,0
DA:263,0
DA:280,0
DA:281,0
DA:284,0
DA:285,0
DA:289,0
DA:294,0
DA:300,0
DA:304,0
DA:305,0
DA:306,0
DA:307,0
DA:311,0
DA:312,0
DA:316,0
DA:317,0
DA:318,0
DA:322,0
DA:338,0
DA:339,0
DA:341,0
DA:343,0
DA:345,0
DA:353,0
DA:354,0
DA:356,0
DA:357,0
DA:366,0
DA:369,0
DA:375,0
DA:382,0
DA:396,0
DA:398,0
DA:400,0
DA:402,0
DA:403,0
DA:404,0
DA:406,0
DA:412,0
DA:415,0
DA:418,0
DA:420,0
DA:421,0
DA:422,0
DA:428,0
DA:430,0
DA:433,0
DA:439,0
DA:442,0
DA:444,0
DA:445,0
DA:446,0
DA:452,0
DA:454,0
DA:456,0
DA:459,0
DA:461,0
DA:462,0
DA:463,0
DA:464,0
DA:466,0
DA:472,0
DA:475,0
DA:478,0
DA:483,0
DA:489,0
DA:491,0
DA:494,0
DA:495,0
DA:501,0
DA:503,0
DA:506,0
DA:513,0
DA:516,0
DA:526,0
DA:529,0
DA:530,0
DA:531,0
DA:538,0
DA:539,0
DA:549,0
DA:550,0
DA:559,0
DA:560,0
DA:561,0
DA:562,0
DA:571,0
DA:581,0
DA:582,0
DA:585,0
DA:588,0
DA:589,0
DA:590,0
DA:592,0
DA:603,0
DA:610,0
DA:617,0
DA:619,0
DA:630,0
DA:632,0
DA:633,0
DA:637,0
DA:639,0
DA:640,0
DA:641,0
DA:647,0
DA:649,0
DA:650,0
DA:651,0
DA:656,0
LF:154
LH:0
BRDA:133,0,0,0
BRDA:133,0,1,0
BRDA:139,1,0,0
BRDA:139,1,1,0
BRDA:146,2,0,0
BRDA:146,2,1,0
BRDA:168,3,0,0
BRDA:168,3,1,0
BRDA:168,4,0,0
BRDA:168,4,1,0
BRDA:175,5,0,0
BRDA:175,5,1,0
BRDA:198,6,0,0
BRDA:198,6,1,0
BRDA:198,7,0,0
BRDA:198,7,1,0
BRDA:205,8,0,0
BRDA:205,8,1,0
BRDA:207,9,0,0
BRDA:207,9,1,0
BRDA:208,10,0,0
BRDA:208,10,1,0
BRDA:214,11,0,0
BRDA:214,11,1,0
BRDA:224,12,0,0
BRDA:224,12,1,0
BRDA:251,13,0,0
BRDA:251,13,1,0
BRDA:252,14,0,0
BRDA:252,14,1,0
BRDA:256,15,0,0
BRDA:256,15,1,0
BRDA:284,16,0,0
BRDA:284,16,1,0
BRDA:289,17,0,0
BRDA:289,17,1,0
BRDA:290,18,0,0
BRDA:290,18,1,0
BRDA:290,18,2,0
BRDA:292,19,0,0
BRDA:292,19,1,0
BRDA:305,20,0,0
BRDA:305,20,1,0
BRDA:311,21,0,0
BRDA:311,21,1,0
BRDA:316,22,0,0
BRDA:316,22,1,0
BRDA:338,23,0,0
BRDA:338,23,1,0
BRDA:341,24,0,0
BRDA:341,24,1,0
BRDA:366,25,0,0
BRDA:366,25,1,0
BRDA:383,26,0,0
BRDA:383,26,1,0
BRDA:383,26,2,0
BRDA:398,27,0,0
BRDA:398,27,1,0
BRDA:398,27,2,0
BRDA:398,27,3,0
BRDA:398,27,4,0
BRDA:398,27,5,0
BRDA:398,27,6,0
BRDA:400,28,0,0
BRDA:400,28,1,0
BRDA:418,29,0,0
BRDA:418,29,1,0
BRDA:421,30,0,0
BRDA:421,30,1,0
BRDA:442,31,0,0
BRDA:442,31,1,0
BRDA:445,32,0,0
BRDA:445,32,1,0
BRDA:459,33,0,0
BRDA:459,33,1,0
BRDA:461,34,0,0
BRDA:461,34,1,0
BRDA:463,35,0,0
BRDA:463,35,1,0
BRDA:478,36,0,0
BRDA:478,36,1,0
BRDA:479,37,0,0
BRDA:479,37,1,0
BRDA:479,37,2,0
BRDA:494,38,0,0
BRDA:494,38,1,0
BRDA:529,39,0,0
BRDA:529,39,1,0
BRDA:530,40,0,0
BRDA:530,40,1,0
BRDA:530,41,0,0
BRDA:530,41,1,0
BRDA:538,42,0,0
BRDA:538,42,1,0
BRDA:538,43,0,0
BRDA:538,43,1,0
BRDA:549,44,0,0
BRDA:549,44,1,0
BRDA:549,45,0,0
BRDA:549,45,1,0
BRDA:559,46,0,0
BRDA:559,46,1,0
BRDA:559,47,0,0
BRDA:559,47,1,0
BRDA:561,48,0,0
BRDA:561,48,1,0
BRDA:581,49,0,0
BRDA:581,49,1,0
BRDA:588,50,0,0
BRDA:588,50,1,0
BRDA:589,51,0,0
BRDA:589,51,1,0
BRDA:590,52,0,0
BRDA:590,52,1,0
BRDA:610,53,0,0
BRDA:610,53,1,0
BRDA:619,54,0,0
BRDA:619,54,1,0
BRDA:632,55,0,0
BRDA:632,55,1,0
BRDA:640,56,0,0
BRDA:640,56,1,0
BRDA:650,57,0,0
BRDA:650,57,1,0
BRF:124
BRH:0
end_of_record
TN:
SF:main/helpers/performanceMonitor.ts
FN:97,(anonymous_1)
FN:102,(anonymous_2)
FN:112,(anonymous_3)
FN:135,(anonymous_4)
FN:152,(anonymous_5)
FN:162,(anonymous_6)
FN:198,(anonymous_7)
FN:213,(anonymous_8)
FN:216,(anonymous_9)
FN:223,(anonymous_10)
FN:230,(anonymous_11)
FN:243,(anonymous_12)
FN:257,(anonymous_13)
FN:275,(anonymous_14)
FN:306,(anonymous_15)
FN:308,(anonymous_16)
FN:309,(anonymous_17)
FN:310,(anonymous_18)
FN:311,(anonymous_19)
FN:314,(anonymous_20)
FN:320,(anonymous_21)
FN:335,(anonymous_22)
FN:336,(anonymous_23)
FN:338,(anonymous_24)
FN:339,(anonymous_25)
FN:340,(anonymous_26)
FN:350,(anonymous_27)
FN:351,(anonymous_28)
FN:372,(anonymous_29)
FN:373,(anonymous_30)
FN:375,(anonymous_31)
FN:377,(anonymous_32)
FN:379,(anonymous_33)
FN:380,(anonymous_34)
FN:395,(anonymous_35)
FN:399,(anonymous_36)
FN:407,(anonymous_37)
FN:409,(anonymous_38)
FN:413,(anonymous_39)
FN:419,(anonymous_40)
FN:420,(anonymous_41)
FN:430,(anonymous_42)
FN:446,(anonymous_43)
FN:460,(anonymous_44)
FNF:44
FNH:0
FNDA:0,(anonymous_1)
FNDA:0,(anonymous_2)
FNDA:0,(anonymous_3)
FNDA:0,(anonymous_4)
FNDA:0,(anonymous_5)
FNDA:0,(anonymous_6)
FNDA:0,(anonymous_7)
FNDA:0,(anonymous_8)
FNDA:0,(anonymous_9)
FNDA:0,(anonymous_10)
FNDA:0,(anonymous_11)
FNDA:0,(anonymous_12)
FNDA:0,(anonymous_13)
FNDA:0,(anonymous_14)
FNDA:0,(anonymous_15)
FNDA:0,(anonymous_16)
FNDA:0,(anonymous_17)
FNDA:0,(anonymous_18)
FNDA:0,(anonymous_19)
FNDA:0,(anonymous_20)
FNDA:0,(anonymous_21)
FNDA:0,(anonymous_22)
FNDA:0,(anonymous_23)
FNDA:0,(anonymous_24)
FNDA:0,(anonymous_25)
FNDA:0,(anonymous_26)
FNDA:0,(anonymous_27)
FNDA:0,(anonymous_28)
FNDA:0,(anonymous_29)
FNDA:0,(anonymous_30)
FNDA:0,(anonymous_31)
FNDA:0,(anonymous_32)
FNDA:0,(anonymous_33)
FNDA:0,(anonymous_34)
FNDA:0,(anonymous_35)
FNDA:0,(anonymous_36)
FNDA:0,(anonymous_37)
FNDA:0,(anonymous_38)
FNDA:0,(anonymous_39)
FNDA:0,(anonymous_40)
FNDA:0,(anonymous_41)
FNDA:0,(anonymous_42)
FNDA:0,(anonymous_43)
FNDA:0,(anonymous_44)
DA:6,0
DA:10,0
DA:11,0
DA:12,0
DA:91,0
DA:93,0
DA:94,0
DA:98,0
DA:99,0
DA:103,0
DA:104,0
DA:106,0
DA:113,0
DA:115,0
DA:128,0
DA:129,0
DA:136,0
DA:138,0
DA:139,0
DA:153,0
DA:155,0
DA:156,0
DA:163,0
DA:164,0
DA:167,0
DA:168,0
DA:169,0
DA:171,0
DA:184,0
DA:185,0
DA:188,0
DA:190,0
DA:192,0
DA:199,0
DA:202,0
DA:205,0
DA:207,0
DA:215,0
DA:216,0
DA:219,0
DA:220,0
DA:223,0
DA:224,0
DA:231,0
DA:234,0
DA:235,0
DA:237,0
DA:244,0
DA:245,0
DA:258,0
DA:259,0
DA:260,0
DA:261,0
DA:262,0
DA:263,0
DA:264,0
DA:265,0
DA:267,0
DA:268,0
DA:276,0
DA:277,0
DA:279,0
DA:280,0
DA:295,0
DA:296,0
DA:297,0
DA:298,0
DA:300,0
DA:307,0
DA:308,0
DA:309,0
DA:310,0
DA:311,0
DA:314,0
DA:315,0
DA:316,0
DA:319,0
DA:320,0
DA:322,0
DA:336,0
DA:338,0
DA:339,0
DA:340,0
DA:343,0
DA:344,0
DA:345,0
DA:347,0
DA:349,0
DA:350,0
DA:351,0
DA:353,0
DA:354,0
DA:355,0
DA:356,0
DA:360,0
DA:373,0
DA:375,0
DA:376,0
DA:377,0
DA:379,0
DA:380,0
DA:382,0
DA:396,0
DA:399,0
DA:400,0
DA:402,0
DA:403,0
DA:407,0
DA:408,0
DA:409,0
DA:413,0
DA:414,0
DA:415,0
DA:419,0
DA:420,0
DA:421,0
DA:424,0
DA:431,0
DA:432,0
DA:433,0
DA:434,0
DA:435,0
DA:438,0
DA:439,0
DA:447,0
DA:449,0
DA:450,0
DA:451,0
DA:453,0
DA:461,0
DA:462,0
DA:463,0
DA:464,0
LF:133
LH:0
BRDA:103,0,0,0
BRDA:103,0,1,0
BRDA:136,1,0,0
BRDA:136,1,1,0
BRDA:145,2,0,0
BRDA:145,2,1,0
BRDA:153,3,0,0
BRDA:153,3,1,0
BRDA:155,4,0,0
BRDA:155,4,1,0
BRDA:163,5,0,0
BRDA:163,5,1,0
BRDA:179,6,0,0
BRDA:179,6,1,0
BRDA:180,7,0,0
BRDA:180,7,1,0
BRDA:199,8,0,0
BRDA:199,8,1,0
BRDA:216,9,0,0
BRDA:216,9,1,0
BRDA:219,10,0,0
BRDA:219,10,1,0
BRDA:231,11,0,0
BRDA:231,11,1,0
BRDA:237,12,0,0
BRDA:237,12,1,0
BRDA:265,13,0,0
BRDA:265,13,1,0
BRDA:267,14,0,0
BRDA:267,14,1,0
BRDA:279,15,0,0
BRDA:279,15,1,0
BRDA:311,16,0,0
BRDA:311,16,1,0
BRDA:315,17,0,0
BRDA:315,17,1,0
BRDA:319,18,0,0
BRDA:319,18,1,0
BRDA:349,19,0,0
BRDA:349,19,1,0
BRDA:349,20,0,0
BRDA:349,20,1,0
BRDA:353,21,0,0
BRDA:353,21,1,0
BRDA:355,22,0,0
BRDA:355,22,1,0
BRDA:377,23,0,0
BRDA:377,23,1,0
BRDA:400,24,0,0
BRDA:400,24,1,0
BRDA:402,25,0,0
BRDA:402,25,1,0
BRDA:402,26,0,0
BRDA:402,26,1,0
BRDA:408,27,0,0
BRDA:408,27,1,0
BRDA:414,28,0,0
BRDA:414,28,1,0
BRDA:420,29,0,0
BRDA:420,29,1,0
BRDA:432,30,0,0
BRDA:432,30,1,0
BRF:62
BRH:0
end_of_record
TN:
SF:main/helpers/providerManager.ts
FN:11,getAndInitializeProviders
FN:38,initializeDefaultProviders
FN:39,(anonymous_2)
FN:40,(anonymous_3)
FN:47,(anonymous_4)
FN:48,(anonymous_5)
FN:58,migrateProviders
FN:61,(anonymous_7)
FN:61,(anonymous_8)
FN:62,(anonymous_9)
FN:63,(anonymous_10)
FN:83,(anonymous_11)
FN:84,(anonymous_12)
FN:86,(anonymous_13)
FN:95,(anonymous_14)
FN:97,(anonymous_15)
FN:98,(anonymous_16)
FN:105,(anonymous_17)
FN:106,(anonymous_18)
FNF:19
FNH:0
FNDA:0,getAndInitializeProviders
FNDA:0,initializeDefaultProviders
FNDA:0,(anonymous_2)
FNDA:0,(anonymous_3)
FNDA:0,(anonymous_4)
FNDA:0,(anonymous_5)
FNDA:0,migrateProviders
FNDA:0,(anonymous_7)
FNDA:0,(anonymous_8)
FNDA:0,(anonymous_9)
FNDA:0,(anonymous_10)
FNDA:0,(anonymous_11)
FNDA:0,(anonymous_12)
FNDA:0,(anonymous_13)
FNDA:0,(anonymous_14)
FNDA:0,(anonymous_15)
FNDA:0,(anonymous_16)
FNDA:0,(anonymous_17)
FNDA:0,(anonymous_18)
DA:1,2
DA:6,2
DA:7,2
DA:9,2
DA:11,2
DA:12,0
DA:13,0
DA:14,0
DA:16,0
DA:17,0
DA:18,0
DA:21,0
DA:22,0
DA:26,0
DA:27,0
DA:28,0
DA:29,0
DA:31,0
DA:33,0
DA:34,0
DA:39,0
DA:40,0
DA:47,0
DA:48,0
DA:53,0
DA:54,0
DA:55,0
DA:60,0
DA:61,0
DA:63,0
DA:64,0
DA:81,0
DA:84,0
DA:86,0
DA:95,0
DA:96,0
DA:97,0
DA:98,0
DA:105,0
DA:106,0
DA:110,0
LF:41
LH:5
BRDA:13,0,0,0
BRDA:13,0,1,0
BRDA:16,1,0,0
BRDA:16,1,1,0
BRDA:21,2,0,0
BRDA:21,2,1,0
BRDA:44,3,0,0
BRDA:44,3,1,0
BRDA:67,4,0,0
BRDA:67,4,1,0
BRDA:69,5,0,0
BRDA:69,5,1,0
BRDA:70,6,0,0
BRDA:70,6,1,0
BRDA:71,7,0,0
BRDA:71,7,1,0
BRDA:73,8,0,0
BRDA:73,8,1,0
BRDA:84,9,0,0
BRDA:84,9,1,0
BRDA:97,10,0,0
BRDA:97,10,1,0
BRDA:102,11,0,0
BRDA:102,11,1,0
BRF:24
BRH:0
end_of_record
TN:
SF:main/helpers/settingsMigration.ts
FN:36,(anonymous_1)
FN:96,(anonymous_2)
FN:110,(anonymous_3)
FN:131,(anonymous_4)
FN:157,(anonymous_5)
FN:175,(anonymous_6)
FN:212,(anonymous_7)
FN:257,(anonymous_8)
FN:279,(anonymous_9)
FN:302,(anonymous_10)
FN:318,initializeSettingsMigration
FNF:11
FNH:0
FNDA:0,(anonymous_1)
FNDA:0,(anonymous_2)
FNDA:0,(anonymous_3)
FNDA:0,(anonymous_4)
FNDA:0,(anonymous_5)
FNDA:0,(anonymous_6)
FNDA:0,(anonymous_7)
FNDA:0,(anonymous_8)
FNDA:0,(anonymous_9)
FNDA:0,(anonymous_10)
FNDA:0,initializeSettingsMigration
DA:6,0
DA:7,0
DA:8,0
DA:9,0
DA:29,0
DA:30,0
DA:31,0
DA:37,0
DA:39,0
DA:46,0
DA:48,0
DA:51,0
DA:53,0
DA:54,0
DA:55,0
DA:59,0
DA:62,0
DA:65,0
DA:67,0
DA:68,0
DA:69,0
DA:70,0
DA:74,0
DA:75,0
DA:76,0
DA:78,0
DA:80,0
DA:81,0
DA:84,0
DA:87,0
DA:88,0
DA:89,0
DA:98,0
DA:111,0
DA:112,0
DA:118,0
DA:119,0
DA:120,0
DA:123,0
DA:124,0
DA:132,0
DA:151,0
DA:159,0
DA:160,0
DA:164,0
DA:165,0
DA:169,0
DA:176,0
DA:184,0
DA:192,0
DA:193,0
DA:194,0
DA:195,0
DA:200,0
DA:201,0
DA:202,0
DA:206,0
DA:207,0
DA:208,0
DA:209,0
DA:211,0
DA:212,0
DA:214,0
DA:215,0
DA:216,0
DA:222,0
DA:223,0
DA:225,0
DA:226,0
DA:227,0
DA:230,0
DA:231,0
DA:232,0
DA:233,0
DA:236,0
DA:237,0
DA:238,0
DA:243,0
DA:244,0
DA:247,0
DA:248,0
DA:251,0
DA:258,0
DA:259,0
DA:261,0
DA:262,0
DA:263,0
DA:266,0
DA:267,0
DA:268,0
DA:271,0
DA:272,0
DA:280,0
DA:282,0
DA:284,0
DA:285,0
DA:286,0
DA:288,0
DA:289,0
DA:290,0
DA:295,0
DA:307,0
DA:309,0
DA:318,0
DA:319,0
LF:105
LH:0
BRDA:53,0,0,0
BRDA:53,0,1,0
BRDA:67,1,0,0
BRDA:67,1,1,0
BRDA:80,2,0,0
BRDA:80,2,1,0
BRDA:99,3,0,0
BRDA:99,3,1,0
BRDA:99,3,2,0
BRDA:99,3,3,0
BRDA:99,3,4,0
BRDA:159,4,0,0
BRDA:159,4,1,0
BRDA:164,5,0,0
BRDA:164,5,1,0
BRDA:193,6,0,0
BRDA:193,6,1,0
BRDA:200,7,0,0
BRDA:200,7,1,0
BRDA:200,8,0,0
BRDA:200,8,1,0
BRDA:206,9,0,0
BRDA:206,9,1,0
BRDA:207,10,0,0
BRDA:207,10,1,0
BRDA:214,11,0,0
BRDA:214,11,1,0
BRDA:222,12,0,0
BRDA:222,12,1,0
BRDA:225,13,0,0
BRDA:225,13,1,0
BRDA:225,14,0,0
BRDA:225,14,1,0
BRDA:231,15,0,0
BRDA:231,15,1,0
BRDA:236,16,0,0
BRDA:236,16,1,0
BRDA:243,17,0,0
BRDA:243,17,1,0
BRDA:243,18,0,0
BRDA:243,18,1,0
BRDA:247,19,0,0
BRDA:247,19,1,0
BRDA:261,20,0,0
BRDA:261,20,1,0
BRDA:261,21,0,0
BRDA:261,21,1,0
BRDA:284,22,0,0
BRDA:284,22,1,0
BRDA:284,23,0,0
BRDA:284,23,1,0
BRDA:288,24,0,0
BRDA:288,24,1,0
BRF:53
BRH:0
end_of_record
TN:
SF:main/helpers/storeManager.ts
FN:1,(anonymous_0)
FN:2,(anonymous_1)
FN:3,(anonymous_2)
FNF:3
FNH:2
FNDA:147,(anonymous_0)
FNDA:0,(anonymous_1)
FNDA:132,(anonymous_2)
DA:1,149
DA:2,2
DA:3,134
LF:3
LH:3
BRF:0
BRH:0
end_of_record
TN:
SF:main/helpers/subtitleGenerator.ts
FN:15,getAudioDuration
FN:16,(anonymous_2)
FN:18,(anonymous_3)
FN:34,generateSubtitleWithLocalWhisper
FN:48,(anonymous_5)
FN:60,(anonymous_6)
FN:61,(anonymous_7)
FN:91,generateSubtitleWithBuiltinWhisper
FN:235,(anonymous_9)
FNF:9
FNH:1
FNDA:0,getAudioDuration
FNDA:0,(anonymous_2)
FNDA:0,(anonymous_3)
FNDA:0,generateSubtitleWithLocalWhisper
FNDA:0,(anonymous_5)
FNDA:0,(anonymous_6)
FNDA:0,(anonymous_7)
FNDA:66,generateSubtitleWithBuiltinWhisper
FNDA:0,(anonymous_9)
DA:1,2
DA:2,2
DA:3,2
DA:4,2
DA:5,2
DA:7,2
DA:8,2
DA:10,2
DA:16,0
DA:17,0
DA:18,0
DA:19,0
DA:20,0
DA:21,0
DA:22,0
DA:25,0
DA:26,0
DA:34,2
DA:35,0
DA:36,0
DA:37,0
DA:38,0
DA:39,0
DA:41,0
DA:48,0
DA:49,0
DA:50,0
DA:51,0
DA:53,0
DA:56,0
DA:57,0
DA:58,0
DA:60,0
DA:61,0
DA:62,0
DA:63,0
DA:64,0
DA:65,0
DA:67,0
DA:68,0
DA:70,0
DA:71,0
DA:73,0
DA:75,0
DA:76,0
DA:77,0
DA:78,0
DA:81,0
DA:82,0
DA:91,2
DA:96,66
DA:97,66
DA:104,49
DA:105,49
DA:106,49
DA:107,49
DA:108,49
DA:109,49
DA:111,49
DA:112,49
DA:114,49
DA:115,49
DA:117,0
DA:119,0
DA:124,0
DA:125,0
DA:128,49
DA:129,49
DA:131,49
DA:132,49
DA:133,49
DA:134,49
DA:136,49
DA:137,49
DA:141,49
DA:142,49
DA:143,49
DA:145,0
DA:146,0
DA:150,49
DA:151,0
DA:155,49
DA:156,0
DA:160,49
DA:163,49
DA:164,49
DA:165,0
DA:166,0
DA:169,0
DA:170,0
DA:171,0
DA:174,0
DA:175,0
DA:176,0
DA:177,0
DA:180,0
DA:188,0
DA:189,0
DA:190,0
DA:193,0
DA:194,0
DA:195,0
DA:197,0
DA:198,0
DA:199,0
DA:200,0
DA:201,0
DA:202,0
DA:204,0
DA:236,0
DA:239,0
DA:242,0
DA:250,0
DA:256,0
DA:257,0
DA:258,0
DA:259,0
DA:262,0
DA:263,0
DA:264,0
DA:265,0
DA:267,0
DA:268,0
DA:272,0
DA:273,0
DA:276,0
DA:279,0
DA:290,0
DA:291,0
DA:293,0
DA:296,49
DA:299,49
DA:300,0
DA:304,49
DA:305,49
DA:306,49
DA:308,0
DA:311,0
DA:317,0
DA:320,0
DA:326,0
DA:332,17
DA:334,17
DA:335,17
DA:340,0
DA:342,17
DA:345,17
DA:351,0
LF:148
LH:48
BRDA:19,0,0,0
BRDA:19,0,1,0
BRDA:26,1,0,0
BRDA:26,1,1,0
BRDA:45,2,0,0
BRDA:45,2,1,0
BRDA:49,3,0,0
BRDA:49,3,1,0
BRDA:50,4,0,0
BRDA:50,4,1,0
BRDA:50,5,0,0
BRDA:50,5,1,0
BRDA:50,5,2,0
BRDA:53,6,0,0
BRDA:53,6,1,0
BRDA:62,7,0,0
BRDA:62,7,1,0
BRDA:67,8,0,0
BRDA:67,8,1,0
BRDA:70,9,0,0
BRDA:70,9,1,0
BRDA:77,10,0,0
BRDA:77,10,1,0
BRDA:143,11,0,49
BRDA:143,11,1,0
BRDA:150,12,0,0
BRDA:150,12,1,49
BRDA:150,13,0,49
BRDA:150,13,1,49
BRDA:155,14,0,0
BRDA:155,14,1,49
BRDA:193,15,0,0
BRDA:193,15,1,0
BRDA:198,16,0,0
BRDA:198,16,1,0
BRDA:205,17,0,0
BRDA:205,17,1,0
BRDA:213,18,0,0
BRDA:213,18,1,0
BRDA:222,19,0,0
BRDA:222,19,1,0
BRDA:272,20,0,0
BRDA:272,20,1,0
BRDA:299,21,0,0
BRDA:299,21,1,49
BRDA:299,22,0,49
BRDA:299,22,1,0
BRF:47
BRH:7
end_of_record
TN:
SF:main/helpers/systemInfoManager.ts
FN:17,setupSystemInfoManager
FN:18,(anonymous_2)
FN:27,(anonymous_3)
FN:34,(anonymous_4)
FN:40,(anonymous_5)
FN:65,(anonymous_6)
FN:89,(anonymous_7)
FN:94,(anonymous_8)
FN:115,(anonymous_9)
FNF:9
FNH:0
FNDA:0,setupSystemInfoManager
FNDA:0,(anonymous_2)
FNDA:0,(anonymous_3)
FNDA:0,(anonymous_4)
FNDA:0,(anonymous_5)
FNDA:0,(anonymous_6)
FNDA:0,(anonymous_7)
FNDA:0,(anonymous_8)
FNDA:0,(anonymous_9)
DA:1,0
DA:2,0
DA:8,0
DA:9,0
DA:10,0
DA:11,0
DA:12,0
DA:13,0
DA:15,0
DA:17,0
DA:18,0
DA:19,0
DA:27,0
DA:28,0
DA:29,0
DA:32,0
DA:35,0
DA:36,0
DA:39,0
DA:40,0
DA:41,0
DA:42,0
DA:44,0
DA:45,0
DA:48,0
DA:49,0
DA:55,0
DA:56,0
DA:58,0
DA:59,0
DA:60,0
DA:65,0
DA:66,0
DA:71,0
DA:72,0
DA:73,0
DA:74,0
DA:76,0
DA:77,0
DA:78,0
DA:80,0
DA:81,0
DA:85,0
DA:89,0
DA:90,0
DA:94,0
DA:95,0
DA:96,0
DA:97,0
DA:100,0
DA:101,0
DA:102,0
DA:103,0
DA:104,0
DA:108,0
DA:110,0
DA:111,0
DA:115,0
DA:116,0
DA:117,0
DA:118,0
DA:120,0
LF:62
LH:0
BRDA:35,0,0,0
BRDA:35,0,1,0
BRDA:41,1,0,0
BRDA:41,1,1,0
BRDA:44,2,0,0
BRDA:44,2,1,0
BRDA:44,3,0,0
BRDA:44,3,1,0
BRDA:71,4,0,0
BRDA:71,4,1,0
BRDA:71,5,0,0
BRDA:71,5,1,0
BRDA:101,6,0,0
BRDA:101,6,1,0
BRF:14
BRH:0
end_of_record
TN:
SF:main/helpers/taskManager.ts
FN:5,setupTaskManager
FN:6,(anonymous_1)
FN:10,(anonymous_2)
FN:14,(anonymous_3)
FNF:4
FNH:0
FNDA:0,setupTaskManager
FNDA:0,(anonymous_1)
FNDA:0,(anonymous_2)
FNDA:0,(anonymous_3)
DA:1,0
DA:3,0
DA:5,0
DA:6,0
DA:7,0
DA:10,0
DA:11,0
DA:14,0
DA:15,0
LF:9
LH:0
BRF:0
BRH:0
end_of_record
TN:
SF:main/helpers/taskProcessor.ts
FN:23,createExtendedProvider
FN:71,setupTaskProcessor
FN:74,(anonymous_3)
FN:78,(anonymous_4)
FN:90,(anonymous_5)
FN:94,(anonymous_6)
FN:98,(anonymous_7)
FN:105,(anonymous_8)
FN:112,(anonymous_9)
FN:128,processNextTasks
FN:136,(anonymous_11)
FN:155,(anonymous_12)
FN:159,(anonymous_13)
FN:184,(anonymous_14)
FNF:14
FNH:0
FNDA:0,createExtendedProvider
FNDA:0,setupTaskProcessor
FNDA:0,(anonymous_3)
FNDA:0,(anonymous_4)
FNDA:0,(anonymous_5)
FNDA:0,(anonymous_6)
FNDA:0,(anonymous_7)
FNDA:0,(anonymous_8)
FNDA:0,(anonymous_9)
FNDA:0,processNextTasks
FNDA:0,(anonymous_11)
FNDA:0,(anonymous_12)
FNDA:0,(anonymous_13)
FNDA:0,(anonymous_14)
DA:1,0
DA:2,0
DA:3,0
DA:4,0
DA:5,0
DA:6,0
DA:7,0
DA:10,0
DA:12,0
DA:13,0
DA:14,0
DA:15,0
DA:16,0
DA:17,0
DA:18,0
DA:26,0
DA:29,0
DA:32,0
DA:37,0
DA:38,0
DA:42,0
DA:46,0
DA:51,0
DA:57,0
DA:59,0
DA:64,0
DA:71,0
DA:72,0
DA:75,0
DA:76,0
DA:77,0
DA:78,0
DA:79,0
DA:80,0
DA:81,0
DA:82,0
DA:83,0
DA:84,0
DA:85,0
DA:90,0
DA:91,0
DA:94,0
DA:95,0
DA:98,0
DA:99,0
DA:100,0
DA:101,0
DA:105,0
DA:106,0
DA:107,0
DA:108,0
DA:109,0
DA:112,0
DA:114,0
DA:115,0
DA:118,0
DA:119,0
DA:123,0
DA:124,0
DA:129,0
DA:130,0
DA:131,0
DA:132,0
DA:135,0
DA:136,0
DA:137,0
DA:141,0
DA:142,0
DA:143,0
DA:144,0
DA:148,0
DA:151,0
DA:152,0
DA:153,0
DA:155,0
DA:156,0
DA:157,0
DA:158,0
DA:159,0
DA:163,0
DA:165,0
DA:173,0
DA:175,0
DA:177,0
DA:183,0
DA:184,0
LF:86
LH:0
BRDA:37,0,0,0
BRDA:37,0,1,0
BRDA:43,1,0,0
BRDA:43,1,1,0
BRDA:47,2,0,0
BRDA:47,2,1,0
BRDA:79,3,0,0
BRDA:79,3,1,0
BRDA:84,4,0,0
BRDA:84,4,1,0
BRDA:106,5,0,0
BRDA:106,5,1,0
BRDA:107,6,0,0
BRDA:107,6,1,0
BRDA:108,7,0,0
BRDA:108,7,1,0
BRDA:114,8,0,0
BRDA:114,8,1,0
BRDA:129,9,0,0
BRDA:129,9,1,0
BRDA:135,10,0,0
BRDA:135,10,1,0
BRDA:141,11,0,0
BRDA:141,11,1,0
BRDA:141,12,0,0
BRDA:141,12,1,0
BRDA:151,13,0,0
BRDA:151,13,1,0
BRDA:151,14,0,0
BRDA:151,14,1,0
BRDA:183,15,0,0
BRDA:183,15,1,0
BRF:32
BRH:0
end_of_record
TN:
SF:main/helpers/testUtils.ts
FN:50,(anonymous_0)
FN:52,(anonymous_1)
FN:62,(anonymous_2)
FN:89,(anonymous_3)
FN:109,(anonymous_4)
FN:124,(anonymous_5)
FN:161,(anonymous_6)
FN:207,(anonymous_7)
FN:250,(anonymous_8)
FN:257,(anonymous_9)
FN:265,(anonymous_10)
FN:274,(anonymous_11)
FN:287,(anonymous_12)
FN:301,(anonymous_13)
FN:302,(anonymous_14)
FN:308,(anonymous_15)
FN:314,(anonymous_16)
FN:315,(anonymous_17)
FN:318,(anonymous_18)
FN:344,(anonymous_19)
FN:382,(anonymous_20)
FN:437,(anonymous_21)
FN:457,(anonymous_22)
FN:475,(anonymous_23)
FN:482,(anonymous_24)
FN:489,(anonymous_25)
FN:496,(anonymous_26)
FNF:27
FNH:0
FNDA:0,(anonymous_0)
FNDA:0,(anonymous_1)
FNDA:0,(anonymous_2)
FNDA:0,(anonymous_3)
FNDA:0,(anonymous_4)
FNDA:0,(anonymous_5)
FNDA:0,(anonymous_6)
FNDA:0,(anonymous_7)
FNDA:0,(anonymous_8)
FNDA:0,(anonymous_9)
FNDA:0,(anonymous_10)
FNDA:0,(anonymous_11)
FNDA:0,(anonymous_12)
FNDA:0,(anonymous_13)
FNDA:0,(anonymous_14)
FNDA:0,(anonymous_15)
FNDA:0,(anonymous_16)
FNDA:0,(anonymous_17)
FNDA:0,(anonymous_18)
FNDA:0,(anonymous_19)
FNDA:0,(anonymous_20)
FNDA:0,(anonymous_21)
FNDA:0,(anonymous_22)
FNDA:0,(anonymous_23)
FNDA:0,(anonymous_24)
FNDA:0,(anonymous_25)
FNDA:0,(anonymous_26)
DA:11,0
DA:12,0
DA:45,0
DA:47,0
DA:53,0
DA:54,0
DA:56,0
DA:63,0
DA:66,0
DA:69,0
DA:70,0
DA:74,0
DA:83,0
DA:90,0
DA:91,0
DA:94,0
DA:95,0
DA:99,0
DA:101,0
DA:102,0
DA:110,0
DA:118,0
DA:125,0
DA:126,0
DA:129,0
DA:130,0
DA:131,0
DA:132,0
DA:136,0
DA:137,0
DA:138,0
DA:139,0
DA:143,0
DA:144,0
DA:145,0
DA:146,0
DA:150,0
DA:151,0
DA:153,0
DA:154,0
DA:162,0
DA:164,0
DA:165,0
DA:167,0
DA:169,0
DA:180,0
DA:181,0
DA:183,0
DA:185,0
DA:197,0
DA:198,0
DA:200,0
DA:212,0
DA:213,0
DA:214,0
DA:216,0
DA:218,0
DA:219,0
DA:220,0
DA:222,0
DA:227,0
DA:228,0
DA:230,0
DA:233,0
DA:238,0
DA:242,0
DA:244,0
DA:251,0
DA:258,0
DA:259,0
DA:266,0
DA:267,0
DA:275,0
DA:276,0
DA:278,0
DA:279,0
DA:280,0
DA:288,0
DA:289,0
DA:290,0
DA:292,0
DA:293,0
DA:302,0
DA:309,0
DA:314,0
DA:315,0
DA:319,0
DA:332,0
DA:337,0
DA:340,0
DA:344,0
DA:382,0
DA:437,0
DA:457,0
DA:474,0
DA:475,0
DA:482,0
DA:489,0
DA:496,0
LF:99
LH:0
BRDA:53,0,0,0
BRDA:53,0,1,0
BRDA:90,1,0,0
BRDA:90,1,1,0
BRDA:130,2,0,0
BRDA:130,2,1,0
BRDA:137,3,0,0
BRDA:137,3,1,0
BRDA:144,4,0,0
BRDA:144,4,1,0
BRDA:144,5,0,0
BRDA:144,5,1,0
BRDA:227,6,0,0
BRDA:227,6,1,0
BRDA:266,7,0,0
BRDA:266,7,1,0
BRDA:278,8,0,0
BRDA:278,8,1,0
BRDA:279,9,0,0
BRDA:279,9,1,0
BRDA:292,10,0,0
BRDA:292,10,1,0
BRDA:292,11,0,0
BRDA:292,11,1,0
BRDA:319,12,0,0
BRDA:319,12,1,0
BRDA:320,13,0,0
BRDA:320,13,1,0
BRDA:324,14,0,0
BRDA:324,14,1,0
BRF:30
BRH:0
end_of_record
TN:
SF:main/helpers/thinkingModeDetector.ts
FN:44,(anonymous_0)
FN:107,(anonymous_1)
FN:114,(anonymous_2)
FN:121,(anonymous_3)
FN:152,(anonymous_4)
FN:161,(anonymous_5)
FN:168,(anonymous_6)
FN:179,(anonymous_7)
FN:219,detectThinkingMode
FN:226,hasThinkingMode
FN:230,generateThinkingStatusMessage
FNF:11
FNH:0
FNDA:0,(anonymous_0)
FNDA:0,(anonymous_1)
FNDA:0,(anonymous_2)
FNDA:0,(anonymous_3)
FNDA:0,(anonymous_4)
FNDA:0,(anonymous_5)
FNDA:0,(anonymous_6)
FNDA:0,(anonymous_7)
FNDA:0,detectThinkingMode
FNDA:0,hasThinkingMode
FNDA:0,generateThinkingStatusMessage
DA:40,0
DA:48,0
DA:57,0
DA:58,0
DA:59,0
DA:61,0
DA:62,0
DA:66,0
DA:69,0
DA:72,0
DA:73,0
DA:74,0
DA:75,0
DA:78,0
DA:79,0
DA:80,0
DA:81,0
DA:83,0
DA:87,0
DA:88,0
DA:89,0
DA:96,0
DA:97,0
DA:101,0
DA:108,0
DA:115,0
DA:127,0
DA:129,0
DA:131,0
DA:132,0
DA:136,0
DA:138,0
DA:141,0
DA:145,0
DA:156,0
DA:159,0
DA:161,0
DA:162,0
DA:166,0
DA:168,0
DA:169,0
DA:172,0
DA:188,0
DA:189,0
DA:191,0
DA:192,0
DA:200,0
DA:201,0
DA:206,0
DA:219,0
DA:223,0
DA:226,0
DA:227,0
DA:230,0
DA:234,0
DA:235,0
DA:238,0
LF:57
LH:0
BRDA:61,0,0,0
BRDA:61,0,1,0
BRDA:62,1,0,0
BRDA:62,1,1,0
BRDA:66,2,0,0
BRDA:66,2,1,0
BRDA:75,3,0,0
BRDA:75,3,1,0
BRDA:78,4,0,0
BRDA:78,4,1,0
BRDA:78,5,0,0
BRDA:78,5,1,0
BRDA:80,6,0,0
BRDA:80,6,1,0
BRDA:80,7,0,0
BRDA:80,7,1,0
BRDA:87,8,0,0
BRDA:87,8,1,0
BRDA:96,9,0,0
BRDA:96,9,1,0
BRDA:115,10,0,0
BRDA:115,10,1,0
BRDA:129,11,0,0
BRDA:129,11,1,0
BRDA:131,12,0,0
BRDA:131,12,1,0
BRDA:132,13,0,0
BRDA:132,13,1,0
BRDA:138,14,0,0
BRDA:138,14,1,0
BRDA:141,15,0,0
BRDA:141,15,1,0
BRDA:156,16,0,0
BRDA:156,16,1,0
BRDA:161,17,0,0
BRDA:161,17,1,0
BRDA:168,18,0,0
BRDA:168,18,1,0
BRDA:191,19,0,0
BRDA:191,19,1,0
BRDA:191,20,0,0
BRDA:191,20,1,0
BRDA:200,21,0,0
BRDA:200,21,1,0
BRF:44
BRH:0
end_of_record
TN:
SF:main/helpers/updater.ts
FN:18,(anonymous_0)
FN:19,(anonymous_1)
FN:20,(anonymous_2)
FN:21,(anonymous_3)
FN:26,setupAutoUpdater
FN:42,(anonymous_5)
FN:60,(anonymous_6)
FN:64,(anonymous_7)
FN:83,(anonymous_8)
FN:106,(anonymous_9)
FN:117,(anonymous_10)
FN:124,(anonymous_11)
FN:166,(anonymous_12)
FN:185,(anonymous_13)
FN:189,(anonymous_14)
FN:196,(anonymous_15)
FN:212,(anonymous_16)
FN:220,(anonymous_17)
FN:240,(anonymous_18)
FN:252,(anonymous_19)
FN:256,(anonymous_20)
FN:274,(anonymous_21)
FN:285,(anonymous_22)
FNF:23
FNH:0
FNDA:0,(anonymous_0)
FNDA:0,(anonymous_1)
FNDA:0,(anonymous_2)
FNDA:0,(anonymous_3)
FNDA:0,setupAutoUpdater
FNDA:0,(anonymous_5)
FNDA:0,(anonymous_6)
FNDA:0,(anonymous_7)
FNDA:0,(anonymous_8)
FNDA:0,(anonymous_9)
FNDA:0,(anonymous_10)
FNDA:0,(anonymous_11)
FNDA:0,(anonymous_12)
FNDA:0,(anonymous_13)
FNDA:0,(anonymous_14)
FNDA:0,(anonymous_15)
FNDA:0,(anonymous_16)
FNDA:0,(anonymous_17)
FNDA:0,(anonymous_18)
FNDA:0,(anonymous_19)
FNDA:0,(anonymous_20)
FNDA:0,(anonymous_21)
FNDA:0,(anonymous_22)
DA:1,0
DA:2,0
DA:3,0
DA:4,0
DA:7,0
DA:9,0
DA:13,0
DA:17,0
DA:18,0
DA:19,0
DA:20,0
DA:21,0
DA:24,0
DA:26,0
DA:28,0
DA:29,0
DA:32,0
DA:33,0
DA:34,0
DA:38,0
DA:39,0
DA:42,0
DA:43,0
DA:44,0
DA:48,0
DA:49,0
DA:51,0
DA:52,0
DA:53,0
DA:55,0
DA:60,0
DA:61,0
DA:64,0
DA:65,0
DA:72,0
DA:74,0
DA:84,0
DA:87,0
DA:88,0
DA:89,0
DA:91,0
DA:92,0
DA:97,0
DA:107,0
DA:109,0
DA:117,0
DA:118,0
DA:124,0
DA:125,0
DA:126,0
DA:127,0
DA:128,0
DA:131,0
DA:138,0
DA:140,0
DA:141,0
DA:142,0
DA:146,0
DA:148,0
DA:154,0
DA:162,0
DA:166,0
DA:167,0
DA:171,0
DA:176,0
DA:178,0
DA:179,0
DA:185,0
DA:186,0
DA:189,0
DA:190,0
DA:196,0
DA:197,0
DA:203,0
DA:213,0
DA:215,0
DA:220,0
DA:221,0
DA:222,0
DA:228,0
DA:230,0
DA:241,0
DA:244,0
DA:245,0
DA:252,0
DA:253,0
DA:256,0
DA:258,0
DA:260,0
DA:261,0
DA:262,0
DA:265,0
DA:266,0
DA:267,0
DA:269,0
DA:270,0
DA:274,0
DA:275,0
DA:276,0
DA:280,0
DA:281,0
DA:283,0
DA:285,0
DA:286,0
DA:290,0
LF:105
LH:0
BRDA:32,0,0,0
BRDA:32,0,1,0
BRDA:42,1,0,0
BRDA:45,2,0,0
BRDA:45,2,1,0
BRDA:52,3,0,0
BRDA:52,3,1,0
BRDA:72,4,0,0
BRDA:72,4,1,0
BRDA:84,5,0,0
BRDA:84,5,1,0
BRDA:89,6,0,0
BRDA:89,6,1,0
BRDA:107,7,0,0
BRDA:107,7,1,0
BRDA:109,8,0,0
BRDA:109,8,1,0
BRDA:110,9,0,0
BRDA:110,9,1,0
BRDA:110,9,2,0
BRDA:110,9,3,0
BRDA:110,9,4,0
BRDA:132,10,0,0
BRDA:132,10,1,0
BRDA:132,10,2,0
BRDA:138,11,0,0
BRDA:138,11,1,0
BRDA:146,12,0,0
BRDA:146,12,1,0
BRDA:163,13,0,0
BRDA:163,13,1,0
BRDA:176,14,0,0
BRDA:176,14,1,0
BRDA:213,15,0,0
BRDA:213,15,1,0
BRDA:228,16,0,0
BRDA:228,16,1,0
BRDA:241,17,0,0
BRDA:241,17,1,0
BRDA:252,18,0,0
BRDA:258,19,0,0
BRDA:258,19,1,0
BRDA:283,20,0,0
BRDA:283,20,1,0
BRF:44
BRH:0
end_of_record
TN:
SF:main/helpers/utils.ts
FN:7,(anonymous_1)
FN:16,(anonymous_2)
FN:18,(anonymous_3)
FN:20,(anonymous_4)
FN:24,(anonymous_5)
FN:31,runCommand
FN:32,(anonymous_7)
FN:34,(anonymous_8)
FN:37,(anonymous_9)
FN:42,(anonymous_10)
FN:47,(anonymous_11)
FN:57,throttle
FN:60,(anonymous_13)
FN:68,(anonymous_14)
FN:95,getSrtFileName
FN:513,(anonymous_16)
FN:517,(anonymous_17)
FNF:17
FNH:2
FNDA:0,(anonymous_1)
FNDA:0,(anonymous_2)
FNDA:0,(anonymous_3)
FNDA:53,(anonymous_4)
FNDA:49,(anonymous_5)
FNDA:0,runCommand
FNDA:0,(anonymous_7)
FNDA:0,(anonymous_8)
FNDA:0,(anonymous_9)
FNDA:0,(anonymous_10)
FNDA:0,(anonymous_11)
FNDA:0,throttle
FNDA:0,(anonymous_13)
FNDA:0,(anonymous_14)
FNDA:0,getSrtFileName
FNDA:0,(anonymous_16)
FNDA:0,(anonymous_17)
DA:1,4
DA:2,4
DA:3,4
DA:4,4
DA:7,4
DA:8,0
DA:9,0
DA:10,0
DA:11,0
DA:13,0
DA:16,4
DA:18,4
DA:20,4
DA:21,53
DA:24,4
DA:25,49
DA:26,49
DA:31,4
DA:32,0
DA:33,0
DA:34,0
DA:35,0
DA:37,0
DA:39,0
DA:42,0
DA:44,0
DA:47,0
DA:48,0
DA:49,0
DA:51,0
DA:60,0
DA:61,0
DA:62,0
DA:63,0
DA:64,0
DA:66,0
DA:67,0
DA:69,0
[...]
FNDA:0,(anonymous_41)
FNDA:0,(anonymous_42)
FNDA:0,(anonymous_43)
FNDA:0,(anonymous_44)
FNDA:0,(anonymous_45)
FNDA:0,(anonymous_46)
FNDA:0,(anonymous_47)
FNDA:0,(anonymous_48)
FNDA:0,(anonymous_49)
DA:8,0
DA:9,0
DA:10,0
DA:40,0
DA:43,0
DA:44,0
DA:47,0
DA:52,0
DA:54,0
DA:61,0
DA:62,0
DA:71,0
DA:72,0
DA:73,0
DA:76,0
DA:85,0
DA:91,0
DA:93,0
DA:95,0
DA:96,0
DA:97,0
DA:98,0
DA:99,0
DA:100,0
DA:103,0
DA:106,0
DA:111,0
DA:112,0
DA:120,0
DA:123,0
DA:126,0
DA:135,0
DA:136,0
DA:138,0
DA:139,0
DA:142,0
DA:143,0
DA:146,0
DA:150,0
DA:151,0
DA:152,0
DA:153,0
DA:155,0
DA:157,0
DA:163,0
DA:191,0
DA:193,0
DA:195,0
DA:196,0
DA:201,0
DA:202,0
DA:204,0
DA:208,0
DA:209,0
DA:212,0
DA:214,0
DA:245,0
DA:248,0
DA:249,0
DA:251,0
DA:252,0
DA:256,0
DA:265,0
DA:266,0
DA:275,0
DA:278,0
DA:280,0
DA:281,0
DA:290,0
DA:291,0
DA:293,0
DA:302,0
DA:307,0
DA:308,0
DA:309,0
DA:320,0
DA:321,0
DA:322,0
DA:325,0
DA:326,0
DA:334,0
DA:344,0
DA:345,0
DA:348,0
DA:349,0
DA:353,0
DA:354,0
DA:358,0
DA:359,0
DA:362,0
DA:373,0
DA:374,0
DA:385,0
DA:397,0
DA:398,0
DA:399,0
DA:402,0
DA:404,0
DA:412,0
DA:413,0
DA:415,0
DA:418,0
DA:433,0
DA:440,0
DA:441,0
DA:442,0
DA:445,0
DA:446,0
DA:448,0
DA:449,0
DA:450,0
DA:451,0
DA:457,0
DA:458,0
DA:459,0
DA:463,0
DA:467,0
DA:468,0
DA:471,0
DA:475,0
DA:476,0
DA:480,0
DA:485,0
DA:486,0
DA:488,0
DA:489,0
DA:490,0
DA:491,0
DA:493,0
DA:497,0
DA:499,0
DA:500,0
DA:501,0
DA:502,0
DA:509,0
DA:510,0
DA:512,0
DA:517,0
DA:526,0
DA:527,0
DA:528,0
DA:538,0
DA:540,0
DA:541,0
DA:544,0
DA:545,0
DA:548,0
DA:553,0
DA:554,0
DA:555,0
DA:556,0
DA:557,0
DA:558,0
DA:560,0
DA:562,0
DA:567,0
DA:571,0
DA:578,0
DA:585,0
DA:593,0
DA:600,0
DA:601,0
DA:608,0
DA:611,0
DA:621,0
DA:627,0
DA:635,0
DA:636,0
DA:645,0
DA:651,0
DA:665,0
DA:672,0
DA:682,0
DA:683,0
DA:685,0
DA:687,0
DA:688,0
DA:690,0
DA:696,0
DA:707,0
DA:714,0
DA:715,0
DA:716,0
DA:718,0
DA:719,0
DA:722,0
DA:731,0
DA:732,0
DA:737,0
DA:743,0
DA:744,0
DA:751,0
DA:752,0
DA:753,0
DA:755,0
DA:756,0
DA:758,0
DA:766,0
DA:767,0
DA:780,0
DA:782,0
DA:783,0
DA:787,0
DA:789,0
DA:793,0
DA:799,0
DA:802,0
DA:815,0
DA:816,0
DA:817,0
DA:818,0
DA:821,0
DA:823,0
DA:833,0
LF:214
LH:0
BRDA:72,0,0,0
BRDA:72,0,1,0
BRDA:98,1,0,0
BRDA:98,1,1,0
BRDA:104,2,0,0
BRDA:104,2,1,0
BRDA:111,3,0,0
BRDA:111,3,1,0
BRDA:121,4,0,0
BRDA:121,4,1,0
BRDA:138,5,0,0
BRDA:138,5,1,0
BRDA:158,6,0,0
BRDA:158,6,1,0
BRDA:201,7,0,0
BRDA:201,7,1,0
BRDA:215,8,0,0
BRDA:215,8,1,0
BRDA:251,9,0,0
BRDA:251,9,1,0
BRDA:265,10,0,0
BRDA:265,10,1,0
BRDA:276,11,0,0
BRDA:276,11,1,0
BRDA:278,12,0,0
BRDA:278,12,1,0
BRDA:280,13,0,0
BRDA:280,13,1,0
BRDA:280,14,0,0
BRDA:280,14,1,0
BRDA:291,15,0,0
BRDA:291,15,1,0
BRDA:308,16,0,0
BRDA:308,16,1,0
BRDA:325,17,0,0
BRDA:325,17,1,0
BRDA:348,18,0,0
BRDA:348,18,1,0
BRDA:353,19,0,0
BRDA:353,19,1,0
BRDA:358,20,0,0
BRDA:358,20,1,0
BRDA:375,21,0,0
BRDA:375,21,1,0
BRDA:376,22,0,0
BRDA:376,22,1,0
BRDA:377,23,0,0
BRDA:377,23,1,0
BRDA:402,24,0,0
BRDA:402,24,1,0
BRDA:415,25,0,0
BRDA:415,25,1,0
BRDA:415,25,2,0
BRDA:448,26,0,0
BRDA:448,26,1,0
BRDA:457,27,0,0
BRDA:457,27,1,0
BRDA:463,28,0,0
BRDA:463,28,1,0
BRDA:464,29,0,0
BRDA:464,29,1,0
BRDA:471,30,0,0
BRDA:471,30,1,0
BRDA:472,31,0,0
BRDA:472,31,1,0
BRDA:490,32,0,0
BRDA:490,32,1,0
BRDA:497,33,0,0
BRDA:497,33,1,0
BRDA:500,34,0,0
BRDA:500,34,1,0
BRDA:500,35,0,0
BRDA:500,35,1,0
BRDA:513,36,0,0
BRDA:513,36,1,0
BRDA:540,37,0,0
BRDA:540,37,1,0
BRDA:554,38,0,0
BRDA:554,38,1,0
BRDA:563,39,0,0
BRDA:563,39,1,0
BRDA:600,40,0,0
BRDA:600,40,1,0
BRDA:600,41,0,0
BRDA:600,41,1,0
BRDA:602,42,0,0
BRDA:602,42,1,0
BRDA:603,43,0,0
BRDA:603,43,1,0
BRDA:612,44,0,0
BRDA:612,44,1,0
BRDA:613,45,0,0
BRDA:613,45,1,0
BRDA:672,46,0,0
BRDA:672,46,1,0
BRDA:672,46,2,0
BRDA:691,47,0,0
BRDA:691,47,1,0
BRDA:715,48,0,0
BRDA:715,48,1,0
BRDA:716,49,0,0
BRDA:716,49,1,0
BRDA:718,50,0,0
BRDA:718,50,1,0
BRDA:755,51,0,0
BRDA:755,51,1,0
BRDA:782,52,0,0
BRDA:782,52,1,0
BRDA:782,53,0,0
BRDA:782,53,1,0
BRDA:787,54,0,0
BRDA:787,54,1,0
BRDA:789,55,0,0
BRDA:789,55,1,0
BRDA:789,55,2,0
BRDA:789,55,3,0
BRDA:794,56,0,0
BRDA:794,56,1,0
BRDA:794,56,2,0
BRF:119
BRH:0
end_of_record
TN:
SF:main/service/ollama.ts
FN:12,translateWithOllama
FNF:1
FNH:0
FNDA:0,translateWithOllama
DA:1,0
DA:2,0
DA:12,0
DA:16,0
DA:17,0
DA:19,0
DA:21,0
DA:24,0
DA:25,0
DA:28,0
DA:38,0
DA:39,0
DA:41,0
DA:46,0
LF:14
LH:0
BRDA:24,0,0,0
BRDA:24,0,1,0
BRDA:38,1,0,0
BRDA:38,1,1,0
BRDA:38,2,0,0
BRDA:38,2,1,0
BRDA:42,3,0,0
BRDA:42,3,1,0
BRF:8
BRH:0
end_of_record
TN:
SF:main/service/openai-example.ts
FN:37,exampleUsage
FNF:1
FNH:0
FNDA:0,exampleUsage
DA:1,0
DA:4,0
DA:15,0
DA:26,0
DA:37,0
DA:38,0
DA:44,0
DA:46,0
DA:47,0
DA:48,0
DA:51,0
DA:52,0
DA:53,0
DA:56,0
DA:57,0
DA:58,0
DA:60,0
LF:17
LH:0
BRF:0
BRH:0
end_of_record
TN:
SF:main/service/openai.ts
FN:24,toExtendedProvider
FN:41,getProviderSpecificParams
FN:89,isGeminiProvider
FN:100,shouldUseJsonMode
FN:107,getCustomHeaders
FN:118,(anonymous_6)
FN:131,createBaseParams
FN:153,callWithGeminiStyle
FN:190,callWithStandardAPI
FN:219,translateWithOpenAI
FNF:10
FNH:0
FNDA:0,toExtendedProvider
FNDA:0,getProviderSpecificParams
FNDA:0,isGeminiProvider
FNDA:0,shouldUseJsonMode
FNDA:0,getCustomHeaders
FNDA:0,(anonymous_6)
FNDA:0,createBaseParams
FNDA:0,callWithGeminiStyle
FNDA:0,callWithStandardAPI
FNDA:0,translateWithOpenAI
DA:1,0
DA:2,0
DA:3,0
DA:7,0
DA:25,0
DA:45,0
DA:48,0
DA:52,0
DA:56,0
DA:60,0
DA:61,0
DA:62,0
DA:68,0
DA:69,0
DA:71,0
DA:72,0
DA:74,0
DA:75,0
DA:79,0
DA:83,0
DA:90,0
DA:101,0
DA:108,0
DA:110,0
DA:111,0
DA:117,0
DA:118,0
DA:119,0
DA:122,0
DA:125,0
DA:133,0
DA:134,0
DA:136,0
DA:147,0
DA:157,0
DA:158,0
DA:159,0
DA:167,0
DA:168,0
DA:169,0
DA:170,0
DA:172,0
DA:174,0
DA:179,0
DA:183,0
DA:195,0
DA:197,0
DA:200,0
DA:201,0
DA:204,0
DA:205,0
DA:209,0
DA:212,0
DA:213,0
DA:219,0
DA:223,0
DA:224,0
DA:226,0
DA:227,0
DA:234,0
DA:236,0
DA:244,0
DA:247,0
DA:248,0
DA:252,0
DA:261,0
DA:262,0
DA:275,0
DA:279,0
DA:280,0
DA:282,0
DA:285,0
DA:286,0
DA:292,0
LF:74
LH:0
BRDA:26,0,0,0
BRDA:26,0,1,0
BRDA:27,1,0,0
BRDA:27,1,1,0
BRDA:28,2,0,0
BRDA:28,2,1,0
BRDA:52,3,0,0
BRDA:52,3,1,0
BRDA:53,4,0,0
BRDA:53,4,1,0
BRDA:60,5,0,0
BRDA:60,5,1,0
BRDA:68,6,0,0
BRDA:68,6,1,0
BRDA:71,7,0,0
BRDA:71,7,1,0
BRDA:74,8,0,0
BRDA:74,8,1,0
BRDA:91,9,0,0
BRDA:91,9,1,0
BRDA:91,9,2,0
BRDA:110,10,0,0
BRDA:110,10,1,0
BRDA:133,11,0,0
BRDA:133,11,1,0
BRDA:134,12,0,0
BRDA:134,12,1,0
BRDA:137,13,0,0
BRDA:137,13,1,0
BRDA:169,14,0,0
BRDA:169,14,1,0
BRDA:169,15,0,0
BRDA:169,15,1,0
BRDA:172,16,0,0
BRDA:172,16,1,0
BRDA:200,17,0,0
BRDA:200,17,1,0
BRDA:204,18,0,0
BRDA:204,18,1,0
BRDA:204,19,0,0
BRDA:204,19,1,0
BRDA:223,20,0,0
BRDA:223,20,1,0
BRDA:248,21,0,0
BRDA:248,21,1,0
BRDA:257,22,0,0
BRDA:257,22,1,0
BRDA:261,23,0,0
BRDA:261,23,1,0
BRDA:266,24,0,0
BRDA:266,24,1,0
BRDA:270,25,0,0
BRDA:270,25,1,0
BRDA:279,26,0,0
BRDA:279,26,1,0
BRDA:279,27,0,0
BRDA:279,27,1,0
BRDA:287,28,0,0
BRDA:287,28,1,0
BRF:59
BRH:0
end_of_record
TN:
SF:main/service/parameterValidator.ts
FN:33,(anonymous_0)
FN:72,(anonymous_1)
FN:141,(anonymous_2)
FN:188,(anonymous_3)
FN:230,(anonymous_4)
FN:279,(anonymous_5)
FN:358,(anonymous_6)
FN:388,(anonymous_7)
FN:403,(anonymous_8)
FN:415,(anonymous_9)
FN:435,(anonymous_10)
FN:501,(anonymous_11)
FN:524,(anonymous_12)
FN:529,(anonymous_13)
FN:539,(anonymous_14)
FN:547,(anonymous_15)
FN:620,(anonymous_16)
FNF:17
FNH:0
FNDA:0,(anonymous_0)
FNDA:0,(anonymous_1)
FNDA:0,(anonymous_2)
FNDA:0,(anonymous_3)
FNDA:0,(anonymous_4)
FNDA:0,(anonymous_5)
FNDA:0,(anonymous_6)
FNDA:0,(anonymous_7)
FNDA:0,(anonymous_8)
FNDA:0,(anonymous_9)
FNDA:0,(anonymous_10)
FNDA:0,(anonymous_11)
FNDA:0,(anonymous_12)
FNDA:0,(anonymous_13)
FNDA:0,(anonymous_14)
FNDA:0,(anonymous_15)
FNDA:0,(anonymous_16)
DA:33,0
DA:34,0
DA:77,0
DA:78,0
DA:80,0
DA:82,0
DA:83,0
DA:84,0
DA:88,0
DA:89,0
DA:95,0
DA:96,0
DA:101,0
DA:102,0
DA:108,0
DA:109,0
DA:114,0
DA:115,0
DA:116,0
DA:120,0
DA:121,0
DA:122,0
DA:125,0
DA:132,0
DA:142,0
DA:144,0
DA:145,0
DA:150,0
DA:154,0
DA:158,0
DA:165,0
DA:166,0
DA:174,0
DA:175,0
DA:182,0
DA:194,0
DA:195,0
DA:198,0
DA:199,0
DA:206,0
DA:207,0
DA:208,0
DA:209,0
DA:212,0
DA:219,0
DA:220,0
DA:224,0
DA:235,0
DA:238,0
DA:239,0
DA:247,0
DA:248,0
DA:256,0
DA:257,0
DA:265,0
DA:266,0
DA:273,0
DA:286,0
DA:288,0
DA:289,0
DA:292,0
DA:295,0
DA:299,0
DA:307,0
DA:308,0
DA:309,0
DA:317,0
DA:318,0
DA:319,0
DA:320,0
DA:325,0
DA:332,0
DA:333,0
DA:334,0
DA:336,0
DA:345,0
DA:346,0
DA:347,0
DA:348,0
DA:352,0
DA:362,0
DA:365,0
DA:366,0
DA:374,0
DA:375,0
DA:382,0
DA:393,0
DA:395,0
DA:401,0
DA:402,0
DA:403,0
DA:405,0
DA:406,0
DA:414,0
DA:415,0
DA:417,0
DA:419,0
DA:421,0
DA:429,0
DA:440,0
DA:442,0
DA:448,0
DA:449,0
DA:451,0
DA:453,0
DA:454,0
DA:463,0
DA:464,0
DA:475,0
DA:477,0
DA:478,0
DA:485,0
DA:495,0
DA:502,0
DA:510,0
DA:523,0
DA:524,0
DA:525,0
DA:529,0
DA:530,0
DA:533,0
DA:540,0
DA:541,0
DA:553,0
DA:554,0
DA:556,0
DA:558,0
DA:559,0
DA:561,0
DA:562,0
DA:564,0
DA:565,0
DA:566,0
DA:572,0
DA:574,0
DA:575,0
DA:577,0
DA:579,0
DA:581,0
DA:582,0
DA:583,0
DA:585,0
DA:592,0
DA:597,0
DA:598,0
DA:603,0
DA:610,0
DA:625,0
DA:627,0
DA:628,0
DA:635,0
DA:636,0
DA:643,0
DA:644,0
DA:645,0
DA:646,0
DA:654,0
DA:655,0
DA:662,0
DA:667,0
LF:160
LH:0
BRDA:83,0,0,0
BRDA:83,0,1,0
BRDA:83,1,0,0
BRDA:83,1,1,0
BRDA:88,2,0,0
BRDA:88,2,1,0
BRDA:95,3,0,0
BRDA:95,3,1,0
BRDA:95,4,0,0
BRDA:95,4,1,0
BRDA:101,5,0,0
BRDA:101,5,1,0
BRDA:108,6,0,0
BRDA:108,6,1,0
BRDA:108,7,0,0
BRDA:108,7,1,0
BRDA:115,8,0,0
BRDA:115,8,1,0
BRDA:115,9,0,0
BRDA:115,9,1,0
BRDA:121,10,0,0
BRDA:121,10,1,0
BRDA:121,11,0,0
BRDA:121,11,1,0
BRDA:127,12,0,0
BRDA:127,12,1,0
BRDA:144,13,0,0
BRDA:144,13,1,0
BRDA:144,14,0,0
BRDA:144,14,1,0
BRDA:154,15,0,0
BRDA:154,15,1,0
BRDA:155,16,0,0
BRDA:155,16,1,0
BRDA:165,17,0,0
BRDA:165,17,1,0
BRDA:165,18,0,0
BRDA:165,18,1,0
BRDA:174,19,0,0
BRDA:174,19,1,0
BRDA:174,20,0,0
BRDA:174,20,1,0
BRDA:198,21,0,0
BRDA:198,21,1,0
BRDA:198,22,0,0
BRDA:198,22,1,0
BRDA:208,23,0,0
BRDA:208,23,1,0
BRDA:208,24,0,0
BRDA:208,24,1,0
BRDA:219,25,0,0
BRDA:219,25,1,0
BRDA:219,26,0,0
BRDA:219,26,1,0
BRDA:238,27,0,0
BRDA:238,27,1,0
BRDA:238,28,0,0
BRDA:238,28,1,0
BRDA:247,29,0,0
BRDA:247,29,1,0
BRDA:247,30,0,0
BRDA:247,30,1,0
BRDA:256,31,0,0
BRDA:256,31,1,0
BRDA:256,32,0,0
BRDA:256,32,1,0
BRDA:265,33,0,0
BRDA:265,33,1,0
BRDA:265,34,0,0
BRDA:265,34,1,0
BRDA:288,35,0,0
BRDA:288,35,1,0
BRDA:288,36,0,0
BRDA:288,36,1,0
BRDA:292,37,0,0
BRDA:292,37,1,0
BRDA:295,38,0,0
BRDA:295,38,1,0
BRDA:296,39,0,0
BRDA:296,39,1,0
BRDA:307,40,0,0
BRDA:307,40,1,0
BRDA:308,41,0,0
BRDA:308,41,1,0
BRDA:308,42,0,0
BRDA:308,42,1,0
BRDA:317,43,0,0
BRDA:317,43,1,0
BRDA:319,44,0,0
BRDA:319,44,1,0
BRDA:319,45,0,0
BRDA:319,45,1,0
BRDA:332,46,0,0
BRDA:332,46,1,0
BRDA:332,47,0,0
BRDA:332,47,1,0
BRDA:332,47,2,0
BRDA:345,48,0,0
BRDA:345,48,1,0
BRDA:347,49,0,0
BRDA:347,49,1,0
BRDA:347,50,0,0
BRDA:347,50,1,0
BRDA:365,51,0,0
BRDA:365,51,1,0
BRDA:365,52,0,0
BRDA:365,52,1,0
BRDA:365,52,2,0
BRDA:374,53,0,0
BRDA:374,53,1,0
BRDA:374,54,0,0
BRDA:374,54,1,0
BRDA:401,55,0,0
BRDA:401,55,1,0
BRDA:402,56,0,0
BRDA:402,56,1,0
BRDA:405,57,0,0
BRDA:405,57,1,0
BRDA:419,58,0,0
BRDA:419,58,1,0
BRDA:419,59,0,0
BRDA:419,59,1,0
BRDA:449,60,0,0
BRDA:449,60,1,0
BRDA:451,61,0,0
BRDA:451,61,1,0
BRDA:453,62,0,0
BRDA:453,62,1,0
BRDA:463,63,0,0
BRDA:463,63,1,0
BRDA:475,64,0,0
BRDA:475,64,1,0
BRDA:478,65,0,0
BRDA:478,65,1,0
BRDA:479,66,0,0
BRDA:479,66,1,0
BRDA:479,66,2,0
BRDA:479,66,3,0
BRDA:479,66,4,0
BRDA:533,67,0,0
BRDA:533,67,1,0
BRDA:533,67,2,0
BRDA:558,68,0,0
BRDA:558,68,1,0
BRDA:559,69,0,0
BRDA:559,69,1,0
BRDA:559,69,2,0
BRDA:559,69,3,0
BRDA:565,70,0,0
BRDA:565,70,1,0
BRDA:574,71,0,0
BRDA:574,71,1,0
BRDA:581,72,0,0
BRDA:581,72,1,0
BRDA:597,73,0,0
BRDA:597,73,1,0
BRDA:597,74,0,0
BRDA:597,74,1,0
BRDA:605,75,0,0
BRDA:605,75,1,0
BRDA:613,76,0,0
BRDA:613,76,1,0
BRDA:627,77,0,0
BRDA:627,77,1,0
BRDA:627,78,0,0
BRDA:627,78,1,0
BRDA:635,79,0,0
BRDA:635,79,1,0
BRDA:635,80,0,0
BRDA:635,80,1,0
BRDA:643,81,0,0
BRDA:643,81,1,0
BRDA:643,82,0,0
BRDA:643,82,1,0
BRDA:645,83,0,0
BRDA:645,83,1,0
BRDA:654,84,0,0
BRDA:654,84,1,0
BRDA:654,85,0,0
BRDA:654,85,1,0
BRF:180
BRH:0
end_of_record
TN:
SF:main/service/volc.ts
FN:7,translate
FN:51,(anonymous_1)
FNF:2
FNH:0
FNDA:0,translate
FNDA:0,(anonymous_1)
DA:1,0
DA:2,0
DA:7,0
DA:13,0
DA:14,0
DA:15,0
DA:16,0
DA:18,0
DA:19,0
DA:20,0
DA:21,0
DA:22,0
DA:24,0
DA:25,0
DA:32,0
DA:38,0
DA:43,0
DA:44,0
DA:45,0
DA:46,0
DA:50,0
DA:51,0
DA:53,0
DA:55,0
LF:24
LH:0
BRDA:13,0,0,0
BRDA:13,0,1,0
BRDA:14,1,0,0
BRDA:14,1,1,0
BRDA:14,2,0,0
BRDA:14,2,1,0
BRDA:20,3,0,0
BRDA:20,3,1,0
BRDA:20,4,0,0
BRDA:20,4,1,0
BRDA:24,5,0,0
BRDA:24,5,1,0
BRDA:24,6,0,0
BRDA:24,6,1,0
BRDA:39,7,0,0
BRDA:39,7,1,0
BRDA:41,8,0,0
BRDA:41,8,1,0
BRDA:45,9,0,0
BRDA:45,9,1,0
BRDA:46,10,0,0
BRDA:46,10,1,0
BRDA:50,11,0,0
BRDA:50,11,1,0
BRDA:55,12,0,0
BRDA:55,12,1,0
BRF:26
BRH:0
end_of_record
TN:
SF:main/service/__tests__/integration.demo.ts
FN:170,(anonymous_0)
FN:182,simulateServiceCall
FN:206,(anonymous_2)
FNF:3
FNH:0
FNDA:0,(anonymous_0)
FNDA:0,simulateServiceCall
FNDA:0,(anonymous_2)
DA:8,0
DA:11,0
DA:14,0
DA:15,0
DA:17,0
DA:40,0
DA:42,0
DA:43,0
DA:44,0
DA:45,0
DA:46,0
DA:48,0
DA:49,0
DA:50,0
DA:51,0
DA:52,0
DA:57,0
DA:60,0
DA:61,0
DA:63,0
DA:90,0
DA:98,0
DA:99,0
DA:100,0
DA:101,0
DA:102,0
DA:106,0
DA:107,0
DA:108,0
DA:109,0
DA:110,0
DA:115,0
DA:118,0
DA:119,0
DA:121,0
DA:145,0
DA:150,0
DA:151,0
DA:152,0
DA:153,0
DA:154,0
DA:156,0
DA:157,0
DA:158,0
DA:162,0
DA:166,0
DA:168,0
DA:169,0
DA:170,0
DA:171,0
DA:175,0
DA:178,0
DA:179,0
DA:183,0
DA:186,0
DA:193,0
DA:194,0
DA:200,0
DA:201,0
DA:206,0
DA:211,0
DA:212,0
DA:213,0
DA:214,0
DA:218,0
DA:226,0
DA:227,0
DA:228,0
DA:230,0
DA:232,0
DA:233,0
DA:234,0
DA:235,0
DA:236,0
DA:237,0
DA:238,0
DA:239,0
DA:240,0
DA:241,0
LF:79
LH:0
BRDA:54,0,0,0
BRDA:54,0,1,0
BRDA:112,1,0,0
BRDA:112,1,1,0
BRDA:168,2,0,0
BRDA:168,2,1,0
BRDA:187,3,0,0
BRDA:187,3,1,0
BRDA:196,4,0,0
BRDA:196,4,1,0
BRDA:228,5,0,0
BRDA:228,5,1,0
BRF:12
BRH:0
end_of_record
TN:
SF:main/service/__tests__/integration.verification.ts
FN:12,expect
FN:14,(anonymous_1)
FN:19,(anonymous_2)
FN:26,(anonymous_3)
FN:33,(anonymous_4)
FN:42,runIntegrationTests
FNF:6
FNH:0
FNDA:0,expect
FNDA:0,(anonymous_1)
FNDA:0,(anonymous_2)
FNDA:0,(anonymous_3)
FNDA:0,(anonymous_4)
FNDA:0,runIntegrationTests
DA:8,0
DA:13,0
DA:15,0
DA:16,0
DA:20,0
DA:21,0
DA:27,0
DA:28,0
DA:34,0
DA:35,0
DA:43,0
DA:46,0
DA:47,0
DA:48,0
DA:68,0
DA:70,0
DA:71,0
DA:72,0
DA:73,0
DA:75,0
DA:79,0
DA:80,0
DA:81,0
DA:105,0
DA:110,0
DA:111,0
DA:112,0
DA:113,0
DA:114,0
DA:115,0
DA:117,0
DA:121,0
DA:122,0
DA:123,0
DA:144,0
DA:149,0
DA:150,0
DA:151,0
DA:152,0
DA:154,0
DA:158,0
DA:159,0
DA:160,0
DA:170,0
DA:175,0
DA:176,0
DA:177,0
DA:178,0
DA:180,0
DA:187,0
DA:188,0
DA:189,0
DA:209,0
DA:214,0
DA:219,0
DA:220,0
DA:221,0
DA:222,0
DA:224,0
DA:227,0
DA:231,0
DA:232,0
DA:235,0
LF:63
LH:0
BRDA:15,0,0,0
BRDA:15,0,1,0
BRDA:20,1,0,0
BRDA:20,1,1,0
BRDA:27,2,0,0
BRDA:27,2,1,0
BRDA:34,3,0,0
BRDA:34,3,1,0
BRDA:231,4,0,0
BRDA:231,4,1,0
BRF:10
BRH:0
end_of_record
TN:
SF:main/translate/index.ts
FN:16,translate
FN:88,(anonymous_2)
FN:92,(anonymous_3)
FN:136,testTranslation
FNF:4
FNH:0
FNDA:0,translate
FNDA:0,(anonymous_2)
FNDA:0,(anonymous_3)
FNDA:0,testTranslation
DA:1,0
DA:2,0
DA:4,0
DA:5,0
DA:6,0
DA:7,0
DA:11,0
DA:12,0
DA:14,0
DA:16,0
DA:31,0
DA:32,0
DA:36,0
DA:41,0
DA:43,0
DA:44,0
DA:45,0
DA:46,0
DA:49,0
DA:54,0
DA:55,0
DA:57,0
DA:64,0
DA:72,0
DA:73,0
DA:74,0
DA:77,0
DA:78,0
DA:79,0
DA:80,0
DA:81,0
DA:83,0
DA:88,0
DA:89,0
DA:90,0
DA:92,0
DA:94,0
DA:101,0
DA:104,0
DA:105,0
DA:109,0
DA:110,0
DA:113,0
DA:114,0
DA:117,0
DA:128,0
DA:129,0
DA:131,0
DA:132,0
DA:136,0
DA:141,0
DA:147,0
DA:148,0
DA:149,0
DA:150,0
DA:153,0
DA:154,0
DA:163,0
DA:164,0
DA:166,0
DA:171,0
DA:181,0
LF:62
LH:0
BRDA:31,0,0,0
BRDA:31,0,1,0
BRDA:36,1,0,0
BRDA:36,1,1,0
BRDA:38,2,0,0
BRDA:38,2,1,0
BRDA:45,3,0,0
BRDA:45,3,1,0
BRDA:131,4,0,0
BRDA:131,4,1,0
BRDA:149,5,0,0
BRDA:149,5,1,0
BRDA:163,6,0,0
BRDA:163,6,1,0
BRDA:163,7,0,0
BRDA:163,7,1,0
BRF:16
BRH:0
end_of_record
TN:
SF:main/translate/constants/index.ts
FNF:0
FNH:0
DA:1,0
DA:7,0
DA:12,0
DA:13,0
DA:16,0
LF:5
LH:0
BRF:0
BRH:0
end_of_record
TN:
SF:main/translate/constants/schema.ts
FNF:0
FNH:0
DA:1,0
DA:4,0
DA:14,0
LF:3
LH:0
BRF:0
BRH:0
end_of_record
TN:
SF:main/translate/services/ai.ts
FN:14,handleAIBatchTranslation
FN:35,(anonymous_1)
FN:90,(anonymous_2)
FN:128,(anonymous_3)
FN:137,(anonymous_4)
FN:166,parseJsonWithFallbacks
FNF:6
FNH:0
FNDA:0,handleAIBatchTranslation
FNDA:0,(anonymous_1)
FNDA:0,(anonymous_2)
FNDA:0,(anonymous_3)
FNDA:0,(anonymous_4)
FNDA:0,parseJsonWithFallbacks
DA:2,0
DA:7,0
DA:8,0
DA:9,0
DA:10,0
DA:11,0
DA:12,0
DA:14,0
DA:22,0
DA:23,0
DA:24,0
DA:26,0
DA:27,0
DA:28,0
DA:29,0
DA:30,0
DA:32,0
DA:33,0
DA:34,0
DA:35,0
DA:36,0
DA:38,0
DA:39,0
DA:48,0
DA:58,0
DA:64,0
DA:68,0
DA:74,0
DA:75,0
DA:78,0
DA:79,0
DA:82,0
DA:85,0
DA:86,0
DA:88,0
DA:90,0
DA:102,0
DA:103,0
DA:106,0
DA:107,0
DA:109,0
DA:115,0
DA:116,0
DA:121,0
DA:122,0
DA:123,0
DA:128,0
DA:129,0
DA:132,0
DA:137,0
DA:145,0
DA:146,0
DA:149,0
DA:150,0
DA:156,0
DA:157,0
DA:158,0
DA:162,0
DA:167,0
DA:169,0
DA:171,0
DA:173,0
DA:175,0
DA:177,0
DA:178,0
DA:180,0
LF:66
LH:0
BRDA:17,0,0,0
BRDA:20,1,0,0
BRDA:32,2,0,0
BRDA:32,2,1,0
BRDA:40,3,0,0
BRDA:40,3,1,0
BRDA:49,4,0,0
BRDA:49,4,1,0
BRDA:79,5,0,0
BRDA:79,5,1,0
BRDA:85,6,0,0
BRDA:85,6,1,0
BRDA:85,7,0,0
BRDA:85,7,1,0
BRDA:96,8,0,0
BRDA:96,8,1,0
BRDA:98,9,0,0
BRDA:98,9,1,0
BRDA:102,10,0,0
BRDA:102,10,1,0
BRDA:115,11,0,0
BRDA:115,11,1,0
BRDA:122,12,0,0
BRDA:122,12,1,0
BRDA:145,13,0,0
BRDA:145,13,1,0
BRDA:157,14,0,0
BRDA:157,14,1,0
BRF:28
BRH:0
end_of_record
TN:
SF:main/translate/services/api.ts
FN:6,handleAPIBatchTranslation
FN:20,(anonymous_1)
FN:47,(anonymous_2)
FN:76,(anonymous_3)
FN:85,(anonymous_4)
FNF:5
FNH:0
FNDA:0,handleAPIBatchTranslation
FNDA:0,(anonymous_1)
FNDA:0,(anonymous_2)
FNDA:0,(anonymous_3)
FNDA:0,(anonymous_4)
DA:2,0
DA:3,0
DA:4,0
DA:6,0
DA:14,0
DA:15,0
DA:16,0
DA:18,0
DA:19,0
DA:20,0
DA:21,0
DA:22,0
DA:23,0
DA:25,0
DA:26,0
DA:27,0
DA:30,0
DA:37,0
DA:41,0
DA:42,0
DA:47,0
DA:55,0
DA:56,0
DA:59,0
DA:60,0
DA:63,0
DA:64,0
DA:69,0
DA:70,0
DA:71,0
DA:76,0
DA:77,0
DA:80,0
DA:85,0
DA:93,0
DA:94,0
DA:97,0
DA:98,0
DA:104,0
DA:105,0
DA:106,0
DA:110,0
LF:42
LH:0
BRDA:9,0,0,0
BRDA:12,1,0,0
BRDA:25,2,0,0
BRDA:25,2,1,0
BRDA:37,3,0,0
BRDA:37,3,1,0
BRDA:41,4,0,0
BRDA:41,4,1,0
BRDA:55,5,0,0
BRDA:55,5,1,0
BRDA:63,6,0,0
BRDA:63,6,1,0
BRDA:70,7,0,0
BRDA:70,7,1,0
BRDA:93,8,0,0
BRDA:93,8,1,0
BRDA:105,9,0,0
BRDA:105,9,1,0
BRF:18
BRH:0
end_of_record
TN:
SF:main/translate/services/translationProvider.ts
FN:39,translateWithProvider
FNF:1
FNH:0
FNDA:0,translateWithProvider
DA:7,0
DA:8,0
DA:9,0
DA:10,0
DA:21,0
DA:23,0
DA:39,0
DA:49,0
DA:56,0
DA:60,0
DA:61,0
DA:62,0
DA:72,0
LF:13
LH:0
BRDA:47,0,0,0
BRDA:60,1,0,0
BRDA:60,1,1,0
BRDA:61,2,0,0
BRDA:61,2,1,0
BRDA:65,3,0,0
BRDA:65,3,1,0
BRDA:75,4,0,0
BRDA:75,4,1,0
BRF:9
BRH:0
end_of_record
TN:
SF:main/translate/utils/error.ts
FN:5,isConfigurationError
FN:33,(anonymous_1)
FN:39,(anonymous_2)
FN:48,(anonymous_3)
FNF:4
FNH:0
FNDA:0,isConfigurationError
FNDA:0,(anonymous_1)
FNDA:0,(anonymous_2)
FNDA:0,(anonymous_3)
DA:5,0
DA:6,0
DA:9,0
DA:23,0
DA:33,0
DA:34,0
DA:39,0
DA:44,0
DA:48,0
DA:50,0
LF:10
LH:0
BRDA:39,0,0,0
BRDA:39,0,1,0
BRDA:39,0,2,0
BRDA:50,1,0,0
BRDA:50,1,1,0
BRDA:50,1,2,0
BRF:6
BRH:0
end_of_record
TN:
SF:main/translate/utils/file.ts
FN:5,createOrClearFile
FN:14,appendToFile
FN:26,readFileContent
FNF:3
FNH:0
FNDA:0,createOrClearFile
FNDA:0,appendToFile
FNDA:0,readFileContent
DA:1,0
DA:3,0
DA:5,0
DA:6,0
DA:7,0
DA:9,0
DA:10,0
DA:14,0
DA:18,0
DA:19,0
DA:21,0
DA:22,0
DA:26,0
DA:27,0
DA:28,0
DA:29,0
DA:31,0
DA:32,0
LF:18
LH:0
BRF:0
BRH:0
end_of_record
TN:
SF:main/translate/utils/subtitle.ts
FN:3,parseSubtitles
FN:40,formatSubtitleContent
FNF:2
FNH:0
FNDA:0,parseSubtitles
FNDA:0,formatSubtitleContent
DA:3,0
DA:4,0
DA:5,0
DA:7,0
DA:8,0
DA:9,0
DA:12,0
DA:16,0
DA:17,0
DA:19,0
DA:24,0
DA:25,0
DA:26,0
DA:28,0
DA:29,0
DA:33,0
DA:34,0
DA:37,0
DA:40,0
DA:41,0
LF:20
LH:0
BRDA:9,0,0,0
BRDA:9,0,1,0
BRDA:12,1,0,0
BRDA:12,1,1,0
BRDA:12,2,0,0
BRDA:12,2,1,0
BRDA:12,2,2,0
BRDA:12,2,3,0
BRDA:12,2,4,0
BRDA:12,2,5,0
BRDA:12,2,6,0
BRDA:16,3,0,0
BRDA:16,3,1,0
BRDA:24,4,0,0
BRDA:24,4,1,0
BRDA:25,5,0,0
BRDA:25,5,1,0
BRDA:28,6,0,0
BRDA:28,6,1,0
BRDA:33,7,0,0
BRDA:33,7,1,0
BRF:21
BRH:0
end_of_record
