TN:
SF:main/hardware/gpuClassification.ts
FN:18,(anonymous_0)
FN:41,(anonymous_1)
FN:46,(anonymous_2)
FN:52,(anonymous_3)
FN:53,(anonymous_4)
FN:59,(anonymous_5)
FN:87,(anonymous_6)
FN:106,(anonymous_7)
FN:140,(anonymous_8)
FN:154,(anonymous_9)
FN:180,(anonymous_10)
FN:188,(anonymous_11)
FN:222,(anonymous_12)
FN:228,(anonymous_13)
FN:229,(anonymous_14)
FN:236,(anonymous_15)
FN:248,(anonymous_16)
FN:298,(anonymous_17)
FN:343,(anonymous_18)
FN:356,(anonymous_19)
FNF:20
FNH:19
FNDA:26,(anonymous_0)
FNDA:8,(anonymous_1)
FNDA:18,(anonymous_2)
FNDA:9,(anonymous_3)
FNDA:9,(anonymous_4)
FNDA:8,(anonymous_5)
FNDA:14,(anonymous_6)
FNDA:38,(anonymous_7)
FNDA:2,(anonymous_8)
FNDA:6,(anonymous_9)
FNDA:2,(anonymous_10)
FNDA:6,(anonymous_11)
FNDA:2,(anonymous_12)
FNDA:6,(anonymous_13)
FNDA:0,(anonymous_14)
FNDA:6,(anonymous_15)
FNDA:9,(anonymous_16)
FNDA:4,(anonymous_17)
FNDA:2,(anonymous_18)
FNDA:9,(anonymous_19)
DA:18,1
DA:19,26
DA:25,26
DA:31,26
DA:43,8
DA:46,18
DA:47,3
DA:51,5
DA:52,9
DA:53,9
DA:55,3
DA:59,8
DA:60,0
DA:64,2
DA:67,2
DA:68,0
DA:71,2
DA:77,0
DA:81,2
DA:88,14
DA:90,14
DA:91,14
DA:94,14
DA:95,7
DA:98,7
DA:99,5
DA:100,4
DA:101,3
DA:102,2
DA:106,38
DA:107,2
DA:111,14
DA:112,2
DA:115,14
DA:116,1
DA:117,1
DA:120,14
DA:121,1
DA:124,14
DA:125,1
DA:129,14
DA:130,13
DA:131,13
DA:132,13
DA:134,14
DA:141,2
DA:143,2
DA:146,2
DA:147,0
DA:151,2
DA:154,6
DA:156,0
DA:160,2
DA:161,0
DA:165,2
DA:166,0
DA:170,2
DA:171,0
DA:174,2
DA:183,2
DA:185,2
DA:188,6
DA:189,0
DA:193,2
DA:194,0
DA:198,2
DA:199,0
DA:203,2
DA:208,0
DA:212,2
DA:213,0
DA:216,2
DA:223,2
DA:224,2
DA:228,6
DA:229,0
DA:231,2
DA:237,6
DA:252,9
DA:253,9
DA:254,9
DA:255,9
DA:258,9
DA:259,8
DA:260,1
DA:261,1
DA:262,1
DA:266,8
DA:267,0
DA:268,0
DA:272,8
DA:275,8
DA:276,4
DA:277,2
DA:278,2
DA:279,2
DA:280,0
DA:281,0
DA:283,2
DA:284,2
DA:288,4
DA:292,8
DA:293,4
DA:294,4
DA:296,4
DA:297,4
DA:298,4
DA:300,4
DA:304,0
DA:309,8
DA:311,4
DA:312,4
DA:314,4
DA:315,4
DA:317,0
DA:318,0
DA:319,0
DA:323,8
DA:324,8
DA:326,0
DA:329,8
DA:331,8
DA:344,2
DA:345,2
DA:363,9
DA:377,1
LF:126
LH:103
BRDA:43,0,0,0
BRDA:43,0,1,8
BRDA:46,1,0,3
BRDA:46,1,1,5
BRDA:51,2,0,3
BRDA:51,2,1,2
BRDA:52,3,0,5
BRDA:52,3,1,3
BRDA:59,4,0,0
BRDA:59,4,1,2
BRDA:67,5,0,0
BRDA:67,5,1,2
BRDA:67,6,0,2
BRDA:67,6,1,0
BRDA:71,7,0,0
BRDA:71,7,1,2
BRDA:72,8,0,2
BRDA:72,8,1,2
BRDA:72,8,2,2
BRDA:72,8,3,2
BRDA:88,9,0,0
BRDA:88,9,1,14
BRDA:94,10,0,7
BRDA:94,10,1,7
BRDA:98,11,0,2
BRDA:98,11,1,5
BRDA:99,12,0,1
BRDA:99,12,1,4
BRDA:100,13,0,1
BRDA:100,13,1,3
BRDA:101,14,0,1
BRDA:101,14,1,2
BRDA:102,15,0,0
BRDA:102,15,1,2
BRDA:106,16,0,2
BRDA:106,16,1,12
BRDA:111,17,0,2
BRDA:111,17,1,12
BRDA:115,18,0,1
BRDA:115,18,1,13
BRDA:117,19,0,0
BRDA:117,19,1,1
BRDA:120,20,0,1
BRDA:120,20,1,13
BRDA:124,21,0,1
BRDA:124,21,1,13
BRDA:129,22,0,1
BRDA:129,22,1,13
BRDA:130,23,0,0
BRDA:130,23,1,13
BRDA:131,24,0,0
BRDA:131,24,1,13
BRDA:132,25,0,0
BRDA:132,25,1,13
BRDA:141,26,0,0
BRDA:141,26,1,2
BRDA:146,27,0,0
BRDA:146,27,1,2
BRDA:146,28,0,2
BRDA:146,28,1,2
BRDA:151,29,0,0
BRDA:151,29,1,2
BRDA:152,30,0,2
BRDA:152,30,1,2
BRDA:152,30,2,2
BRDA:160,31,0,0
BRDA:160,31,1,2
BRDA:160,32,0,2
BRDA:160,32,1,0
BRDA:165,33,0,0
BRDA:165,33,1,2
BRDA:165,34,0,2
BRDA:165,34,1,2
BRDA:170,35,0,0
BRDA:170,35,1,2
BRDA:183,36,0,0
BRDA:183,36,1,2
BRDA:188,37,0,0
BRDA:188,37,1,2
BRDA:193,38,0,0
BRDA:193,38,1,2
BRDA:193,39,0,2
BRDA:193,39,1,2
BRDA:198,40,0,0
BRDA:198,40,1,2
BRDA:198,41,0,2
BRDA:198,41,1,2
BRDA:203,42,0,0
BRDA:203,42,1,2
BRDA:204,43,0,2
BRDA:204,43,1,2
BRDA:204,43,2,2
BRDA:212,44,0,0
BRDA:212,44,1,2
BRDA:212,45,0,2
BRDA:212,45,1,2
BRDA:228,46,0,2
BRDA:228,46,1,0
BRDA:258,47,0,8
BRDA:258,47,1,1
BRDA:258,48,0,9
BRDA:258,48,1,8
BRDA:260,49,0,1
BRDA:260,49,1,0
BRDA:266,50,0,0
BRDA:266,50,1,8
BRDA:275,51,0,4
BRDA:275,51,1,4
BRDA:275,52,0,8
BRDA:275,52,1,4
BRDA:276,53,0,2
BRDA:276,53,1,2
BRDA:276,54,0,4
BRDA:276,54,1,2
BRDA:279,55,0,0
BRDA:279,55,1,2
BRDA:279,56,0,2
BRDA:279,56,1,0
BRDA:292,57,0,4
BRDA:292,57,1,4
BRDA:297,58,0,4
BRDA:297,58,1,0
BRDA:309,59,0,4
BRDA:309,59,1,4
BRDA:309,59,2,0
BRDA:323,60,0,8
BRDA:323,60,1,0
BRDA:323,61,0,8
BRDA:323,61,1,8
BRDA:329,62,0,8
BRDA:329,62,1,8
BRDA:346,63,0,2
BRDA:346,63,1,2
BRDA:346,63,2,2
BRDA:346,63,3,2
BRF:135
BRH:103
end_of_record
TN:
SF:main/hardware/hardwareDetection.ts
FN:45,(anonymous_0)
FN:58,(anonymous_1)
FN:70,(anonymous_2)
FN:100,(anonymous_3)
FN:101,(anonymous_4)
FN:102,(anonymous_5)
FN:187,(anonymous_6)
FN:195,(anonymous_7)
FN:215,(anonymous_8)
FN:224,(anonymous_9)
FN:232,(anonymous_10)
FN:240,(anonymous_11)
FN:249,(anonymous_12)
FN:276,(anonymous_13)
FN:280,(anonymous_14)
FN:281,(anonymous_15)
FN:282,(anonymous_16)
FN:313,(anonymous_17)
FN:317,(anonymous_18)
FN:318,(anonymous_19)
FN:319,(anonymous_20)
FN:320,(anonymous_21)
FN:334,(anonymous_22)
FN:369,(anonymous_23)
FN:371,(anonymous_24)
FN:384,(anonymous_25)
FN:385,(anonymous_26)
FN:396,(anonymous_27)
FN:410,(anonymous_28)
FN:426,(anonymous_29)
FN:447,(anonymous_30)
FN:453,(anonymous_31)
FN:462,(anonymous_32)
FN:470,(anonymous_33)
FN:482,(anonymous_34)
FN:487,(anonymous_35)
FN:494,(anonymous_36)
FN:499,(anonymous_37)
FN:508,detectAvailableGPUs
FN:512,enumerateIntelGPUs
FN:516,checkOpenVINOSupport
FN:520,validateGPUCompatibility
FN:527,classifyIntelGPUType
FN:533,getIntelGPUPriority
FN:537,validateOpenVINOVersion
FNF:45
FNH:41
FNDA:1,(anonymous_0)
FNDA:38,(anonymous_1)
FNDA:31,(anonymous_2)
FNDA:1,(anonymous_3)
FNDA:1,(anonymous_4)
FNDA:1,(anonymous_5)
FNDA:12,(anonymous_6)
FNDA:4,(anonymous_7)
FNDA:9,(anonymous_8)
FNDA:6,(anonymous_9)
FNDA:10,(anonymous_10)
FNDA:6,(anonymous_11)
FNDA:1,(anonymous_12)
FNDA:30,(anonymous_13)
FNDA:120,(anonymous_14)
FNDA:120,(anonymous_15)
FNDA:120,(anonymous_16)
FNDA:31,(anonymous_17)
FNDA:121,(anonymous_18)
FNDA:121,(anonymous_19)
FNDA:121,(anonymous_20)
FNDA:121,(anonymous_21)
FNDA:0,(anonymous_22)
FNDA:31,(anonymous_23)
FNDA:150,(anonymous_24)
FNDA:93,(anonymous_25)
FNDA:150,(anonymous_26)
FNDA:0,(anonymous_27)
FNDA:1,(anonymous_28)
FNDA:6,(anonymous_29)
FNDA:1,(anonymous_30)
FNDA:0,(anonymous_31)
FNDA:32,(anonymous_32)
FNDA:1,(anonymous_33)
FNDA:111,(anonymous_34)
FNDA:0,(anonymous_35)
FNDA:41,(anonymous_36)
FNDA:3,(anonymous_37)
FNDA:19,detectAvailableGPUs
FNDA:12,enumerateIntelGPUs
FNDA:4,checkOpenVINOSupport
FNDA:9,validateGPUCompatibility
FNDA:6,classifyIntelGPUType
FNDA:10,getIntelGPUPriority
FNDA:6,validateOpenVINOVersion
DA:12,1
DA:23,1
DA:24,1
DA:25,1
DA:28,1
DA:29,1
DA:30,1
DA:31,1
DA:32,1
DA:38,1
DA:41,1
DA:43,1
DA:46,1
DA:61,38
DA:62,1
DA:64,38
DA:71,31
DA:72,31
DA:74,31
DA:76,31
DA:77,0
DA:78,0
DA:80,0
DA:81,0
DA:83,0
DA:91,31
DA:92,30
DA:96,1
DA:97,1
DA:100,1
DA:101,1
DA:102,1
DA:105,1
DA:108,1
DA:109,1
DA:110,0
DA:114,1
DA:120,1
DA:145,1
DA:146,1
DA:148,1
DA:153,1
DA:155,0
DA:156,0
DA:158,0
DA:160,0
DA:188,12
DA:189,12
DA:196,4
DA:197,4
DA:199,4
DA:202,0
DA:203,0
DA:204,0
DA:205,0
DA:207,0
DA:208,0
DA:216,9
DA:217,9
DA:218,9
DA:225,6
DA:226,6
DA:233,10
DA:234,10
DA:242,6
DA:243,6
DA:252,1
DA:254,0
DA:255,0
DA:256,0
DA:259,0
DA:260,0
DA:261,0
DA:264,1
DA:265,1
DA:266,1
DA:269,0
DA:277,30
DA:278,30
DA:280,120
DA:281,120
DA:282,120
DA:284,30
DA:314,31
DA:317,121
DA:318,121
DA:319,121
DA:320,121
DA:326,31
DA:327,0
DA:328,0
DA:332,31
DA:333,0
DA:334,0
DA:336,0
DA:337,0
DA:340,0
DA:343,0
DA:346,0
DA:350,31
DA:351,0
DA:353,31
DA:354,30
DA:356,1
DA:357,1
DA:359,0
DA:360,0
DA:363,0
DA:371,31
DA:372,150
DA:374,0
DA:375,0
DA:378,31
DA:385,93
DA:386,150
DA:388,0
DA:389,0
DA:397,0
DA:398,0
DA:399,0
DA:400,0
DA:402,0
DA:403,0
DA:411,1
DA:413,0
DA:415,0
DA:417,1
DA:419,0
DA:427,6
DA:428,6
DA:430,6
DA:432,6
DA:433,10
DA:434,10
DA:436,10
DA:437,5
DA:441,1
DA:450,1
DA:456,0
DA:457,0
DA:458,0
DA:463,32
DA:470,32
DA:471,1
DA:472,1
DA:474,0
DA:483,111
DA:484,111
DA:488,0
DA:495,41
DA:496,41
DA:500,3
DA:505,1
DA:508,1
DA:509,19
DA:512,1
DA:513,12
DA:516,1
DA:517,4
DA:520,1
DA:524,9
DA:527,1
DA:530,6
DA:533,1
DA:534,10
DA:537,1
DA:538,6
LF:167
LH:113
BRDA:61,0,0,1
BRDA:61,0,1,37
BRDA:76,1,0,0
BRDA:76,1,1,31
BRDA:76,2,0,31
BRDA:76,2,1,0
BRDA:80,3,0,0
BRDA:80,3,1,0
BRDA:91,4,0,30
BRDA:91,4,1,1
BRDA:109,5,0,0
BRDA:109,5,1,1
BRDA:109,6,0,1
BRDA:109,6,1,1
BRDA:126,7,0,0
BRDA:126,7,1,1
BRDA:196,8,0,4
BRDA:196,8,1,0
BRDA:199,9,0,3
BRDA:199,9,1,1
BRDA:205,10,0,0
BRDA:205,10,1,0
BRDA:252,11,0,0
BRDA:252,11,1,0
BRDA:252,11,2,1
BRDA:252,11,3,0
BRDA:256,12,0,0
BRDA:256,12,1,0
BRDA:256,13,0,0
BRDA:256,13,1,0
BRDA:261,14,0,0
BRDA:261,14,1,0
BRDA:261,15,0,0
BRDA:261,15,1,0
BRDA:266,16,0,1
BRDA:266,16,1,0
BRDA:266,17,0,1
BRDA:266,17,1,0
BRDA:290,18,0,30
BRDA:290,18,1,0
BRDA:314,19,0,0
BRDA:314,19,1,31
BRDA:326,20,0,0
BRDA:326,20,1,31
BRDA:326,21,0,31
BRDA:326,21,1,0
BRDA:332,22,0,0
BRDA:332,22,1,31
BRDA:336,23,0,0
BRDA:336,23,1,0
BRDA:350,24,0,0
BRDA:350,24,1,31
BRDA:353,25,0,30
BRDA:353,25,1,1
BRDA:356,26,0,1
BRDA:356,26,1,0
BRDA:359,27,0,0
BRDA:359,27,1,0
BRDA:372,28,0,150
BRDA:372,28,1,0
BRDA:386,29,0,150
BRDA:386,29,1,0
BRDA:400,30,0,0
BRDA:400,30,1,0
BRDA:411,31,0,0
BRDA:411,31,1,0
BRDA:411,31,2,1
BRDA:411,31,3,0
BRDA:433,32,0,10
BRDA:433,32,1,1
BRDA:434,33,0,10
BRDA:434,33,1,1
BRDA:436,34,0,5
BRDA:436,34,1,5
BRDA:457,35,0,0
BRDA:457,35,1,0
BRDA:488,36,0,0
BRDA:488,36,1,0
BRF:78
BRH:34
end_of_record
TN:
SF:main/hardware/linuxDetection.ts
FN:22,(anonymous_1)
FN:28,(anonymous_2)
FN:55,(anonymous_3)
FN:76,(anonymous_4)
FN:80,(anonymous_5)
FN:111,(anonymous_6)
FN:129,(anonymous_7)
FN:185,(anonymous_8)
FN:220,(anonymous_9)
FN:236,(anonymous_10)
FN:241,(anonymous_11)
FN:251,(anonymous_12)
FN:327,(anonymous_13)
FN:356,(anonymous_14)
FN:381,(anonymous_15)
FN:405,(anonymous_16)
FN:417,(anonymous_17)
FN:433,(anonymous_18)
FNF:18
FNH:0
FNDA:0,(anonymous_1)
FNDA:0,(anonymous_2)
FNDA:0,(anonymous_3)
FNDA:0,(anonymous_4)
FNDA:0,(anonymous_5)
FNDA:0,(anonymous_6)
FNDA:0,(anonymous_7)
FNDA:0,(anonymous_8)
FNDA:0,(anonymous_9)
FNDA:0,(anonymous_10)
FNDA:0,(anonymous_11)
FNDA:0,(anonymous_12)
FNDA:0,(anonymous_13)
FNDA:0,(anonymous_14)
FNDA:0,(anonymous_15)
FNDA:0,(anonymous_16)
FNDA:0,(anonymous_17)
FNDA:0,(anonymous_18)
DA:11,1
DA:12,1
DA:13,1
DA:14,1
DA:17,1
DA:18,1
DA:20,1
DA:22,1
DA:23,0
DA:29,0
DA:31,0
DA:32,0
DA:35,0
DA:41,0
DA:44,0
DA:45,0
DA:49,0
DA:50,0
DA:53,0
DA:54,0
DA:56,0
DA:60,0
DA:61,0
DA:64,0
DA:70,0
DA:72,0
DA:76,0
DA:77,0
DA:80,0
DA:81,0
DA:83,0
DA:84,0
DA:88,0
DA:95,0
DA:96,0
DA:98,0
DA:112,0
DA:114,0
DA:119,0
DA:121,0
DA:122,0
DA:130,0
DA:131,0
DA:132,0
DA:134,0
DA:136,0
DA:137,0
DA:139,0
DA:141,0
DA:142,0
DA:144,0
DA:145,0
DA:149,0
DA:172,0
DA:175,0
DA:177,0
DA:178,0
DA:186,0
DA:188,0
DA:190,0
DA:191,0
DA:195,0
DA:201,0
DA:202,0
DA:203,0
DA:204,0
DA:205,0
DA:215,0
DA:216,0
DA:217,0
DA:220,0
DA:221,0
DA:226,0
DA:228,0
DA:229,0
DA:237,0
DA:238,0
DA:242,0
DA:247,0
DA:248,0
DA:249,0
DA:251,0
DA:254,0
DA:255,0
DA:256,0
DA:257,0
DA:258,0
DA:260,0
DA:262,0
DA:267,0
DA:270,0
DA:271,0
DA:272,0
DA:277,0
DA:278,0
DA:282,0
DA:283,0
DA:287,0
DA:288,0
DA:289,0
DA:290,0
DA:292,0
DA:316,0
DA:321,0
DA:328,0
DA:330,0
DA:336,0
DA:339,0
DA:346,0
DA:350,0
DA:357,0
DA:359,0
DA:361,0
DA:362,0
DA:364,0
DA:367,0
DA:368,0
DA:371,0
DA:372,0
DA:375,0
DA:383,0
DA:388,0
DA:392,0
DA:393,0
DA:397,0
DA:398,0
DA:409,0
DA:411,0
DA:412,0
DA:414,0
DA:415,0
DA:417,0
DA:423,0
DA:424,0
DA:434,0
DA:436,0
DA:437,0
DA:438,0
DA:441,0
DA:444,0
DA:445,0
DA:446,0
DA:450,0
DA:451,0
DA:455,0
DA:457,0
DA:458,0
DA:462,0
LF:148
LH:8
BRDA:44,0,0,0
BRDA:44,0,1,0
BRDA:44,1,0,0
BRDA:44,1,1,0
BRDA:49,2,0,0
BRDA:49,2,1,0
BRDA:49,3,0,0
BRDA:49,3,1,0
BRDA:56,4,0,0
BRDA:56,4,1,0
BRDA:60,5,0,0
BRDA:60,5,1,0
BRDA:70,6,0,0
BRDA:70,6,1,0
BRDA:70,7,0,0
BRDA:70,7,1,0
BRDA:132,8,0,0
BRDA:132,8,1,0
BRDA:139,9,0,0
BRDA:139,9,1,0
BRDA:142,10,0,0
BRDA:142,10,1,0
BRDA:145,11,0,0
BRDA:145,11,1,0
BRDA:152,12,0,0
BRDA:152,12,1,0
BRDA:154,13,0,0
BRDA:154,13,1,0
BRDA:156,14,0,0
BRDA:156,14,1,0
BRDA:204,15,0,0
BRDA:204,15,1,0
BRDA:242,16,0,0
BRDA:242,16,1,0
BRDA:242,16,2,0
BRDA:262,17,0,0
BRDA:262,17,1,0
BRDA:263,18,0,0
BRDA:263,18,1,0
BRDA:263,18,2,0
BRDA:270,19,0,0
BRDA:270,19,1,0
BRDA:277,20,0,0
BRDA:277,20,1,0
BRDA:282,21,0,0
BRDA:282,21,1,0
BRDA:287,22,0,0
BRDA:287,22,1,0
BRDA:289,23,0,0
BRDA:289,23,1,0
BRDA:295,24,0,0
BRDA:295,24,1,0
BRDA:299,25,0,0
BRDA:299,25,1,0
BRDA:330,26,0,0
BRDA:330,26,1,0
BRDA:331,27,0,0
BRDA:331,27,1,0
BRDA:331,27,2,0
BRDA:331,27,3,0
BRDA:339,28,0,0
BRDA:339,28,1,0
BRDA:340,29,0,0
BRDA:340,29,1,0
BRDA:340,29,2,0
BRDA:340,29,3,0
BRDA:340,29,4,0
BRDA:359,30,0,0
BRDA:359,30,1,0
BRDA:361,31,0,0
BRDA:361,31,1,0
BRDA:367,32,0,0
BRDA:367,32,1,0
BRDA:371,33,0,0
BRDA:371,33,1,0
BRDA:371,34,0,0
BRDA:371,34,1,0
BRDA:383,35,0,0
BRDA:383,35,1,0
BRDA:384,36,0,0
BRDA:384,36,1,0
BRDA:384,36,2,0
BRDA:392,37,0,0
BRDA:392,37,1,0
BRDA:392,38,0,0
BRDA:392,38,1,0
BRDA:397,39,0,0
BRDA:397,39,1,0
BRDA:409,40,0,0
BRDA:409,40,1,0
BRDA:412,41,0,0
BRDA:412,41,1,0
BRDA:414,42,0,0
BRDA:414,42,1,0
BRDA:414,43,0,0
BRDA:414,43,1,0
BRDA:416,44,0,0
BRDA:416,44,1,0
BRDA:417,45,0,0
BRDA:417,45,1,0
BRDA:423,46,0,0
BRDA:423,46,1,0
BRDA:425,47,0,0
BRDA:425,47,1,0
BRDA:438,48,0,0
BRDA:438,48,1,0
BRDA:441,49,0,0
BRDA:441,49,1,0
BRDA:444,50,0,0
BRDA:444,50,1,0
BRDA:450,51,0,0
BRDA:450,51,1,0
BRF:112
BRH:0
end_of_record
TN:
SF:main/hardware/macosDetection.ts
FN:22,(anonymous_1)
FN:28,(anonymous_2)
FN:60,(anonymous_3)
FN:103,(anonymous_4)
FN:127,(anonymous_5)
FN:179,(anonymous_6)
FN:196,(anonymous_7)
FN:259,(anonymous_8)
FN:297,(anonymous_9)
FN:325,(anonymous_10)
FNF:10
FNH:9
FNDA:1,(anonymous_1)
FNDA:1,(anonymous_2)
FNDA:1,(anonymous_3)
FNDA:0,(anonymous_4)
FNDA:1,(anonymous_5)
FNDA:1,(anonymous_6)
FNDA:1,(anonymous_7)
FNDA:2,(anonymous_8)
FNDA:1,(anonymous_9)
FNDA:1,(anonymous_10)
DA:11,1
DA:12,1
DA:13,1
DA:16,1
DA:17,1
DA:18,1
DA:20,1
DA:22,1
DA:23,1
DA:29,1
DA:31,1
DA:32,1
DA:35,1
DA:36,0
DA:37,0
DA:41,1
DA:46,1
DA:49,1
DA:50,1
DA:54,1
DA:55,1
DA:58,1
DA:59,1
DA:60,1
DA:63,1
DA:64,0
DA:67,1
DA:73,1
DA:75,1
DA:76,1
DA:80,1
DA:87,0
DA:88,0
DA:90,0
DA:104,0
DA:105,0
DA:107,0
DA:114,0
DA:128,1
DA:129,1
DA:130,1
DA:132,1
DA:134,1
DA:135,1
DA:137,1
DA:139,1
DA:140,1
DA:142,1
DA:143,1
DA:147,1
DA:166,1
DA:169,1
DA:171,0
DA:172,0
DA:180,1
DA:181,1
DA:186,1
DA:188,0
DA:189,0
DA:197,1
DA:198,1
DA:199,1
DA:201,1
DA:203,1
DA:204,1
DA:206,1
DA:208,1
DA:209,1
DA:211,1
DA:214,1
DA:215,1
DA:216,0
DA:217,1
DA:218,0
DA:219,0
DA:220,0
DA:221,0
DA:222,0
DA:227,1
DA:246,1
DA:249,1
DA:251,0
DA:252,0
DA:260,2
DA:262,2
DA:268,0
DA:271,2
DA:278,0
DA:281,2
DA:288,2
DA:291,0
DA:299,1
DA:304,0
DA:308,1
DA:309,0
DA:313,1
DA:318,0
DA:328,1
DA:330,1
DA:331,1
DA:333,1
DA:335,1
DA:336,1
DA:337,1
DA:340,1
DA:344,0
DA:345,0
DA:348,1
DA:351,0
DA:352,0
DA:355,1
DA:357,0
DA:358,0
DA:362,1
LF:114
LH:80
BRDA:35,0,0,0
BRDA:35,0,1,1
BRDA:49,1,0,1
BRDA:49,1,1,0
BRDA:49,2,0,1
BRDA:49,2,1,1
BRDA:54,3,0,1
BRDA:54,3,1,0
BRDA:54,4,0,1
BRDA:54,4,1,1
BRDA:63,5,0,0
BRDA:63,5,1,1
BRDA:130,6,0,1
BRDA:130,6,1,0
BRDA:137,7,0,0
BRDA:137,7,1,1
BRDA:140,8,0,0
BRDA:140,8,1,1
BRDA:143,9,0,0
BRDA:143,9,1,1
BRDA:150,10,0,0
BRDA:150,10,1,1
BRDA:152,11,0,1
BRDA:152,11,1,1
BRDA:154,12,0,1
BRDA:154,12,1,1
BRDA:199,13,0,1
BRDA:199,13,1,0
BRDA:206,14,0,0
BRDA:206,14,1,1
BRDA:209,15,0,0
BRDA:209,15,1,1
BRDA:215,16,0,0
BRDA:215,16,1,1
BRDA:217,17,0,0
BRDA:217,17,1,1
BRDA:220,18,0,0
BRDA:220,18,1,0
BRDA:223,19,0,0
BRDA:223,19,1,0
BRDA:230,20,0,0
BRDA:230,20,1,1
BRDA:232,21,0,1
BRDA:232,21,1,1
BRDA:234,22,0,1
BRDA:234,22,1,1
BRDA:262,23,0,0
BRDA:262,23,1,2
BRDA:263,24,0,2
BRDA:263,24,1,2
BRDA:263,24,2,2
BRDA:263,24,3,2
BRDA:271,25,0,0
BRDA:271,25,1,2
BRDA:272,26,0,2
BRDA:272,26,1,2
BRDA:272,26,2,2
BRDA:272,26,3,2
BRDA:272,26,4,2
BRDA:281,27,0,2
BRDA:281,27,1,0
BRDA:282,28,0,2
BRDA:282,28,1,0
BRDA:282,28,2,0
BRDA:282,28,3,0
BRDA:282,28,4,0
BRDA:299,29,0,0
BRDA:299,29,1,1
BRDA:300,30,0,1
BRDA:300,30,1,1
BRDA:300,30,2,0
BRDA:308,31,0,0
BRDA:308,31,1,1
BRDA:308,32,0,1
BRDA:308,32,1,0
BRDA:313,33,0,0
BRDA:313,33,1,1
BRDA:314,34,0,1
BRDA:314,34,1,1
BRDA:314,34,2,0
BRDA:333,35,0,1
BRDA:333,35,1,0
BRDA:340,36,0,0
BRDA:340,36,1,1
BRDA:344,37,0,0
BRDA:344,37,1,0
BRDA:348,38,0,0
BRDA:348,38,1,1
BRF:88
BRH:51
end_of_record
TN:
SF:main/hardware/openvinoDetection.ts
FN:23,(anonymous_0)
FN:30,(anonymous_1)
FN:38,(anonymous_2)
FN:39,(anonymous_3)
FN:40,(anonymous_4)
FN:41,(anonymous_5)
FN:89,(anonymous_6)
FN:133,(anonymous_7)
FN:182,(anonymous_8)
FN:202,(anonymous_9)
FN:203,(anonymous_10)
FN:239,(anonymous_11)
FN:281,(anonymous_12)
FN:282,(anonymous_13)
FN:314,(anonymous_14)
FN:363,(anonymous_15)
FN:400,(anonymous_16)
FNF:17
FNH:15
FNDA:23,(anonymous_0)
FNDA:10,(anonymous_1)
FNDA:10,(anonymous_2)
FNDA:10,(anonymous_3)
FNDA:10,(anonymous_4)
FNDA:10,(anonymous_5)
FNDA:10,(anonymous_6)
FNDA:10,(anonymous_7)
FNDA:10,(anonymous_8)
FNDA:0,(anonymous_9)
FNDA:10,(anonymous_10)
FNDA:10,(anonymous_11)
FNDA:0,(anonymous_12)
FNDA:30,(anonymous_13)
FNDA:4,(anonymous_14)
FNDA:6,(anonymous_15)
FNDA:16,(anonymous_16)
DA:12,2
DA:13,2
DA:14,2
DA:15,2
DA:16,2
DA:19,2
DA:21,2
DA:23,2
DA:24,23
DA:25,23
DA:31,10
DA:33,10
DA:34,10
DA:37,10
DA:38,10
DA:39,10
DA:40,10
DA:41,10
DA:44,10
DA:45,40
DA:46,40
DA:47,40
DA:48,0
DA:49,0
DA:51,0
DA:59,0
DA:60,0
DA:65,10
DA:73,0
DA:74,0
DA:76,0
DA:90,10
DA:91,10
DA:118,10
DA:123,0
DA:125,10
DA:126,10
DA:134,10
DA:136,10
DA:142,10
DA:143,30
DA:144,30
DA:148,0
DA:150,0
DA:151,0
DA:153,0
DA:168,30
DA:172,10
DA:174,0
DA:175,0
DA:183,10
DA:184,10
DA:185,10
DA:186,10
DA:188,10
DA:189,10
DA:191,10
DA:192,160
DA:193,10
DA:196,10
DA:200,10
DA:202,0
DA:203,10
DA:205,10
DA:207,0
DA:209,0
DA:224,0
DA:229,10
DA:231,0
DA:232,0
DA:240,10
DA:241,10
DA:243,10
DA:245,10
DA:247,0
DA:253,0
DA:256,0
DA:264,0
DA:267,10
DA:274,10
DA:277,10
DA:278,30
DA:279,30
DA:281,0
DA:282,30
DA:284,30
DA:285,0
DA:287,0
DA:300,0
DA:304,10
DA:306,0
DA:307,0
DA:318,4
DA:319,4
DA:320,4
DA:321,4
DA:322,4
DA:323,4
DA:324,4
DA:326,4
DA:327,10
DA:328,3
DA:329,7
DA:330,1
DA:331,6
DA:332,1
DA:333,5
DA:334,1
DA:335,4
DA:336,2
DA:340,4
DA:341,2
DA:353,2
DA:355,0
DA:356,0
DA:364,6
DA:366,6
DA:367,6
DA:368,3
DA:372,3
DA:378,3
DA:379,9
DA:380,9
DA:381,0
DA:382,0
DA:383,0
DA:386,9
DA:390,3
DA:392,0
DA:393,0
DA:401,16
DA:402,16
DA:404,15
DA:405,15
DA:407,15
DA:408,32
DA:409,32
DA:411,32
DA:412,29
DA:415,5
DA:417,0
DA:418,0
LF:142
LH:102
BRDA:47,0,0,0
BRDA:47,0,1,40
BRDA:148,1,0,0
BRDA:148,1,1,0
BRDA:148,2,0,0
BRDA:148,2,1,0
BRDA:151,3,0,0
BRDA:151,3,1,0
BRDA:159,4,0,0
BRDA:159,4,1,0
BRDA:185,5,0,0
BRDA:185,5,1,10
BRDA:186,6,0,0
BRDA:186,6,1,10
BRDA:188,7,0,10
BRDA:188,7,1,0
BRDA:192,8,0,10
BRDA:192,8,1,150
BRDA:196,9,0,0
BRDA:196,9,1,10
BRDA:205,10,0,0
BRDA:205,10,1,10
BRDA:211,11,0,0
BRDA:211,11,1,0
BRDA:216,12,0,0
BRDA:216,12,1,0
BRDA:216,13,0,0
BRDA:216,13,1,0
BRDA:245,14,0,0
BRDA:245,14,1,0
BRDA:245,14,2,10
BRDA:260,15,0,0
BRDA:260,15,1,0
BRDA:270,16,0,10
BRDA:270,16,1,0
BRDA:284,17,0,0
BRDA:284,17,1,30
BRDA:289,18,0,0
BRDA:289,18,1,0
BRDA:294,19,0,0
BRDA:294,19,1,0
BRDA:294,20,0,0
BRDA:294,20,1,0
BRDA:327,21,0,3
BRDA:327,21,1,7
BRDA:329,22,0,1
BRDA:329,22,1,6
BRDA:331,23,0,1
BRDA:331,23,1,5
BRDA:333,24,0,1
BRDA:333,24,1,4
BRDA:335,25,0,2
BRDA:335,25,1,2
BRDA:340,26,0,2
BRDA:340,26,1,2
BRDA:345,27,0,1
BRDA:345,27,1,1
BRDA:346,28,0,1
BRDA:346,28,1,1
BRDA:347,29,0,2
BRDA:347,29,1,0
BRDA:367,30,0,3
BRDA:367,30,1,3
BRDA:382,31,0,0
BRDA:382,31,1,0
BRDA:402,32,0,1
BRDA:402,32,1,15
BRDA:408,33,0,32
BRDA:408,33,1,9
BRDA:409,34,0,32
BRDA:409,34,1,7
BRDA:411,35,0,3
BRDA:411,35,1,29
BRDA:412,36,0,7
BRDA:412,36,1,22
BRF:75
BRH:40
end_of_record
TN:
SF:main/hardware/windowsDetection.ts
FN:21,(anonymous_1)
FN:27,(anonymous_2)
FN:53,(anonymous_3)
FN:63,(anonymous_4)
FN:67,(anonymous_5)
FN:98,(anonymous_6)
FN:134,(anonymous_7)
FN:190,(anonymous_8)
FN:194,(anonymous_9)
FN:255,(anonymous_10)
FN:293,(anonymous_11)
FN:324,(anonymous_12)
FNF:12
FNH:0
FNDA:0,(anonymous_1)
FNDA:0,(anonymous_2)
FNDA:0,(anonymous_3)
FNDA:0,(anonymous_4)
FNDA:0,(anonymous_5)
FNDA:0,(anonymous_6)
FNDA:0,(anonymous_7)
FNDA:0,(anonymous_8)
FNDA:0,(anonymous_9)
FNDA:0,(anonymous_10)
FNDA:0,(anonymous_11)
FNDA:0,(anonymous_12)
DA:11,1
DA:12,1
DA:13,1
DA:16,1
DA:17,1
DA:19,1
DA:21,1
DA:22,0
DA:28,0
DA:30,0
DA:31,0
DA:34,0
DA:39,0
DA:42,0
DA:43,0
DA:47,0
DA:48,0
DA:51,0
DA:52,0
DA:53,0
DA:56,0
DA:57,0
DA:63,0
DA:64,0
DA:67,0
DA:68,0
DA:70,0
DA:71,0
DA:75,0
DA:82,0
DA:83,0
DA:85,0
DA:99,0
DA:100,0
DA:119,0
DA:124,0
DA:126,0
DA:127,0
DA:135,0
DA:136,0
DA:137,0
DA:139,0
DA:141,0
DA:142,0
DA:144,0
DA:146,0
DA:147,0
DA:149,0
DA:150,0
DA:154,0
DA:177,0
DA:180,0
DA:182,0
DA:183,0
DA:191,0
DA:192,0
DA:194,0
DA:197,0
DA:198,0
DA:200,0
DA:201,0
DA:202,0
DA:203,0
DA:206,0
DA:207,0
DA:208,0
DA:212,0
DA:213,0
DA:214,0
DA:217,0
DA:220,0
DA:221,0
DA:223,0
DA:225,0
DA:226,0
DA:228,0
DA:229,0
DA:231,0
DA:232,0
DA:234,0
DA:235,0
DA:237,0
DA:238,0
DA:241,0
DA:242,0
DA:243,0
DA:245,0
DA:249,0
DA:259,0
DA:261,0
DA:262,0
DA:264,0
DA:266,0
DA:294,0
DA:296,0
DA:301,0
DA:304,0
DA:311,0
DA:314,0
DA:315,0
DA:318,0
DA:325,0
DA:327,0
DA:328,0
DA:330,0
DA:333,0
DA:336,0
DA:339,0
DA:340,0
DA:346,0
DA:348,0
DA:350,0
DA:354,0
LF:113
LH:7
BRDA:42,0,0,0
BRDA:42,0,1,0
BRDA:42,1,0,0
BRDA:42,1,1,0
BRDA:47,2,0,0
BRDA:47,2,1,0
BRDA:47,3,0,0
BRDA:47,3,1,0
BRDA:53,4,0,0
BRDA:53,4,1,0
BRDA:56,5,0,0
BRDA:56,5,1,0
BRDA:137,6,0,0
BRDA:137,6,1,0
BRDA:144,7,0,0
BRDA:144,7,1,0
BRDA:147,8,0,0
BRDA:147,8,1,0
BRDA:150,9,0,0
BRDA:150,9,1,0
BRDA:157,10,0,0
BRDA:157,10,1,0
BRDA:159,11,0,0
BRDA:159,11,1,0
BRDA:161,12,0,0
BRDA:161,12,1,0
BRDA:201,13,0,0
BRDA:201,13,1,0
BRDA:206,14,0,0
BRDA:206,14,1,0
BRDA:207,15,0,0
BRDA:207,15,1,0
BRDA:212,16,0,0
BRDA:212,16,1,0
BRDA:223,17,0,0
BRDA:223,17,1,0
BRDA:223,17,2,0
BRDA:223,17,3,0
BRDA:223,17,4,0
BRDA:223,17,5,0
BRDA:234,18,0,0
BRDA:234,18,1,0
BRDA:242,19,0,0
BRDA:242,19,1,0
BRDA:259,20,0,0
BRDA:259,20,1,0
BRDA:262,21,0,0
BRDA:262,21,1,0
BRDA:269,22,0,0
BRDA:269,22,1,0
BRDA:271,23,0,0
BRDA:271,23,1,0
BRDA:273,24,0,0
BRDA:273,24,1,0
BRDA:274,25,0,0
BRDA:274,25,1,0
BRDA:296,26,0,0
BRDA:296,26,1,0
BRDA:297,27,0,0
BRDA:297,27,1,0
BRDA:297,27,2,0
BRDA:304,28,0,0
BRDA:304,28,1,0
BRDA:305,29,0,0
BRDA:305,29,1,0
BRDA:305,29,2,0
BRDA:305,29,3,0
BRDA:305,29,4,0
BRDA:314,30,0,0
BRDA:314,30,1,0
BRDA:314,31,0,0
BRDA:314,31,1,0
BRDA:330,32,0,0
BRDA:330,32,1,0
BRDA:333,33,0,0
BRDA:333,33,1,0
BRDA:337,34,0,0
BRDA:337,34,1,0
BRDA:339,35,0,0
BRDA:339,35,1,0
BRF:80
BRH:0
end_of_record
TN:
SF:main/helpers/gpuSelector.ts
FN:24,getCUDAAddonName
FN:41,getOpenVINOAddonName
FN:56,getCoreMLAddonName
FN:67,getCPUAddonName
FN:85,getNoCudaAddonName
FN:127,selectOptimalGPU
FN:247,tryEnhancedFallbackChain
FN:287,tryWindowsFallbackChain
FN:341,tryWindowsFallbackOption
FN:388,tryLinuxFallbackChain
FN:438,tryLinuxFallbackOption
FN:476,tryMacOSFallbackChain
FN:531,tryMacOSFallbackOption
FN:582,tryGenericFallbackChain
FN:601,tryGPUType
FN:644,tryNVIDIAGPU
FN:751,tryIntelGPU
FN:849,tryAppleGPU
FN:936,tryAMDWindowsFallbackChain
FN:1012,tryFallbackOption
FN:1070,tryAMDGPU
FN:1173,resolveSpecificGPU
FN:1226,(anonymous_22)
FN:1307,selectBestIntelGPU
FN:1317,(anonymous_24)
FN:1327,(anonymous_25)
FN:1338,(anonymous_26)
FN:1355,validateGPUMemory
FN:1371,getModelMemoryRequirements
FN:1388,validateModelSupport
FN:1433,getGPUSelectionConfig
FN:1454,logGPUSelection
FNF:32
FNH:22
FNDA:0,getCUDAAddonName
FNDA:11,getOpenVINOAddonName
FNDA:2,getCoreMLAddonName
FNDA:4,getCPUAddonName
FNDA:0,getNoCudaAddonName
FNDA:22,selectOptimalGPU
FNDA:1,tryEnhancedFallbackChain
FNDA:0,tryWindowsFallbackChain
FNDA:0,tryWindowsFallbackOption
FNDA:0,tryLinuxFallbackChain
FNDA:0,tryLinuxFallbackOption
FNDA:1,tryMacOSFallbackChain
FNDA:2,tryMacOSFallbackOption
FNDA:0,tryGenericFallbackChain
FNDA:33,tryGPUType
FNDA:20,tryNVIDIAGPU
FNDA:13,tryIntelGPU
FNDA:2,tryAppleGPU
FNDA:0,tryAMDWindowsFallbackChain
FNDA:0,tryFallbackOption
FNDA:0,tryAMDGPU
FNDA:7,resolveSpecificGPU
FNDA:2,(anonymous_22)
FNDA:15,selectBestIntelGPU
FNDA:19,(anonymous_24)
FNDA:2,(anonymous_25)
FNDA:4,(anonymous_26)
FNDA:24,validateGPUMemory
FNDA:38,getModelMemoryRequirements
FNDA:51,validateModelSupport
FNDA:5,getGPUSelectionConfig
FNDA:2,logGPUSelection
DA:6,1
DA:12,1
DA:16,1
DA:17,1
DA:18,1
DA:26,0
DA:27,0
DA:30,0
DA:32,0
DA:34,0
DA:36,0
DA:42,11
DA:44,6
DA:46,0
DA:48,5
DA:52,0
DA:57,2
DA:59,2
DA:63,0
DA:68,4
DA:70,1
DA:72,0
DA:74,3
DA:78,0
DA:86,0
DA:88,0
DA:90,0
DA:127,1
DA:132,22
DA:135,22
DA:151,22
DA:152,33
DA:154,33
DA:156,21
DA:170,21
DA:180,21
DA:185,1
DA:197,1
DA:203,1
DA:204,1
DA:215,1
DA:219,0
DA:234,0
DA:252,1
DA:253,1
DA:255,1
DA:272,1
DA:273,0
DA:274,1
DA:275,0
DA:276,1
DA:277,1
DA:281,0
DA:292,0
DA:298,0
DA:299,0
DA:300,0
DA:306,0
DA:307,0
DA:320,0
DA:323,0
DA:335,0
DA:347,0
DA:349,0
DA:350,0
DA:359,0
DA:362,0
DA:371,0
DA:381,0
DA:393,0
DA:395,0
DA:396,0
DA:397,0
DA:403,0
DA:404,0
DA:417,0
DA:420,0
DA:432,0
DA:444,0
DA:446,0
DA:447,0
DA:456,0
DA:459,0
DA:469,0
DA:483,1
DA:485,1
DA:486,2
DA:487,2
DA:494,1
DA:495,1
DA:509,1
DA:512,1
DA:525,0
DA:538,2
DA:540,1
DA:541,0
DA:549,1
DA:552,0
DA:553,0
DA:562,0
DA:565,1
DA:575,0
DA:588,0
DA:607,33
DA:609,20
DA:612,9
DA:615,0
DA:618,2
DA:621,2
DA:629,0
DA:636,0
DA:649,20
DA:650,7
DA:659,7
DA:663,13
DA:664,13
DA:665,5
DA:677,5
DA:683,5
DA:684,4
DA:688,4
DA:692,1
DA:693,0
DA:694,0
DA:704,1
DA:707,8
DA:708,0
DA:718,0
DA:722,8
DA:736,8
DA:756,13
DA:757,3
DA:766,3
DA:769,10
DA:770,0
DA:780,0
DA:783,10
DA:784,0
DA:795,0
DA:798,10
DA:800,10
DA:801,0
DA:813,0
DA:817,10
DA:834,10
DA:854,2
DA:855,1
DA:864,1
DA:867,1
DA:868,0
DA:879,0
DA:882,1
DA:883,0
DA:893,0
DA:896,1
DA:897,0
DA:907,0
DA:911,1
DA:924,1
DA:941,0
DA:942,0
DA:944,0
DA:945,0
DA:947,0
DA:948,0
DA:956,0
DA:957,0
DA:971,0
DA:974,0
DA:993,0
DA:1006,0
DA:1019,0
DA:1022,0
DA:1023,0
DA:1032,0
DA:1036,0
DA:1037,0
DA:1038,0
DA:1047,0
DA:1052,0
DA:1062,0
DA:1075,0
DA:1076,0
DA:1085,0
DA:1089,0
DA:1090,0
DA:1092,0
DA:1106,0
DA:1108,0
DA:1109,0
DA:1111,0
DA:1123,0
DA:1130,0
DA:1132,0
DA:1145,0
DA:1155,0
DA:1167,0
DA:1173,1
DA:1177,7
DA:1179,7
DA:1194,7
DA:1195,1
DA:1199,6
DA:1200,1
DA:1202,1
DA:1203,1
DA:1215,0
DA:1225,5
DA:1226,2
DA:1228,2
DA:1229,1
DA:1243,4
DA:1245,0
DA:1247,0
DA:1249,0
DA:1256,0
DA:1261,0
DA:1272,4
DA:1273,1
DA:1282,3
DA:1283,1
DA:1291,2
DA:1301,2
DA:1307,1
DA:1311,15
DA:1312,1
DA:1316,14
DA:1317,19
DA:1319,14
DA:1320,1
DA:1327,2
DA:1334,1
DA:1338,13
DA:1340,4
DA:1341,3
DA:1345,1
DA:1346,1
DA:1349,13
DA:1355,1
DA:1356,24
DA:1359,24
DA:1361,11
DA:1365,13
DA:1371,1
DA:1372,38
DA:1382,38
DA:1388,1
DA:1393,51
DA:1404,51
DA:1405,47
DA:1409,4
DA:1411,3
DA:1412,3
DA:1416,1
DA:1427,1
DA:1433,1
DA:1434,5
DA:1436,5
DA:1454,1
DA:1458,2
DA:1460,2
DA:1479,2
LF:262
LH:142
BRDA:30,0,0,0
BRDA:30,0,1,0
BRDA:30,0,2,0
BRDA:42,1,0,6
BRDA:42,1,1,0
BRDA:42,1,2,5
BRDA:42,1,3,0
BRDA:48,2,0,5
BRDA:48,2,1,0
BRDA:57,3,0,2
BRDA:57,3,1,0
BRDA:59,4,0,2
BRDA:59,4,1,0
BRDA:68,5,0,1
BRDA:68,5,1,0
BRDA:68,5,2,3
BRDA:68,5,3,0
BRDA:74,6,0,3
BRDA:74,6,1,0
BRDA:86,7,0,0
BRDA:86,7,1,0
BRDA:154,8,0,21
BRDA:154,8,1,12
BRDA:203,9,0,1
BRDA:203,9,1,0
BRDA:272,10,0,0
BRDA:272,10,1,1
BRDA:274,11,0,0
BRDA:274,11,1,1
BRDA:276,12,0,1
BRDA:276,12,1,0
BRDA:306,13,0,0
BRDA:306,13,1,0
BRDA:347,14,0,0
BRDA:347,14,1,0
BRDA:347,14,2,0
BRDA:347,14,3,0
BRDA:349,15,0,0
BRDA:349,15,1,0
BRDA:403,16,0,0
BRDA:403,16,1,0
BRDA:444,17,0,0
BRDA:444,17,1,0
BRDA:444,17,2,0
BRDA:446,18,0,0
BRDA:446,18,1,0
BRDA:483,19,0,1
BRDA:483,19,1,0
BRDA:494,20,0,1
BRDA:494,20,1,0
BRDA:538,21,0,1
BRDA:538,21,1,0
BRDA:538,21,2,1
BRDA:538,21,3,0
BRDA:540,22,0,0
BRDA:540,22,1,1
BRDA:540,23,0,1
BRDA:540,23,1,0
BRDA:552,24,0,0
BRDA:552,24,1,0
BRDA:607,25,0,20
BRDA:607,25,1,9
BRDA:607,25,2,0
BRDA:607,25,3,2
BRDA:607,25,4,2
BRDA:607,25,5,0
BRDA:649,26,0,7
BRDA:649,26,1,13
BRDA:664,27,0,5
BRDA:664,27,1,8
BRDA:683,28,0,4
BRDA:683,28,1,1
BRDA:692,29,0,0
BRDA:692,29,1,1
BRDA:707,30,0,0
BRDA:707,30,1,8
BRDA:756,31,0,3
BRDA:756,31,1,10
BRDA:769,32,0,0
BRDA:769,32,1,10
BRDA:783,33,0,0
BRDA:783,33,1,10
BRDA:800,34,0,0
BRDA:800,34,1,10
BRDA:854,35,0,1
BRDA:854,35,1,1
BRDA:867,36,0,0
BRDA:867,36,1,1
BRDA:882,37,0,0
BRDA:882,37,1,1
BRDA:896,38,0,0
BRDA:896,38,1,1
BRDA:956,39,0,0
BRDA:956,39,1,0
BRDA:1019,40,0,0
BRDA:1019,40,1,0
BRDA:1019,40,2,0
BRDA:1019,40,3,0
BRDA:1022,41,0,0
BRDA:1022,41,1,0
BRDA:1075,42,0,0
BRDA:1075,42,1,0
BRDA:1106,43,0,0
BRDA:1106,43,1,0
BRDA:1109,44,0,0
BRDA:1109,44,1,0
BRDA:1130,45,0,0
BRDA:1130,45,1,0
BRDA:1130,46,0,0
BRDA:1130,46,1,0
BRDA:1194,47,0,1
BRDA:1194,47,1,6
BRDA:1199,48,0,1
BRDA:1199,48,1,5
BRDA:1199,49,0,6
BRDA:1199,49,1,2
BRDA:1202,50,0,1
BRDA:1202,50,1,0
BRDA:1225,51,0,2
BRDA:1225,51,1,3
BRDA:1228,52,0,1
BRDA:1228,52,1,1
BRDA:1228,53,0,2
BRDA:1228,53,1,2
BRDA:1243,54,0,0
BRDA:1243,54,1,4
BRDA:1243,55,0,4
BRDA:1243,55,1,0
BRDA:1247,56,0,0
BRDA:1247,56,1,0
BRDA:1256,57,0,0
BRDA:1256,57,1,0
BRDA:1257,58,0,0
BRDA:1257,58,1,0
BRDA:1257,58,2,0
BRDA:1272,59,0,1
BRDA:1272,59,1,3
BRDA:1272,60,0,4
BRDA:1272,60,1,1
BRDA:1282,61,0,1
BRDA:1282,61,1,2
BRDA:1311,62,0,1
BRDA:1311,62,1,14
BRDA:1319,63,0,1
BRDA:1319,63,1,13
BRDA:1340,64,0,3
BRDA:1340,64,1,1
BRDA:1341,65,0,0
BRDA:1341,65,1,3
BRDA:1359,66,0,11
BRDA:1359,66,1,13
BRDA:1382,67,0,38
BRDA:1382,67,1,0
BRDA:1404,68,0,47
BRDA:1404,68,1,4
BRDA:1409,69,0,3
BRDA:1409,69,1,1
BRDA:1409,70,0,4
BRDA:1409,70,1,2
BRDA:1434,71,0,5
BRDA:1434,71,1,2
BRDA:1437,72,0,5
BRDA:1437,72,1,4
BRDA:1438,73,0,5
BRDA:1438,73,1,4
BRDA:1439,74,0,5
BRDA:1439,74,1,3
BRDA:1440,75,0,5
BRDA:1440,75,1,4
BRF:169
BRH:89
end_of_record
TN:
SF:main/helpers/parameterProcessor.ts
FN:121,(anonymous_0)
FN:163,(anonymous_1)
FN:172,(anonymous_2)
FN:193,(anonymous_3)
FN:202,(anonymous_4)
FN:246,(anonymous_5)
FN:275,(anonymous_6)
FN:333,(anonymous_7)
FN:365,(anonymous_8)
FN:375,(anonymous_9)
FN:381,(anonymous_10)
FN:392,(anonymous_11)
FN:522,(anonymous_12)
FN:577,(anonymous_13)
FN:598,(anonymous_14)
FN:609,(anonymous_15)
FN:616,(anonymous_16)
FN:618,(anonymous_17)
FN:627,(anonymous_18)
FN:638,(anonymous_19)
FN:648,(anonymous_20)
FNF:21
FNH:0
FNDA:0,(anonymous_0)
FNDA:0,(anonymous_1)
FNDA:0,(anonymous_2)
FNDA:0,(anonymous_3)
FNDA:0,(anonymous_4)
FNDA:0,(anonymous_5)
FNDA:0,(anonymous_6)
FNDA:0,(anonymous_7)
FNDA:0,(anonymous_8)
FNDA:0,(anonymous_9)
FNDA:0,(anonymous_10)
FNDA:0,(anonymous_11)
FNDA:0,(anonymous_12)
FNDA:0,(anonymous_13)
FNDA:0,(anonymous_14)
FNDA:0,(anonymous_15)
FNDA:0,(anonymous_16)
FNDA:0,(anonymous_17)
FNDA:0,(anonymous_18)
FNDA:0,(anonymous_19)
FNDA:0,(anonymous_20)
DA:21,0
DA:117,0
DA:125,0
DA:133,0
DA:134,0
DA:138,0
DA:145,0
DA:152,0
DA:155,0
DA:157,0
DA:168,0
DA:169,0
DA:172,0
DA:173,0
DA:175,0
DA:177,0
DA:181,0
DA:182,0
DA:184,0
DA:185,0
DA:198,0
DA:199,0
DA:202,0
DA:203,0
DA:205,0
DA:207,0
DA:211,0
DA:214,0
DA:216,0
DA:217,0
DA:218,0
DA:224,0
DA:225,0
DA:226,0
DA:227,0
DA:232,0
DA:233,0
DA:236,0
DA:237,0
DA:251,0
DA:256,0
DA:257,0
DA:258,0
DA:259,0
DA:263,0
DA:280,0
DA:281,0
DA:284,0
DA:285,0
DA:289,0
DA:294,0
DA:300,0
DA:304,0
DA:305,0
DA:306,0
DA:307,0
DA:311,0
DA:312,0
DA:316,0
DA:317,0
DA:318,0
DA:322,0
DA:338,0
DA:339,0
DA:341,0
DA:343,0
DA:345,0
DA:353,0
DA:354,0
DA:356,0
DA:357,0
DA:366,0
DA:369,0
DA:375,0
DA:382,0
DA:396,0
DA:398,0
DA:400,0
DA:402,0
DA:403,0
DA:404,0
DA:406,0
DA:412,0
DA:415,0
DA:418,0
DA:420,0
DA:421,0
DA:422,0
DA:428,0
DA:430,0
DA:433,0
DA:439,0
DA:442,0
DA:444,0
DA:445,0
DA:446,0
DA:452,0
DA:454,0
DA:456,0
DA:459,0
DA:461,0
DA:462,0
DA:463,0
DA:464,0
DA:466,0
DA:472,0
DA:475,0
DA:478,0
DA:483,0
DA:489,0
DA:491,0
DA:494,0
DA:495,0
DA:501,0
DA:503,0
DA:506,0
DA:513,0
DA:516,0
DA:526,0
DA:529,0
DA:530,0
DA:531,0
DA:538,0
DA:539,0
DA:549,0
DA:550,0
DA:559,0
DA:560,0
DA:561,0
DA:562,0
DA:571,0
DA:581,0
DA:582,0
DA:585,0
DA:588,0
DA:589,0
DA:590,0
DA:592,0
DA:603,0
DA:610,0
DA:617,0
DA:619,0
DA:630,0
DA:632,0
DA:633,0
DA:637,0
DA:639,0
DA:640,0
DA:641,0
DA:647,0
DA:649,0
DA:650,0
DA:651,0
DA:656,0
LF:154
LH:0
BRDA:133,0,0,0
BRDA:133,0,1,0
BRDA:139,1,0,0
BRDA:139,1,1,0
BRDA:146,2,0,0
BRDA:146,2,1,0
BRDA:168,3,0,0
BRDA:168,3,1,0
BRDA:168,4,0,0
BRDA:168,4,1,0
BRDA:175,5,0,0
BRDA:175,5,1,0
BRDA:198,6,0,0
BRDA:198,6,1,0
BRDA:198,7,0,0
BRDA:198,7,1,0
BRDA:205,8,0,0
BRDA:205,8,1,0
BRDA:207,9,0,0
BRDA:207,9,1,0
BRDA:208,10,0,0
BRDA:208,10,1,0
BRDA:214,11,0,0
BRDA:214,11,1,0
BRDA:224,12,0,0
BRDA:224,12,1,0
BRDA:251,13,0,0
BRDA:251,13,1,0
BRDA:252,14,0,0
BRDA:252,14,1,0
BRDA:256,15,0,0
BRDA:256,15,1,0
BRDA:284,16,0,0
BRDA:284,16,1,0
BRDA:289,17,0,0
BRDA:289,17,1,0
BRDA:290,18,0,0
BRDA:290,18,1,0
BRDA:290,18,2,0
BRDA:292,19,0,0
BRDA:292,19,1,0
BRDA:305,20,0,0
BRDA:305,20,1,0
BRDA:311,21,0,0
BRDA:311,21,1,0
BRDA:316,22,0,0
BRDA:316,22,1,0
BRDA:338,23,0,0
BRDA:338,23,1,0
BRDA:341,24,0,0
BRDA:341,24,1,0
BRDA:366,25,0,0
BRDA:366,25,1,0
BRDA:383,26,0,0
BRDA:383,26,1,0
BRDA:383,26,2,0
BRDA:398,27,0,0
BRDA:398,27,1,0
BRDA:398,27,2,0
BRDA:398,27,3,0
BRDA:398,27,4,0
BRDA:398,27,5,0
BRDA:398,27,6,0
BRDA:400,28,0,0
BRDA:400,28,1,0
BRDA:418,29,0,0
BRDA:418,29,1,0
BRDA:421,30,0,0
BRDA:421,30,1,0
BRDA:442,31,0,0
BRDA:442,31,1,0
BRDA:445,32,0,0
BRDA:445,32,1,0
BRDA:459,33,0,0
BRDA:459,33,1,0
BRDA:461,34,0,0
BRDA:461,34,1,0
BRDA:463,35,0,0
BRDA:463,35,1,0
BRDA:478,36,0,0
BRDA:478,36,1,0
BRDA:479,37,0,0
BRDA:479,37,1,0
BRDA:479,37,2,0
BRDA:494,38,0,0
BRDA:494,38,1,0
BRDA:529,39,0,0
BRDA:529,39,1,0
BRDA:530,40,0,0
BRDA:530,40,1,0
BRDA:530,41,0,0
BRDA:530,41,1,0
BRDA:538,42,0,0
BRDA:538,42,1,0
BRDA:538,43,0,0
BRDA:538,43,1,0
BRDA:549,44,0,0
BRDA:549,44,1,0
BRDA:549,45,0,0
BRDA:549,45,1,0
BRDA:559,46,0,0
BRDA:559,46,1,0
BRDA:559,47,0,0
BRDA:559,47,1,0
BRDA:561,48,0,0
BRDA:561,48,1,0
BRDA:581,49,0,0
BRDA:581,49,1,0
BRDA:588,50,0,0
BRDA:588,50,1,0
BRDA:589,51,0,0
BRDA:589,51,1,0
BRDA:590,52,0,0
BRDA:590,52,1,0
BRDA:610,53,0,0
BRDA:610,53,1,0
BRDA:619,54,0,0
BRDA:619,54,1,0
BRDA:632,55,0,0
BRDA:632,55,1,0
BRDA:640,56,0,0
BRDA:640,56,1,0
BRDA:650,57,0,0
BRDA:650,57,1,0
BRF:124
BRH:0
end_of_record
TN:
SF:main/service/aliyun.ts
FN:17,translate
FN:66,createClient
FN:80,batchTranslate
FN:89,(anonymous_13)
FN:124,(anonymous_14)
FNF:5
FNH:0
FNDA:0,translate
FNDA:0,createClient
FNDA:0,batchTranslate
FNDA:0,(anonymous_13)
FNDA:0,(anonymous_14)
DA:1,0
DA:2,0
DA:3,0
DA:4,0
DA:7,0
DA:17,0
DA:23,0
DA:24,0
DA:25,0
DA:26,0
DA:30,0
DA:31,0
DA:33,0
DA:34,0
DA:35,0
DA:39,0
DA:40,0
DA:43,0
DA:45,0
DA:46,0
DA:47,0
DA:51,0
DA:54,0
DA:55,0
DA:58,0
DA:59,0
DA:67,0
DA:72,0
DA:73,0
DA:88,0
DA:89,0
DA:90,0
DA:94,0
DA:97,0
DA:107,0
DA:109,0
DA:111,0
DA:114,0
DA:116,0
DA:117,0
DA:118,0
DA:119,0
DA:124,0
DA:127,0
DA:129,0
DA:130,0
LF:46
LH:0
BRDA:23,0,0,0
BRDA:23,1,0,0
BRDA:23,1,1,0
BRDA:24,2,0,0
BRDA:24,2,1,0
BRDA:24,3,0,0
BRDA:24,3,1,0
BRDA:30,4,0,0
BRDA:30,4,1,0
BRDA:31,5,0,0
BRDA:31,5,1,0
BRDA:33,6,0,0
BRDA:33,6,1,0
BRDA:33,7,0,0
BRDA:33,7,1,0
BRDA:39,8,0,0
BRDA:39,8,1,0
BRDA:45,9,0,0
BRDA:45,9,1,0
BRDA:46,10,0,0
BRDA:46,10,1,0
BRDA:59,11,0,0
BRDA:59,11,1,0
BRDA:114,12,0,0
BRDA:114,12,1,0
BRDA:114,13,0,0
BRDA:114,13,1,0
BRDA:118,14,0,0
BRDA:118,14,1,0
BRDA:118,15,0,0
BRDA:118,15,1,0
BRDA:124,16,0,0
BRDA:124,16,1,0
BRDA:127,17,0,0
BRDA:127,17,1,0
BRF:35
BRH:0
end_of_record
TN:
SF:main/service/azure.ts
FN:14,(anonymous_1)
FN:36,(anonymous_2)
FN:57,(anonymous_3)
FNF:3
FNH:0
FNDA:0,(anonymous_1)
FNDA:0,(anonymous_2)
FNDA:0,(anonymous_3)
DA:1,0
DA:14,0
DA:23,0
DA:24,0
DA:25,0
DA:28,0
DA:35,0
DA:36,0
DA:40,0
DA:53,0
DA:56,0
DA:57,0
DA:60,0
DA:62,0
DA:63,0
DA:64,0
DA:65,0
DA:67,0
DA:71,0
LF:19
LH:0
BRDA:30,0,0,0
BRDA:30,0,1,0
BRDA:31,1,0,0
BRDA:31,1,1,0
BRDA:35,2,0,0
BRDA:35,2,1,0
BRDA:60,3,0,0
BRDA:60,3,1,0
BRDA:63,4,0,0
BRDA:63,4,1,0
BRDA:64,5,0,0
BRDA:64,5,1,0
BRF:12
BRH:0
end_of_record
TN:
SF:main/service/azureOpenai.ts
FN:13,translateWithAzureOpenAI
FNF:1
FNH:0
FNDA:0,translateWithAzureOpenAI
DA:1,0
DA:2,0
DA:13,0
DA:17,0
DA:19,0
DA:20,0
DA:21,0
DA:22,0
DA:23,0
DA:25,0
DA:33,0
DA:35,0
DA:38,0
DA:48,0
DA:50,0
DA:52,0
DA:54,0
DA:58,0
DA:60,0
DA:62,0
DA:64,0
DA:65,0
DA:69,0
LF:23
LH:0
BRDA:22,0,0,0
BRDA:22,0,1,0
BRDA:33,1,0,0
BRDA:33,1,1,0
BRDA:35,2,0,0
BRDA:35,2,1,0
BRDA:48,3,0,0
BRDA:48,3,1,0
BRDA:50,4,0,0
BRDA:50,4,1,0
BRF:10
BRH:0
end_of_record
TN:
SF:main/service/baidu.ts
FN:5,baidu
FN:52,(anonymous_2)
FN:54,(anonymous_3)
FNF:3
FNH:0
FNDA:0,baidu
FNDA:0,(anonymous_2)
FNDA:0,(anonymous_3)
DA:1,0
DA:2,0
DA:3,0
DA:5,0
DA:11,0
DA:12,0
DA:13,0
DA:14,0
DA:18,0
DA:20,0
DA:21,0
DA:22,0
DA:23,0
DA:24,0
DA:26,0
DA:27,0
DA:28,0
DA:29,0
DA:37,0
DA:46,0
DA:47,0
DA:51,0
DA:52,0
DA:54,0
LF:24
LH:0
BRDA:11,0,0,0
BRDA:11,0,1,0
BRDA:12,1,0,0
BRDA:12,1,1,0
BRDA:12,2,0,0
BRDA:12,2,1,0
BRDA:18,3,0,0
BRDA:18,3,1,0
BRDA:22,4,0,0
BRDA:22,4,1,0
BRDA:22,5,0,0
BRDA:22,5,1,0
BRDA:46,6,0,0
BRDA:46,6,1,0
BRDA:47,7,0,0
BRDA:47,7,1,0
BRDA:51,8,0,0
BRDA:51,8,1,0
BRF:18
BRH:0
end_of_record
TN:
SF:main/service/configurationManager.ts
FN:53,(anonymous_9)
FN:74,(anonymous_10)
FN:125,(anonymous_11)
FN:143,(anonymous_12)
FN:169,(anonymous_13)
FN:201,(anonymous_14)
FN:217,(anonymous_15)
FN:223,(anonymous_16)
FN:233,(anonymous_17)
FN:271,(anonymous_18)
FN:311,(anonymous_19)
FN:337,(anonymous_20)
FN:378,(anonymous_21)
FN:404,(anonymous_22)
FN:456,(anonymous_23)
FN:498,(anonymous_24)
FN:517,(anonymous_25)
FN:535,(anonymous_26)
FN:564,(anonymous_27)
FN:591,(anonymous_28)
FN:610,(anonymous_29)
FN:628,(anonymous_30)
FN:633,(anonymous_31)
FN:651,(anonymous_32)
FN:665,(anonymous_33)
FN:715,(anonymous_34)
FN:768,(anonymous_35)
FN:799,(anonymous_36)
FN:853,(anonymous_37)
FN:860,(anonymous_38)
FN:893,(anonymous_39)
FN:913,(anonymous_40)
FN:1003,(anonymous_41)
FN:1006,(anonymous_42)
FN:1014,(anonymous_43)
FN:1022,(anonymous_44)
FN:1038,(anonymous_45)
FN:1053,(anonymous_46)
FN:1065,(anonymous_47)
FN:1072,(anonymous_48)
FN:1115,(anonymous_49)
FN:1124,(anonymous_50)
FN:1125,(anonymous_51)
FN:1142,(anonymous_52)
FN:1168,(anonymous_53)
FN:1173,(anonymous_54)
FN:1179,(anonymous_55)
FN:1189,(anonymous_56)
FN:1195,(anonymous_57)
FN:1210,(anonymous_58)
FN:1219,(anonymous_59)
FN:1223,(anonymous_60)
FN:1230,(anonymous_61)
FN:1243,(anonymous_62)
FN:1257,(anonymous_63)
FN:1285,(anonymous_64)
FNF:56
FNH:0
FNDA:0,(anonymous_9)
FNDA:0,(anonymous_10)
FNDA:0,(anonymous_11)
FNDA:0,(anonymous_12)
FNDA:0,(anonymous_13)
FNDA:0,(anonymous_14)
FNDA:0,(anonymous_15)
FNDA:0,(anonymous_16)
FNDA:0,(anonymous_17)
FNDA:0,(anonymous_18)
FNDA:0,(anonymous_19)
FNDA:0,(anonymous_20)
FNDA:0,(anonymous_21)
FNDA:0,(anonymous_22)
FNDA:0,(anonymous_23)
FNDA:0,(anonymous_24)
FNDA:0,(anonymous_25)
FNDA:0,(anonymous_26)
FNDA:0,(anonymous_27)
FNDA:0,(anonymous_28)
FNDA:0,(anonymous_29)
FNDA:0,(anonymous_30)
FNDA:0,(anonymous_31)
FNDA:0,(anonymous_32)
FNDA:0,(anonymous_33)
FNDA:0,(anonymous_34)
FNDA:0,(anonymous_35)
FNDA:0,(anonymous_36)
FNDA:0,(anonymous_37)
FNDA:0,(anonymous_38)
FNDA:0,(anonymous_39)
FNDA:0,(anonymous_40)
FNDA:0,(anonymous_41)
FNDA:0,(anonymous_42)
FNDA:0,(anonymous_43)
FNDA:0,(anonymous_44)
FNDA:0,(anonymous_45)
FNDA:0,(anonymous_46)
FNDA:0,(anonymous_47)
FNDA:0,(anonymous_48)
FNDA:0,(anonymous_49)
FNDA:0,(anonymous_50)
FNDA:0,(anonymous_51)
FNDA:0,(anonymous_52)
FNDA:0,(anonymous_53)
FNDA:0,(anonymous_54)
FNDA:0,(anonymous_55)
FNDA:0,(anonymous_56)
FNDA:0,(anonymous_57)
FNDA:0,(anonymous_58)
FNDA:0,(anonymous_59)
FNDA:0,(anonymous_60)
FNDA:0,(anonymous_61)
FNDA:0,(anonymous_62)
FNDA:0,(anonymous_63)
FNDA:0,(anonymous_64)
DA:8,0
DA:9,0
DA:10,0
DA:11,0
DA:17,0
DA:18,0
DA:44,0
DA:49,0
DA:51,0
DA:54,0
DA:55,0
DA:56,0
DA:57,0
DA:58,0
DA:61,0
DA:62,0
DA:63,0
DA:64,0
DA:65,0
DA:66,0
DA:68,0
DA:75,0
DA:76,0
DA:77,0
DA:80,0
DA:83,0
DA:84,0
DA:85,0
DA:86,0
DA:87,0
DA:89,0
DA:90,0
DA:91,0
DA:93,0
DA:94,0
DA:96,0
DA:97,0
DA:99,0
DA:100,0
DA:102,0
DA:103,0
DA:105,0
DA:106,0
DA:109,0
DA:114,0
DA:118,0
DA:128,0
DA:132,0
DA:134,0
DA:135,0
DA:136,0
DA:137,0
DA:148,0
DA:154,0
DA:157,0
DA:158,0
DA:163,0
DA:164,0
DA:168,0
DA:169,0
DA:172,0
DA:175,0
DA:176,0
DA:178,0
DA:179,0
DA:190,0
DA:191,0
DA:193,0
DA:194,0
DA:195,0
DA:202,0
DA:204,0
DA:205,0
DA:206,0
DA:207,0
DA:208,0
DA:211,0
DA:220,0
DA:222,0
DA:223,0
DA:241,0
DA:243,0
DA:244,0
DA:245,0
DA:248,0
DA:249,0
DA:250,0
DA:253,0
DA:256,0
DA:258,0
DA:278,0
DA:280,0
DA:281,0
DA:282,0
DA:284,0
DA:287,0
DA:288,0
DA:289,0
DA:290,0
DA:292,0
DA:295,0
DA:300,0
DA:301,0
DA:306,0
DA:307,0
DA:308,0
DA:309,0
DA:310,0
DA:311,0
DA:314,0
DA:315,0
DA:318,0
DA:322,0
DA:325,0
DA:342,0
DA:344,0
DA:345,0
DA:346,0
DA:352,0
DA:353,0
DA:359,0
DA:367,0
DA:369,0
DA:372,0
DA:385,0
DA:387,0
DA:393,0
DA:394,0
DA:395,0
DA:396,0
DA:401,0
DA:402,0
DA:404,0
DA:408,0
DA:416,0
DA:417,0
DA:422,0
DA:423,0
DA:424,0
DA:425,0
DA:426,0
DA:428,0
DA:435,0
DA:436,0
DA:437,0
DA:438,0
DA:440,0
DA:447,0
DA:450,0
DA:465,0
DA:468,0
DA:475,0
DA:489,0
DA:490,0
DA:496,0
DA:497,0
DA:498,0
DA:501,0
DA:502,0
DA:507,0
DA:511,0
DA:518,0
DA:520,0
DA:521,0
DA:522,0
DA:525,0
DA:542,0
DA:544,0
DA:545,0
DA:548,0
DA:550,0
DA:552,0
DA:555,0
DA:556,0
DA:557,0
DA:560,0
DA:561,0
DA:562,0
DA:563,0
DA:564,0
DA:566,0
DA:570,0
DA:571,0
DA:577,0
DA:578,0
DA:580,0
DA:585,0
DA:592,0
DA:593,0
DA:595,0
DA:596,0
DA:601,0
DA:604,0
DA:611,0
DA:612,0
DA:617,0
DA:622,0
DA:629,0
DA:630,0
DA:631,0
DA:633,0
DA:639,0
DA:640,0
DA:641,0
DA:644,0
DA:659,0
DA:661,0
DA:662,0
DA:663,0
DA:665,0
DA:670,0
DA:672,0
DA:673,0
DA:674,0
DA:675,0
DA:678,0
DA:679,0
DA:680,0
DA:681,0
DA:683,0
DA:687,0
DA:690,0
DA:694,0
DA:701,0
DA:705,0
DA:707,0
DA:708,0
DA:724,0
DA:726,0
DA:727,0
DA:730,0
DA:731,0
DA:733,0
DA:740,0
DA:744,0
DA:748,0
DA:749,0
DA:752,0
DA:753,0
DA:760,0
DA:765,0
DA:766,0
DA:768,0
DA:773,0
DA:776,0
DA:777,0
DA:779,0
DA:783,0
DA:788,0
DA:789,0
DA:806,0
DA:808,0
DA:809,0
DA:810,0
DA:811,0
DA:813,0
DA:824,0
DA:831,0
DA:833,0
DA:837,0
DA:842,0
DA:843,0
DA:856,0
DA:857,0
DA:858,0
DA:861,0
DA:867,0
DA:873,0
DA:874,0
DA:876,0
DA:877,0
DA:880,0
DA:881,0
DA:886,0
DA:909,0
DA:911,0
DA:912,0
DA:913,0
DA:915,0
DA:916,0
DA:917,0
DA:919,0
DA:926,0
DA:927,0
DA:929,0
DA:930,0
DA:931,0
DA:933,0
DA:934,0
DA:938,0
DA:939,0
DA:940,0
DA:941,0
DA:943,0
DA:947,0
DA:948,0
DA:949,0
DA:951,0
DA:954,0
DA:955,0
DA:960,0
DA:966,0
DA:967,0
DA:970,0
DA:976,0
DA:979,0
DA:988,0
DA:989,0
DA:1006,0
DA:1007,0
DA:1008,0
DA:1015,0
DA:1016,0
DA:1023,0
DA:1024,0
DA:1025,0
DA:1026,0
DA:1028,0
DA:1029,0
DA:1031,0
DA:1039,0
DA:1040,0
DA:1043,0
DA:1044,0
DA:1054,0
DA:1055,0
DA:1073,0
DA:1075,0
DA:1079,0
DA:1080,0
DA:1082,0
DA:1086,0
DA:1087,0
DA:1092,0
DA:1094,0
DA:1097,0
DA:1098,0
DA:1102,0
DA:1103,0
DA:1107,0
DA:1116,0
DA:1117,0
DA:1125,0
DA:1126,0
DA:1130,0
DA:1131,0
DA:1132,0
DA:1133,0
DA:1135,0
DA:1136,0
DA:1140,0
DA:1148,0
DA:1154,0
DA:1155,0
DA:1156,0
DA:1157,0
DA:1159,0
DA:1160,0
DA:1168,0
DA:1169,0
DA:1170,0
DA:1173,0
DA:1174,0
DA:1177,0
DA:1185,0
DA:1189,0
DA:1190,0
DA:1193,0
DA:1203,0
DA:1208,0
DA:1211,0
DA:1212,0
DA:1213,0
DA:1215,0
DA:1219,0
DA:1220,0
DA:1223,0
DA:1224,0
DA:1228,0
DA:1231,0
DA:1232,0
DA:1234,0
DA:1238,0
DA:1243,0
DA:1244,0
DA:1245,0
DA:1247,0
DA:1251,0
DA:1255,0
DA:1263,0
DA:1264,0
DA:1269,0
DA:1271,0
DA:1275,0
DA:1283,0
DA:1290,0
DA:1291,0
DA:1293,0
DA:1294,0
DA:1310,0
LF:400
LH:0
BRDA:75,0,0,0
BRDA:75,0,1,0
BRDA:135,1,0,0
BRDA:135,1,1,0
BRDA:146,2,0,0
BRDA:163,3,0,0
BRDA:163,3,1,0
BRDA:184,4,0,0
BRDA:184,4,1,0
BRDA:204,5,0,0
BRDA:204,5,1,0
BRDA:244,6,0,0
BRDA:244,6,1,0
BRDA:249,7,0,0
BRDA:249,7,1,0
BRDA:250,8,0,0
BRDA:250,8,1,0
BRDA:288,9,0,0
BRDA:288,9,1,0
BRDA:289,10,0,0
BRDA:289,10,1,0
BRDA:300,11,0,0
BRDA:300,11,1,0
BRDA:309,12,0,0
BRDA:309,12,1,0
BRDA:314,13,0,0
BRDA:314,13,1,0
BRDA:340,14,0,0
BRDA:345,15,0,0
BRDA:345,15,1,0
BRDA:352,16,0,0
BRDA:352,16,1,0
BRDA:352,17,0,0
BRDA:352,17,1,0
BRDA:380,18,0,0
BRDA:393,19,0,0
BRDA:393,19,1,0
BRDA:401,20,0,0
BRDA:401,20,1,0
BRDA:410,21,0,0
BRDA:410,21,1,0
BRDA:416,22,0,0
BRDA:416,22,1,0
BRDA:422,23,0,0
BRDA:422,23,1,0
BRDA:424,24,0,0
BRDA:424,24,1,0
BRDA:442,25,0,0
BRDA:442,25,1,0
BRDA:458,26,0,0
BRDA:462,27,0,0
BRDA:463,28,0,0
BRDA:464,29,0,0
BRDA:469,30,0,0
BRDA:469,30,1,0
BRDA:471,31,0,0
BRDA:471,31,1,0
BRDA:479,32,0,0
BRDA:479,32,1,0
BRDA:489,33,0,0
BRDA:489,33,1,0
BRDA:489,34,0,0
BRDA:489,34,1,0
BRDA:489,34,2,0
BRDA:501,35,0,0
BRDA:501,35,1,0
BRDA:537,36,0,0
BRDA:544,37,0,0
BRDA:544,38,0,0
BRDA:555,39,0,0
BRDA:555,39,1,0
BRDA:555,40,0,0
BRDA:555,40,1,0
BRDA:560,41,0,0
BRDA:560,41,1,0
BRDA:562,42,0,0
BRDA:562,42,1,0
BRDA:581,43,0,0
BRDA:581,43,1,0
BRDA:593,44,0,0
BRDA:593,44,1,0
BRDA:633,45,0,0
BRDA:633,45,1,0
BRDA:665,46,0,0
BRDA:665,46,1,0
BRDA:690,47,0,0
BRDA:690,47,1,0
BRDA:718,48,0,0
BRDA:740,49,0,0
BRDA:740,49,1,0
BRDA:741,50,0,0
BRDA:741,50,1,0
BRDA:752,51,0,0
BRDA:752,51,1,0
BRDA:752,52,0,0
BRDA:752,52,1,0
BRDA:765,53,0,0
BRDA:765,53,1,0
BRDA:791,54,0,0
BRDA:791,54,1,0
BRDA:800,55,0,0
BRDA:845,56,0,0
BRDA:845,56,1,0
BRDA:861,57,0,0
BRDA:861,57,1,0
BRDA:880,58,0,0
BRDA:880,58,1,0
BRDA:933,59,0,0
BRDA:933,59,1,0
BRDA:933,60,0,0
BRDA:933,60,1,0
BRDA:938,61,0,0
BRDA:938,61,1,0
BRDA:940,62,0,0
BRDA:940,62,1,0
BRDA:982,63,0,0
BRDA:982,63,1,0
BRDA:1028,64,0,0
BRDA:1028,64,1,0
BRDA:1043,65,0,0
BRDA:1043,65,1,0
BRDA:1079,66,0,0
BRDA:1079,66,1,0
BRDA:1086,67,0,0
BRDA:1086,67,1,0
BRDA:1102,68,0,0
BRDA:1102,68,1,0
BRDA:1116,69,0,0
BRDA:1116,69,1,0
BRDA:1162,70,0,0
BRDA:1162,70,1,0
BRDA:1212,71,0,0
BRDA:1212,71,1,0
BRDA:1277,72,0,0
BRDA:1277,72,1,0
BRDA:1299,73,0,0
BRDA:1299,73,1,0
BRF:137
BRH:0
end_of_record
TN:
SF:main/service/deeplx.ts
FN:2,deeplx
FNF:1
FNH:0
FNDA:0,deeplx
DA:1,0
DA:2,0
DA:3,0
DA:4,0
DA:5,0
DA:10,0
DA:12,0
DA:13,0
LF:8
LH:0
BRDA:3,0,0,0
BRDA:3,0,1,0
BRDA:10,1,0,0
BRDA:10,1,1,0
BRF:4
BRH:0
end_of_record
TN:
SF:main/service/google.ts
FN:4,google
FN:54,(anonymous_2)
FNF:2
FNH:0
FNDA:0,google
FNDA:0,(anonymous_2)
DA:1,0
DA:2,0
DA:4,0
DA:10,0
DA:11,0
DA:12,0
DA:13,0
DA:17,0
DA:19,0
DA:20,0
DA:21,0
DA:28,0
DA:29,0
DA:30,0
DA:33,0
DA:34,0
DA:49,0
DA:50,0
DA:53,0
DA:54,0
DA:58,0
DA:59,0
DA:61,0
DA:63,0
DA:64,0
DA:66,0
DA:67,0
DA:68,0
DA:70,0
DA:73,0
LF:30
LH:0
BRDA:10,0,0,0
BRDA:10,0,1,0
BRDA:11,1,0,0
BRDA:11,1,1,0
BRDA:17,2,0,0
BRDA:17,2,1,0
BRDA:28,3,0,0
BRDA:28,3,1,0
BRDA:28,4,0,0
BRDA:28,4,1,0
BRDA:49,5,0,0
BRDA:49,5,1,0
BRDA:50,6,0,0
BRDA:50,6,1,0
BRDA:58,7,0,0
BRDA:58,7,1,0
BRDA:64,8,0,0
BRDA:64,8,1,0
BRDA:66,9,0,0
BRDA:66,9,1,0
BRDA:68,10,0,0
BRDA:68,10,1,0
BRDA:73,11,0,0
BRDA:73,11,1,0
BRF:24
BRH:0
end_of_record
TN:
SF:main/service/index.ts
FN:1,(anonymous_1)
FN:2,(anonymous_2)
FN:3,(anonymous_3)
FN:4,(anonymous_4)
FN:5,(anonymous_5)
FN:6,(anonymous_6)
FN:7,(anonymous_7)
FN:8,(anonymous_8)
FN:9,(anonymous_9)
FNF:9
FNH:0
FNDA:0,(anonymous_1)
FNDA:0,(anonymous_2)
FNDA:0,(anonymous_3)
FNDA:0,(anonymous_4)
FNDA:0,(anonymous_5)
FNDA:0,(anonymous_6)
FNDA:0,(anonymous_7)
FNDA:0,(anonymous_8)
FNDA:0,(anonymous_9)
DA:1,0
DA:2,0
DA:3,0
DA:4,0
DA:5,0
DA:6,0
DA:7,0
DA:8,0
DA:9,0
LF:9
LH:0
BRF:0
BRH:0
end_of_record
TN:
SF:main/service/migrationManager.ts
FN:46,(anonymous_9)
FN:60,(anonymous_10)
FN:68,(anonymous_11)
FN:82,(anonymous_12)
FN:132,(anonymous_13)
FN:169,(anonymous_14)
FN:209,(anonymous_15)
FN:229,(anonymous_16)
FN:320,(anonymous_17)
FN:322,(anonymous_18)
FN:340,(anonymous_19)
FN:368,(anonymous_20)
FN:382,(anonymous_21)
FN:396,(anonymous_22)
FN:408,(anonymous_23)
FN:507,(anonymous_24)
FN:510,(anonymous_25)
FN:518,(anonymous_26)
FN:561,(anonymous_27)
FN:568,(anonymous_28)
FN:575,(anonymous_29)
FN:582,(anonymous_30)
FN:594,(anonymous_31)
FN:610,(anonymous_32)
FN:618,(anonymous_33)
FN:634,(anonymous_34)
FN:648,(anonymous_35)
FN:655,(anonymous_36)
FN:662,(anonymous_37)
FN:670,(anonymous_38)
FN:679,(anonymous_39)
FN:690,(anonymous_40)
FN:691,(anonymous_41)
FN:697,(anonymous_42)
FN:712,(anonymous_43)
FN:734,(anonymous_44)
FN:749,(anonymous_45)
FN:761,(anonymous_46)
FN:793,(anonymous_47)
FN:805,(anonymous_48)
FNF:40
FNH:0
FNDA:0,(anonymous_9)
FNDA:0,(anonymous_10)
FNDA:0,(anonymous_11)
FNDA:0,(anonymous_12)
FNDA:0,(anonymous_13)
FNDA:0,(anonymous_14)
FNDA:0,(anonymous_15)
FNDA:0,(anonymous_16)
FNDA:0,(anonymous_17)
FNDA:0,(anonymous_18)
FNDA:0,(anonymous_19)
FNDA:0,(anonymous_20)
FNDA:0,(anonymous_21)
FNDA:0,(anonymous_22)
FNDA:0,(anonymous_23)
FNDA:0,(anonymous_24)
FNDA:0,(anonymous_25)
FNDA:0,(anonymous_26)
FNDA:0,(anonymous_27)
FNDA:0,(anonymous_28)
FNDA:0,(anonymous_29)
FNDA:0,(anonymous_30)
FNDA:0,(anonymous_31)
FNDA:0,(anonymous_32)
FNDA:0,(anonymous_33)
FNDA:0,(anonymous_34)
FNDA:0,(anonymous_35)
FNDA:0,(anonymous_36)
FNDA:0,(anonymous_37)
FNDA:0,(anonymous_38)
FNDA:0,(anonymous_39)
FNDA:0,(anonymous_40)
FNDA:0,(anonymous_41)
FNDA:0,(anonymous_42)
FNDA:0,(anonymous_43)
FNDA:0,(anonymous_44)
FNDA:0,(anonymous_45)
FNDA:0,(anonymous_46)
FNDA:0,(anonymous_47)
FNDA:0,(anonymous_48)
DA:8,0
DA:9,0
DA:10,0
DA:40,0
DA:43,0
DA:44,0
DA:47,0
DA:52,0
DA:54,0
DA:61,0
DA:62,0
DA:71,0
DA:72,0
DA:73,0
DA:76,0
DA:85,0
DA:91,0
DA:93,0
DA:95,0
DA:96,0
DA:97,0
DA:98,0
DA:99,0
DA:100,0
DA:103,0
DA:106,0
DA:111,0
DA:112,0
DA:120,0
DA:123,0
DA:126,0
DA:135,0
DA:136,0
DA:138,0
DA:139,0
DA:142,0
DA:143,0
DA:146,0
DA:150,0
DA:151,0
DA:152,0
DA:153,0
DA:155,0
DA:157,0
DA:163,0
DA:191,0
DA:193,0
DA:195,0
DA:196,0
DA:201,0
DA:202,0
DA:204,0
DA:208,0
DA:209,0
DA:212,0
DA:214,0
DA:245,0
DA:248,0
DA:249,0
DA:251,0
DA:252,0
DA:256,0
DA:265,0
DA:266,0
DA:275,0
DA:278,0
DA:280,0
DA:281,0
DA:290,0
DA:291,0
DA:293,0
DA:302,0
DA:307,0
DA:308,0
DA:309,0
DA:320,0
DA:321,0
DA:322,0
DA:325,0
DA:326,0
DA:334,0
DA:344,0
DA:345,0
DA:348,0
DA:349,0
DA:353,0
DA:354,0
DA:358,0
DA:359,0
DA:362,0
DA:369,0
DA:381,0
DA:382,0
DA:383,0
DA:386,0
DA:388,0
DA:396,0
DA:397,0
DA:399,0
DA:402,0
DA:417,0
DA:424,0
DA:425,0
DA:426,0
DA:429,0
DA:430,0
DA:432,0
DA:433,0
DA:434,0
DA:435,0
DA:441,0
DA:442,0
DA:443,0
DA:447,0
DA:451,0
DA:452,0
DA:455,0
DA:459,0
DA:460,0
DA:464,0
DA:469,0
DA:470,0
DA:472,0
DA:473,0
DA:474,0
DA:475,0
DA:477,0
DA:481,0
DA:483,0
DA:484,0
DA:485,0
DA:486,0
DA:493,0
DA:494,0
DA:496,0
DA:501,0
DA:510,0
DA:511,0
DA:512,0
DA:522,0
DA:524,0
DA:525,0
DA:528,0
DA:529,0
DA:532,0
DA:537,0
DA:538,0
DA:539,0
DA:540,0
DA:541,0
DA:542,0
DA:544,0
DA:546,0
DA:551,0
DA:555,0
DA:562,0
DA:569,0
DA:577,0
DA:584,0
DA:585,0
DA:592,0
DA:595,0
DA:605,0
DA:611,0
DA:619,0
DA:620,0
DA:629,0
DA:635,0
DA:649,0
DA:656,0
DA:666,0
DA:667,0
DA:669,0
DA:671,0
DA:672,0
DA:674,0
DA:680,0
DA:691,0
DA:698,0
DA:699,0
DA:700,0
DA:702,0
DA:703,0
DA:706,0
DA:715,0
DA:716,0
DA:721,0
DA:727,0
DA:728,0
DA:735,0
DA:736,0
DA:737,0
DA:739,0
DA:740,0
DA:742,0
DA:750,0
DA:751,0
DA:764,0
DA:766,0
DA:767,0
DA:771,0
DA:773,0
DA:777,0
DA:783,0
DA:786,0
DA:799,0
DA:800,0
DA:801,0
DA:802,0
DA:805,0
DA:807,0
DA:817,0
LF:212
LH:0
BRDA:72,0,0,0
BRDA:72,0,1,0
BRDA:98,1,0,0
BRDA:98,1,1,0
BRDA:104,2,0,0
BRDA:104,2,1,0
BRDA:111,3,0,0
BRDA:111,3,1,0
BRDA:121,4,0,0
BRDA:121,4,1,0
BRDA:138,5,0,0
BRDA:138,5,1,0
BRDA:158,6,0,0
BRDA:158,6,1,0
BRDA:201,7,0,0
BRDA:201,7,1,0
BRDA:215,8,0,0
BRDA:215,8,1,0
BRDA:251,9,0,0
BRDA:251,9,1,0
BRDA:265,10,0,0
BRDA:265,10,1,0
BRDA:276,11,0,0
BRDA:276,11,1,0
BRDA:278,12,0,0
BRDA:278,12,1,0
BRDA:280,13,0,0
BRDA:280,13,1,0
BRDA:280,14,0,0
BRDA:280,14,1,0
BRDA:291,15,0,0
BRDA:291,15,1,0
BRDA:308,16,0,0
BRDA:308,16,1,0
BRDA:325,17,0,0
BRDA:325,17,1,0
BRDA:348,18,0,0
BRDA:348,18,1,0
BRDA:353,19,0,0
BRDA:353,19,1,0
BRDA:358,20,0,0
BRDA:358,20,1,0
BRDA:386,21,0,0
BRDA:386,21,1,0
BRDA:399,22,0,0
BRDA:399,22,1,0
BRDA:399,22,2,0
BRDA:432,23,0,0
BRDA:432,23,1,0
BRDA:441,24,0,0
BRDA:441,24,1,0
BRDA:447,25,0,0
BRDA:447,25,1,0
BRDA:448,26,0,0
BRDA:448,26,1,0
BRDA:455,27,0,0
BRDA:455,27,1,0
BRDA:456,28,0,0
BRDA:456,28,1,0
BRDA:474,29,0,0
BRDA:474,29,1,0
BRDA:481,30,0,0
BRDA:481,30,1,0
BRDA:484,31,0,0
BRDA:484,31,1,0
BRDA:484,32,0,0
BRDA:484,32,1,0
BRDA:497,33,0,0
BRDA:497,33,1,0
BRDA:524,34,0,0
BRDA:524,34,1,0
BRDA:538,35,0,0
BRDA:538,35,1,0
BRDA:547,36,0,0
BRDA:547,36,1,0
BRDA:584,37,0,0
BRDA:584,37,1,0
BRDA:584,38,0,0
BRDA:584,38,1,0
BRDA:586,39,0,0
BRDA:586,39,1,0
BRDA:587,40,0,0
BRDA:587,40,1,0
BRDA:596,41,0,0
BRDA:596,41,1,0
BRDA:597,42,0,0
BRDA:597,42,1,0
BRDA:656,43,0,0
BRDA:656,43,1,0
BRDA:656,43,2,0
BRDA:675,44,0,0
BRDA:675,44,1,0
BRDA:699,45,0,0
BRDA:699,45,1,0
BRDA:700,46,0,0
BRDA:700,46,1,0
BRDA:702,47,0,0
BRDA:702,47,1,0
BRDA:739,48,0,0
BRDA:739,48,1,0
BRDA:766,49,0,0
BRDA:766,49,1,0
BRDA:766,50,0,0
BRDA:766,50,1,0
BRDA:771,51,0,0
BRDA:771,51,1,0
BRDA:773,52,0,0
BRDA:773,52,1,0
BRDA:773,52,2,0
BRDA:773,52,3,0
BRDA:778,53,0,0
BRDA:778,53,1,0
BRDA:778,53,2,0
BRF:113
BRH:0
end_of_record
TN:
SF:main/service/ollama.ts
FN:12,translateWithOllama
FNF:1
FNH:0
FNDA:0,translateWithOllama
DA:1,0
DA:2,0
DA:12,0
DA:16,0
DA:17,0
DA:19,0
DA:21,0
DA:24,0
DA:25,0
DA:28,0
DA:38,0
DA:39,0
DA:41,0
DA:46,0
LF:14
LH:0
BRDA:24,0,0,0
BRDA:24,0,1,0
BRDA:38,1,0,0
BRDA:38,1,1,0
BRDA:38,2,0,0
BRDA:38,2,1,0
BRDA:42,3,0,0
BRDA:42,3,1,0
BRF:8
BRH:0
end_of_record
TN:
SF:main/service/openai-example.ts
FN:37,exampleUsage
FNF:1
FNH:0
FNDA:0,exampleUsage
DA:1,0
DA:4,0
DA:15,0
DA:26,0
DA:37,0
DA:38,0
DA:44,0
DA:46,0
DA:47,0
DA:48,0
DA:51,0
DA:52,0
DA:53,0
DA:56,0
DA:57,0
DA:58,0
DA:60,0
LF:17
LH:0
BRF:0
BRH:0
end_of_record
TN:
SF:main/service/openai.ts
FN:24,toExtendedProvider
FN:41,getProviderSpecificParams
FN:89,isGeminiProvider
FN:100,shouldUseJsonMode
FN:107,getCustomHeaders
FN:118,(anonymous_6)
FN:131,createBaseParams
FN:153,callWithGeminiStyle
FN:190,callWithStandardAPI
FN:219,translateWithOpenAI
FNF:10
FNH:0
FNDA:0,toExtendedProvider
FNDA:0,getProviderSpecificParams
FNDA:0,isGeminiProvider
FNDA:0,shouldUseJsonMode
FNDA:0,getCustomHeaders
FNDA:0,(anonymous_6)
FNDA:0,createBaseParams
FNDA:0,callWithGeminiStyle
FNDA:0,callWithStandardAPI
FNDA:0,translateWithOpenAI
DA:1,0
DA:2,0
DA:3,0
DA:7,0
DA:25,0
DA:45,0
DA:48,0
DA:52,0
DA:56,0
DA:60,0
DA:61,0
DA:62,0
DA:68,0
DA:69,0
DA:71,0
DA:72,0
DA:74,0
DA:75,0
DA:79,0
DA:83,0
DA:90,0
DA:101,0
DA:108,0
DA:110,0
DA:111,0
DA:117,0
DA:118,0
DA:119,0
DA:122,0
DA:125,0
DA:133,0
DA:134,0
DA:136,0
DA:147,0
DA:157,0
DA:158,0
DA:159,0
DA:167,0
DA:168,0
DA:169,0
DA:170,0
DA:172,0
DA:174,0
DA:179,0
DA:183,0
DA:195,0
DA:197,0
DA:200,0
DA:201,0
DA:204,0
DA:205,0
DA:209,0
DA:212,0
DA:213,0
DA:219,0
DA:223,0
DA:224,0
DA:226,0
DA:227,0
DA:234,0
DA:236,0
DA:244,0
DA:247,0
DA:248,0
DA:252,0
DA:261,0
DA:262,0
DA:275,0
DA:279,0
DA:280,0
DA:282,0
DA:285,0
DA:286,0
DA:292,0
LF:74
LH:0
BRDA:26,0,0,0
BRDA:26,0,1,0
BRDA:27,1,0,0
BRDA:27,1,1,0
BRDA:28,2,0,0
BRDA:28,2,1,0
BRDA:52,3,0,0
BRDA:52,3,1,0
BRDA:53,4,0,0
BRDA:53,4,1,0
BRDA:60,5,0,0
BRDA:60,5,1,0
BRDA:68,6,0,0
BRDA:68,6,1,0
BRDA:71,7,0,0
BRDA:71,7,1,0
BRDA:74,8,0,0
BRDA:74,8,1,0
BRDA:91,9,0,0
BRDA:91,9,1,0
BRDA:91,9,2,0
BRDA:110,10,0,0
BRDA:110,10,1,0
BRDA:133,11,0,0
BRDA:133,11,1,0
BRDA:134,12,0,0
BRDA:134,12,1,0
BRDA:137,13,0,0
BRDA:137,13,1,0
BRDA:169,14,0,0
BRDA:169,14,1,0
BRDA:169,15,0,0
BRDA:169,15,1,0
BRDA:172,16,0,0
BRDA:172,16,1,0
BRDA:200,17,0,0
BRDA:200,17,1,0
BRDA:204,18,0,0
BRDA:204,18,1,0
BRDA:204,19,0,0
BRDA:204,19,1,0
BRDA:223,20,0,0
BRDA:223,20,1,0
BRDA:248,21,0,0
BRDA:248,21,1,0
BRDA:257,22,0,0
BRDA:257,22,1,0
BRDA:261,23,0,0
BRDA:261,23,1,0
BRDA:266,24,0,0
BRDA:266,24,1,0
BRDA:270,25,0,0
BRDA:270,25,1,0
BRDA:279,26,0,0
BRDA:279,26,1,0
BRDA:279,27,0,0
BRDA:279,27,1,0
BRDA:287,28,0,0
BRDA:287,28,1,0
BRF:59
BRH:0
end_of_record
TN:
SF:main/service/parameterValidator.ts
FN:32,(anonymous_0)
FN:71,(anonymous_1)
FN:140,(anonymous_2)
FN:187,(anonymous_3)
FN:229,(anonymous_4)
FN:278,(anonymous_5)
FN:357,(anonymous_6)
FN:387,(anonymous_7)
FN:402,(anonymous_8)
FN:414,(anonymous_9)
FN:434,(anonymous_10)
FN:497,(anonymous_11)
FN:520,(anonymous_12)
FN:525,(anonymous_13)
FN:535,(anonymous_14)
FN:543,(anonymous_15)
FN:615,(anonymous_16)
FNF:17
FNH:0
FNDA:0,(anonymous_0)
FNDA:0,(anonymous_1)
FNDA:0,(anonymous_2)
FNDA:0,(anonymous_3)
FNDA:0,(anonymous_4)
FNDA:0,(anonymous_5)
FNDA:0,(anonymous_6)
FNDA:0,(anonymous_7)
FNDA:0,(anonymous_8)
FNDA:0,(anonymous_9)
FNDA:0,(anonymous_10)
FNDA:0,(anonymous_11)
FNDA:0,(anonymous_12)
FNDA:0,(anonymous_13)
FNDA:0,(anonymous_14)
FNDA:0,(anonymous_15)
FNDA:0,(anonymous_16)
DA:32,0
DA:33,0
DA:76,0
DA:77,0
DA:79,0
DA:81,0
DA:82,0
DA:83,0
DA:87,0
DA:88,0
DA:94,0
DA:95,0
DA:100,0
DA:101,0
DA:107,0
DA:108,0
DA:113,0
DA:114,0
DA:115,0
DA:119,0
DA:120,0
DA:121,0
DA:124,0
DA:131,0
DA:141,0
DA:143,0
DA:144,0
DA:149,0
DA:153,0
DA:157,0
DA:164,0
DA:165,0
DA:173,0
DA:174,0
DA:181,0
DA:193,0
DA:194,0
DA:197,0
DA:198,0
DA:205,0
DA:206,0
DA:207,0
DA:208,0
DA:211,0
DA:218,0
DA:219,0
DA:223,0
DA:234,0
DA:237,0
DA:238,0
DA:246,0
DA:247,0
DA:255,0
DA:256,0
DA:264,0
DA:265,0
DA:272,0
DA:285,0
DA:287,0
DA:288,0
DA:291,0
DA:294,0
DA:298,0
DA:306,0
DA:307,0
DA:308,0
DA:316,0
DA:317,0
DA:318,0
DA:319,0
DA:324,0
DA:331,0
DA:332,0
DA:333,0
DA:335,0
DA:344,0
DA:345,0
DA:346,0
DA:347,0
DA:351,0
DA:361,0
DA:364,0
DA:365,0
DA:373,0
DA:374,0
DA:381,0
DA:392,0
DA:394,0
DA:400,0
DA:401,0
DA:402,0
DA:404,0
DA:405,0
DA:413,0
DA:414,0
DA:416,0
DA:418,0
DA:420,0
DA:428,0
DA:439,0
DA:441,0
DA:447,0
DA:448,0
DA:450,0
DA:452,0
DA:453,0
DA:461,0
DA:462,0
DA:472,0
DA:474,0
DA:475,0
DA:482,0
DA:491,0
DA:498,0
DA:506,0
DA:519,0
DA:520,0
DA:521,0
DA:525,0
DA:526,0
DA:529,0
DA:536,0
DA:537,0
DA:549,0
DA:550,0
DA:552,0
DA:554,0
DA:555,0
DA:557,0
DA:558,0
DA:560,0
DA:561,0
DA:562,0
DA:568,0
DA:570,0
DA:571,0
DA:573,0
DA:575,0
DA:577,0
DA:578,0
DA:579,0
DA:581,0
DA:588,0
DA:593,0
DA:594,0
DA:599,0
DA:606,0
DA:620,0
DA:622,0
DA:623,0
DA:630,0
DA:631,0
DA:638,0
DA:639,0
DA:640,0
DA:641,0
DA:649,0
DA:650,0
DA:657,0
DA:662,0
LF:160
LH:0
BRDA:82,0,0,0
BRDA:82,0,1,0
BRDA:82,1,0,0
BRDA:82,1,1,0
BRDA:87,2,0,0
BRDA:87,2,1,0
BRDA:94,3,0,0
BRDA:94,3,1,0
BRDA:94,4,0,0
BRDA:94,4,1,0
BRDA:100,5,0,0
BRDA:100,5,1,0
BRDA:107,6,0,0
BRDA:107,6,1,0
BRDA:107,7,0,0
BRDA:107,7,1,0
BRDA:114,8,0,0
BRDA:114,8,1,0
BRDA:114,9,0,0
BRDA:114,9,1,0
BRDA:120,10,0,0
BRDA:120,10,1,0
BRDA:120,11,0,0
BRDA:120,11,1,0
BRDA:127,12,0,0
BRDA:127,12,1,0
BRDA:143,13,0,0
BRDA:143,13,1,0
BRDA:143,14,0,0
BRDA:143,14,1,0
BRDA:153,15,0,0
BRDA:153,15,1,0
BRDA:154,16,0,0
BRDA:154,16,1,0
BRDA:164,17,0,0
BRDA:164,17,1,0
BRDA:164,18,0,0
BRDA:164,18,1,0
BRDA:173,19,0,0
BRDA:173,19,1,0
BRDA:173,20,0,0
BRDA:173,20,1,0
BRDA:197,21,0,0
BRDA:197,21,1,0
BRDA:197,22,0,0
BRDA:197,22,1,0
BRDA:207,23,0,0
BRDA:207,23,1,0
BRDA:207,24,0,0
BRDA:207,24,1,0
BRDA:218,25,0,0
BRDA:218,25,1,0
BRDA:218,26,0,0
BRDA:218,26,1,0
BRDA:237,27,0,0
BRDA:237,27,1,0
BRDA:237,28,0,0
BRDA:237,28,1,0
BRDA:246,29,0,0
BRDA:246,29,1,0
BRDA:246,30,0,0
BRDA:246,30,1,0
BRDA:255,31,0,0
BRDA:255,31,1,0
BRDA:255,32,0,0
BRDA:255,32,1,0
BRDA:264,33,0,0
BRDA:264,33,1,0
BRDA:264,34,0,0
BRDA:264,34,1,0
BRDA:287,35,0,0
BRDA:287,35,1,0
BRDA:287,36,0,0
BRDA:287,36,1,0
BRDA:291,37,0,0
BRDA:291,37,1,0
BRDA:294,38,0,0
BRDA:294,38,1,0
BRDA:295,39,0,0
BRDA:295,39,1,0
BRDA:306,40,0,0
BRDA:306,40,1,0
BRDA:307,41,0,0
BRDA:307,41,1,0
BRDA:307,42,0,0
BRDA:307,42,1,0
BRDA:316,43,0,0
BRDA:316,43,1,0
BRDA:318,44,0,0
BRDA:318,44,1,0
BRDA:318,45,0,0
BRDA:318,45,1,0
BRDA:331,46,0,0
BRDA:331,46,1,0
BRDA:331,47,0,0
BRDA:331,47,1,0
BRDA:331,47,2,0
BRDA:344,48,0,0
BRDA:344,48,1,0
BRDA:346,49,0,0
BRDA:346,49,1,0
BRDA:346,50,0,0
BRDA:346,50,1,0
BRDA:364,51,0,0
BRDA:364,51,1,0
BRDA:364,52,0,0
BRDA:364,52,1,0
BRDA:364,52,2,0
BRDA:373,53,0,0
BRDA:373,53,1,0
BRDA:373,54,0,0
BRDA:373,54,1,0
BRDA:400,55,0,0
BRDA:400,55,1,0
BRDA:401,56,0,0
BRDA:401,56,1,0
BRDA:404,57,0,0
BRDA:404,57,1,0
BRDA:418,58,0,0
BRDA:418,58,1,0
BRDA:418,59,0,0
BRDA:418,59,1,0
BRDA:448,60,0,0
BRDA:448,60,1,0
BRDA:450,61,0,0
BRDA:450,61,1,0
BRDA:452,62,0,0
BRDA:452,62,1,0
BRDA:461,63,0,0
BRDA:461,63,1,0
BRDA:472,64,0,0
BRDA:472,64,1,0
BRDA:475,65,0,0
BRDA:475,65,1,0
BRDA:476,66,0,0
BRDA:476,66,1,0
BRDA:476,66,2,0
BRDA:476,66,3,0
BRDA:476,66,4,0
BRDA:529,67,0,0
BRDA:529,67,1,0
BRDA:529,67,2,0
BRDA:554,68,0,0
BRDA:554,68,1,0
BRDA:555,69,0,0
BRDA:555,69,1,0
BRDA:555,69,2,0
BRDA:555,69,3,0
BRDA:561,70,0,0
BRDA:561,70,1,0
BRDA:570,71,0,0
BRDA:570,71,1,0
BRDA:577,72,0,0
BRDA:577,72,1,0
BRDA:593,73,0,0
BRDA:593,73,1,0
BRDA:593,74,0,0
BRDA:593,74,1,0
BRDA:601,75,0,0
BRDA:601,75,1,0
BRDA:622,76,0,0
BRDA:622,76,1,0
BRDA:622,77,0,0
BRDA:622,77,1,0
BRDA:630,78,0,0
BRDA:630,78,1,0
BRDA:630,79,0,0
BRDA:630,79,1,0
BRDA:638,80,0,0
BRDA:638,80,1,0
BRDA:638,81,0,0
BRDA:638,81,1,0
BRDA:640,82,0,0
BRDA:640,82,1,0
BRDA:649,83,0,0
BRDA:649,83,1,0
BRDA:649,84,0,0
BRDA:649,84,1,0
BRF:178
BRH:0
end_of_record
TN:
SF:main/service/volc.ts
FN:7,translate
FN:51,(anonymous_1)
FNF:2
FNH:0
FNDA:0,translate
FNDA:0,(anonymous_1)
DA:1,0
DA:2,0
DA:7,0
DA:13,0
DA:14,0
DA:15,0
DA:16,0
DA:18,0
DA:19,0
DA:20,0
DA:21,0
DA:22,0
DA:24,0
DA:25,0
DA:32,0
DA:38,0
DA:43,0
DA:44,0
DA:45,0
DA:46,0
DA:50,0
DA:51,0
DA:53,0
DA:55,0
LF:24
LH:0
BRDA:13,0,0,0
BRDA:13,0,1,0
BRDA:14,1,0,0
BRDA:14,1,1,0
BRDA:14,2,0,0
BRDA:14,2,1,0
BRDA:20,3,0,0
BRDA:20,3,1,0
BRDA:20,4,0,0
BRDA:20,4,1,0
BRDA:24,5,0,0
BRDA:24,5,1,0
BRDA:24,6,0,0
BRDA:24,6,1,0
BRDA:39,7,0,0
BRDA:39,7,1,0
BRDA:41,8,0,0
BRDA:41,8,1,0
BRDA:45,9,0,0
BRDA:45,9,1,0
BRDA:46,10,0,0
BRDA:46,10,1,0
BRDA:50,11,0,0
BRDA:50,11,1,0
BRDA:55,12,0,0
BRDA:55,12,1,0
BRF:26
BRH:0
end_of_record
